--------------------------------------------------------------


[1;97m [0m[1;97m.[0m[1;97m [0m[1;97m [0m[1;97m.[0m[1;97m [0m[1;97m [0m[1;97m [0m[1;97m [0m[1;97m [0m[1;97m [0m[1;97m [0m[1;97m [0m[1;97m [0m[1;97m [0m[1;97m.[0m[1;97m [0m[1;97m [0m[1;97m [0m[1;97m.[0m[1;97m [0m[1;97m [0m[1;97m [0m[1;97m [0m[1;97m [0m[1;97m [0m[1;97m [0m[1;97m [0m[1;97m [0m[1;97m [0m[1;97m [0m[1;97m [0m[1;97m [0m[1;97m [0m[1;97m [0m[1;97m [0m[1;97m [0m[1;97m.[0m[1;97m [0m[1;97m.[0m[1;97m [0m[1;97m [0m[1;97m [0m[1;97m [0m[1;97m [0m[1;97m [0m[1;97m.[0m[1;97m [0m[1;97m [0m[1;97m [0m[1;97m [0m[1;97m [0m[1;97m [0m[1;97m [0m[1;97m [0m[1;97m [0m[1;97m [0m[1;97m [0m[1;97m [0m[1;97m [0m[1;97m [0m[1;97m [0m
[1;97m [0m[1;35mâ–ˆ[0m[1;35mâ–ˆ[0m[1;35mâ–ˆ[0m[1;35mâ–ˆ[0m[1;35mâ–ˆ[0m[1;35mâ–ˆ[0m[1;35mâ•—[0m[1;97m [0m[1;35mâ–ˆ[0m[1;35mâ–ˆ[0m[1;35mâ–ˆ[0m[1;35mâ–ˆ[0m[1;35mâ–ˆ[0m[1;35mâ–ˆ[0m[1;35mâ•—[0m[1;97m [0m[1;35mâ–ˆ[0m[1;35mâ–ˆ[0m[1;35mâ–ˆ[0m[1;35mâ•—[0m[1;97m [0m[1;97m [0m[1;97m [0m[1;35mâ–ˆ[0m[1;35mâ–ˆ[0m[1;35mâ•—[0m[1;35mâ–ˆ[0m[1;35mâ–ˆ[0m[1;35mâ–ˆ[0m[1;35mâ•—[0m[1;97m [0m[1;97m [0m[1;97m [0m[1;35mâ–ˆ[0m[1;35mâ–ˆ[0m[1;35mâ•—[0m[1;35mâ–ˆ[0m[1;35mâ–ˆ[0m[1;35mâ–ˆ[0m[1;35mâ–ˆ[0m[1;35mâ–ˆ[0m[1;35mâ–ˆ[0m[1;35mâ–ˆ[0m[1;35mâ•—[0m[1;97m.[0m[1;35mâ–ˆ[0m[1;35mâ–ˆ[0m[1;35mâ–ˆ[0m[1;35mâ–ˆ[0m[1;35mâ–ˆ[0m[1;35mâ–ˆ[0m[1;35mâ•—[0m[1;35mâ–ˆ[0m[1;35mâ–ˆ[0m[1;35mâ–ˆ[0m[1;35mâ–ˆ[0m[1;35mâ–ˆ[0m[1;35mâ–ˆ[0m[1;35mâ–ˆ[0m[1;35mâ–ˆ[0m[1;35mâ•—[0m
[1;35mâ–ˆ[0m[1;35mâ–ˆ[0m[1;35mâ•”[0m[1;35mâ•[0m[1;35mâ•[0m[1;35mâ•[0m[1;35mâ•[0m[1;35mâ•[0m[1;35mâ–ˆ[0m[1;35mâ–ˆ[0m[1;35mâ•”[0m[1;35mâ•[0m[1;35mâ•[0m[1;35mâ•[0m[1;35mâ–ˆ[0m[1;35mâ–ˆ[0m[1;35mâ•—[0m[1;35mâ–ˆ[0m[1;35mâ–ˆ[0m[1;35mâ–ˆ[0m[1;35mâ–ˆ[0m[1;35mâ•—[0m[1;97m [0m[1;97m.[0m[1;35mâ–ˆ[0m[1;35mâ–ˆ[0m[1;35mâ•‘[0m[1;35mâ–ˆ[0m[1;35mâ–ˆ[0m[1;35mâ–ˆ[0m[1;35mâ–ˆ[0m[1;35mâ•—[0m[1;97m.[0m[1;97m [0m[1;35mâ–ˆ[0m[1;35mâ–ˆ[0m[1;35mâ•‘[0m[1;35mâ–ˆ[0m[1;35mâ–ˆ[0m[1;35mâ•”[0m[1;35mâ•[0m[1;35mâ•[0m[1;35mâ•[0m[1;35mâ•[0m[1;35mâ•[0m[1;35mâ–ˆ[0m[1;35mâ–ˆ[0m[1;35mâ•”[0m[1;35mâ•[0m[1;35mâ•[0m[1;35mâ•[0m[1;35mâ•[0m[1;35mâ•[0m[1;35mâ•š[0m[1;35mâ•[0m[1;35mâ•[0m[1;35mâ–ˆ[0m[1;35mâ–ˆ[0m[1;35mâ•”[0m[1;35mâ•[0m[1;35mâ•[0m[1;35mâ•[0m
[1;35mâ–ˆ[0m[1;35mâ–ˆ[0m[1;35mâ•‘[0m[1;97m [0m[1;97m [0m[1;97m [0m[1;97m [0m[1;97m [0m[1;35mâ–ˆ[0m[1;35mâ–ˆ[0m[1;35mâ•‘[0m[1;97m [0m[1;97m [0m[1;97m.[0m[1;35mâ–ˆ[0m[1;35mâ–ˆ[0m[1;35mâ•‘[0m[1;35mâ–ˆ[0m[1;35mâ–ˆ[0m[1;35mâ•”[0m[1;35mâ–ˆ[0m[1;35mâ–ˆ[0m[1;35mâ•—[0m[1;97m [0m[1;35mâ–ˆ[0m[1;35mâ–ˆ[0m[1;35mâ•‘[0m[1;35mâ–ˆ[0m[1;35mâ–ˆ[0m[1;35mâ•”[0m[1;35mâ–ˆ[0m[1;35mâ–ˆ[0m[1;35mâ•—[0m[1;97m [0m[1;35mâ–ˆ[0m[1;35mâ–ˆ[0m[1;35mâ•‘[0m[1;35mâ–ˆ[0m[1;35mâ–ˆ[0m[1;35mâ–ˆ[0m[1;35mâ–ˆ[0m[1;35mâ–ˆ[0m[1;35mâ•—[0m[1;97m [0m[1;97m.[0m[1;35mâ–ˆ[0m[1;35mâ–ˆ[0m[1;35mâ•‘[0m[1;97m [0m[1;97m.[0m[1;97m [0m[1;97m [0m[1;97m [0m[1;97m [0m[1;97m [0m[1;97m [0m[1;35mâ–ˆ[0m[1;35mâ–ˆ[0m[1;35mâ•‘[0m[1;97m [0m[1;97m [0m[1;97m [0m
[1;35mâ–ˆ[0m[1;35mâ–ˆ[0m[1;35mâ•‘[0m[1;97m [0m[1;97m [0m[1;97m [0m[1;97m [0m[1;97m [0m[1;35mâ–ˆ[0m[1;35mâ–ˆ[0m[1;35mâ•‘[0m[1;97m [0m[1;97m [0m[1;97m [0m[1;35mâ–ˆ[0m[1;35mâ–ˆ[0m[1;35mâ•‘[0m[1;35mâ–ˆ[0m[1;35mâ–ˆ[0m[1;35mâ•‘[0m[1;35mâ•š[0m[1;35mâ–ˆ[0m[1;35mâ–ˆ[0m[1;35mâ•—[0m[1;35mâ–ˆ[0m[1;35mâ–ˆ[0m[1;35mâ•‘[0m[1;35mâ–ˆ[0m[1;35mâ–ˆ[0m[1;35mâ•‘[0m[1;35mâ•š[0m[1;35mâ–ˆ[0m[1;35mâ–ˆ[0m[1;35mâ•—[0m[1;35mâ–ˆ[0m[1;35mâ–ˆ[0m[1;35mâ•‘[0m[1;35mâ–ˆ[0m[1;35mâ–ˆ[0m[1;35mâ•”[0m[1;35mâ•[0m[1;35mâ•[0m[1;35mâ•[0m[1;97m [0m[1;97m [0m[1;35mâ–ˆ[0m[1;35mâ–ˆ[0m[1;35mâ•‘[0m[1;97m [0m[1;97m.[0m[1;97m.[0m[1;97m [0m[1;97m [0m[1;97m [0m[1;97m [0m[1;97m.[0m[1;35mâ–ˆ[0m[1;35mâ–ˆ[0m[1;35mâ•‘[0m[1;97m [0m[1;97m [0m[1;97m [0m
[1;35mâ•š[0m[1;35mâ–ˆ[0m[1;35mâ–ˆ[0m[1;35mâ–ˆ[0m[1;35mâ–ˆ[0m[1;35mâ–ˆ[0m[1;35mâ–ˆ[0m[1;35mâ•—[0m[1;35mâ•š[0m[1;35mâ–ˆ[0m[1;35mâ–ˆ[0m[1;35mâ–ˆ[0m[1;35mâ–ˆ[0m[1;35mâ–ˆ[0m[1;35mâ–ˆ[0m[1;35mâ•”[0m[1;35mâ•[0m[1;35mâ–ˆ[0m[1;35mâ–ˆ[0m[1;35mâ•‘[0m[1;97m [0m[1;35mâ•š[0m[1;35mâ–ˆ[0m[1;35mâ–ˆ[0m[1;35mâ–ˆ[0m[1;35mâ–ˆ[0m[1;35mâ•‘[0m[1;35mâ–ˆ[0m[1;35mâ–ˆ[0m[1;35mâ•‘[0m[1;97m.[0m[1;35mâ•š[0m[1;35mâ–ˆ[0m[1;35mâ–ˆ[0m[1;35mâ–ˆ[0m[1;35mâ–ˆ[0m[1;35mâ•‘[0m[1;35mâ–ˆ[0m[1;35mâ–ˆ[0m[1;35mâ–ˆ[0m[1;35mâ–ˆ[0m[1;35mâ–ˆ[0m[1;35mâ–ˆ[0m[1;35mâ–ˆ[0m[1;35mâ•—[0m[1;35mâ•š[0m[1;35mâ–ˆ[0m[1;35mâ–ˆ[0m[1;35mâ–ˆ[0m[1;35mâ–ˆ[0m[1;35mâ–ˆ[0m[1;35mâ–ˆ[0m[1;35mâ•—[0m[1;97m [0m[1;97m [0m[1;97m [0m[1;35mâ–ˆ[0m[1;35mâ–ˆ[0m[1;35mâ•‘[0m[1;97m [0m[1;97m [0m[1;97m.[0m
[1;97m.[0m[1;35mâ•š[0m[1;35mâ•[0m[1;35mâ•[0m[1;35mâ•[0m[1;35mâ•[0m[1;35mâ•[0m[1;35mâ•[0m[1;97m [0m[1;35mâ•š[0m[1;35mâ•[0m[1;35mâ•[0m[1;35mâ•[0m[1;35mâ•[0m[1;35mâ•[0m[1;35mâ•[0m[1;97m [0m[1;35mâ•š[0m[1;35mâ•[0m[1;35mâ•[0m[1;97m [0m[1;97m [0m[1;35mâ•š[0m[1;35mâ•[0m[1;35mâ•[0m[1;35mâ•[0m[1;35mâ•[0m[1;35mâ•š[0m[1;35mâ•[0m[1;35mâ•[0m[1;97m [0m[1;97m [0m[1;35mâ•š[0m[1;35mâ•[0m[1;35mâ•[0m[1;35mâ•[0m[1;35mâ•[0m[1;35mâ•š[0m[1;35mâ•[0m[1;35mâ•[0m[1;35mâ•[0m[1;35mâ•[0m[1;35mâ•[0m[1;35mâ•[0m[1;35mâ•[0m[1;97m [0m[1;35mâ•š[0m[1;35mâ•[0m[1;35mâ•[0m[1;35mâ•[0m[1;35mâ•[0m[1;35mâ•[0m[1;35mâ•[0m[1;97m [0m[1;97m [0m[1;97m [0m[1;35mâ•š[0m[1;35mâ•[0m[1;35mâ•[0m[1;97m [0m[1;97m [0m[1;97m.[0m[1;97m [0m
[1;97m [0m[1;97m [0m[1;97m.[0m[1;97m [0m[1;97m [0m[1;97m [0m[1;97m [0m[1;97m [0m[1;97m.[0m[1;97m [0m[1;97m [0m[1;97m [0m[1;97m [0m[1;97m [0m[1;97m [0m[1;97m.[0m[1;97m [0m[1;97m [0m[1;97m.[0m[1;97m [0m[1;97m [0m[1;97m [0m[1;90m_[0m[1;90m_[0m[1;97m.[0m[1;97m [0m[1;97m [0m[1;97m [0m[1;97m [0m[1;97m [0m[1;97m [0m[1;97m [0m[1;97m [0m[1;97m [0m[1;97m [0m[1;97m [0m[1;97m [0m[1;97m [0m[1;90m_[0m[1;90m_[0m[1;97m [0m[1;97m.[0m[1;97m [0m[1;97m [0m[1;97m [0m[1;97m [0m[1;97m [0m[1;97m [0m[1;97m [0m[1;97m [0m[1;97m [0m[1;97m [0m[1;97m [0m[1;97m [0m[1;97m [0m[1;97m [0m[1;97m [0m[1;97m [0m[1;97m.[0m[1;97m [0m[1;97m [0m[1;97m [0m
[1;90m\[0m[1;97m [0m[1;90m\[0m[1;90m\[0m[1;97m [0m[1;90m\[0m[1;97m [0m[1;97m [0m[1;97m [0m[1;97m.[0m[1;97m [0m[1;97m [0m[1;97m [0m[1;97m [0m[1;97m [0m[1;90m_[0m[1;90m_[0m[1;90m_[0m[1;90m_[0m[1;90m_[0m[1;90m_[0m[1;90m|[0m[1;97m [0m[1;97m [0m[1;90m|[0m[1;97m [0m[1;97m [0m[1;97m [0m[1;97m [0m[1;97m [0m[1;97m [0m[1;97m.[0m[1;97m [0m[1;97m [0m[1;97m [0m[1;97m [0m[1;97m [0m[1;90m|[0m[1;97m [0m[1;97m [0m[1;90m|[0m[1;90m_[0m[1;90m_[0m[1;90m_[0m[1;90m_[0m[1;90m_[0m[1;90m_[0m[1;97m [0m[1;97m [0m[1;97m [0m[1;97m [0m[1;97m [0m[1;97m [0m[1;97m [0m[1;97m [0m[1;97m [0m[1;90m/[0m[1;97m [0m[1;90m/[0m[1;90m/[0m[1;97m [0m[1;90m/[0m
[1;97m [0m[1;90m\[0m[1;97m [0m[1;90m\[0m[1;90m\[0m[1;97m [0m[1;90m\[0m[1;97m.[0m[1;97m [0m[1;97m [0m[1;97m [0m[1;97m [0m[1;90m_[0m[1;90m_[0m[1;90m/[0m[1;97m [0m[1;97m [0m[1;97m [0m[1;97m [0m[1;97m [0m[1;35m_[0m[1;35m_[0m[1;97m [0m[1;97m [0m[1;90m|[0m[1;97m [0m[1;97m [0m[1;97m [0m[1;97m [0m[1;97m [0m[1;97m [0m[1;90m_[0m[1;90m_[0m[1;90m_[0m[1;90m_[0m[1;90m_[0m[1;90m_[0m[1;90m|[0m[1;97m [0m[1;97m [0m[1;97m [0m[1;97m [0m[1;97m [0m[1;97m [0m[1;97m [0m[1;97m [0m[1;97m [0m[1;90m\[0m[1;90m_[0m[1;90m_[0m[1;97m [0m[1;97m.[0m[1;97m [0m[1;97m [0m[1;97m [0m[1;90m/[0m[1;97m [0m[1;90m/[0m[1;90m/[0m[1;97m [0m[1;90m/[0m[1;97m [0m
[1;97m [0m[1;97m.[0m[1;90m\[0m[1;97m [0m[1;90m\[0m[1;90m\[0m[1;97m [0m[1;90m\[0m[1;90m-[0m[1;90m-[0m[1;90m-[0m[1;90m|[0m[1;97m [0m[1;97m [0m[1;97m [0m[1;97m [0m[1;97m [0m[1;97m [0m[1;97m [0m[1;35m/[0m[1;97m [0m[1;97m [0m[1;35m)[0m[1;97m [0m[1;90m|[0m[1;97m [0m[1;97m [0m[1;97m [0m[1;97m [0m[1;97m.[0m[1;90m([0m[1;90m_[0m[1;90m_[0m[1;90m_[0m[1;90m_[0m[1;90m_[0m[1;90m_[0m[1;90m|[0m[1;97m [0m[1;97m [0m[1;97m [0m[1;97m [0m[1;97m [0m[1;35m/[0m[1;97m [0m[1;35mo[0m[1;97m [0m[1;97m [0m[1;97m [0m[1;97m [0m[1;90m|[0m[1;90m-[0m[1;90m-[0m[1;90m-[0m[1;90m/[0m[1;97m [0m[1;90m/[0m[1;90m/[0m[1;97m [0m[1;90m/[0m[1;97m [0m[1;97m [0m
[1;97m [0m[1;97m [0m[1;97m [0m[1;90m\[0m[1;97m [0m[1;90m\[0m[1;90m=[0m[1;90m=[0m[1;90m=[0m[1;90m=[0m[1;90m=[0m[1;90m|[0m[1;97m [0m[1;97m [0m[1;97m [0m[1;97m [0m[1;97m [0m[1;97m [0m[1;35m([0m[1;35mo[0m[1;35m)[0m[1;97m [0m[1;97m [0m[1;97m [0m[1;90m|[0m[1;97m [0m[1;97m [0m[1;97m [0m[1;97m [0m[1;97m [0m[1;97m [0m[1;90m_[0m[1;90m_[0m[1;90m_[0m[1;90m_[0m[1;90m_[0m[1;90m_[0m[1;90m|[0m[1;97m [0m[1;97m [0m[1;97m [0m[1;35mo[0m[1;97m [0m[1;35m-[0m[1;97m [0m[1;35mo[0m[1;97m [0m[1;97m [0m[1;97m [0m[1;97m [0m[1;90m|[0m[1;90m=[0m[1;90m=[0m[1;90m=[0m[1;90m=[0m[1;90m=[0m[1;90m/[0m[1;97m [0m[1;90m/[0m[1;97m.[0m[1;97m [0m[1;97m [0m
[1;97m [0m[1;97m [0m[1;97m.[0m[1;97m [0m[1;90m\[0m[1;90m-[0m[1;90m-[0m[1;90m-[0m[1;90m-[0m[1;90m-[0m[1;90m-[0m[1;90m|[0m[1;90m_[0m[1;90m_[0m[1;97m [0m[1;97m [0m[1;35m([0m[1;35m_[0m[1;35m_[0m[1;35m/[0m[1;97m [0m[1;97m [0m[1;97m [0m[1;97m [0m[1;90m|[0m[1;97m [0m[1;97m [0m[1;97m.[0m[1;97m [0m[1;97m [0m[1;90m([0m[1;90m_[0m[1;90m_[0m[1;90m_[0m[1;90m_[0m[1;90m_[0m[1;90m_[0m[1;90m|[0m[1;97m [0m[1;97m [0m[1;97m [0m[1;97m [0m[1;97m [0m[1;35m\[0m[1;97m [0m[1;35mo[0m[1;97m [0m[1;97m [0m[1;90m_[0m[1;90m_[0m[1;90m|[0m[1;90m-[0m[1;90m-[0m[1;90m-[0m[1;90m-[0m[1;90m-[0m[1;90m-[0m[1;90m/[0m[1;97m [0m[1;97m [0m[1;97m [0m[1;97m [0m
[1;97m [0m[1;97m [0m[1;97m [0m[1;97m [0m[1;97m [0m[1;97m [0m[1;97m [0m[1;97m [0m[1;97m [0m[1;97m [0m[1;97m [0m[1;97m [0m[1;97m.[0m[1;97m [0m[1;90m\[0m[1;90m_[0m[1;90m_[0m[1;90m_[0m[1;90m_[0m[1;90m_[0m[1;90m_[0m[1;97m [0m[1;97m [0m[1;97m [0m[1;90m|[0m[1;97m [0m[1;97m [0m[1;97m [0m[1;97m [0m[1;97m.[0m[1;97m [0m[1;97m.[0m[1;97m [0m[1;97m [0m[1;97m [0m[1;97m [0m[1;97m [0m[1;90m|[0m[1;97m [0m[1;97m [0m[1;97m [0m[1;90m_[0m[1;90m_[0m[1;90m_[0m[1;90m_[0m[1;90m_[0m[1;90m_[0m[1;90m/[0m[1;97m [0m[1;97m [0m[1;97m [0m[1;97m [0m[1;97m [0m[1;97m [0m[1;97m [0m[1;97m [0m[1;97m [0m[1;97m [0m[1;97m [0m[1;97m [0m[1;97m [0m[1;97m [0m
[1;97m [0m[1;97m [0m[1;97m [0m[1;97m [0m[1;97m [0m[1;97m [0m[1;97m [0m[1;97m [0m[1;97m [0m[1;97m [0m[1;97m [0m[1;97m [0m[1;97m [0m[1;97m [0m[1;97m [0m[1;97m [0m[1;97m [0m[1;97m [0m[1;97m.[0m[1;97m [0m[1;97m [0m[1;90m|[0m[1;90m_[0m[1;90m_[0m[1;90m|[0m[1;97m [0m[1;97m.[0m[1;97m [0m[1;97m [0m[1;97m [0m[1;97m [0m[1;97m [0m[1;97m [0m[1;97m.[0m[1;97m [0m[1;97m [0m[1;97m [0m[1;90m|[0m[1;90m_[0m[1;90m_[0m[1;90m|[0m[1;97m [0m[1;97m [0m[1;97m [0m[1;97m [0m[1;97m [0m[1;97m [0m[1;97m [0m[1;97m [0m[1;97m [0m[1;97m [0m[1;97m [0m[1;97m [0m[1;97m.[0m[1;97m [0m[1;97m [0m[1;97m [0m[1;97m [0m[1;97m [0m[1;97m.[0m[1;97m.[0m[1;97m [0m[1;97m [0m
[1;97m [0m[1;97m [0m[1;97m [0m[1;97m [0m[1;97m.[0m[1;97m [0m[1;97m [0m[1;97m [0m[1;97m [0m[1;97m [0m[1;97m [0m[1;97m [0m[1;97m [0m[1;97m [0m[1;97m [0m[1;97m [0m[1;97m.[0m[1;97m [0m[1;97m [0m[1;97m.[0m[1;97m [0m[1;97m [0m[1;97m [0m[1;97m.[0m[1;97m [0m[1;97m [0m[1;97m [0m[1;97m [0m[1;97m [0m[1;97m.[0m[1;97m [0m[1;97m [0m[1;97m [0m[1;97m [0m[1;97m [0m[1;97m [0m[1;97m [0m[1;97m [0m[1;97m.[0m[1;97m [0m[1;97m [0m[1;97m [0m[1;97m [0m[1;97m [0m[1;97m [0m[1;97m [0m[1;97m [0m[1;97m [0m[1;97m [0m[1;97m.[0m[1;97m [0m[1;97m [0m[1;97m [0m[1;97m [0m[1;97m [0m[1;97m [0m[1;97m [0m[1;97m [0m[1;97m [0m[1;97m [0m[1;97m [0m[1;97m.[0m

--------------------------------------------------------------

Running CONNECT
Parameter file     :  input/LCDM.param
Mode               :  Create
Sampling method    :  Iterative

--------------------------------------------------------------

Your version of MontePython is 3.5.0
No initial model given
Calculating 100 initial CLASS models
Training neural network
1/1 - 0s - loss: 1.3318 - 9ms/epoch - 9ms/step

Test loss: 1.3317874670028687
l_max can maximally be 10,000.
Initial model is lcdm


Beginning iteration no. 1
Temperature is now 5.0
Running MCMC sampling no. 1...
MCMC sampling stopped since R-1 less than 0.01 has been reached.
Number of accepted steps: 61365
Keeping only last 50000 of the accepted Markovian steps
Comparing latest iterations...
Calculating 100 CLASS models
Training neural network
1/1 - 0s - loss: 0.0547 - 9ms/epoch - 9ms/step

Test loss: 0.05471067503094673
l_max can maximally be 10,000.
New model is lcdm


Beginning iteration no. 2
Temperature is now 5.0
Running MCMC sampling no. 2...
MCMC sampling stopped since R-1 less than 0.01 has been reached.
Number of accepted steps: 57535
Keeping only last 50000 of the accepted Markovian steps
Comparing latest iterations...
chains from iterations 2 and 1 did not have sufficient overlap
Calculating 100 CLASS models
Training neural network
1/1 - 0s - loss: 0.1033 - 10ms/epoch - 10ms/step

Test loss: 0.10330770164728165
l_max can maximally be 10,000.
New model is lcdm


Beginning iteration no. 3
Temperature is now 5.0
Running MCMC sampling no. 3...
MCMC sampling stopped since R-1 less than 0.01 has been reached.
Number of accepted steps: 60085
Keeping only last 50000 of the accepted Markovian steps
Comparing latest iterations...
Iteration 3 and 2 has the following R-1 values
 -> R-1 is 0.014026 	for  omega_b
           0.044293 	for  omega_cdm
           0.041882 	for  H0
           0.087923 	for  ln10^{10}A_s
           0.085937 	for  n_s
           0.137884 	for  tau_reio
Accepted 23 points out of 100
Calculating 23 CLASS models
Copied data from data/lcdm/number_2 into data/lcdm/number_3
Training neural network
1/1 - 0s - loss: 0.0782 - 10ms/epoch - 10ms/step

Test loss: 0.07824619859457016
l_max can maximally be 10,000.
New model is lcdm


Beginning iteration no. 4
Temperature is now 5.0
Running MCMC sampling no. 4...
MCMC sampling stopped since R-1 less than 0.01 has been reached.
Number of accepted steps: 61240
Keeping only last 50000 of the accepted Markovian steps
Comparing latest iterations...
Iteration 4 and 3 has the following R-1 values
 -> R-1 is 0.011749 	for  omega_b
           0.079018 	for  omega_cdm
           0.111491 	for  H0
           0.112557 	for  ln10^{10}A_s
           0.067131 	for  n_s
           0.177477 	for  tau_reio
Accepted 43 points out of 100
Calculating 43 CLASS models
Copied data from data/lcdm/number_3 into data/lcdm/number_4
Training neural network
2/2 - 0s - loss: 0.2349 - 12ms/epoch - 6ms/step

Test loss: 0.23489591479301453
l_max can maximally be 10,000.
New model is lcdm


Beginning iteration no. 5
Temperature is now 5.0
Running MCMC sampling no. 5...
MCMC sampling stopped since R-1 less than 0.01 has been reached.
Number of accepted steps: 41340
Keeping only last 41340 of the accepted Markovian steps
Comparing latest iterations...
Iteration 5 and 4 has the following R-1 values
 -> R-1 is 0.029772 	for  omega_b
           0.020860 	for  omega_cdm
           0.058257 	for  H0
           0.164352 	for  ln10^{10}A_s
           0.164795 	for  n_s
           0.635868 	for  tau_reio
Accepted 25 points out of 100
Calculating 25 CLASS models
Copied data from data/lcdm/number_4 into data/lcdm/number_5
Training neural network
2/2 - 0s - loss: 0.1066 - 13ms/epoch - 6ms/step

Test loss: 0.10660155117511749
l_max can maximally be 10,000.
New model is lcdm


Beginning iteration no. 6
Temperature is now 5.0
Running MCMC sampling no. 6...
MCMC sampling stopped since R-1 less than 0.01 has been reached.
Number of accepted steps: 40135
Keeping only last 40135 of the accepted Markovian steps
Comparing latest iterations...
Iteration 6 and 5 has the following R-1 values
 -> R-1 is 0.018520 	for  omega_b
           0.017481 	for  omega_cdm
           0.005827 	for  H0
           0.021275 	for  ln10^{10}A_s
           0.052483 	for  n_s
           0.012366 	for  tau_reio
Accepted 25 points out of 100
Calculating 25 CLASS models
Copied data from data/lcdm/number_5 into data/lcdm/number_6
Training neural network
2/2 - 0s - loss: 0.0746 - 13ms/epoch - 7ms/step

Test loss: 0.07463622093200684
l_max can maximally be 10,000.
New model is lcdm


Beginning iteration no. 7
Temperature is now 5.0
Running MCMC sampling no. 7...
MCMC sampling stopped since R-1 less than 0.01 has been reached.
Number of accepted steps: 42195
Keeping only last 42195 of the accepted Markovian steps
Comparing latest iterations...
Iteration 7 and 6 has the following R-1 values
 -> R-1 is 0.027765 	for  omega_b
           0.015457 	for  omega_cdm
           0.035013 	for  H0
           0.240767 	for  ln10^{10}A_s
           0.082349 	for  n_s
           0.260226 	for  tau_reio
Accepted 12 points out of 100
Calculating 12 CLASS models
Copied data from data/lcdm/number_6 into data/lcdm/number_7
Training neural network
2/2 - 0s - loss: 0.0677 - 14ms/epoch - 7ms/step

Test loss: 0.06769012659788132
l_max can maximally be 10,000.
New model is lcdm


Beginning iteration no. 8
Temperature is now 5.0
Running MCMC sampling no. 8...
