 /!\ PyMultiNest detected but MultiNest likely not installed correctly. You can
     safely ignore this if not running with option -m NS
 /!\ Detecting empty folder, logging the parameter file
 Initializing Planck likelihood, version Plik_v22_cmbonly_like                                                                                                                                                                                                                                                                                                                                                                                                                                                                                               
----
clik version 3be036bbb4f9
  plik_cmbonly
Checking likelihood '/home/jthybo/connect_wsl/resources/planck2018/code/plc_3.0/plc-3.01/../../../baseline/plc_3.0/hi_l/plik_lite/plik_lite_v22_TTTEEE.clik' on test data. got -292.286 expected -292.286 (diff -3.86228e-09)
----
<class 'montepython.likelihood_class.Likelihood_clik'>
<class 'montepython.likelihoods.Planck_lowl_EE.Planck_lowl_EE'>
Initializing SimAll
----
clik version 3be036bbb4f9
  simall simall_EE_BB_TE
Checking likelihood '/home/jthybo/connect_wsl/resources/planck2018/code/plc_3.0/plc-3.01/../../../baseline/plc_3.0/low_l/simall/simall_100x143_offlike5_EE_Aplanck_B.clik' on test data. got -197.99 expected -197.99 (diff -4.1778e-08)
----
----
clik version 3be036bbb4f9
  gibbs_gauss b13c8fda-1837-41b5-ae2d-78d6b723fcf1
Checking likelihood '/home/jthybo/connect_wsl/resources/planck2018/code/plc_3.0/plc-3.01/../../../baseline/plc_3.0/low_l/commander/commander_dx12_v3_2_29.clik' on test data. got -11.6257 expected -11.6257 (diff -1.07424e-09)
----
Creating /home/jthybo/connect_wsl/data/DRMD_grendel_iter/number_7/2025-12-16_1000000__1.txt

 /!\ PyMultiNest detected but MultiNest likely not installed correctly. You can
     safely ignore this if not running with option -m NS
 Initializing Planck likelihood, version Plik_v22_cmbonly_like                                                                                                                                                                                                                                                                                                                                                                                                                                                                                               
----
clik version 3be036bbb4f9
  plik_cmbonly
Checking likelihood '/home/jthybo/connect_wsl/resources/planck2018/code/plc_3.0/plc-3.01/../../../baseline/plc_3.0/hi_l/plik_lite/plik_lite_v22_TTTEEE.clik' on test data. got -292.286 expected -292.286 (diff -3.86228e-09)
----
<class 'montepython.likelihood_class.Likelihood_clik'>
<class 'montepython.likelihoods.Planck_lowl_EE.Planck_lowl_EE'>
Initializing SimAll
----
clik version 3be036bbb4f9
  simall simall_EE_BB_TE
Checking likelihood '/home/jthybo/connect_wsl/resources/planck2018/code/plc_3.0/plc-3.01/../../../baseline/plc_3.0/low_l/simall/simall_100x143_offlike5_EE_Aplanck_B.clik' on test data. got -197.99 expected -197.99 (diff -4.1778e-08)
----
----
clik version 3be036bbb4f9
  gibbs_gauss b13c8fda-1837-41b5-ae2d-78d6b723fcf1
Checking likelihood '/home/jthybo/connect_wsl/resources/planck2018/code/plc_3.0/plc-3.01/../../../baseline/plc_3.0/low_l/commander/commander_dx12_v3_2_29.clik' on test data. got -11.6257 expected -11.6257 (diff -1.07424e-09)
----
 /!\ PyMultiNest detected but MultiNest likely not installed correctly. You can
     safely ignore this if not running with option -m NS
Creating /home/jthybo/connect_wsl/data/DRMD_grendel_iter/number_7/2025-12-16_1000000__2.txt

 /!\ PyMultiNest detected but MultiNest likely not installed correctly. You can
     safely ignore this if not running with option -m NS
 Initializing Planck likelihood, version Plik_v22_cmbonly_like                                                                                                                                                                                                                                                                                                                                                                                                                                                                                               
----
clik version 3be036bbb4f9
  plik_cmbonly
Checking likelihood '/home/jthybo/connect_wsl/resources/planck2018/code/plc_3.0/plc-3.01/../../../baseline/plc_3.0/hi_l/plik_lite/plik_lite_v22_TTTEEE.clik' on test data. got -292.286 expected -292.286 (diff -3.86228e-09)
----
<class 'montepython.likelihood_class.Likelihood_clik'>
<class 'montepython.likelihoods.Planck_lowl_EE.Planck_lowl_EE'>
Initializing SimAll
----
clik version 3be036bbb4f9
  simall simall_EE_BB_TE
Checking likelihood '/home/jthybo/connect_wsl/resources/planck2018/code/plc_3.0/plc-3.01/../../../baseline/plc_3.0/low_l/simall/simall_100x143_offlike5_EE_Aplanck_B.clik' on test data. got -197.99 expected -197.99 (diff -4.1778e-08)
----
----
clik version 3be036bbb4f9
  gibbs_gauss b13c8fda-1837-41b5-ae2d-78d6b723fcf1
Checking likelihood '/home/jthybo/connect_wsl/resources/planck2018/code/plc_3.0/plc-3.01/../../../baseline/plc_3.0/low_l/commander/commander_dx12_v3_2_29.clik' on test data. got -11.6257 expected -11.6257 (diff -1.07424e-09)
----
Creating /home/jthybo/connect_wsl/data/DRMD_grendel_iter/number_7/2025-12-16_1000000__3.txt

 /!\ PyMultiNest detected but MultiNest likely not installed correctly. You can
     safely ignore this if not running with option -m NS
 Initializing Planck likelihood, version Plik_v22_cmbonly_like                                                                                                                                                                                                                                                                                                                                                                                                                                                                                               
----
clik version 3be036bbb4f9
  plik_cmbonly
Checking likelihood '/home/jthybo/connect_wsl/resources/planck2018/code/plc_3.0/plc-3.01/../../../baseline/plc_3.0/hi_l/plik_lite/plik_lite_v22_TTTEEE.clik' on test data. got -292.286 expected -292.286 (diff -3.86228e-09)
----
<class 'montepython.likelihood_class.Likelihood_clik'>
<class 'montepython.likelihoods.Planck_lowl_EE.Planck_lowl_EE'>
Initializing SimAll
----
clik version 3be036bbb4f9
  simall simall_EE_BB_TE
Checking likelihood '/home/jthybo/connect_wsl/resources/planck2018/code/plc_3.0/plc-3.01/../../../baseline/plc_3.0/low_l/simall/simall_100x143_offlike5_EE_Aplanck_B.clik' on test data. got -197.99 expected -197.99 (diff -4.1778e-08)
----
----
clik version 3be036bbb4f9
  gibbs_gauss b13c8fda-1837-41b5-ae2d-78d6b723fcf1
Checking likelihood '/home/jthybo/connect_wsl/resources/planck2018/code/plc_3.0/plc-3.01/../../../baseline/plc_3.0/low_l/commander/commander_dx12_v3_2_29.clik' on test data. got -11.6257 expected -11.6257 (diff -1.07424e-09)
----
Creating /home/jthybo/connect_wsl/data/DRMD_grendel_iter/number_7/2025-12-16_1000000__4.txt

--> Scanning file /home/jthybo/connect_wsl/data/DRMD_grendel_iter/number_7/2025-12-16_1000000__1.txt: Removed everything: chain not converged
                                                                           2025-12-16_1000000__3.txt: Removed 594 points of burn-in, and first 50 percent, keep 353 steps
                                                                           2025-12-16_1000000__4.txt: Removed 1208 points of burn-in, and first 50 percent, keep 401 steps
                                                                           2025-12-16_1000000__2.txt: Removed 873 points of burn-in, and first 50 percent, keep 331 steps
--> Computing mean values
--> Computing variance
--> Computing convergence criterium (Gelman-Rubin)
 -> R-1 is 4.077347 	for  omega_b
           4.108230 	for  omega_cdm
           10.512910 	for  h
           4.491659 	for  ln10^{10}A_s
           1.969035 	for  n_s
           3.631670 	for  tau_reio
           25.616391 	for  delta_Neff_drmd
           3.309681 	for  f_idm_drmd
           34.583557 	for  log10z_stop
           35.191501 	for  log10_G_over_aH_drmd
           18.813179 	for  A_planck
           3.336743 	for  z_reio
           3.321144 	for  Omega_Lambda
           3.510268 	for  YHe
           4.581712 	for  A_s
           1.482643 	for  sigma8
           0.460796 	for  100*theta_s
           10.820348 	for  H0
           13.228267 	for  rs_d
           5.414532 	for  Omega_m
           25.749477 	for  f_drmd
           15.228339 	for  z_dec_drmd
--> Not computing covariance matrix
 /!\ PyMultiNest detected but MultiNest likely not installed correctly. You can
     safely ignore this if not running with option -m NS
--> Scanning file /home/jthybo/connect_wsl/data/DRMD_grendel_iter/number_7/2025-12-16_1000000__1.txt: Removed everything: chain not converged
                                                                           2025-12-16_1000000__3.txt: Removed 626 points of burn-in, and first 50 percent, keep 855 steps
                                                                           2025-12-16_1000000__4.txt: Removed 1334 points of burn-in, and first 50 percent, keep 826 steps
                                                                           2025-12-16_1000000__2.txt: Removed 903 points of burn-in, and first 50 percent, keep 924 steps
--> Computing mean values
--> Computing variance
--> Computing convergence criterium (Gelman-Rubin)
 -> R-1 is 1.062170 	for  omega_b
           8.227779 	for  omega_cdm
           1.110419 	for  h
           0.047616 	for  ln10^{10}A_s
           0.856104 	for  n_s
           0.133766 	for  tau_reio
           5.923670 	for  delta_Neff_drmd
           3.844082 	for  f_idm_drmd
           0.521101 	for  log10z_stop
           1.500711 	for  log10_G_over_aH_drmd
           0.827287 	for  A_planck
           0.093699 	for  z_reio
           1.206645 	for  Omega_Lambda
           1.140430 	for  YHe
           0.044477 	for  A_s
           0.142965 	for  sigma8
           1.027443 	for  100*theta_s
           1.127740 	for  H0
           10.643786 	for  rs_d
           2.874419 	for  Omega_m
           6.042403 	for  f_drmd
           0.979580 	for  z_dec_drmd
--> Not computing covariance matrix
--> Scanning file /home/jthybo/connect_wsl/data/DRMD_grendel_iter/number_7/2025-12-16_1000000__1.txt: Removed 3516 points of burn-in, and first 50 percent, keep 460 steps
                                                                           2025-12-16_1000000__3.txt: Removed 763 points of burn-in, and first 50 percent, keep 1441 steps
                                                                           2025-12-16_1000000__4.txt: Removed 1418 points of burn-in, and first 50 percent, keep 1524 steps
                                                                           2025-12-16_1000000__2.txt: Removed 903 points of burn-in, and first 50 percent, keep 1751 steps
--> Computing mean values
--> Computing variance
--> Computing convergence criterium (Gelman-Rubin)
 -> R-1 is 0.785663 	for  omega_b
           0.898222 	for  omega_cdm
           1.828325 	for  h
           0.275398 	for  ln10^{10}A_s
           1.058816 	for  n_s
           0.222855 	for  tau_reio
           2.329169 	for  delta_Neff_drmd
           1.356091 	for  f_idm_drmd
           0.635790 	for  log10z_stop
           2.264358 	for  log10_G_over_aH_drmd
           1.063888 	for  A_planck
           0.215505 	for  z_reio
           1.258009 	for  Omega_Lambda
           0.873952 	for  YHe
           0.292756 	for  A_s
           0.020317 	for  sigma8
           0.527388 	for  100*theta_s
           1.828711 	for  H0
           1.511246 	for  rs_d
           1.322750 	for  Omega_m
           2.304591 	for  f_drmd
           0.024872 	for  z_dec_drmd
--> Computing covariance matrix
--> Scanning file /home/jthybo/connect_wsl/data/DRMD_grendel_iter/number_7/2025-12-16_1000000__1.txt: Removed 3516 points of burn-in, and first 50 percent, keep 932 steps
                                                                           2025-12-16_1000000__3.txt: Removed 942 points of burn-in, and first 50 percent, keep 2090 steps
                                                                           2025-12-16_1000000__4.txt: Removed 1418 points of burn-in, and first 50 percent, keep 2189 steps
                                                                           2025-12-16_1000000__2.txt: Removed 932 points of burn-in, and first 50 percent, keep 2317 steps
--> Computing mean values
--> Computing variance
--> Computing convergence criterium (Gelman-Rubin)
 -> R-1 is 0.073913 	for  omega_b
           0.443656 	for  omega_cdm
           0.203509 	for  h
           0.026441 	for  ln10^{10}A_s
           0.089860 	for  n_s
           0.039003 	for  tau_reio
           0.165241 	for  delta_Neff_drmd
           0.247171 	for  f_idm_drmd
           0.395188 	for  log10z_stop
           0.280741 	for  log10_G_over_aH_drmd
           0.193055 	for  A_planck
           0.021872 	for  z_reio
           0.334919 	for  Omega_Lambda
           0.107003 	for  YHe
           0.026186 	for  A_s
           0.052974 	for  sigma8
           0.018988 	for  100*theta_s
           0.205529 	for  H0
           0.291982 	for  rs_d
           0.342540 	for  Omega_m
           0.173163 	for  f_drmd
           0.232935 	for  z_dec_drmd
--> Computing covariance matrix
--> Scanning file /home/jthybo/connect_wsl/data/DRMD_grendel_iter/number_7/2025-12-16_1000000__1.txt: Removed 3516 points of burn-in, and first 50 percent, keep 1402 steps
                                                                           2025-12-16_1000000__3.txt: Removed 942 points of burn-in, and first 50 percent, keep 2618 steps
                                                                           2025-12-16_1000000__4.txt: Removed 1418 points of burn-in, and first 50 percent, keep 2700 steps
                                                                           2025-12-16_1000000__2.txt: Removed 932 points of burn-in, and first 50 percent, keep 2875 steps
--> Computing mean values
--> Computing variance
--> Computing convergence criterium (Gelman-Rubin)
 -> R-1 is 0.107749 	for  omega_b
           0.188301 	for  omega_cdm
           0.113576 	for  h
           0.018016 	for  ln10^{10}A_s
           0.093403 	for  n_s
           0.049500 	for  tau_reio
           0.157084 	for  delta_Neff_drmd
           0.065669 	for  f_idm_drmd
           0.279113 	for  log10z_stop
           0.227316 	for  log10_G_over_aH_drmd
           0.160719 	for  A_planck
           0.036217 	for  z_reio
           0.102671 	for  Omega_Lambda
           0.102341 	for  YHe
           0.016861 	for  A_s
           0.033746 	for  sigma8
           0.031752 	for  100*theta_s
           0.115882 	for  H0
           0.182195 	for  rs_d
           0.110295 	for  Omega_m
           0.157161 	for  f_drmd
           0.101472 	for  z_dec_drmd
--> Not computing covariance matrix
--> Scanning file /home/jthybo/connect_wsl/data/DRMD_grendel_iter/number_7/2025-12-16_1000000__1.txt: Removed 3516 points of burn-in, and first 50 percent, keep 1940 steps
                                                                           2025-12-16_1000000__3.txt: Removed 942 points of burn-in, and first 50 percent, keep 3098 steps
                                                                           2025-12-16_1000000__4.txt: Removed 1418 points of burn-in, and first 50 percent, keep 3262 steps
                                                                           2025-12-16_1000000__2.txt: Removed 935 points of burn-in, and first 50 percent, keep 3411 steps
--> Computing mean values
--> Computing variance
--> Computing convergence criterium (Gelman-Rubin)
 -> R-1 is 0.091363 	for  omega_b
           0.064492 	for  omega_cdm
           0.091836 	for  h
           0.045310 	for  ln10^{10}A_s
           0.038752 	for  n_s
           0.035036 	for  tau_reio
           0.140640 	for  delta_Neff_drmd
           0.071331 	for  f_idm_drmd
           0.136325 	for  log10z_stop
           0.164757 	for  log10_G_over_aH_drmd
           0.111804 	for  A_planck
           0.031469 	for  z_reio
           0.034804 	for  Omega_Lambda
           0.083751 	for  YHe
           0.044801 	for  A_s
           0.024608 	for  sigma8
           0.018869 	for  100*theta_s
           0.092632 	for  H0
           0.128307 	for  rs_d
           0.039050 	for  Omega_m
           0.142437 	for  f_drmd
           0.106559 	for  z_dec_drmd
--> Not computing covariance matrix
--> Scanning file /home/jthybo/connect_wsl/data/DRMD_grendel_iter/number_7/2025-12-16_1000000__1.txt: Removed 3516 points of burn-in, and first 50 percent, keep 2440 steps
                                                                           2025-12-16_1000000__3.txt: Removed 942 points of burn-in, and first 50 percent, keep 3573 steps
                                                                           2025-12-16_1000000__4.txt: Removed 1418 points of burn-in, and first 50 percent, keep 3765 steps
                                                                           2025-12-16_1000000__2.txt: Removed 935 points of burn-in, and first 50 percent, keep 3919 steps
--> Computing mean values
--> Computing variance
--> Computing convergence criterium (Gelman-Rubin)
 -> R-1 is 0.075123 	for  omega_b
           0.057493 	for  omega_cdm
           0.079634 	for  h
           0.027985 	for  ln10^{10}A_s
           0.007221 	for  n_s
           0.014552 	for  tau_reio
           0.115344 	for  delta_Neff_drmd
           0.076244 	for  f_idm_drmd
           0.094096 	for  log10z_stop
           0.139348 	for  log10_G_over_aH_drmd
           0.082340 	for  A_planck
           0.014182 	for  z_reio
           0.037749 	for  Omega_Lambda
           0.069619 	for  YHe
           0.028127 	for  A_s
           0.012513 	for  sigma8
           0.019119 	for  100*theta_s
           0.080109 	for  H0
           0.101054 	for  rs_d
           0.040124 	for  Omega_m
           0.116617 	for  f_drmd
           0.098272 	for  z_dec_drmd
--> Not computing covariance matrix
--> Scanning file /home/jthybo/connect_wsl/data/DRMD_grendel_iter/number_7/2025-12-16_1000000__1.txt: Removed 3516 points of burn-in, and first 50 percent, keep 2947 steps
                                                                           2025-12-16_1000000__3.txt: Removed 942 points of burn-in, and first 50 percent, keep 4108 steps
                                                                           2025-12-16_1000000__4.txt: Removed 1418 points of burn-in, and first 50 percent, keep 4312 steps
                                                                           2025-12-16_1000000__2.txt: Removed 935 points of burn-in, and first 50 percent, keep 4479 steps
--> Computing mean values
--> Computing variance
--> Computing convergence criterium (Gelman-Rubin)
 -> R-1 is 0.044319 	for  omega_b
           0.030078 	for  omega_cdm
           0.049816 	for  h
           0.012140 	for  ln10^{10}A_s
           0.003182 	for  n_s
           0.023059 	for  tau_reio
           0.079349 	for  delta_Neff_drmd
           0.027160 	for  f_idm_drmd
           0.038830 	for  log10z_stop
           0.050614 	for  log10_G_over_aH_drmd
           0.027303 	for  A_planck
           0.022149 	for  z_reio
           0.015861 	for  Omega_Lambda
           0.042632 	for  YHe
           0.012778 	for  A_s
           0.013724 	for  sigma8
           0.007962 	for  100*theta_s
           0.050285 	for  H0
           0.063662 	for  rs_d
           0.017657 	for  Omega_m
           0.078129 	for  f_drmd
           0.022431 	for  z_dec_drmd
--> Not computing covariance matrix
--> Scanning file /home/jthybo/connect_wsl/data/DRMD_grendel_iter/number_7/2025-12-16_1000000__1.txt: Removed 3516 points of burn-in, and first 50 percent, keep 3427 steps
                                                                           2025-12-16_1000000__3.txt: Removed 942 points of burn-in, and first 50 percent, keep 4610 steps
                                                                           2025-12-16_1000000__4.txt: Removed 1418 points of burn-in, and first 50 percent, keep 4777 steps
                                                                           2025-12-16_1000000__2.txt: Removed 935 points of burn-in, and first 50 percent, keep 4994 steps
--> Computing mean values
--> Computing variance
--> Computing convergence criterium (Gelman-Rubin)
 -> R-1 is 0.006296 	for  omega_b
           0.013560 	for  omega_cdm
           0.005280 	for  h
           0.004027 	for  ln10^{10}A_s
           0.007962 	for  n_s
           0.006898 	for  tau_reio
           0.013991 	for  delta_Neff_drmd
           0.022798 	for  f_idm_drmd
           0.002297 	for  log10z_stop
           0.016581 	for  log10_G_over_aH_drmd
           0.007397 	for  A_planck
           0.007156 	for  z_reio
           0.003177 	for  Omega_Lambda
           0.006616 	for  YHe
           0.004386 	for  A_s
           0.018634 	for  sigma8
           0.004608 	for  100*theta_s
           0.005272 	for  H0
           0.015919 	for  rs_d
           0.003555 	for  Omega_m
           0.013929 	for  f_drmd
           0.002003 	for  z_dec_drmd
--> Not computing covariance matrix
--> Scanning file /home/jthybo/connect_wsl/data/DRMD_grendel_iter/number_7/2025-12-16_1000000__1.txt: Removed 3516 points of burn-in, and first 50 percent, keep 3925 steps
                                                                           2025-12-16_1000000__3.txt: Removed 942 points of burn-in, and first 50 percent, keep 5090 steps
                                                                           2025-12-16_1000000__4.txt: Removed 1418 points of burn-in, and first 50 percent, keep 5260 steps
                                                                           2025-12-16_1000000__2.txt: Removed 935 points of burn-in, and first 50 percent, keep 5509 steps
--> Computing mean values
--> Computing variance
--> Computing convergence criterium (Gelman-Rubin)
 -> R-1 is 0.001470 	for  omega_b
           0.014887 	for  omega_cdm
           0.005158 	for  h
           0.010371 	for  ln10^{10}A_s
           0.003237 	for  n_s
           0.007501 	for  tau_reio
           0.001910 	for  delta_Neff_drmd
           0.033139 	for  f_idm_drmd
           0.004058 	for  log10z_stop
           0.013220 	for  log10_G_over_aH_drmd
           0.007309 	for  A_planck
           0.006851 	for  z_reio
           0.013241 	for  Omega_Lambda
           0.002157 	for  YHe
           0.010706 	for  A_s
           0.011102 	for  sigma8
           0.005306 	for  100*theta_s
           0.005054 	for  H0
           0.006332 	for  rs_d
           0.012929 	for  Omega_m
           0.002049 	for  f_drmd
           0.000805 	for  z_dec_drmd
--> Not computing covariance matrix
--> Scanning file /home/jthybo/connect_wsl/data/DRMD_grendel_iter/number_7/2025-12-16_1000000__1.txt: Removed 3516 points of burn-in, and first 50 percent, keep 4392 steps
                                                                           2025-12-16_1000000__3.txt: Removed 942 points of burn-in, and first 50 percent, keep 5628 steps
                                                                           2025-12-16_1000000__4.txt: Removed 1418 points of burn-in, and first 50 percent, keep 5855 steps
                                                                           2025-12-16_1000000__2.txt: Removed 935 points of burn-in, and first 50 percent, keep 6051 steps
--> Computing mean values
--> Computing variance
--> Computing convergence criterium (Gelman-Rubin)
 -> R-1 is 0.002427 	for  omega_b
           0.003663 	for  omega_cdm
           0.008540 	for  h
           0.004939 	for  ln10^{10}A_s
           0.003307 	for  n_s
           0.005261 	for  tau_reio
           0.003806 	for  delta_Neff_drmd
           0.017170 	for  f_idm_drmd
           0.013347 	for  log10z_stop
           0.025522 	for  log10_G_over_aH_drmd
           0.010621 	for  A_planck
           0.004545 	for  z_reio
           0.011015 	for  Omega_Lambda
           0.002774 	for  YHe
           0.005140 	for  A_s
           0.006150 	for  sigma8
           0.002003 	for  100*theta_s
           0.008580 	for  H0
           0.001512 	for  rs_d
           0.010875 	for  Omega_m
           0.004377 	for  f_drmd
           0.001778 	for  z_dec_drmd
--> Not computing covariance matrix
--> Scanning file /home/jthybo/connect_wsl/data/DRMD_grendel_iter/number_7/2025-12-16_1000000__1.txt: Removed 3516 points of burn-in, and first 50 percent, keep 4902 steps
                                                                           2025-12-16_1000000__3.txt: Removed 942 points of burn-in, and first 50 percent, keep 6188 steps
                                                                           2025-12-16_1000000__4.txt: Removed 1418 points of burn-in, and first 50 percent, keep 6397 steps
                                                                           2025-12-16_1000000__2.txt: Removed 935 points of burn-in, and first 50 percent, keep 6601 steps
--> Computing mean values
--> Computing variance
--> Computing convergence criterium (Gelman-Rubin)
 -> R-1 is 0.012385 	for  omega_b
           0.002211 	for  omega_cdm
           0.027045 	for  h
           0.005821 	for  ln10^{10}A_s
           0.004693 	for  n_s
           0.003355 	for  tau_reio
           0.022649 	for  delta_Neff_drmd
           0.005128 	for  f_idm_drmd
           0.014967 	for  log10z_stop
           0.068786 	for  log10_G_over_aH_drmd
           0.024282 	for  A_planck
           0.002945 	for  z_reio
           0.018487 	for  Omega_Lambda
           0.012651 	for  YHe
           0.006083 	for  A_s
           0.001901 	for  sigma8
           0.000140 	for  100*theta_s
           0.027360 	for  H0
           0.011473 	for  rs_d
           0.018624 	for  Omega_m
           0.024587 	for  f_drmd
           0.016833 	for  z_dec_drmd
--> Not computing covariance matrix
--> Scanning file /home/jthybo/connect_wsl/data/DRMD_grendel_iter/number_7/2025-12-16_1000000__1.txt: Removed 3516 points of burn-in, and first 50 percent, keep 5375 steps
                                                                           2025-12-16_1000000__3.txt: Removed 942 points of burn-in, and first 50 percent, keep 6748 steps
                                                                           2025-12-16_1000000__4.txt: Removed 1418 points of burn-in, and first 50 percent, keep 6980 steps
                                                                           2025-12-16_1000000__2.txt: Removed 935 points of burn-in, and first 50 percent, keep 7141 steps
--> Computing mean values
--> Computing variance
--> Computing convergence criterium (Gelman-Rubin)
 -> R-1 is 0.031557 	for  omega_b
           0.000278 	for  omega_cdm
           0.046925 	for  h
           0.009536 	for  ln10^{10}A_s
           0.003806 	for  n_s
           0.000806 	for  tau_reio
           0.028001 	for  delta_Neff_drmd
           0.002799 	for  f_idm_drmd
           0.022966 	for  log10z_stop
           0.133756 	for  log10_G_over_aH_drmd
           0.042625 	for  A_planck
           0.000898 	for  z_reio
           0.033085 	for  Omega_Lambda
           0.030305 	for  YHe
           0.010025 	for  A_s
           0.002972 	for  sigma8
           0.000508 	for  100*theta_s
           0.047622 	for  H0
           0.012186 	for  rs_d
           0.033435 	for  Omega_m
           0.030100 	for  f_drmd
           0.035761 	for  z_dec_drmd
--> Not computing covariance matrix
--> Scanning file /home/jthybo/connect_wsl/data/DRMD_grendel_iter/number_7/2025-12-16_1000000__1.txt: Removed 3516 points of burn-in, and first 50 percent, keep 5890 steps
                                                                           2025-12-16_1000000__3.txt: Removed 942 points of burn-in, and first 50 percent, keep 7235 steps
                                                                           2025-12-16_1000000__4.txt: Removed 1418 points of burn-in, and first 50 percent, keep 7480 steps
                                                                           2025-12-16_1000000__2.txt: Removed 935 points of burn-in, and first 50 percent, keep 7631 steps
--> Computing mean values
--> Computing variance
--> Computing convergence criterium (Gelman-Rubin)
 -> R-1 is 0.029265 	for  omega_b
           0.006481 	for  omega_cdm
           0.048703 	for  h
           0.015209 	for  ln10^{10}A_s
           0.008011 	for  n_s
           0.002690 	for  tau_reio
           0.016095 	for  delta_Neff_drmd
           0.016499 	for  f_idm_drmd
           0.021393 	for  log10z_stop
           0.107979 	for  log10_G_over_aH_drmd
           0.032500 	for  A_planck
           0.003045 	for  z_reio
           0.051341 	for  Omega_Lambda
           0.028556 	for  YHe
           0.015559 	for  A_s
           0.001226 	for  sigma8
           0.002782 	for  100*theta_s
           0.049177 	for  H0
           0.003834 	for  rs_d
           0.051318 	for  Omega_m
           0.018365 	for  f_drmd
           0.024313 	for  z_dec_drmd
--> Not computing covariance matrix
--> Scanning file /home/jthybo/connect_wsl/data/DRMD_grendel_iter/number_7/2025-12-16_1000000__1.txt: Removed 3516 points of burn-in, and first 50 percent, keep 6392 steps
                                                                           2025-12-16_1000000__3.txt: Removed 942 points of burn-in, and first 50 percent, keep 7708 steps
                                                                           2025-12-16_1000000__4.txt: Removed 1418 points of burn-in, and first 50 percent, keep 7967 steps
                                                                           2025-12-16_1000000__2.txt: Removed 935 points of burn-in, and first 50 percent, keep 8091 steps
--> Computing mean values
--> Computing variance
--> Computing convergence criterium (Gelman-Rubin)
 -> R-1 is 0.012025 	for  omega_b
           0.007928 	for  omega_cdm
           0.022959 	for  h
           0.034803 	for  ln10^{10}A_s
           0.006326 	for  n_s
           0.008993 	for  tau_reio
           0.004630 	for  delta_Neff_drmd
           0.023250 	for  f_idm_drmd
           0.011136 	for  log10z_stop
           0.054237 	for  log10_G_over_aH_drmd
           0.018583 	for  A_planck
           0.012356 	for  z_reio
           0.033451 	for  Omega_Lambda
           0.012185 	for  YHe
           0.035429 	for  A_s
           0.001044 	for  sigma8
           0.005056 	for  100*theta_s
           0.023049 	for  H0
           0.000241 	for  rs_d
           0.033134 	for  Omega_m
           0.005852 	for  f_drmd
           0.020676 	for  z_dec_drmd
--> Not computing covariance matrix
--> Scanning file /home/jthybo/connect_wsl/data/DRMD_grendel_iter/number_7/2025-12-16_1000000__1.txt: Removed 3516 points of burn-in, and first 50 percent, keep 6875 steps
                                                                           2025-12-16_1000000__3.txt: Removed 942 points of burn-in, and first 50 percent, keep 8233 steps
                                                                           2025-12-16_1000000__4.txt: Removed 1418 points of burn-in, and first 50 percent, keep 8522 steps
                                                                           2025-12-16_1000000__2.txt: Removed 935 points of burn-in, and first 50 percent, keep 8601 steps
--> Computing mean values
--> Computing variance
--> Computing convergence criterium (Gelman-Rubin)
 -> R-1 is 0.008639 	for  omega_b
           0.002596 	for  omega_cdm
           0.023446 	for  h
           0.031444 	for  ln10^{10}A_s
           0.006881 	for  n_s
           0.019804 	for  tau_reio
           0.014028 	for  delta_Neff_drmd
           0.014401 	for  f_idm_drmd
           0.006152 	for  log10z_stop
           0.016059 	for  log10_G_over_aH_drmd
           0.006444 	for  A_planck
           0.021518 	for  z_reio
           0.021025 	for  Omega_Lambda
           0.009200 	for  YHe
           0.031546 	for  A_s
           0.001173 	for  sigma8
           0.005145 	for  100*theta_s
           0.023489 	for  H0
           0.005315 	for  rs_d
           0.020789 	for  Omega_m
           0.014215 	for  f_drmd
           0.005835 	for  z_dec_drmd
--> Not computing covariance matrix
--> Scanning file /home/jthybo/connect_wsl/data/DRMD_grendel_iter/number_7/2025-12-16_1000000__1.txt: Removed 3516 points of burn-in, and first 50 percent, keep 7312 steps
                                                                           2025-12-16_1000000__3.txt: Removed 942 points of burn-in, and first 50 percent, keep 8738 steps
                                                                           2025-12-16_1000000__4.txt: Removed 1418 points of burn-in, and first 50 percent, keep 9002 steps
                                                                           2025-12-16_1000000__2.txt: Removed 935 points of burn-in, and first 50 percent, keep 9099 steps
--> Computing mean values
--> Computing variance
--> Computing convergence criterium (Gelman-Rubin)
 -> R-1 is 0.014741 	for  omega_b
           0.006372 	for  omega_cdm
           0.029822 	for  h
           0.017588 	for  ln10^{10}A_s
           0.008731 	for  n_s
           0.013924 	for  tau_reio
           0.023680 	for  delta_Neff_drmd
           0.013543 	for  f_idm_drmd
           0.015253 	for  log10z_stop
           0.004775 	for  log10_G_over_aH_drmd
           0.004819 	for  A_planck
           0.013569 	for  z_reio
           0.020404 	for  Omega_Lambda
           0.015254 	for  YHe
           0.017603 	for  A_s
           0.001030 	for  sigma8
           0.010649 	for  100*theta_s
           0.029804 	for  H0
           0.013650 	for  rs_d
           0.020317 	for  Omega_m
           0.022693 	for  f_drmd
           0.004645 	for  z_dec_drmd
--> Not computing covariance matrix
--> Scanning file /home/jthybo/connect_wsl/data/DRMD_grendel_iter/number_7/2025-12-16_1000000__1.txt: Removed 3516 points of burn-in, and first 50 percent, keep 7752 steps
                                                                           2025-12-16_1000000__3.txt: Removed 942 points of burn-in, and first 50 percent, keep 9240 steps
                                                                           2025-12-16_1000000__4.txt: Removed 1418 points of burn-in, and first 50 percent, keep 9465 steps
                                                                           2025-12-16_1000000__2.txt: Removed 935 points of burn-in, and first 50 percent, keep 9559 steps
--> Computing mean values
--> Computing variance
--> Computing convergence criterium (Gelman-Rubin)
 -> R-1 is 0.019888 	for  omega_b
           0.010125 	for  omega_cdm
           0.031502 	for  h
           0.024631 	for  ln10^{10}A_s
           0.010090 	for  n_s
           0.018410 	for  tau_reio
           0.027435 	for  delta_Neff_drmd
           0.017766 	for  f_idm_drmd
           0.013096 	for  log10z_stop
           0.009406 	for  log10_G_over_aH_drmd
           0.006801 	for  A_planck
           0.018527 	for  z_reio
           0.019991 	for  Omega_Lambda
           0.019889 	for  YHe
           0.024271 	for  A_s
           0.002904 	for  sigma8
           0.014848 	for  100*theta_s
           0.031504 	for  H0
           0.019052 	for  rs_d
           0.020028 	for  Omega_m
           0.026619 	for  f_drmd
           0.010599 	for  z_dec_drmd
--> Not computing covariance matrix
--> Scanning file /home/jthybo/connect_wsl/data/DRMD_grendel_iter/number_7/2025-12-16_1000000__1.txt: Removed 3516 points of burn-in, and first 50 percent, keep 8202 steps
                                                                           2025-12-16_1000000__3.txt: Removed 942 points of burn-in, and first 50 percent, keep 9748 steps
                                                                           2025-12-16_1000000__4.txt: Removed 1418 points of burn-in, and first 50 percent, keep 9967 steps
                                                                           2025-12-16_1000000__2.txt: Removed 935 points of burn-in, and first 50 percent, keep 10081 steps
--> Computing mean values
--> Computing variance
--> Computing convergence criterium (Gelman-Rubin)
 -> R-1 is 0.028460 	for  omega_b
           0.009102 	for  omega_cdm
           0.033476 	for  h
           0.014555 	for  ln10^{10}A_s
           0.011559 	for  n_s
           0.012159 	for  tau_reio
           0.030485 	for  delta_Neff_drmd
           0.021138 	for  f_idm_drmd
           0.008588 	for  log10z_stop
           0.027526 	for  log10_G_over_aH_drmd
           0.009974 	for  A_planck
           0.011407 	for  z_reio
           0.017002 	for  Omega_Lambda
           0.027502 	for  YHe
           0.013907 	for  A_s
           0.004423 	for  sigma8
           0.018934 	for  100*theta_s
           0.033544 	for  H0
           0.022644 	for  rs_d
           0.017222 	for  Omega_m
           0.030086 	for  f_drmd
           0.020752 	for  z_dec_drmd
--> Not computing covariance matrix
--> Scanning file /home/jthybo/connect_wsl/data/DRMD_grendel_iter/number_7/2025-12-16_1000000__1.txt: Removed 3516 points of burn-in, and first 50 percent, keep 8672 steps
                                                                           2025-12-16_1000000__3.txt: Removed 942 points of burn-in, and first 50 percent, keep 10273 steps
                                                                           2025-12-16_1000000__4.txt: Removed 1418 points of burn-in, and first 50 percent, keep 10532 steps
                                                                           2025-12-16_1000000__2.txt: Removed 935 points of burn-in, and first 50 percent, keep 10576 steps
--> Computing mean values
--> Computing variance
--> Computing convergence criterium (Gelman-Rubin)
 -> R-1 is 0.036464 	for  omega_b
           0.010175 	for  omega_cdm
           0.044252 	for  h
           0.009476 	for  ln10^{10}A_s
           0.014740 	for  n_s
           0.011085 	for  tau_reio
           0.043011 	for  delta_Neff_drmd
           0.014267 	for  f_idm_drmd
           0.003049 	for  log10z_stop
           0.043789 	for  log10_G_over_aH_drmd
           0.013129 	for  A_planck
           0.010375 	for  z_reio
           0.019765 	for  Omega_Lambda
           0.035078 	for  YHe
           0.009001 	for  A_s
           0.006313 	for  sigma8
           0.026952 	for  100*theta_s
           0.044477 	for  H0
           0.031337 	for  rs_d
           0.020078 	for  Omega_m
           0.042748 	for  f_drmd
           0.026409 	for  z_dec_drmd
--> Not computing covariance matrix
--> Scanning file /home/jthybo/connect_wsl/data/DRMD_grendel_iter/number_7/2025-12-16_1000000__1.txt: Removed 3516 points of burn-in, and first 50 percent, keep 9122 steps
                                                                           2025-12-16_1000000__3.txt: Removed 942 points of burn-in, and first 50 percent, keep 10778 steps
                                                                           2025-12-16_1000000__4.txt: Removed 1418 points of burn-in, and first 50 percent, keep 11022 steps
                                                                           2025-12-16_1000000__2.txt: Removed 935 points of burn-in, and first 50 percent, keep 11106 steps
--> Computing mean values
--> Computing variance
--> Computing convergence criterium (Gelman-Rubin)
 -> R-1 is 0.051639 	for  omega_b
           0.021735 	for  omega_cdm
           0.046252 	for  h
           0.009025 	for  ln10^{10}A_s
           0.013461 	for  n_s
           0.009561 	for  tau_reio
           0.054540 	for  delta_Neff_drmd
           0.021838 	for  f_idm_drmd
           0.001360 	for  log10z_stop
           0.058065 	for  log10_G_over_aH_drmd
           0.016390 	for  A_planck
           0.009030 	for  z_reio
           0.014879 	for  Omega_Lambda
           0.050495 	for  YHe
           0.008594 	for  A_s
           0.005304 	for  sigma8
           0.030032 	for  100*theta_s
           0.046648 	for  H0
           0.048845 	for  rs_d
           0.015673 	for  Omega_m
           0.055162 	for  f_drmd
           0.038801 	for  z_dec_drmd
--> Not computing covariance matrix
--> Scanning file /home/jthybo/connect_wsl/data/DRMD_grendel_iter/number_7/2025-12-16_1000000__1.txt: Removed 3516 points of burn-in, and first 50 percent, keep 9625 steps
                                                                           2025-12-16_1000000__3.txt: Removed 942 points of burn-in, and first 50 percent, keep 11285 steps
                                                                           2025-12-16_1000000__4.txt: Removed 1418 points of burn-in, and first 50 percent, keep 11532 steps
                                                                           2025-12-16_1000000__2.txt: Removed 935 points of burn-in, and first 50 percent, keep 11656 steps
--> Computing mean values
--> Computing variance
--> Computing convergence criterium (Gelman-Rubin)
 -> R-1 is 0.056255 	for  omega_b
           0.024723 	for  omega_cdm
           0.045734 	for  h
           0.005397 	for  ln10^{10}A_s
           0.006778 	for  n_s
           0.004551 	for  tau_reio
           0.057810 	for  delta_Neff_drmd
           0.020431 	for  f_idm_drmd
           0.002337 	for  log10z_stop
           0.063219 	for  log10_G_over_aH_drmd
           0.016811 	for  A_planck
           0.004022 	for  z_reio
           0.012632 	for  Omega_Lambda
           0.055158 	for  YHe
           0.005102 	for  A_s
           0.004251 	for  sigma8
           0.030186 	for  100*theta_s
           0.046134 	for  H0
           0.053948 	for  rs_d
           0.013543 	for  Omega_m
           0.058712 	for  f_drmd
           0.048054 	for  z_dec_drmd
--> Not computing covariance matrix
--> Scanning file /home/jthybo/connect_wsl/data/DRMD_grendel_iter/number_7/2025-12-16_1000000__1.txt: Removed 3516 points of burn-in, and first 50 percent, keep 10132 steps
                                                                           2025-12-16_1000000__3.txt: Removed 942 points of burn-in, and first 50 percent, keep 11803 steps
                                                                           2025-12-16_1000000__4.txt: Removed 1418 points of burn-in, and first 50 percent, keep 12062 steps
                                                                           2025-12-16_1000000__2.txt: Removed 935 points of burn-in, and first 50 percent, keep 12194 steps
--> Computing mean values
--> Computing variance
--> Computing convergence criterium (Gelman-Rubin)
 -> R-1 is 0.056893 	for  omega_b
           0.023251 	for  omega_cdm
           0.045159 	for  h
           0.002774 	for  ln10^{10}A_s
           0.005647 	for  n_s
           0.004039 	for  tau_reio
           0.055274 	for  delta_Neff_drmd
           0.020156 	for  f_idm_drmd
           0.001053 	for  log10z_stop
           0.076432 	for  log10_G_over_aH_drmd
           0.018599 	for  A_planck
           0.003246 	for  z_reio
           0.012863 	for  Omega_Lambda
           0.055818 	for  YHe
           0.002628 	for  A_s
           0.004040 	for  sigma8
           0.026646 	for  100*theta_s
           0.045710 	for  H0
           0.051908 	for  rs_d
           0.013784 	for  Omega_m
           0.056290 	for  f_drmd
           0.055852 	for  z_dec_drmd
--> Not computing covariance matrix
--> Scanning file /home/jthybo/connect_wsl/data/DRMD_grendel_iter/number_7/2025-12-16_1000000__1.txt: Removed 3516 points of burn-in, and first 50 percent, keep 10630 steps
                                                                           2025-12-16_1000000__3.txt: Removed 942 points of burn-in, and first 50 percent, keep 12350 steps
                                                                           2025-12-16_1000000__4.txt: Removed 1418 points of burn-in, and first 50 percent, keep 12627 steps
                                                                           2025-12-16_1000000__2.txt: Removed 935 points of burn-in, and first 50 percent, keep 12769 steps
--> Computing mean values
--> Computing variance
--> Computing convergence criterium (Gelman-Rubin)
 -> R-1 is 0.061101 	for  omega_b
           0.011972 	for  omega_cdm
           0.053100 	for  h
           0.002335 	for  ln10^{10}A_s
           0.007967 	for  n_s
           0.003863 	for  tau_reio
           0.047208 	for  delta_Neff_drmd
           0.015499 	for  f_idm_drmd
           0.001204 	for  log10z_stop
           0.071824 	for  log10_G_over_aH_drmd
           0.019497 	for  A_planck
           0.002544 	for  z_reio
           0.023620 	for  Omega_Lambda
           0.059265 	for  YHe
           0.002096 	for  A_s
           0.005988 	for  sigma8
           0.024684 	for  100*theta_s
           0.053671 	for  H0
           0.038670 	for  rs_d
           0.024296 	for  Omega_m
           0.047736 	for  f_drmd
           0.049063 	for  z_dec_drmd
--> Not computing covariance matrix
--> Scanning file /home/jthybo/connect_wsl/data/DRMD_grendel_iter/number_7/2025-12-16_1000000__1.txt: Removed 3516 points of burn-in, and first 50 percent, keep 11107 steps
                                                                           2025-12-16_1000000__3.txt: Removed 942 points of burn-in, and first 50 percent, keep 12873 steps
                                                                           2025-12-16_1000000__4.txt: Removed 1418 points of burn-in, and first 50 percent, keep 13157 steps
                                                                           2025-12-16_1000000__2.txt: Removed 935 points of burn-in, and first 50 percent, keep 13319 steps
--> Computing mean values
--> Computing variance
--> Computing convergence criterium (Gelman-Rubin)
 -> R-1 is 0.050130 	for  omega_b
           0.008551 	for  omega_cdm
           0.040709 	for  h
           0.002658 	for  ln10^{10}A_s
           0.006762 	for  n_s
           0.001684 	for  tau_reio
           0.032854 	for  delta_Neff_drmd
           0.016910 	for  f_idm_drmd
           0.001601 	for  log10z_stop
           0.049313 	for  log10_G_over_aH_drmd
           0.016300 	for  A_planck
           0.000982 	for  z_reio
           0.020126 	for  Omega_Lambda
           0.048123 	for  YHe
           0.002533 	for  A_s
           0.008669 	for  sigma8
           0.023701 	for  100*theta_s
           0.041139 	for  H0
           0.026600 	for  rs_d
           0.020520 	for  Omega_m
           0.032880 	for  f_drmd
           0.042602 	for  z_dec_drmd
--> Not computing covariance matrix
--> Scanning file /home/jthybo/connect_wsl/data/DRMD_grendel_iter/number_7/2025-12-16_1000000__1.txt: Removed 3516 points of burn-in, and first 50 percent, keep 11595 steps
                                                                           2025-12-16_1000000__3.txt: Removed 942 points of burn-in, and first 50 percent, keep 13415 steps
                                                                           2025-12-16_1000000__4.txt: Removed 1418 points of burn-in, and first 50 percent, keep 13745 steps
                                                                           2025-12-16_1000000__2.txt: Removed 935 points of burn-in, and first 50 percent, keep 13881 steps
--> Computing mean values
--> Computing variance
--> Computing convergence criterium (Gelman-Rubin)
 -> R-1 is 0.040728 	for  omega_b
           0.003393 	for  omega_cdm
           0.038143 	for  h
           0.002492 	for  ln10^{10}A_s
           0.007861 	for  n_s
           0.000963 	for  tau_reio
           0.022625 	for  delta_Neff_drmd
           0.011418 	for  f_idm_drmd
           0.001661 	for  log10z_stop
           0.035399 	for  log10_G_over_aH_drmd
           0.012490 	for  A_planck
           0.000474 	for  z_reio
           0.025135 	for  Omega_Lambda
           0.038874 	for  YHe
           0.002601 	for  A_s
           0.009803 	for  sigma8
           0.022481 	for  100*theta_s
           0.038495 	for  H0
           0.014748 	for  rs_d
           0.025199 	for  Omega_m
           0.022422 	for  f_drmd
           0.030396 	for  z_dec_drmd
--> Not computing covariance matrix
--> Scanning file /home/jthybo/connect_wsl/data/DRMD_grendel_iter/number_7/2025-12-16_1000000__1.txt: Removed 3516 points of burn-in, and first 50 percent, keep 12082 steps
                                                                           2025-12-16_1000000__3.txt: Removed 942 points of burn-in, and first 50 percent, keep 13953 steps
                                                                           2025-12-16_1000000__4.txt: Removed 1418 points of burn-in, and first 50 percent, keep 14290 steps
                                                                           2025-12-16_1000000__2.txt: Removed 935 points of burn-in, and first 50 percent, keep 14446 steps
--> Computing mean values
--> Computing variance
--> Computing convergence criterium (Gelman-Rubin)
 -> R-1 is 0.026500 	for  omega_b
           0.001419 	for  omega_cdm
           0.024034 	for  h
           0.002786 	for  ln10^{10}A_s
           0.006584 	for  n_s
           0.002224 	for  tau_reio
           0.010361 	for  delta_Neff_drmd
           0.007134 	for  f_idm_drmd
           0.001479 	for  log10z_stop
           0.026868 	for  log10_G_over_aH_drmd
           0.009552 	for  A_planck
           0.001422 	for  z_reio
           0.019699 	for  Omega_Lambda
           0.025091 	for  YHe
           0.002750 	for  A_s
           0.007849 	for  sigma8
           0.018335 	for  100*theta_s
           0.024337 	for  H0
           0.005981 	for  rs_d
           0.019639 	for  Omega_m
           0.010162 	for  f_drmd
           0.020504 	for  z_dec_drmd
--> Not computing covariance matrix
--> Scanning file /home/jthybo/connect_wsl/data/DRMD_grendel_iter/number_7/2025-12-16_1000000__1.txt: Removed 3516 points of burn-in, and first 50 percent, keep 12575 steps
                                                                           2025-12-16_1000000__3.txt: Removed 942 points of burn-in, and first 50 percent, keep 14515 steps
                                                                           2025-12-16_1000000__4.txt: Removed 1418 points of burn-in, and first 50 percent, keep 14860 steps
                                                                           2025-12-16_1000000__2.txt: Removed 935 points of burn-in, and first 50 percent, keep 15001 steps
--> Computing mean values
--> Computing variance
--> Computing convergence criterium (Gelman-Rubin)
 -> R-1 is 0.009447 	for  omega_b
           0.008580 	for  omega_cdm
           0.007331 	for  h
           0.002179 	for  ln10^{10}A_s
           0.002519 	for  n_s
           0.001271 	for  tau_reio
           0.003049 	for  delta_Neff_drmd
           0.006928 	for  f_idm_drmd
           0.000921 	for  log10z_stop
           0.016225 	for  log10_G_over_aH_drmd
           0.007461 	for  A_planck
           0.001089 	for  z_reio
           0.010555 	for  Omega_Lambda
           0.008881 	for  YHe
           0.002093 	for  A_s
           0.003300 	for  sigma8
           0.017606 	for  100*theta_s
           0.007411 	for  H0
           0.004228 	for  rs_d
           0.010665 	for  Omega_m
           0.003146 	for  f_drmd
           0.009892 	for  z_dec_drmd
--> Not computing covariance matrix
