 /!\ PyMultiNest detected but MultiNest likely not installed correctly. You can
     safely ignore this if not running with option -m NS
 /!\ Detecting empty folder, logging the parameter file
 Initializing Planck likelihood, version Plik_v22_cmbonly_like                                                                                                                                                                                                                                                                                                                                                                                                                                                                                               
----
clik version 3be036bbb4f9
  plik_cmbonly
Checking likelihood '/home/jeppethybo/connect_public/resources/planck2018/code/plc_3.0/plc-3.01/../../../baseline/plc_3.0/hi_l/plik_lite/plik_lite_v22_TTTEEE.clik' on test data. got -292.286 expected -292.286 (diff -3.86223e-09)
----
<class 'montepython.likelihood_class.Likelihood_clik'>
<class 'montepython.likelihoods.Planck_lowl_EE.Planck_lowl_EE'>
Initializing SimAll
----
clik version 3be036bbb4f9
  simall simall_EE_BB_TE
Checking likelihood '/home/jeppethybo/connect_public/resources/planck2018/code/plc_3.0/plc-3.01/../../../baseline/plc_3.0/low_l/simall/simall_100x143_offlike5_EE_Aplanck_B.clik' on test data. got -197.99 expected -197.99 (diff -4.1778e-08)
----
----
clik version 3be036bbb4f9
  gibbs_gauss b13c8fda-1837-41b5-ae2d-78d6b723fcf1
Checking likelihood '/home/jeppethybo/connect_public/resources/planck2018/code/plc_3.0/plc-3.01/../../../baseline/plc_3.0/low_l/commander/commander_dx12_v3_2_29.clik' on test data. got -11.6257 expected -11.6257 (diff -1.07424e-09)
----
Checking lensing likelihood '/home/jeppethybo/connect_public/resources/planck2018/code/plc_3.0/plc-3.01/../../../baseline/plc_3.0/lensing/smicadx12_Dec5_ftl_mv2_ndclpp_p_teb_consext8.clik_lensing' on test data. got -4.42102
Creating /home/jeppethybo/connect_public/data/lcdm/number_1/2025-11-26_1000000__1.txt

 /!\ PyMultiNest detected but MultiNest likely not installed correctly. You can
     safely ignore this if not running with option -m NS
 Initializing Planck likelihood, version Plik_v22_cmbonly_like                                                                                                                                                                                                                                                                                                                                                                                                                                                                                               
----
clik version 3be036bbb4f9
  plik_cmbonly
Checking likelihood '/home/jeppethybo/connect_public/resources/planck2018/code/plc_3.0/plc-3.01/../../../baseline/plc_3.0/hi_l/plik_lite/plik_lite_v22_TTTEEE.clik' on test data. got -292.286 expected -292.286 (diff -3.86223e-09)
----
<class 'montepython.likelihood_class.Likelihood_clik'>
<class 'montepython.likelihoods.Planck_lowl_EE.Planck_lowl_EE'>
Initializing SimAll
----
clik version 3be036bbb4f9
  simall simall_EE_BB_TE
Checking likelihood '/home/jeppethybo/connect_public/resources/planck2018/code/plc_3.0/plc-3.01/../../../baseline/plc_3.0/low_l/simall/simall_100x143_offlike5_EE_Aplanck_B.clik' on test data. got -197.99 expected -197.99 (diff -4.1778e-08)
----
----
clik version 3be036bbb4f9
  gibbs_gauss b13c8fda-1837-41b5-ae2d-78d6b723fcf1
Checking likelihood '/home/jeppethybo/connect_public/resources/planck2018/code/plc_3.0/plc-3.01/../../../baseline/plc_3.0/low_l/commander/commander_dx12_v3_2_29.clik' on test data. got -11.6257 expected -11.6257 (diff -1.07424e-09)
----
Checking lensing likelihood '/home/jeppethybo/connect_public/resources/planck2018/code/plc_3.0/plc-3.01/../../../baseline/plc_3.0/lensing/smicadx12_Dec5_ftl_mv2_ndclpp_p_teb_consext8.clik_lensing' on test data. got -4.42102
Creating /home/jeppethybo/connect_public/data/lcdm/number_1/2025-11-26_1000000__2.txt

 /!\ PyMultiNest detected but MultiNest likely not installed correctly. You can
     safely ignore this if not running with option -m NS
 /!\ PyMultiNest detected but MultiNest likely not installed correctly. You can
     safely ignore this if not running with option -m NS
 Initializing Planck likelihood, version Plik_v22_cmbonly_like                                                                                                                                                                                                                                                                                                                                                                                                                                                                                               
----
clik version 3be036bbb4f9
  plik_cmbonly
Checking likelihood '/home/jeppethybo/connect_public/resources/planck2018/code/plc_3.0/plc-3.01/../../../baseline/plc_3.0/hi_l/plik_lite/plik_lite_v22_TTTEEE.clik' on test data. got -292.286 expected -292.286 (diff -3.86223e-09)
----
<class 'montepython.likelihood_class.Likelihood_clik'>
<class 'montepython.likelihoods.Planck_lowl_EE.Planck_lowl_EE'>
Initializing SimAll
----
clik version 3be036bbb4f9
  simall simall_EE_BB_TE
Checking likelihood '/home/jeppethybo/connect_public/resources/planck2018/code/plc_3.0/plc-3.01/../../../baseline/plc_3.0/low_l/simall/simall_100x143_offlike5_EE_Aplanck_B.clik' on test data. got -197.99 expected -197.99 (diff -4.1778e-08)
----
----
clik version 3be036bbb4f9
  gibbs_gauss b13c8fda-1837-41b5-ae2d-78d6b723fcf1
Checking likelihood '/home/jeppethybo/connect_public/resources/planck2018/code/plc_3.0/plc-3.01/../../../baseline/plc_3.0/low_l/commander/commander_dx12_v3_2_29.clik' on test data. got -11.6257 expected -11.6257 (diff -1.07424e-09)
----
Checking lensing likelihood '/home/jeppethybo/connect_public/resources/planck2018/code/plc_3.0/plc-3.01/../../../baseline/plc_3.0/lensing/smicadx12_Dec5_ftl_mv2_ndclpp_p_teb_consext8.clik_lensing' on test data. got -4.42102
Creating /home/jeppethybo/connect_public/data/lcdm/number_1/2025-11-26_1000000__3.txt

 /!\ PyMultiNest detected but MultiNest likely not installed correctly. You can
     safely ignore this if not running with option -m NS
 Initializing Planck likelihood, version Plik_v22_cmbonly_like                                                                                                                                                                                                                                                                                                                                                                                                                                                                                               
----
clik version 3be036bbb4f9
  plik_cmbonly
Checking likelihood '/home/jeppethybo/connect_public/resources/planck2018/code/plc_3.0/plc-3.01/../../../baseline/plc_3.0/hi_l/plik_lite/plik_lite_v22_TTTEEE.clik' on test data. got -292.286 expected -292.286 (diff -3.86223e-09)
----
<class 'montepython.likelihood_class.Likelihood_clik'>
<class 'montepython.likelihoods.Planck_lowl_EE.Planck_lowl_EE'>
Initializing SimAll
----
clik version 3be036bbb4f9
  simall simall_EE_BB_TE
Checking likelihood '/home/jeppethybo/connect_public/resources/planck2018/code/plc_3.0/plc-3.01/../../../baseline/plc_3.0/low_l/simall/simall_100x143_offlike5_EE_Aplanck_B.clik' on test data. got -197.99 expected -197.99 (diff -4.1778e-08)
----
----
clik version 3be036bbb4f9
  gibbs_gauss b13c8fda-1837-41b5-ae2d-78d6b723fcf1
Checking likelihood '/home/jeppethybo/connect_public/resources/planck2018/code/plc_3.0/plc-3.01/../../../baseline/plc_3.0/low_l/commander/commander_dx12_v3_2_29.clik' on test data. got -11.6257 expected -11.6257 (diff -1.07424e-09)
----
Checking lensing likelihood '/home/jeppethybo/connect_public/resources/planck2018/code/plc_3.0/plc-3.01/../../../baseline/plc_3.0/lensing/smicadx12_Dec5_ftl_mv2_ndclpp_p_teb_consext8.clik_lensing' on test data. got -4.42102
Creating /home/jeppethybo/connect_public/data/lcdm/number_1/2025-11-26_1000000__4.txt

--> Scanning file /home/jeppethybo/connect_public/data/lcdm/number_1/2025-11-26_1000000__2.txt: Removed 784 points of burn-in, and first 50 percent, keep 821 steps
                                                                     2025-11-26_1000000__1.txt: Removed 652 points of burn-in, and first 50 percent, keep 719 steps
                                                                     2025-11-26_1000000__3.txt: Removed 691 points of burn-in, and first 50 percent, keep 900 steps
                                                                     2025-11-26_1000000__4.txt: Removed 2400 points of burn-in, and first 50 percent, keep 288 steps
--> Computing mean values
--> Computing variance
--> Computing convergence criterium (Gelman-Rubin)
 -> R-1 is 0.143686 	for  omega_b
           0.059466 	for  omega_cdm
           0.086998 	for  H0
           0.031393 	for  ln10^{10}A_s
           0.027697 	for  n_s
           0.013175 	for  tau_reio
           0.033820 	for  A_planck
           0.001928 	for  z_reio
           0.009858 	for  Omega_Lambda
           0.045926 	for  YHe
           0.033270 	for  A_s
           0.028642 	for  sigma8
           0.123584 	for  100*theta_s
--> Not computing covariance matrix
 /!\ PyMultiNest detected but MultiNest likely not installed correctly. You can
     safely ignore this if not running with option -m NS
--> Scanning file /home/jeppethybo/connect_public/data/lcdm/number_1/2025-11-26_1000000__2.txt: Removed 784 points of burn-in, and first 50 percent, keep 2476 steps
                                                                     2025-11-26_1000000__1.txt: Removed 652 points of burn-in, and first 50 percent, keep 2094 steps
                                                                     2025-11-26_1000000__3.txt: Removed 691 points of burn-in, and first 50 percent, keep 2622 steps
                                                                     2025-11-26_1000000__4.txt: Removed 2400 points of burn-in, and first 50 percent, keep 1985 steps
--> Computing mean values
--> Computing variance
--> Computing convergence criterium (Gelman-Rubin)
 -> R-1 is 0.016633 	for  omega_b
           0.007988 	for  omega_cdm
           0.015698 	for  H0
           0.007238 	for  ln10^{10}A_s
           0.023002 	for  n_s
           0.011681 	for  tau_reio
           0.009440 	for  A_planck
           0.008359 	for  z_reio
           0.009081 	for  Omega_Lambda
           0.012351 	for  YHe
           0.007579 	for  A_s
           0.006594 	for  sigma8
           0.007450 	for  100*theta_s
--> Not computing covariance matrix
--> Scanning file /home/jeppethybo/connect_public/data/lcdm/number_1/2025-11-26_1000000__2.txt: Removed 784 points of burn-in, and first 50 percent, keep 4108 steps
                                                                     2025-11-26_1000000__1.txt: Removed 652 points of burn-in, and first 50 percent, keep 3509 steps
                                                                     2025-11-26_1000000__3.txt: Removed 691 points of burn-in, and first 50 percent, keep 4307 steps
                                                                     2025-11-26_1000000__4.txt: Removed 2400 points of burn-in, and first 50 percent, keep 3700 steps
--> Computing mean values
--> Computing variance
--> Computing convergence criterium (Gelman-Rubin)
 -> R-1 is 0.008346 	for  omega_b
           0.019032 	for  omega_cdm
           0.015202 	for  H0
           0.006027 	for  ln10^{10}A_s
           0.028997 	for  n_s
           0.016959 	for  tau_reio
           0.006824 	for  A_planck
           0.012229 	for  z_reio
           0.014696 	for  Omega_Lambda
           0.006640 	for  YHe
           0.005902 	for  A_s
           0.002528 	for  sigma8
           0.025229 	for  100*theta_s
--> Not computing covariance matrix
--> Scanning file /home/jeppethybo/connect_public/data/lcdm/number_1/2025-11-26_1000000__2.txt: Removed 784 points of burn-in, and first 50 percent, keep 5773 steps
                                                                     2025-11-26_1000000__1.txt: Removed 652 points of burn-in, and first 50 percent, keep 4849 steps
                                                                     2025-11-26_1000000__3.txt: Removed 691 points of burn-in, and first 50 percent, keep 5962 steps
                                                                     2025-11-26_1000000__4.txt: Removed 2400 points of burn-in, and first 50 percent, keep 5348 steps
--> Computing mean values
--> Computing variance
--> Computing convergence criterium (Gelman-Rubin)
 -> R-1 is 0.000585 	for  omega_b
           0.013606 	for  omega_cdm
           0.006083 	for  H0
           0.004197 	for  ln10^{10}A_s
           0.007613 	for  n_s
           0.005812 	for  tau_reio
           0.009793 	for  A_planck
           0.004513 	for  z_reio
           0.008198 	for  Omega_Lambda
           0.001177 	for  YHe
           0.004289 	for  A_s
           0.001655 	for  sigma8
           0.011687 	for  100*theta_s
--> Not computing covariance matrix
--> Scanning file /home/jeppethybo/connect_public/data/lcdm/number_1/2025-11-26_1000000__2.txt: Removed 784 points of burn-in, and first 50 percent, keep 7446 steps
                                                                     2025-11-26_1000000__1.txt: Removed 652 points of burn-in, and first 50 percent, keep 6214 steps
                                                                     2025-11-26_1000000__3.txt: Removed 691 points of burn-in, and first 50 percent, keep 7640 steps
                                                                     2025-11-26_1000000__4.txt: Removed 2400 points of burn-in, and first 50 percent, keep 7035 steps
--> Computing mean values
--> Computing variance
--> Computing convergence criterium (Gelman-Rubin)
 -> R-1 is 0.000230 	for  omega_b
           0.006641 	for  omega_cdm
           0.002072 	for  H0
           0.001093 	for  ln10^{10}A_s
           0.003307 	for  n_s
           0.001755 	for  tau_reio
           0.001635 	for  A_planck
           0.001952 	for  z_reio
           0.003733 	for  Omega_Lambda
           0.000422 	for  YHe
           0.001092 	for  A_s
           0.001730 	for  sigma8
           0.008053 	for  100*theta_s
--> Not computing covariance matrix
