 /!\ PyMultiNest detected but MultiNest likely not installed correctly. You can
     safely ignore this if not running with option -m NS
 /!\ Detecting empty folder, logging the parameter file
 Initializing Planck likelihood, version Plik_v22_cmbonly_like                                                                                                                                                                                                                                                                                                                                                                                                                                                                                               
----
clik version 3be036bbb4f9
  plik_cmbonly
Checking likelihood '/home/jeppethybo/connect_public/resources/planck2018/code/plc_3.0/plc-3.01/../../../baseline/plc_3.0/hi_l/plik_lite/plik_lite_v22_TTTEEE.clik' on test data. got -292.286 expected -292.286 (diff -3.86223e-09)
----
<class 'montepython.likelihood_class.Likelihood_clik'>
<class 'montepython.likelihoods.Planck_lowl_EE.Planck_lowl_EE'>
Initializing SimAll
----
clik version 3be036bbb4f9
  simall simall_EE_BB_TE
Checking likelihood '/home/jeppethybo/connect_public/resources/planck2018/code/plc_3.0/plc-3.01/../../../baseline/plc_3.0/low_l/simall/simall_100x143_offlike5_EE_Aplanck_B.clik' on test data. got -197.99 expected -197.99 (diff -4.1778e-08)
----
----
clik version 3be036bbb4f9
  gibbs_gauss b13c8fda-1837-41b5-ae2d-78d6b723fcf1
Checking likelihood '/home/jeppethybo/connect_public/resources/planck2018/code/plc_3.0/plc-3.01/../../../baseline/plc_3.0/low_l/commander/commander_dx12_v3_2_29.clik' on test data. got -11.6257 expected -11.6257 (diff -1.07424e-09)
----
Checking lensing likelihood '/home/jeppethybo/connect_public/resources/planck2018/code/plc_3.0/plc-3.01/../../../baseline/plc_3.0/lensing/smicadx12_Dec5_ftl_mv2_ndclpp_p_teb_consext8.clik_lensing' on test data. got -4.42102
Creating /home/jeppethybo/connect_public/data/lcdm/number_8/2025-11-26_1000000__1.txt

 /!\ PyMultiNest detected but MultiNest likely not installed correctly. You can
     safely ignore this if not running with option -m NS
 Initializing Planck likelihood, version Plik_v22_cmbonly_like                                                                                                                                                                                                                                                                                                                                                                                                                                                                                               
----
clik version 3be036bbb4f9
  plik_cmbonly
Checking likelihood '/home/jeppethybo/connect_public/resources/planck2018/code/plc_3.0/plc-3.01/../../../baseline/plc_3.0/hi_l/plik_lite/plik_lite_v22_TTTEEE.clik' on test data. got -292.286 expected -292.286 (diff -3.86223e-09)
----
<class 'montepython.likelihood_class.Likelihood_clik'>
<class 'montepython.likelihoods.Planck_lowl_EE.Planck_lowl_EE'>
Initializing SimAll
----
clik version 3be036bbb4f9
  simall simall_EE_BB_TE
Checking likelihood '/home/jeppethybo/connect_public/resources/planck2018/code/plc_3.0/plc-3.01/../../../baseline/plc_3.0/low_l/simall/simall_100x143_offlike5_EE_Aplanck_B.clik' on test data. got -197.99 expected -197.99 (diff -4.1778e-08)
----
----
clik version 3be036bbb4f9
  gibbs_gauss b13c8fda-1837-41b5-ae2d-78d6b723fcf1
Checking likelihood '/home/jeppethybo/connect_public/resources/planck2018/code/plc_3.0/plc-3.01/../../../baseline/plc_3.0/low_l/commander/commander_dx12_v3_2_29.clik' on test data. got -11.6257 expected -11.6257 (diff -1.07424e-09)
----
Checking lensing likelihood '/home/jeppethybo/connect_public/resources/planck2018/code/plc_3.0/plc-3.01/../../../baseline/plc_3.0/lensing/smicadx12_Dec5_ftl_mv2_ndclpp_p_teb_consext8.clik_lensing' on test data. got -4.42102
Creating /home/jeppethybo/connect_public/data/lcdm/number_8/2025-11-26_1000000__2.txt

 /!\ PyMultiNest detected but MultiNest likely not installed correctly. You can
     safely ignore this if not running with option -m NS
 /!\ PyMultiNest detected but MultiNest likely not installed correctly. You can
     safely ignore this if not running with option -m NS
 Initializing Planck likelihood, version Plik_v22_cmbonly_like                                                                                                                                                                                                                                                                                                                                                                                                                                                                                               
----
clik version 3be036bbb4f9
  plik_cmbonly
Checking likelihood '/home/jeppethybo/connect_public/resources/planck2018/code/plc_3.0/plc-3.01/../../../baseline/plc_3.0/hi_l/plik_lite/plik_lite_v22_TTTEEE.clik' on test data. got -292.286 expected -292.286 (diff -3.86223e-09)
----
<class 'montepython.likelihood_class.Likelihood_clik'>
<class 'montepython.likelihoods.Planck_lowl_EE.Planck_lowl_EE'>
Initializing SimAll
----
clik version 3be036bbb4f9
  simall simall_EE_BB_TE
Checking likelihood '/home/jeppethybo/connect_public/resources/planck2018/code/plc_3.0/plc-3.01/../../../baseline/plc_3.0/low_l/simall/simall_100x143_offlike5_EE_Aplanck_B.clik' on test data. got -197.99 expected -197.99 (diff -4.1778e-08)
----
----
clik version 3be036bbb4f9
  gibbs_gauss b13c8fda-1837-41b5-ae2d-78d6b723fcf1
Checking likelihood '/home/jeppethybo/connect_public/resources/planck2018/code/plc_3.0/plc-3.01/../../../baseline/plc_3.0/low_l/commander/commander_dx12_v3_2_29.clik' on test data. got -11.6257 expected -11.6257 (diff -1.07424e-09)
----
Checking lensing likelihood '/home/jeppethybo/connect_public/resources/planck2018/code/plc_3.0/plc-3.01/../../../baseline/plc_3.0/lensing/smicadx12_Dec5_ftl_mv2_ndclpp_p_teb_consext8.clik_lensing' on test data. got -4.42102
Creating /home/jeppethybo/connect_public/data/lcdm/number_8/2025-11-26_1000000__3.txt

 /!\ PyMultiNest detected but MultiNest likely not installed correctly. You can
     safely ignore this if not running with option -m NS
 Initializing Planck likelihood, version Plik_v22_cmbonly_like                                                                                                                                                                                                                                                                                                                                                                                                                                                                                               
----
clik version 3be036bbb4f9
  plik_cmbonly
Checking likelihood '/home/jeppethybo/connect_public/resources/planck2018/code/plc_3.0/plc-3.01/../../../baseline/plc_3.0/hi_l/plik_lite/plik_lite_v22_TTTEEE.clik' on test data. got -292.286 expected -292.286 (diff -3.86223e-09)
----
<class 'montepython.likelihood_class.Likelihood_clik'>
<class 'montepython.likelihoods.Planck_lowl_EE.Planck_lowl_EE'>
Initializing SimAll
----
clik version 3be036bbb4f9
  simall simall_EE_BB_TE
Checking likelihood '/home/jeppethybo/connect_public/resources/planck2018/code/plc_3.0/plc-3.01/../../../baseline/plc_3.0/low_l/simall/simall_100x143_offlike5_EE_Aplanck_B.clik' on test data. got -197.99 expected -197.99 (diff -4.1778e-08)
----
----
clik version 3be036bbb4f9
  gibbs_gauss b13c8fda-1837-41b5-ae2d-78d6b723fcf1
Checking likelihood '/home/jeppethybo/connect_public/resources/planck2018/code/plc_3.0/plc-3.01/../../../baseline/plc_3.0/low_l/commander/commander_dx12_v3_2_29.clik' on test data. got -11.6257 expected -11.6257 (diff -1.07424e-09)
----
Checking lensing likelihood '/home/jeppethybo/connect_public/resources/planck2018/code/plc_3.0/plc-3.01/../../../baseline/plc_3.0/lensing/smicadx12_Dec5_ftl_mv2_ndclpp_p_teb_consext8.clik_lensing' on test data. got -4.42102
Creating /home/jeppethybo/connect_public/data/lcdm/number_8/2025-11-26_1000000__4.txt

--> Scanning file /home/jeppethybo/connect_public/data/lcdm/number_8/2025-11-26_1000000__2.txt: Removed everything: chain not converged
                                                                     2025-11-26_1000000__1.txt: Removed 900 points of burn-in, and first 50 percent, keep 1600 steps
                                                                     2025-11-26_1000000__3.txt: Removed 1019 points of burn-in, and first 50 percent, keep 2038 steps
                                                                     2025-11-26_1000000__4.txt: Removed 1468 points of burn-in, and first 50 percent, keep 1761 steps
--> Computing mean values
--> Computing variance
--> Computing convergence criterium (Gelman-Rubin)
 -> R-1 is 0.000076 	for  omega_b
           0.002733 	for  omega_cdm
           0.005155 	for  H0
           0.006675 	for  ln10^{10}A_s
           0.011036 	for  n_s
           0.008760 	for  tau_reio
           0.001265 	for  A_planck
           0.009592 	for  z_reio
           0.008297 	for  Omega_Lambda
           0.006659 	for  YHe
           0.006657 	for  A_s
           0.006292 	for  sigma8
           0.017342 	for  100*theta_s
--> Not computing covariance matrix
 /!\ PyMultiNest detected but MultiNest likely not installed correctly. You can
     safely ignore this if not running with option -m NS
--> Scanning file /home/jeppethybo/connect_public/data/lcdm/number_8/2025-11-26_1000000__2.txt: Removed everything: chain not converged
                                                                     2025-11-26_1000000__1.txt: Removed 900 points of burn-in, and first 50 percent, keep 3800 steps
                                                                     2025-11-26_1000000__3.txt: Removed 1019 points of burn-in, and first 50 percent, keep 4783 steps
                                                                     2025-11-26_1000000__4.txt: Removed 1468 points of burn-in, and first 50 percent, keep 4531 steps
--> Computing mean values
--> Computing variance
--> Computing convergence criterium (Gelman-Rubin)
 -> R-1 is 0.005312 	for  omega_b
           0.006376 	for  omega_cdm
           0.007266 	for  H0
           0.001303 	for  ln10^{10}A_s
           0.001742 	for  n_s
           0.000249 	for  tau_reio
           0.001130 	for  A_planck
           0.000343 	for  z_reio
           0.003922 	for  Omega_Lambda
           0.004681 	for  YHe
           0.001115 	for  A_s
           0.005800 	for  sigma8
           0.006366 	for  100*theta_s
--> Not computing covariance matrix
--> Scanning file /home/jeppethybo/connect_public/data/lcdm/number_8/2025-11-26_1000000__2.txt: Removed everything: chain not converged
                                                                     2025-11-26_1000000__1.txt: Removed 900 points of burn-in, and first 50 percent, keep 6023 steps
                                                                     2025-11-26_1000000__3.txt: Removed 1019 points of burn-in, and first 50 percent, keep 7548 steps
                                                                     2025-11-26_1000000__4.txt: Removed 1468 points of burn-in, and first 50 percent, keep 7279 steps
--> Computing mean values
--> Computing variance
--> Computing convergence criterium (Gelman-Rubin)
 -> R-1 is 0.001582 	for  omega_b
           0.004614 	for  omega_cdm
           0.004360 	for  H0
           0.000730 	for  ln10^{10}A_s
           0.001823 	for  n_s
           0.001017 	for  tau_reio
           0.001305 	for  A_planck
           0.000971 	for  z_reio
           0.003416 	for  Omega_Lambda
           0.002161 	for  YHe
           0.000650 	for  A_s
           0.000145 	for  sigma8
           0.000853 	for  100*theta_s
--> Not computing covariance matrix
--> Scanning file /home/jeppethybo/connect_public/data/lcdm/number_8/2025-11-26_1000000__2.txt: Removed everything: chain not converged
                                                                     2025-11-26_1000000__1.txt: Removed 900 points of burn-in, and first 50 percent, keep 8233 steps
                                                                     2025-11-26_1000000__3.txt: Removed 1019 points of burn-in, and first 50 percent, keep 10288 steps
                                                                     2025-11-26_1000000__4.txt: Removed 1469 points of burn-in, and first 50 percent, keep 10071 steps
--> Computing mean values
--> Computing variance
--> Computing convergence criterium (Gelman-Rubin)
 -> R-1 is 0.001417 	for  omega_b
           0.000452 	for  omega_cdm
           0.000801 	for  H0
           0.002575 	for  ln10^{10}A_s
           0.000308 	for  n_s
           0.001766 	for  tau_reio
           0.004737 	for  A_planck
           0.001792 	for  z_reio
           0.000937 	for  Omega_Lambda
           0.001302 	for  YHe
           0.002621 	for  A_s
           0.004358 	for  sigma8
           0.003894 	for  100*theta_s
--> Not computing covariance matrix
mpirun: Forwarding signal 20 to job
