 /!\ PyMultiNest detected but MultiNest likely not installed correctly. You can
     safely ignore this if not running with option -m NS
 /!\ Detecting empty folder, logging the parameter file
 Initializing Planck likelihood, version Plik_v22_cmbonly_like                                                                                                                                                                                                                                                                                                                                                                                                                                                                                               
----
clik version 3be036bbb4f9
  plik_cmbonly
Checking likelihood '/home/jthybo/connect_wsl/resources/planck2018/code/plc_3.0/plc-3.01/../../../baseline/plc_3.0/hi_l/plik_lite/plik_lite_v22_TTTEEE.clik' on test data. got -292.286 expected -292.286 (diff -3.86228e-09)
----
<class 'montepython.likelihood_class.Likelihood_clik'>
<class 'montepython.likelihoods.Planck_lowl_EE.Planck_lowl_EE'>
Initializing SimAll
----
clik version 3be036bbb4f9
  simall simall_EE_BB_TE
Checking likelihood '/home/jthybo/connect_wsl/resources/planck2018/code/plc_3.0/plc-3.01/../../../baseline/plc_3.0/low_l/simall/simall_100x143_offlike5_EE_Aplanck_B.clik' on test data. got -197.99 expected -197.99 (diff -4.1778e-08)
----
----
clik version 3be036bbb4f9
  gibbs_gauss b13c8fda-1837-41b5-ae2d-78d6b723fcf1
Checking likelihood '/home/jthybo/connect_wsl/resources/planck2018/code/plc_3.0/plc-3.01/../../../baseline/plc_3.0/low_l/commander/commander_dx12_v3_2_29.clik' on test data. got -11.6257 expected -11.6257 (diff -1.07424e-09)
----
Creating /home/jthybo/connect_wsl/data/DRMD_grendel_iter/number_5/2025-12-16_1000000__1.txt

 /!\ PyMultiNest detected but MultiNest likely not installed correctly. You can
     safely ignore this if not running with option -m NS
 Initializing Planck likelihood, version Plik_v22_cmbonly_like                                                                                                                                                                                                                                                                                                                                                                                                                                                                                               
----
clik version 3be036bbb4f9
  plik_cmbonly
Checking likelihood '/home/jthybo/connect_wsl/resources/planck2018/code/plc_3.0/plc-3.01/../../../baseline/plc_3.0/hi_l/plik_lite/plik_lite_v22_TTTEEE.clik' on test data. got -292.286 expected -292.286 (diff -3.86228e-09)
----
<class 'montepython.likelihood_class.Likelihood_clik'>
<class 'montepython.likelihoods.Planck_lowl_EE.Planck_lowl_EE'>
Initializing SimAll
----
clik version 3be036bbb4f9
  simall simall_EE_BB_TE
Checking likelihood '/home/jthybo/connect_wsl/resources/planck2018/code/plc_3.0/plc-3.01/../../../baseline/plc_3.0/low_l/simall/simall_100x143_offlike5_EE_Aplanck_B.clik' on test data. got -197.99 expected -197.99 (diff -4.1778e-08)
----
----
clik version 3be036bbb4f9
  gibbs_gauss b13c8fda-1837-41b5-ae2d-78d6b723fcf1
Checking likelihood '/home/jthybo/connect_wsl/resources/planck2018/code/plc_3.0/plc-3.01/../../../baseline/plc_3.0/low_l/commander/commander_dx12_v3_2_29.clik' on test data. got -11.6257 expected -11.6257 (diff -1.07424e-09)
----
 /!\ PyMultiNest detected but MultiNest likely not installed correctly. You can
     safely ignore this if not running with option -m NS
Creating /home/jthybo/connect_wsl/data/DRMD_grendel_iter/number_5/2025-12-16_1000000__2.txt

 /!\ PyMultiNest detected but MultiNest likely not installed correctly. You can
     safely ignore this if not running with option -m NS
 Initializing Planck likelihood, version Plik_v22_cmbonly_like                                                                                                                                                                                                                                                                                                                                                                                                                                                                                               
----
clik version 3be036bbb4f9
  plik_cmbonly
Checking likelihood '/home/jthybo/connect_wsl/resources/planck2018/code/plc_3.0/plc-3.01/../../../baseline/plc_3.0/hi_l/plik_lite/plik_lite_v22_TTTEEE.clik' on test data. got -292.286 expected -292.286 (diff -3.86228e-09)
----
<class 'montepython.likelihood_class.Likelihood_clik'>
<class 'montepython.likelihoods.Planck_lowl_EE.Planck_lowl_EE'>
Initializing SimAll
----
clik version 3be036bbb4f9
  simall simall_EE_BB_TE
Checking likelihood '/home/jthybo/connect_wsl/resources/planck2018/code/plc_3.0/plc-3.01/../../../baseline/plc_3.0/low_l/simall/simall_100x143_offlike5_EE_Aplanck_B.clik' on test data. got -197.99 expected -197.99 (diff -4.1778e-08)
----
----
clik version 3be036bbb4f9
  gibbs_gauss b13c8fda-1837-41b5-ae2d-78d6b723fcf1
Checking likelihood '/home/jthybo/connect_wsl/resources/planck2018/code/plc_3.0/plc-3.01/../../../baseline/plc_3.0/low_l/commander/commander_dx12_v3_2_29.clik' on test data. got -11.6257 expected -11.6257 (diff -1.07424e-09)
----
Creating /home/jthybo/connect_wsl/data/DRMD_grendel_iter/number_5/2025-12-16_1000000__3.txt

 /!\ PyMultiNest detected but MultiNest likely not installed correctly. You can
     safely ignore this if not running with option -m NS
 Initializing Planck likelihood, version Plik_v22_cmbonly_like                                                                                                                                                                                                                                                                                                                                                                                                                                                                                               
----
clik version 3be036bbb4f9
  plik_cmbonly
Checking likelihood '/home/jthybo/connect_wsl/resources/planck2018/code/plc_3.0/plc-3.01/../../../baseline/plc_3.0/hi_l/plik_lite/plik_lite_v22_TTTEEE.clik' on test data. got -292.286 expected -292.286 (diff -3.86228e-09)
----
<class 'montepython.likelihood_class.Likelihood_clik'>
<class 'montepython.likelihoods.Planck_lowl_EE.Planck_lowl_EE'>
Initializing SimAll
----
clik version 3be036bbb4f9
  simall simall_EE_BB_TE
Checking likelihood '/home/jthybo/connect_wsl/resources/planck2018/code/plc_3.0/plc-3.01/../../../baseline/plc_3.0/low_l/simall/simall_100x143_offlike5_EE_Aplanck_B.clik' on test data. got -197.99 expected -197.99 (diff -4.1778e-08)
----
----
clik version 3be036bbb4f9
  gibbs_gauss b13c8fda-1837-41b5-ae2d-78d6b723fcf1
Checking likelihood '/home/jthybo/connect_wsl/resources/planck2018/code/plc_3.0/plc-3.01/../../../baseline/plc_3.0/low_l/commander/commander_dx12_v3_2_29.clik' on test data. got -11.6257 expected -11.6257 (diff -1.07424e-09)
----
Creating /home/jthybo/connect_wsl/data/DRMD_grendel_iter/number_5/2025-12-16_1000000__4.txt

--> Scanning file /home/jthybo/connect_wsl/data/DRMD_grendel_iter/number_5/2025-12-16_1000000__2.txt: Removed everything: chain not converged
                                                                           2025-12-16_1000000__4.txt: Removed everything: chain not converged
                                                                           2025-12-16_1000000__3.txt: Removed 8072 points of burn-in, and first 50 percent, keep 149 steps
                                                                           2025-12-16_1000000__1.txt: Removed everything: chain not converged
--> Computing mean values
--> Computing variance
--> Computing convergence criterium (Gelman-Rubin)
 -> R-1 is 0.000000 	for  omega_b
           0.000000 	for  omega_cdm
           0.000000 	for  h
           0.000000 	for  ln10^{10}A_s
           0.000000 	for  n_s
           0.000000 	for  tau_reio
           0.000000 	for  delta_Neff_drmd
           0.000000 	for  f_idm_drmd
           0.000000 	for  log10z_stop
           0.000000 	for  log10_G_over_aH_drmd
           0.000000 	for  A_planck
           0.000000 	for  z_reio
           0.000000 	for  Omega_Lambda
           0.000000 	for  YHe
           0.000000 	for  A_s
           0.000000 	for  sigma8
           0.000000 	for  100*theta_s
           0.000000 	for  H0
           0.000000 	for  rs_d
           0.000000 	for  Omega_m
           0.000000 	for  f_drmd
           0.000000 	for  z_dec_drmd
--> Not computing covariance matrix
 /!\ PyMultiNest detected but MultiNest likely not installed correctly. You can
     safely ignore this if not running with option -m NS
--> Scanning file /home/jthybo/connect_wsl/data/DRMD_grendel_iter/number_5/2025-12-16_1000000__2.txt: Removed everything: chain not converged
                                                                           2025-12-16_1000000__4.txt: Removed 1504 points of burn-in, and first 50 percent, keep 671 steps
                                                                           2025-12-16_1000000__3.txt: Removed 8072 points of burn-in, and first 50 percent, keep 759 steps
                                                                           2025-12-16_1000000__1.txt: Removed everything: chain not converged
--> Computing mean values
--> Computing variance
--> Computing convergence criterium (Gelman-Rubin)
 -> R-1 is 1.510535 	for  omega_b
           0.235184 	for  omega_cdm
           0.583398 	for  h
           0.072127 	for  ln10^{10}A_s
           0.135360 	for  n_s
           0.001035 	for  tau_reio
           0.032252 	for  delta_Neff_drmd
           0.129517 	for  f_idm_drmd
           0.052438 	for  log10z_stop
           1.032080 	for  log10_G_over_aH_drmd
           0.348375 	for  A_planck
           0.016086 	for  z_reio
           0.316484 	for  Omega_Lambda
           0.891014 	for  YHe
           0.079325 	for  A_s
           0.000098 	for  sigma8
           0.005739 	for  100*theta_s
           0.544694 	for  H0
           0.000128 	for  rs_d
           0.332374 	for  Omega_m
           0.022002 	for  f_drmd
           0.008056 	for  z_dec_drmd
--> Computing covariance matrix
--> Scanning file /home/jthybo/connect_wsl/data/DRMD_grendel_iter/number_5/2025-12-16_1000000__2.txt: Removed everything: chain not converged
                                                                           2025-12-16_1000000__4.txt: Removed 2058 points of burn-in, and first 50 percent, keep 1427 steps
                                                                           2025-12-16_1000000__3.txt: Removed 8210 points of burn-in, and first 50 percent, keep 1566 steps
                                                                           2025-12-16_1000000__1.txt: Removed 3799 points of burn-in, and first 50 percent, keep 161 steps
--> Computing mean values
--> Computing variance
--> Computing convergence criterium (Gelman-Rubin)
 -> R-1 is 0.092450 	for  omega_b
           0.016534 	for  omega_cdm
           0.093934 	for  h
           0.080015 	for  ln10^{10}A_s
           0.214867 	for  n_s
           0.134107 	for  tau_reio
           0.255989 	for  delta_Neff_drmd
           0.032123 	for  f_idm_drmd
           0.496513 	for  log10z_stop
           0.029571 	for  log10_G_over_aH_drmd
           0.020649 	for  A_planck
           0.149304 	for  z_reio
           0.074731 	for  Omega_Lambda
           0.086491 	for  YHe
           0.078364 	for  A_s
           0.015438 	for  sigma8
           0.091227 	for  100*theta_s
           0.093521 	for  H0
           0.064753 	for  rs_d
           0.060960 	for  Omega_m
           0.288851 	for  f_drmd
           0.579084 	for  z_dec_drmd
--> Computing covariance matrix
--> Scanning file /home/jthybo/connect_wsl/data/DRMD_grendel_iter/number_5/2025-12-16_1000000__2.txt: Removed everything: chain not converged
                                                                           2025-12-16_1000000__4.txt: Removed 2058 points of burn-in, and first 50 percent, keep 2055 steps
                                                                           2025-12-16_1000000__3.txt: Removed 8210 points of burn-in, and first 50 percent, keep 2206 steps
                                                                           2025-12-16_1000000__1.txt: Removed 3799 points of burn-in, and first 50 percent, keep 581 steps
--> Computing mean values
--> Computing variance
--> Computing convergence criterium (Gelman-Rubin)
 -> R-1 is 0.058604 	for  omega_b
           0.021149 	for  omega_cdm
           0.292688 	for  h
           0.181313 	for  ln10^{10}A_s
           0.041149 	for  n_s
           0.197250 	for  tau_reio
           0.628326 	for  delta_Neff_drmd
           0.111590 	for  f_idm_drmd
           0.267012 	for  log10z_stop
           0.034140 	for  log10_G_over_aH_drmd
           0.039235 	for  A_planck
           0.206353 	for  z_reio
           0.183971 	for  Omega_Lambda
           0.079868 	for  YHe
           0.170348 	for  A_s
           0.029127 	for  sigma8
           0.043183 	for  100*theta_s
           0.292930 	for  H0
           0.090854 	for  rs_d
           0.171393 	for  Omega_m
           0.607183 	for  f_drmd
           0.451339 	for  z_dec_drmd
--> Computing covariance matrix
--> Scanning file /home/jthybo/connect_wsl/data/DRMD_grendel_iter/number_5/2025-12-16_1000000__2.txt: Removed everything: chain not converged
                                                                           2025-12-16_1000000__4.txt: Removed 2058 points of burn-in, and first 50 percent, keep 2683 steps
                                                                           2025-12-16_1000000__3.txt: Removed 8210 points of burn-in, and first 50 percent, keep 2847 steps
                                                                           2025-12-16_1000000__1.txt: Removed 3799 points of burn-in, and first 50 percent, keep 1008 steps
--> Computing mean values
--> Computing variance
--> Computing convergence criterium (Gelman-Rubin)
 -> R-1 is 0.030426 	for  omega_b
           0.012545 	for  omega_cdm
           0.015344 	for  h
           0.005753 	for  ln10^{10}A_s
           0.019812 	for  n_s
           0.001763 	for  tau_reio
           0.005695 	for  delta_Neff_drmd
           0.004154 	for  f_idm_drmd
           0.002500 	for  log10z_stop
           0.053373 	for  log10_G_over_aH_drmd
           0.020451 	for  A_planck
           0.001461 	for  z_reio
           0.014712 	for  Omega_Lambda
           0.027188 	for  YHe
           0.006942 	for  A_s
           0.011111 	for  sigma8
           0.001982 	for  100*theta_s
           0.014827 	for  H0
           0.016009 	for  rs_d
           0.015122 	for  Omega_m
           0.006462 	for  f_drmd
           0.016453 	for  z_dec_drmd
--> Not computing covariance matrix
--> Scanning file /home/jthybo/connect_wsl/data/DRMD_grendel_iter/number_5/2025-12-16_1000000__2.txt: Removed everything: chain not converged
                                                                           2025-12-16_1000000__4.txt: Removed 2058 points of burn-in, and first 50 percent, keep 3305 steps
                                                                           2025-12-16_1000000__3.txt: Removed 8210 points of burn-in, and first 50 percent, keep 3469 steps
                                                                           2025-12-16_1000000__1.txt: Removed 3799 points of burn-in, and first 50 percent, keep 1471 steps
--> Computing mean values
--> Computing variance
--> Computing convergence criterium (Gelman-Rubin)
 -> R-1 is 0.016058 	for  omega_b
           0.063609 	for  omega_cdm
           0.062860 	for  h
           0.065774 	for  ln10^{10}A_s
           0.045358 	for  n_s
           0.053607 	for  tau_reio
           0.028316 	for  delta_Neff_drmd
           0.042710 	for  f_idm_drmd
           0.018294 	for  log10z_stop
           0.064931 	for  log10_G_over_aH_drmd
           0.025687 	for  A_planck
           0.053067 	for  z_reio
           0.064614 	for  Omega_Lambda
           0.020814 	for  YHe
           0.065472 	for  A_s
           0.035967 	for  sigma8
           0.005132 	for  100*theta_s
           0.062916 	for  H0
           0.050232 	for  rs_d
           0.065168 	for  Omega_m
           0.027773 	for  f_drmd
           0.000365 	for  z_dec_drmd
--> Not computing covariance matrix
--> Scanning file /home/jthybo/connect_wsl/data/DRMD_grendel_iter/number_5/2025-12-16_1000000__2.txt: Removed everything: chain not converged
                                                                           2025-12-16_1000000__4.txt: Removed 2058 points of burn-in, and first 50 percent, keep 3905 steps
                                                                           2025-12-16_1000000__3.txt: Removed 8210 points of burn-in, and first 50 percent, keep 4059 steps
                                                                           2025-12-16_1000000__1.txt: Removed 3799 points of burn-in, and first 50 percent, keep 1911 steps
--> Computing mean values
--> Computing variance
--> Computing convergence criterium (Gelman-Rubin)
 -> R-1 is 0.022537 	for  omega_b
           0.026465 	for  omega_cdm
           0.085501 	for  h
           0.071948 	for  ln10^{10}A_s
           0.064752 	for  n_s
           0.061049 	for  tau_reio
           0.042270 	for  delta_Neff_drmd
           0.007088 	for  f_idm_drmd
           0.073917 	for  log10z_stop
           0.038413 	for  log10_G_over_aH_drmd
           0.010932 	for  A_planck
           0.071541 	for  z_reio
           0.087334 	for  Omega_Lambda
           0.025864 	for  YHe
           0.069146 	for  A_s
           0.006712 	for  sigma8
           0.006778 	for  100*theta_s
           0.084586 	for  H0
           0.002186 	for  rs_d
           0.077891 	for  Omega_m
           0.043959 	for  f_drmd
           0.114379 	for  z_dec_drmd
--> Not computing covariance matrix
--> Scanning file /home/jthybo/connect_wsl/data/DRMD_grendel_iter/number_5/2025-12-16_1000000__2.txt: Removed everything: chain not converged
                                                                           2025-12-16_1000000__4.txt: Removed 2058 points of burn-in, and first 50 percent, keep 4580 steps
                                                                           2025-12-16_1000000__3.txt: Removed 8210 points of burn-in, and first 50 percent, keep 4677 steps
                                                                           2025-12-16_1000000__1.txt: Removed 3799 points of burn-in, and first 50 percent, keep 2376 steps
--> Computing mean values
--> Computing variance
--> Computing convergence criterium (Gelman-Rubin)
 -> R-1 is 0.021769 	for  omega_b
           0.001790 	for  omega_cdm
           0.020903 	for  h
           0.009324 	for  ln10^{10}A_s
           0.054352 	for  n_s
           0.012615 	for  tau_reio
           0.021312 	for  delta_Neff_drmd
           0.016950 	for  f_idm_drmd
           0.053913 	for  log10z_stop
           0.019006 	for  log10_G_over_aH_drmd
           0.013895 	for  A_planck
           0.010803 	for  z_reio
           0.016167 	for  Omega_Lambda
           0.023603 	for  YHe
           0.008685 	for  A_s
           0.009588 	for  sigma8
           0.005683 	for  100*theta_s
           0.020505 	for  H0
           0.004597 	for  rs_d
           0.014921 	for  Omega_m
           0.021054 	for  f_drmd
           0.066579 	for  z_dec_drmd
--> Not computing covariance matrix
--> Scanning file /home/jthybo/connect_wsl/data/DRMD_grendel_iter/number_5/2025-12-16_1000000__2.txt: Removed everything: chain not converged
                                                                           2025-12-16_1000000__4.txt: Removed 2058 points of burn-in, and first 50 percent, keep 5230 steps
                                                                           2025-12-16_1000000__3.txt: Removed 8210 points of burn-in, and first 50 percent, keep 5359 steps
                                                                           2025-12-16_1000000__1.txt: Removed 3799 points of burn-in, and first 50 percent, keep 2781 steps
--> Computing mean values
--> Computing variance
--> Computing convergence criterium (Gelman-Rubin)
 -> R-1 is 0.119246 	for  omega_b
           0.073961 	for  omega_cdm
           0.095286 	for  h
           0.041583 	for  ln10^{10}A_s
           0.096752 	for  n_s
           0.016984 	for  tau_reio
           0.041191 	for  delta_Neff_drmd
           0.103756 	for  f_idm_drmd
           0.048749 	for  log10z_stop
           0.069368 	for  log10_G_over_aH_drmd
           0.027566 	for  A_planck
           0.020167 	for  z_reio
           0.091446 	for  Omega_Lambda
           0.127207 	for  YHe
           0.043453 	for  A_s
           0.005693 	for  sigma8
           0.023325 	for  100*theta_s
           0.094178 	for  H0
           0.010817 	for  rs_d
           0.095690 	for  Omega_m
           0.038871 	for  f_drmd
           0.047900 	for  z_dec_drmd
--> Not computing covariance matrix
--> Scanning file /home/jthybo/connect_wsl/data/DRMD_grendel_iter/number_5/2025-12-16_1000000__2.txt: Removed everything: chain not converged
                                                                           2025-12-16_1000000__4.txt: Removed 2058 points of burn-in, and first 50 percent, keep 5923 steps
                                                                           2025-12-16_1000000__3.txt: Removed 8210 points of burn-in, and first 50 percent, keep 6047 steps
                                                                           2025-12-16_1000000__1.txt: Removed 3799 points of burn-in, and first 50 percent, keep 3218 steps
--> Computing mean values
--> Computing variance
--> Computing convergence criterium (Gelman-Rubin)
 -> R-1 is 0.201271 	for  omega_b
           0.175450 	for  omega_cdm
           0.156970 	for  h
           0.096655 	for  ln10^{10}A_s
           0.039234 	for  n_s
           0.017988 	for  tau_reio
           0.028304 	for  delta_Neff_drmd
           0.225135 	for  f_idm_drmd
           0.066256 	for  log10z_stop
           0.162774 	for  log10_G_over_aH_drmd
           0.048309 	for  A_planck
           0.032231 	for  z_reio
           0.177519 	for  Omega_Lambda
           0.209338 	for  YHe
           0.099780 	for  A_s
           0.012283 	for  sigma8
           0.039197 	for  100*theta_s
           0.155778 	for  H0
           0.022085 	for  rs_d
           0.186813 	for  Omega_m
           0.024685 	for  f_drmd
           0.043334 	for  z_dec_drmd
--> Not computing covariance matrix
--> Scanning file /home/jthybo/connect_wsl/data/DRMD_grendel_iter/number_5/2025-12-16_1000000__2.txt: Removed everything: chain not converged
                                                                           2025-12-16_1000000__4.txt: Removed 2058 points of burn-in, and first 50 percent, keep 6505 steps
                                                                           2025-12-16_1000000__3.txt: Removed 8210 points of burn-in, and first 50 percent, keep 6684 steps
                                                                           2025-12-16_1000000__1.txt: Removed 3799 points of burn-in, and first 50 percent, keep 3646 steps
--> Computing mean values
--> Computing variance
--> Computing convergence criterium (Gelman-Rubin)
 -> R-1 is 0.212741 	for  omega_b
           0.101081 	for  omega_cdm
           0.123627 	for  h
           0.047844 	for  ln10^{10}A_s
           0.046402 	for  n_s
           0.013126 	for  tau_reio
           0.023087 	for  delta_Neff_drmd
           0.128494 	for  f_idm_drmd
           0.035060 	for  log10z_stop
           0.115974 	for  log10_G_over_aH_drmd
           0.037994 	for  A_planck
           0.022403 	for  z_reio
           0.128419 	for  Omega_Lambda
           0.217567 	for  YHe
           0.050853 	for  A_s
           0.013036 	for  sigma8
           0.020050 	for  100*theta_s
           0.122967 	for  H0
           0.004665 	for  rs_d
           0.134418 	for  Omega_m
           0.019779 	for  f_drmd
           0.012135 	for  z_dec_drmd
--> Not computing covariance matrix
--> Scanning file /home/jthybo/connect_wsl/data/DRMD_grendel_iter/number_5/2025-12-16_1000000__2.txt: Removed everything: chain not converged
                                                                           2025-12-16_1000000__4.txt: Removed 2058 points of burn-in, and first 50 percent, keep 7155 steps
                                                                           2025-12-16_1000000__3.txt: Removed 8210 points of burn-in, and first 50 percent, keep 7314 steps
                                                                           2025-12-16_1000000__1.txt: Removed 3799 points of burn-in, and first 50 percent, keep 4111 steps
--> Computing mean values
--> Computing variance
--> Computing convergence criterium (Gelman-Rubin)
 -> R-1 is 0.136229 	for  omega_b
           0.045664 	for  omega_cdm
           0.076797 	for  h
           0.032425 	for  ln10^{10}A_s
           0.036225 	for  n_s
           0.011905 	for  tau_reio
           0.014855 	for  delta_Neff_drmd
           0.072541 	for  f_idm_drmd
           0.009786 	for  log10z_stop
           0.054422 	for  log10_G_over_aH_drmd
           0.019608 	for  A_planck
           0.021247 	for  z_reio
           0.070163 	for  Omega_Lambda
           0.137162 	for  YHe
           0.034099 	for  A_s
           0.025401 	for  sigma8
           0.014878 	for  100*theta_s
           0.076346 	for  H0
           0.000787 	for  rs_d
           0.072257 	for  Omega_m
           0.012827 	for  f_drmd
           0.001698 	for  z_dec_drmd
--> Not computing covariance matrix
--> Scanning file /home/jthybo/connect_wsl/data/DRMD_grendel_iter/number_5/2025-12-16_1000000__2.txt: Removed everything: chain not converged
                                                                           2025-12-16_1000000__4.txt: Removed 2058 points of burn-in, and first 50 percent, keep 7805 steps
                                                                           2025-12-16_1000000__3.txt: Removed 8210 points of burn-in, and first 50 percent, keep 7972 steps
                                                                           2025-12-16_1000000__1.txt: Removed 3799 points of burn-in, and first 50 percent, keep 4551 steps
--> Computing mean values
--> Computing variance
--> Computing convergence criterium (Gelman-Rubin)
 -> R-1 is 0.073898 	for  omega_b
           0.039021 	for  omega_cdm
           0.062611 	for  h
           0.027006 	for  ln10^{10}A_s
           0.028858 	for  n_s
           0.008679 	for  tau_reio
           0.014343 	for  delta_Neff_drmd
           0.050858 	for  f_idm_drmd
           0.001142 	for  log10z_stop
           0.047413 	for  log10_G_over_aH_drmd
           0.021278 	for  A_planck
           0.015570 	for  z_reio
           0.058280 	for  Omega_Lambda
           0.076479 	for  YHe
           0.027514 	for  A_s
           0.024610 	for  sigma8
           0.010149 	for  100*theta_s
           0.062287 	for  H0
           0.000825 	for  rs_d
           0.060041 	for  Omega_m
           0.012423 	for  f_drmd
           0.003545 	for  z_dec_drmd
--> Not computing covariance matrix
--> Scanning file /home/jthybo/connect_wsl/data/DRMD_grendel_iter/number_5/2025-12-16_1000000__2.txt: Removed everything: chain not converged
                                                                           2025-12-16_1000000__4.txt: Removed 2058 points of burn-in, and first 50 percent, keep 8423 steps
                                                                           2025-12-16_1000000__3.txt: Removed 8210 points of burn-in, and first 50 percent, keep 8614 steps
                                                                           2025-12-16_1000000__1.txt: Removed 3799 points of burn-in, and first 50 percent, keep 5006 steps
--> Computing mean values
--> Computing variance
--> Computing convergence criterium (Gelman-Rubin)
 -> R-1 is 0.025501 	for  omega_b
           0.012181 	for  omega_cdm
           0.020611 	for  h
           0.005790 	for  ln10^{10}A_s
           0.026686 	for  n_s
           0.000065 	for  tau_reio
           0.004377 	for  delta_Neff_drmd
           0.014782 	for  f_idm_drmd
           0.004098 	for  log10z_stop
           0.035563 	for  log10_G_over_aH_drmd
           0.013330 	for  A_planck
           0.000735 	for  z_reio
           0.017369 	for  Omega_Lambda
           0.026824 	for  YHe
           0.005143 	for  A_s
           0.013830 	for  sigma8
           0.003496 	for  100*theta_s
           0.020233 	for  H0
           0.001339 	for  rs_d
           0.018791 	for  Omega_m
           0.003741 	for  f_drmd
           0.000631 	for  z_dec_drmd
--> Not computing covariance matrix
--> Scanning file /home/jthybo/connect_wsl/data/DRMD_grendel_iter/number_5/2025-12-16_1000000__2.txt: Removed everything: chain not converged
                                                                           2025-12-16_1000000__4.txt: Removed 2058 points of burn-in, and first 50 percent, keep 9095 steps
                                                                           2025-12-16_1000000__3.txt: Removed 8210 points of burn-in, and first 50 percent, keep 9269 steps
                                                                           2025-12-16_1000000__1.txt: Removed 3799 points of burn-in, and first 50 percent, keep 5443 steps
--> Computing mean values
--> Computing variance
--> Computing convergence criterium (Gelman-Rubin)
 -> R-1 is 0.017217 	for  omega_b
           0.005289 	for  omega_cdm
           0.011559 	for  h
           0.003245 	for  ln10^{10}A_s
           0.014124 	for  n_s
           0.000268 	for  tau_reio
           0.005204 	for  delta_Neff_drmd
           0.006188 	for  f_idm_drmd
           0.008448 	for  log10z_stop
           0.020865 	for  log10_G_over_aH_drmd
           0.010722 	for  A_planck
           0.000243 	for  z_reio
           0.007780 	for  Omega_Lambda
           0.017025 	for  YHe
           0.002959 	for  A_s
           0.007759 	for  sigma8
           0.001331 	for  100*theta_s
           0.011445 	for  H0
           0.003939 	for  rs_d
           0.008758 	for  Omega_m
           0.004618 	for  f_drmd
           0.000292 	for  z_dec_drmd
--> Not computing covariance matrix
--> Scanning file /home/jthybo/connect_wsl/data/DRMD_grendel_iter/number_5/2025-12-16_1000000__2.txt: Removed everything: chain not converged
                                                                           2025-12-16_1000000__4.txt: Removed 2058 points of burn-in, and first 50 percent, keep 9765 steps
                                                                           2025-12-16_1000000__3.txt: Removed 8210 points of burn-in, and first 50 percent, keep 9914 steps
                                                                           2025-12-16_1000000__1.txt: Removed 3799 points of burn-in, and first 50 percent, keep 5891 steps
--> Computing mean values
--> Computing variance
--> Computing convergence criterium (Gelman-Rubin)
 -> R-1 is 0.015907 	for  omega_b
           0.003491 	for  omega_cdm
           0.008186 	for  h
           0.002904 	for  ln10^{10}A_s
           0.002467 	for  n_s
           0.000531 	for  tau_reio
           0.010302 	for  delta_Neff_drmd
           0.000264 	for  f_idm_drmd
           0.006045 	for  log10z_stop
           0.019881 	for  log10_G_over_aH_drmd
           0.008799 	for  A_planck
           0.000158 	for  z_reio
           0.003552 	for  Omega_Lambda
           0.015825 	for  YHe
           0.002532 	for  A_s
           0.007532 	for  sigma8
           0.004114 	for  100*theta_s
           0.007939 	for  H0
           0.012559 	for  rs_d
           0.004191 	for  Omega_m
           0.009428 	for  f_drmd
           0.000627 	for  z_dec_drmd
--> Not computing covariance matrix
--> Scanning file /home/jthybo/connect_wsl/data/DRMD_grendel_iter/number_5/2025-12-16_1000000__2.txt: Removed everything: chain not converged
                                                                           2025-12-16_1000000__4.txt: Removed 2058 points of burn-in, and first 50 percent, keep 10428 steps
                                                                           2025-12-16_1000000__3.txt: Removed 8210 points of burn-in, and first 50 percent, keep 10539 steps
                                                                           2025-12-16_1000000__1.txt: Removed 3799 points of burn-in, and first 50 percent, keep 6361 steps
--> Computing mean values
--> Computing variance
--> Computing convergence criterium (Gelman-Rubin)
 -> R-1 is 0.002483 	for  omega_b
           0.002980 	for  omega_cdm
           0.001004 	for  h
           0.008226 	for  ln10^{10}A_s
           0.016939 	for  n_s
           0.003284 	for  tau_reio
           0.000775 	for  delta_Neff_drmd
           0.001108 	for  f_idm_drmd
           0.000772 	for  log10z_stop
           0.003380 	for  log10_G_over_aH_drmd
           0.004608 	for  A_planck
           0.002748 	for  z_reio
           0.001072 	for  Omega_Lambda
           0.002886 	for  YHe
           0.007876 	for  A_s
           0.001967 	for  sigma8
           0.002562 	for  100*theta_s
           0.000947 	for  H0
           0.004947 	for  rs_d
           0.001137 	for  Omega_m
           0.000809 	for  f_drmd
           0.000698 	for  z_dec_drmd
--> Not computing covariance matrix
--> Scanning file /home/jthybo/connect_wsl/data/DRMD_grendel_iter/number_5/2025-12-16_1000000__2.txt: Removed everything: chain not converged
                                                                           2025-12-16_1000000__4.txt: Removed 2058 points of burn-in, and first 50 percent, keep 11060 steps
                                                                           2025-12-16_1000000__3.txt: Removed 8210 points of burn-in, and first 50 percent, keep 11184 steps
                                                                           2025-12-16_1000000__1.txt: Removed 3799 points of burn-in, and first 50 percent, keep 6796 steps
--> Computing mean values
--> Computing variance
--> Computing convergence criterium (Gelman-Rubin)
 -> R-1 is 0.004394 	for  omega_b
           0.004384 	for  omega_cdm
           0.011707 	for  h
           0.022042 	for  ln10^{10}A_s
           0.017842 	for  n_s
           0.020795 	for  tau_reio
           0.020131 	for  delta_Neff_drmd
           0.005524 	for  f_idm_drmd
           0.003678 	for  log10z_stop
           0.010114 	for  log10_G_over_aH_drmd
           0.003611 	for  A_planck
           0.021030 	for  z_reio
           0.008892 	for  Omega_Lambda
           0.003959 	for  YHe
           0.020845 	for  A_s
           0.000084 	for  sigma8
           0.001587 	for  100*theta_s
           0.011514 	for  H0
           0.008843 	for  rs_d
           0.008330 	for  Omega_m
           0.018799 	for  f_drmd
           0.003985 	for  z_dec_drmd
--> Not computing covariance matrix
--> Scanning file /home/jthybo/connect_wsl/data/DRMD_grendel_iter/number_5/2025-12-16_1000000__2.txt: Removed everything: chain not converged
                                                                           2025-12-16_1000000__4.txt: Removed 2058 points of burn-in, and first 50 percent, keep 11755 steps
                                                                           2025-12-16_1000000__3.txt: Removed 8210 points of burn-in, and first 50 percent, keep 11847 steps
                                                                           2025-12-16_1000000__1.txt: Removed 3799 points of burn-in, and first 50 percent, keep 7266 steps
--> Computing mean values
--> Computing variance
--> Computing convergence criterium (Gelman-Rubin)
 -> R-1 is 0.016104 	for  omega_b
           0.001801 	for  omega_cdm
           0.023657 	for  h
           0.025157 	for  ln10^{10}A_s
           0.029014 	for  n_s
           0.023001 	for  tau_reio
           0.040747 	for  delta_Neff_drmd
           0.002813 	for  f_idm_drmd
           0.005222 	for  log10z_stop
           0.018392 	for  log10_G_over_aH_drmd
           0.005332 	for  A_planck
           0.024831 	for  z_reio
           0.013328 	for  Omega_Lambda
           0.014664 	for  YHe
           0.023383 	for  A_s
           0.000263 	for  sigma8
           0.000539 	for  100*theta_s
           0.023130 	for  H0
           0.017218 	for  rs_d
           0.012733 	for  Omega_m
           0.039191 	for  f_drmd
           0.009791 	for  z_dec_drmd
--> Not computing covariance matrix
--> Scanning file /home/jthybo/connect_wsl/data/DRMD_grendel_iter/number_5/2025-12-16_1000000__2.txt: Removed everything: chain not converged
                                                                           2025-12-16_1000000__4.txt: Removed 2058 points of burn-in, and first 50 percent, keep 12420 steps
                                                                           2025-12-16_1000000__3.txt: Removed 8210 points of burn-in, and first 50 percent, keep 12472 steps
                                                                           2025-12-16_1000000__1.txt: Removed 3799 points of burn-in, and first 50 percent, keep 7716 steps
--> Computing mean values
--> Computing variance
--> Computing convergence criterium (Gelman-Rubin)
 -> R-1 is 0.015643 	for  omega_b
           0.003372 	for  omega_cdm
           0.017234 	for  h
           0.015138 	for  ln10^{10}A_s
           0.027974 	for  n_s
           0.012647 	for  tau_reio
           0.033731 	for  delta_Neff_drmd
           0.002825 	for  f_idm_drmd
           0.009403 	for  log10z_stop
           0.016235 	for  log10_G_over_aH_drmd
           0.003887 	for  A_planck
           0.014481 	for  z_reio
           0.009770 	for  Omega_Lambda
           0.013873 	for  YHe
           0.013524 	for  A_s
           0.000981 	for  sigma8
           0.000606 	for  100*theta_s
           0.016905 	for  H0
           0.021241 	for  rs_d
           0.009423 	for  Omega_m
           0.033785 	for  f_drmd
           0.016796 	for  z_dec_drmd
--> Not computing covariance matrix
--> Scanning file /home/jthybo/connect_wsl/data/DRMD_grendel_iter/number_5/2025-12-16_1000000__2.txt: Removed everything: chain not converged
                                                                           2025-12-16_1000000__4.txt: Removed 2058 points of burn-in, and first 50 percent, keep 12928 steps
                                                                           2025-12-16_1000000__3.txt: Removed 8210 points of burn-in, and first 50 percent, keep 13162 steps
                                                                           2025-12-16_1000000__1.txt: Removed 3799 points of burn-in, and first 50 percent, keep 8148 steps
--> Computing mean values
--> Computing variance
--> Computing convergence criterium (Gelman-Rubin)
 -> R-1 is 0.011484 	for  omega_b
           0.002503 	for  omega_cdm
           0.018818 	for  h
           0.012470 	for  ln10^{10}A_s
           0.021757 	for  n_s
           0.009152 	for  tau_reio
           0.031485 	for  delta_Neff_drmd
           0.007409 	for  f_idm_drmd
           0.013195 	for  log10z_stop
           0.010822 	for  log10_G_over_aH_drmd
           0.001977 	for  A_planck
           0.010084 	for  z_reio
           0.008567 	for  Omega_Lambda
           0.010055 	for  YHe
           0.011412 	for  A_s
           0.004160 	for  sigma8
           0.001430 	for  100*theta_s
           0.018954 	for  H0
           0.016444 	for  rs_d
           0.008398 	for  Omega_m
           0.030190 	for  f_drmd
           0.017733 	for  z_dec_drmd
--> Not computing covariance matrix
--> Scanning file /home/jthybo/connect_wsl/data/DRMD_grendel_iter/number_5/2025-12-16_1000000__2.txt: Removed everything: chain not converged
                                                                           2025-12-16_1000000__4.txt: Removed 2058 points of burn-in, and first 50 percent, keep 13430 steps
                                                                           2025-12-16_1000000__3.txt: Removed 8210 points of burn-in, and first 50 percent, keep 13849 steps
                                                                           2025-12-16_1000000__1.txt: Removed 3799 points of burn-in, and first 50 percent, keep 8601 steps
--> Computing mean values
--> Computing variance
--> Computing convergence criterium (Gelman-Rubin)
 -> R-1 is 0.011427 	for  omega_b
           0.015362 	for  omega_cdm
           0.041084 	for  h
           0.022113 	for  ln10^{10}A_s
           0.014588 	for  n_s
           0.012214 	for  tau_reio
           0.078888 	for  delta_Neff_drmd
           0.011161 	for  f_idm_drmd
           0.008356 	for  log10z_stop
           0.012937 	for  log10_G_over_aH_drmd
           0.002803 	for  A_planck
           0.011404 	for  z_reio
           0.014277 	for  Omega_Lambda
           0.010442 	for  YHe
           0.020550 	for  A_s
           0.013509 	for  sigma8
           0.005856 	for  100*theta_s
           0.041676 	for  H0
           0.047657 	for  rs_d
           0.014356 	for  Omega_m
           0.075347 	for  f_drmd
           0.014663 	for  z_dec_drmd
--> Not computing covariance matrix
--> Scanning file /home/jthybo/connect_wsl/data/DRMD_grendel_iter/number_5/2025-12-16_1000000__2.txt: Removed everything: chain not converged
                                                                           2025-12-16_1000000__4.txt: Removed 2058 points of burn-in, and first 50 percent, keep 13983 steps
                                                                           2025-12-16_1000000__3.txt: Removed 8210 points of burn-in, and first 50 percent, keep 14444 steps
                                                                           2025-12-16_1000000__1.txt: Removed 3799 points of burn-in, and first 50 percent, keep 9043 steps
--> Computing mean values
--> Computing variance
--> Computing convergence criterium (Gelman-Rubin)
 -> R-1 is 0.015639 	for  omega_b
           0.023016 	for  omega_cdm
           0.049834 	for  h
           0.026740 	for  ln10^{10}A_s
           0.011195 	for  n_s
           0.013266 	for  tau_reio
           0.096617 	for  delta_Neff_drmd
           0.012340 	for  f_idm_drmd
           0.005142 	for  log10z_stop
           0.021940 	for  log10_G_over_aH_drmd
           0.002494 	for  A_planck
           0.012050 	for  z_reio
           0.018701 	for  Omega_Lambda
           0.015006 	for  YHe
           0.024903 	for  A_s
           0.015654 	for  sigma8
           0.005561 	for  100*theta_s
           0.050311 	for  H0
           0.060725 	for  rs_d
           0.018817 	for  Omega_m
           0.092495 	for  f_drmd
           0.013744 	for  z_dec_drmd
--> Not computing covariance matrix
--> Scanning file /home/jthybo/connect_wsl/data/DRMD_grendel_iter/number_5/2025-12-16_1000000__2.txt: Removed everything: chain not converged
                                                                           2025-12-16_1000000__4.txt: Removed 2058 points of burn-in, and first 50 percent, keep 14593 steps
                                                                           2025-12-16_1000000__3.txt: Removed 8210 points of burn-in, and first 50 percent, keep 15139 steps
                                                                           2025-12-16_1000000__1.txt: Removed 3799 points of burn-in, and first 50 percent, keep 9498 steps
--> Computing mean values
--> Computing variance
--> Computing convergence criterium (Gelman-Rubin)
 -> R-1 is 0.009368 	for  omega_b
           0.027746 	for  omega_cdm
           0.041627 	for  h
           0.021575 	for  ln10^{10}A_s
           0.007440 	for  n_s
           0.012422 	for  tau_reio
           0.093069 	for  delta_Neff_drmd
           0.012820 	for  f_idm_drmd
           0.005312 	for  log10z_stop
           0.022484 	for  log10_G_over_aH_drmd
           0.002386 	for  A_planck
           0.009349 	for  z_reio
           0.012844 	for  Omega_Lambda
           0.009132 	for  YHe
           0.020584 	for  A_s
           0.024411 	for  sigma8
           0.007267 	for  100*theta_s
           0.042236 	for  H0
           0.063122 	for  rs_d
           0.013249 	for  Omega_m
           0.088977 	for  f_drmd
           0.009688 	for  z_dec_drmd
--> Not computing covariance matrix
--> Scanning file /home/jthybo/connect_wsl/data/DRMD_grendel_iter/number_5/2025-12-16_1000000__2.txt: Removed everything: chain not converged
                                                                           2025-12-16_1000000__4.txt: Removed 2058 points of burn-in, and first 50 percent, keep 15268 steps
                                                                           2025-12-16_1000000__3.txt: Removed 8210 points of burn-in, and first 50 percent, keep 15802 steps
                                                                           2025-12-16_1000000__1.txt: Removed 3799 points of burn-in, and first 50 percent, keep 9956 steps
--> Computing mean values
--> Computing variance
--> Computing convergence criterium (Gelman-Rubin)
 -> R-1 is 0.007849 	for  omega_b
           0.027284 	for  omega_cdm
           0.037142 	for  h
           0.022091 	for  ln10^{10}A_s
           0.005443 	for  n_s
           0.017477 	for  tau_reio
           0.088305 	for  delta_Neff_drmd
           0.014565 	for  f_idm_drmd
           0.007056 	for  log10z_stop
           0.020121 	for  log10_G_over_aH_drmd
           0.003105 	for  A_planck
           0.013530 	for  z_reio
           0.009812 	for  Omega_Lambda
           0.007973 	for  YHe
           0.021709 	for  A_s
           0.026527 	for  sigma8
           0.007905 	for  100*theta_s
           0.037867 	for  H0
           0.062915 	for  rs_d
           0.010158 	for  Omega_m
           0.084227 	for  f_drmd
           0.006835 	for  z_dec_drmd
--> Not computing covariance matrix
--> Scanning file /home/jthybo/connect_wsl/data/DRMD_grendel_iter/number_5/2025-12-16_1000000__2.txt: Removed everything: chain not converged
                                                                           2025-12-16_1000000__4.txt: Removed 2058 points of burn-in, and first 50 percent, keep 15850 steps
                                                                           2025-12-16_1000000__3.txt: Removed 8210 points of burn-in, and first 50 percent, keep 16404 steps
                                                                           2025-12-16_1000000__1.txt: Removed 3799 points of burn-in, and first 50 percent, keep 10386 steps
--> Computing mean values
--> Computing variance
--> Computing convergence criterium (Gelman-Rubin)
 -> R-1 is 0.008177 	for  omega_b
           0.030775 	for  omega_cdm
           0.034079 	for  h
           0.014530 	for  ln10^{10}A_s
           0.004435 	for  n_s
           0.011194 	for  tau_reio
           0.084181 	for  delta_Neff_drmd
           0.006926 	for  f_idm_drmd
           0.010235 	for  log10z_stop
           0.018401 	for  log10_G_over_aH_drmd
           0.006128 	for  A_planck
           0.008469 	for  z_reio
           0.008690 	for  Omega_Lambda
           0.008196 	for  YHe
           0.013865 	for  A_s
           0.020168 	for  sigma8
           0.012236 	for  100*theta_s
           0.034683 	for  H0
           0.064493 	for  rs_d
           0.009074 	for  Omega_m
           0.080898 	for  f_drmd
           0.008609 	for  z_dec_drmd
--> Not computing covariance matrix
--> Scanning file /home/jthybo/connect_wsl/data/DRMD_grendel_iter/number_5/2025-12-16_1000000__2.txt: Removed everything: chain not converged
                                                                           2025-12-16_1000000__4.txt: Removed 2058 points of burn-in, and first 50 percent, keep 16510 steps
                                                                           2025-12-16_1000000__3.txt: Removed 8210 points of burn-in, and first 50 percent, keep 17012 steps
                                                                           2025-12-16_1000000__1.txt: Removed 3799 points of burn-in, and first 50 percent, keep 10803 steps
--> Computing mean values
--> Computing variance
--> Computing convergence criterium (Gelman-Rubin)
 -> R-1 is 0.005512 	for  omega_b
           0.026042 	for  omega_cdm
           0.027729 	for  h
           0.011317 	for  ln10^{10}A_s
           0.004459 	for  n_s
           0.009624 	for  tau_reio
           0.066153 	for  delta_Neff_drmd
           0.005219 	for  f_idm_drmd
           0.012050 	for  log10z_stop
           0.008750 	for  log10_G_over_aH_drmd
           0.006014 	for  A_planck
           0.007195 	for  z_reio
           0.008172 	for  Omega_Lambda
           0.005520 	for  YHe
           0.011064 	for  A_s
           0.014457 	for  sigma8
           0.011687 	for  100*theta_s
           0.028363 	for  H0
           0.050389 	for  rs_d
           0.008378 	for  Omega_m
           0.063814 	for  f_drmd
           0.007754 	for  z_dec_drmd
--> Not computing covariance matrix
--> Scanning file /home/jthybo/connect_wsl/data/DRMD_grendel_iter/number_5/2025-12-16_1000000__2.txt: Removed everything: chain not converged
                                                                           2025-12-16_1000000__4.txt: Removed 2058 points of burn-in, and first 50 percent, keep 17195 steps
                                                                           2025-12-16_1000000__3.txt: Removed 8210 points of burn-in, and first 50 percent, keep 17712 steps
                                                                           2025-12-16_1000000__1.txt: Removed 3799 points of burn-in, and first 50 percent, keep 11241 steps
--> Computing mean values
--> Computing variance
--> Computing convergence criterium (Gelman-Rubin)
 -> R-1 is 0.006706 	for  omega_b
           0.019902 	for  omega_cdm
           0.030825 	for  h
           0.012780 	for  ln10^{10}A_s
           0.006133 	for  n_s
           0.012943 	for  tau_reio
           0.069238 	for  delta_Neff_drmd
           0.004999 	for  f_idm_drmd
           0.008726 	for  log10z_stop
           0.010798 	for  log10_G_over_aH_drmd
           0.004397 	for  A_planck
           0.009960 	for  z_reio
           0.008645 	for  Omega_Lambda
           0.006507 	for  YHe
           0.012615 	for  A_s
           0.012261 	for  sigma8
           0.009301 	for  100*theta_s
           0.031448 	for  H0
           0.047582 	for  rs_d
           0.008685 	for  Omega_m
           0.066787 	for  f_drmd
           0.007106 	for  z_dec_drmd
--> Not computing covariance matrix
--> Scanning file /home/jthybo/connect_wsl/data/DRMD_grendel_iter/number_5/2025-12-16_1000000__2.txt: Removed everything: chain not converged
                                                                           2025-12-16_1000000__4.txt: Removed 2058 points of burn-in, and first 50 percent, keep 17855 steps
                                                                           2025-12-16_1000000__3.txt: Removed 8210 points of burn-in, and first 50 percent, keep 18379 steps
                                                                           2025-12-16_1000000__1.txt: Removed 3799 points of burn-in, and first 50 percent, keep 11683 steps
--> Computing mean values
--> Computing variance
--> Computing convergence criterium (Gelman-Rubin)
 -> R-1 is 0.009361 	for  omega_b
           0.016958 	for  omega_cdm
           0.036449 	for  h
           0.016994 	for  ln10^{10}A_s
           0.007022 	for  n_s
           0.018829 	for  tau_reio
           0.075689 	for  delta_Neff_drmd
           0.010148 	for  f_idm_drmd
           0.010273 	for  log10z_stop
           0.010924 	for  log10_G_over_aH_drmd
           0.004131 	for  A_planck
           0.015642 	for  z_reio
           0.010576 	for  Omega_Lambda
           0.009308 	for  YHe
           0.017395 	for  A_s
           0.017139 	for  sigma8
           0.009338 	for  100*theta_s
           0.037214 	for  H0
           0.051466 	for  rs_d
           0.010392 	for  Omega_m
           0.073446 	for  f_drmd
           0.009558 	for  z_dec_drmd
--> Not computing covariance matrix
--> Scanning file /home/jthybo/connect_wsl/data/DRMD_grendel_iter/number_5/2025-12-16_1000000__2.txt: Removed everything: chain not converged
                                                                           2025-12-16_1000000__4.txt: Removed 2058 points of burn-in, and first 50 percent, keep 18510 steps
                                                                           2025-12-16_1000000__3.txt: Removed 8210 points of burn-in, and first 50 percent, keep 19042 steps
                                                                           2025-12-16_1000000__1.txt: Removed 3799 points of burn-in, and first 50 percent, keep 12143 steps
--> Computing mean values
--> Computing variance
--> Computing convergence criterium (Gelman-Rubin)
 -> R-1 is 0.009306 	for  omega_b
           0.016341 	for  omega_cdm
           0.034849 	for  h
           0.018290 	for  ln10^{10}A_s
           0.005937 	for  n_s
           0.017753 	for  tau_reio
           0.074512 	for  delta_Neff_drmd
           0.008553 	for  f_idm_drmd
           0.010999 	for  log10z_stop
           0.006304 	for  log10_G_over_aH_drmd
           0.001417 	for  A_planck
           0.015048 	for  z_reio
           0.010075 	for  Omega_Lambda
           0.009258 	for  YHe
           0.018731 	for  A_s
           0.013747 	for  sigma8
           0.007056 	for  100*theta_s
           0.035595 	for  H0
           0.050832 	for  rs_d
           0.009826 	for  Omega_m
           0.072617 	for  f_drmd
           0.011260 	for  z_dec_drmd
--> Not computing covariance matrix
--> Scanning file /home/jthybo/connect_wsl/data/DRMD_grendel_iter/number_5/2025-12-16_1000000__2.txt: Removed everything: chain not converged
                                                                           2025-12-16_1000000__4.txt: Removed 2058 points of burn-in, and first 50 percent, keep 19163 steps
                                                                           2025-12-16_1000000__3.txt: Removed 8210 points of burn-in, and first 50 percent, keep 19709 steps
                                                                           2025-12-16_1000000__1.txt: Removed 3799 points of burn-in, and first 50 percent, keep 12546 steps
--> Computing mean values
--> Computing variance
--> Computing convergence criterium (Gelman-Rubin)
 -> R-1 is 0.011103 	for  omega_b
           0.017917 	for  omega_cdm
           0.036822 	for  h
           0.018010 	for  ln10^{10}A_s
           0.001553 	for  n_s
           0.017150 	for  tau_reio
           0.078949 	for  delta_Neff_drmd
           0.006229 	for  f_idm_drmd
           0.012857 	for  log10z_stop
           0.001236 	for  log10_G_over_aH_drmd
           0.000453 	for  A_planck
           0.014839 	for  z_reio
           0.010214 	for  Omega_Lambda
           0.011002 	for  YHe
           0.018121 	for  A_s
           0.012050 	for  sigma8
           0.008854 	for  100*theta_s
           0.037439 	for  H0
           0.056127 	for  rs_d
           0.010024 	for  Omega_m
           0.077528 	for  f_drmd
           0.014241 	for  z_dec_drmd
--> Not computing covariance matrix
--> Scanning file /home/jthybo/connect_wsl/data/DRMD_grendel_iter/number_5/2025-12-16_1000000__2.txt: Removed everything: chain not converged
                                                                           2025-12-16_1000000__4.txt: Removed 2058 points of burn-in, and first 50 percent, keep 19828 steps
                                                                           2025-12-16_1000000__3.txt: Removed 8210 points of burn-in, and first 50 percent, keep 20364 steps
                                                                           2025-12-16_1000000__1.txt: Removed 3799 points of burn-in, and first 50 percent, keep 13006 steps
--> Computing mean values
--> Computing variance
--> Computing convergence criterium (Gelman-Rubin)
 -> R-1 is 0.011719 	for  omega_b
           0.019033 	for  omega_cdm
           0.038969 	for  h
           0.019108 	for  ln10^{10}A_s
           0.001147 	for  n_s
           0.016048 	for  tau_reio
           0.087129 	for  delta_Neff_drmd
           0.004593 	for  f_idm_drmd
           0.019927 	for  log10z_stop
           0.000520 	for  log10_G_over_aH_drmd
           0.000479 	for  A_planck
           0.013773 	for  z_reio
           0.010479 	for  Omega_Lambda
           0.011398 	for  YHe
           0.018693 	for  A_s
           0.010649 	for  sigma8
           0.008201 	for  100*theta_s
           0.039431 	for  H0
           0.060792 	for  rs_d
           0.010279 	for  Omega_m
           0.086688 	for  f_drmd
           0.023338 	for  z_dec_drmd
--> Not computing covariance matrix
--> Scanning file /home/jthybo/connect_wsl/data/DRMD_grendel_iter/number_5/2025-12-16_1000000__2.txt: Removed everything: chain not converged
                                                                           2025-12-16_1000000__4.txt: Removed 2058 points of burn-in, and first 50 percent, keep 20495 steps
                                                                           2025-12-16_1000000__3.txt: Removed 8210 points of burn-in, and first 50 percent, keep 21009 steps
                                                                           2025-12-16_1000000__1.txt: Removed 3799 points of burn-in, and first 50 percent, keep 13461 steps
--> Computing mean values
--> Computing variance
--> Computing convergence criterium (Gelman-Rubin)
 -> R-1 is 0.013091 	for  omega_b
           0.021534 	for  omega_cdm
           0.038772 	for  h
           0.020600 	for  ln10^{10}A_s
           0.000908 	for  n_s
           0.020264 	for  tau_reio
           0.089948 	for  delta_Neff_drmd
           0.004860 	for  f_idm_drmd
           0.024192 	for  log10z_stop
           0.001252 	for  log10_G_over_aH_drmd
           0.000435 	for  A_planck
           0.017788 	for  z_reio
           0.009847 	for  Omega_Lambda
           0.012714 	for  YHe
           0.020036 	for  A_s
           0.012206 	for  sigma8
           0.008581 	for  100*theta_s
           0.039254 	for  H0
           0.065569 	for  rs_d
           0.009559 	for  Omega_m
           0.090158 	for  f_drmd
           0.028861 	for  z_dec_drmd
--> Not computing covariance matrix
--> Scanning file /home/jthybo/connect_wsl/data/DRMD_grendel_iter/number_5/2025-12-16_1000000__2.txt: Removed everything: chain not converged
                                                                           2025-12-16_1000000__4.txt: Removed 2058 points of burn-in, and first 50 percent, keep 21093 steps
                                                                           2025-12-16_1000000__3.txt: Removed 8210 points of burn-in, and first 50 percent, keep 21649 steps
                                                                           2025-12-16_1000000__1.txt: Removed 3799 points of burn-in, and first 50 percent, keep 13878 steps
--> Computing mean values
--> Computing variance
--> Computing convergence criterium (Gelman-Rubin)
 -> R-1 is 0.013865 	for  omega_b
           0.024956 	for  omega_cdm
           0.039237 	for  h
           0.018063 	for  ln10^{10}A_s
           0.000565 	for  n_s
           0.022241 	for  tau_reio
           0.095131 	for  delta_Neff_drmd
           0.003770 	for  f_idm_drmd
           0.024066 	for  log10z_stop
           0.000842 	for  log10_G_over_aH_drmd
           0.002603 	for  A_planck
           0.019597 	for  z_reio
           0.009221 	for  Omega_Lambda
           0.013420 	for  YHe
           0.017197 	for  A_s
           0.010378 	for  sigma8
           0.010342 	for  100*theta_s
           0.039531 	for  H0
           0.072066 	for  rs_d
           0.009082 	for  Omega_m
           0.095713 	for  f_drmd
           0.029833 	for  z_dec_drmd
--> Not computing covariance matrix
--> Scanning file /home/jthybo/connect_wsl/data/DRMD_grendel_iter/number_5/2025-12-16_1000000__2.txt: Removed everything: chain not converged
                                                                           2025-12-16_1000000__4.txt: Removed 2058 points of burn-in, and first 50 percent, keep 21743 steps
                                                                           2025-12-16_1000000__3.txt: Removed 8210 points of burn-in, and first 50 percent, keep 22289 steps
                                                                           2025-12-16_1000000__1.txt: Removed 3799 points of burn-in, and first 50 percent, keep 14328 steps
--> Computing mean values
--> Computing variance
--> Computing convergence criterium (Gelman-Rubin)
 -> R-1 is 0.015753 	for  omega_b
           0.023757 	for  omega_cdm
           0.045072 	for  h
           0.024530 	for  ln10^{10}A_s
           0.001094 	for  n_s
           0.031893 	for  tau_reio
           0.103854 	for  delta_Neff_drmd
           0.005201 	for  f_idm_drmd
           0.032840 	for  log10z_stop
           0.000821 	for  log10_G_over_aH_drmd
           0.003278 	for  A_planck
           0.028998 	for  z_reio
           0.011036 	for  Omega_Lambda
           0.015236 	for  YHe
           0.023070 	for  A_s
           0.010834 	for  sigma8
           0.008632 	for  100*theta_s
           0.045259 	for  H0
           0.075343 	for  rs_d
           0.010674 	for  Omega_m
           0.105532 	for  f_drmd
           0.039411 	for  z_dec_drmd
--> Not computing covariance matrix
--> Scanning file /home/jthybo/connect_wsl/data/DRMD_grendel_iter/number_5/2025-12-16_1000000__2.txt: Removed everything: chain not converged
                                                                           2025-12-16_1000000__4.txt: Removed 2058 points of burn-in, and first 50 percent, keep 22358 steps
                                                                           2025-12-16_1000000__3.txt: Removed 8210 points of burn-in, and first 50 percent, keep 22914 steps
                                                                           2025-12-16_1000000__1.txt: Removed 3799 points of burn-in, and first 50 percent, keep 14773 steps
--> Computing mean values
--> Computing variance
--> Computing convergence criterium (Gelman-Rubin)
 -> R-1 is 0.012470 	for  omega_b
           0.025936 	for  omega_cdm
           0.040332 	for  h
           0.022980 	for  ln10^{10}A_s
           0.002311 	for  n_s
           0.036959 	for  tau_reio
           0.102018 	for  delta_Neff_drmd
           0.005257 	for  f_idm_drmd
           0.029520 	for  log10z_stop
           0.001282 	for  log10_G_over_aH_drmd
           0.006781 	for  A_planck
           0.032775 	for  z_reio
           0.008943 	for  Omega_Lambda
           0.011965 	for  YHe
           0.021412 	for  A_s
           0.009550 	for  sigma8
           0.009561 	for  100*theta_s
           0.040449 	for  H0
           0.075709 	for  rs_d
           0.008654 	for  Omega_m
           0.103318 	for  f_drmd
           0.033714 	for  z_dec_drmd
--> Not computing covariance matrix
--> Scanning file /home/jthybo/connect_wsl/data/DRMD_grendel_iter/number_5/2025-12-16_1000000__2.txt: Removed everything: chain not converged
                                                                           2025-12-16_1000000__4.txt: Removed 2058 points of burn-in, and first 50 percent, keep 22993 steps
                                                                           2025-12-16_1000000__3.txt: Removed 8210 points of burn-in, and first 50 percent, keep 23522 steps
                                                                           2025-12-16_1000000__1.txt: Removed 3799 points of burn-in, and first 50 percent, keep 15238 steps
--> Computing mean values
--> Computing variance
--> Computing convergence criterium (Gelman-Rubin)
 -> R-1 is 0.008355 	for  omega_b
           0.026054 	for  omega_cdm
           0.035801 	for  h
           0.022161 	for  ln10^{10}A_s
           0.002581 	for  n_s
           0.030992 	for  tau_reio
           0.096233 	for  delta_Neff_drmd
           0.006225 	for  f_idm_drmd
           0.029741 	for  log10z_stop
           0.002209 	for  log10_G_over_aH_drmd
           0.005605 	for  A_planck
           0.026732 	for  z_reio
           0.008813 	for  Omega_Lambda
           0.008158 	for  YHe
           0.020518 	for  A_s
           0.009153 	for  sigma8
           0.008803 	for  100*theta_s
           0.035960 	for  H0
           0.068697 	for  rs_d
           0.008626 	for  Omega_m
           0.097306 	for  f_drmd
           0.034262 	for  z_dec_drmd
--> Not computing covariance matrix
--> Scanning file /home/jthybo/connect_wsl/data/DRMD_grendel_iter/number_5/2025-12-16_1000000__2.txt: Removed everything: chain not converged
                                                                           2025-12-16_1000000__4.txt: Removed 2058 points of burn-in, and first 50 percent, keep 23618 steps
                                                                           2025-12-16_1000000__3.txt: Removed 8210 points of burn-in, and first 50 percent, keep 24149 steps
                                                                           2025-12-16_1000000__1.txt: Removed 3799 points of burn-in, and first 50 percent, keep 15653 steps
--> Computing mean values
--> Computing variance
--> Computing convergence criterium (Gelman-Rubin)
 -> R-1 is 0.008402 	for  omega_b
           0.027559 	for  omega_cdm
           0.033544 	for  h
           0.017018 	for  ln10^{10}A_s
           0.004491 	for  n_s
           0.025642 	for  tau_reio
           0.093711 	for  delta_Neff_drmd
           0.006506 	for  f_idm_drmd
           0.021457 	for  log10z_stop
           0.000987 	for  log10_G_over_aH_drmd
           0.006730 	for  A_planck
           0.021989 	for  z_reio
           0.007524 	for  Omega_Lambda
           0.008124 	for  YHe
           0.015587 	for  A_s
           0.009535 	for  sigma8
           0.012032 	for  100*theta_s
           0.033624 	for  H0
           0.070170 	for  rs_d
           0.007470 	for  Omega_m
           0.093904 	for  f_drmd
           0.024908 	for  z_dec_drmd
--> Not computing covariance matrix
--> Scanning file /home/jthybo/connect_wsl/data/DRMD_grendel_iter/number_5/2025-12-16_1000000__2.txt: Removed everything: chain not converged
                                                                           2025-12-16_1000000__4.txt: Removed 2058 points of burn-in, and first 50 percent, keep 24245 steps
                                                                           2025-12-16_1000000__3.txt: Removed 8210 points of burn-in, and first 50 percent, keep 24789 steps
                                                                           2025-12-16_1000000__1.txt: Removed 3799 points of burn-in, and first 50 percent, keep 16126 steps
--> Computing mean values
--> Computing variance
--> Computing convergence criterium (Gelman-Rubin)
 -> R-1 is 0.009447 	for  omega_b
           0.030840 	for  omega_cdm
           0.032498 	for  h
           0.014649 	for  ln10^{10}A_s
           0.003810 	for  n_s
           0.020464 	for  tau_reio
           0.089886 	for  delta_Neff_drmd
           0.008738 	for  f_idm_drmd
           0.017508 	for  log10z_stop
           0.001898 	for  log10_G_over_aH_drmd
           0.006955 	for  A_planck
           0.017627 	for  z_reio
           0.008762 	for  Omega_Lambda
           0.009112 	for  YHe
           0.013598 	for  A_s
           0.009096 	for  sigma8
           0.014525 	for  100*theta_s
           0.032577 	for  H0
           0.072052 	for  rs_d
           0.008898 	for  Omega_m
           0.089706 	for  f_drmd
           0.020192 	for  z_dec_drmd
--> Not computing covariance matrix
--> Scanning file /home/jthybo/connect_wsl/data/DRMD_grendel_iter/number_5/2025-12-16_1000000__2.txt: Removed everything: chain not converged
                                                                           2025-12-16_1000000__4.txt: Removed 2058 points of burn-in, and first 50 percent, keep 24960 steps
                                                                           2025-12-16_1000000__3.txt: Removed 8210 points of burn-in, and first 50 percent, keep 25454 steps
                                                                           2025-12-16_1000000__1.txt: Removed 3799 points of burn-in, and first 50 percent, keep 16566 steps
--> Computing mean values
--> Computing variance
--> Computing convergence criterium (Gelman-Rubin)
 -> R-1 is 0.007689 	for  omega_b
           0.031790 	for  omega_cdm
           0.027283 	for  h
           0.014689 	for  ln10^{10}A_s
           0.000987 	for  n_s
           0.020050 	for  tau_reio
           0.081263 	for  delta_Neff_drmd
           0.009090 	for  f_idm_drmd
           0.011817 	for  log10z_stop
           0.002366 	for  log10_G_over_aH_drmd
           0.006953 	for  A_planck
           0.017031 	for  z_reio
           0.008416 	for  Omega_Lambda
           0.007472 	for  YHe
           0.013764 	for  A_s
           0.008728 	for  sigma8
           0.013860 	for  100*theta_s
           0.027422 	for  H0
           0.067574 	for  rs_d
           0.008606 	for  Omega_m
           0.080330 	for  f_drmd
           0.013219 	for  z_dec_drmd
--> Not computing covariance matrix
--> Scanning file /home/jthybo/connect_wsl/data/DRMD_grendel_iter/number_5/2025-12-16_1000000__2.txt: Removed everything: chain not converged
                                                                           2025-12-16_1000000__4.txt: Removed 2058 points of burn-in, and first 50 percent, keep 25613 steps
                                                                           2025-12-16_1000000__3.txt: Removed 8210 points of burn-in, and first 50 percent, keep 26077 steps
                                                                           2025-12-16_1000000__1.txt: Removed 3799 points of burn-in, and first 50 percent, keep 17008 steps
--> Computing mean values
--> Computing variance
--> Computing convergence criterium (Gelman-Rubin)
 -> R-1 is 0.002916 	for  omega_b
           0.032279 	for  omega_cdm
           0.011846 	for  h
           0.007190 	for  ln10^{10}A_s
           0.000379 	for  n_s
           0.009937 	for  tau_reio
           0.056177 	for  delta_Neff_drmd
           0.009371 	for  f_idm_drmd
           0.009815 	for  log10z_stop
           0.002144 	for  log10_G_over_aH_drmd
           0.003587 	for  A_planck
           0.007804 	for  z_reio
           0.007292 	for  Omega_Lambda
           0.002792 	for  YHe
           0.006900 	for  A_s
           0.006543 	for  sigma8
           0.012534 	for  100*theta_s
           0.011939 	for  H0
           0.054745 	for  rs_d
           0.007697 	for  Omega_m
           0.055639 	for  f_drmd
           0.010499 	for  z_dec_drmd
--> Not computing covariance matrix
--> Scanning file /home/jthybo/connect_wsl/data/DRMD_grendel_iter/number_5/2025-12-16_1000000__2.txt: Removed 41283 points of burn-in, and first 50 percent, keep 148 steps
                                                                           2025-12-16_1000000__4.txt: Removed 2058 points of burn-in, and first 50 percent, keep 26265 steps
                                                                           2025-12-16_1000000__3.txt: Removed 8210 points of burn-in, and first 50 percent, keep 26687 steps
                                                                           2025-12-16_1000000__1.txt: Removed 3799 points of burn-in, and first 50 percent, keep 17436 steps
--> Computing mean values
--> Computing variance
--> Computing convergence criterium (Gelman-Rubin)
 -> R-1 is 0.003200 	for  omega_b
           0.029290 	for  omega_cdm
           0.006199 	for  h
           0.005375 	for  ln10^{10}A_s
           0.000612 	for  n_s
           0.005693 	for  tau_reio
           0.039127 	for  delta_Neff_drmd
           0.011269 	for  f_idm_drmd
           0.009608 	for  log10z_stop
           0.001543 	for  log10_G_over_aH_drmd
           0.003463 	for  A_planck
           0.004688 	for  z_reio
           0.007074 	for  Omega_Lambda
           0.002989 	for  YHe
           0.005565 	for  A_s
           0.003865 	for  sigma8
           0.012518 	for  100*theta_s
           0.006234 	for  H0
           0.048463 	for  rs_d
           0.007432 	for  Omega_m
           0.039235 	for  f_drmd
           0.009881 	for  z_dec_drmd
--> Not computing covariance matrix
--> Scanning file /home/jthybo/connect_wsl/data/DRMD_grendel_iter/number_5/2025-12-16_1000000__2.txt: Removed 41283 points of burn-in, and first 50 percent, keep 873 steps
                                                                           2025-12-16_1000000__4.txt: Removed 2058 points of burn-in, and first 50 percent, keep 26898 steps
                                                                           2025-12-16_1000000__3.txt: Removed 8210 points of burn-in, and first 50 percent, keep 27342 steps
                                                                           2025-12-16_1000000__1.txt: Removed 3799 points of burn-in, and first 50 percent, keep 17906 steps
--> Computing mean values
--> Computing variance
--> Computing convergence criterium (Gelman-Rubin)
 -> R-1 is 0.000622 	for  omega_b
           0.023606 	for  omega_cdm
           0.001656 	for  h
           0.005467 	for  ln10^{10}A_s
           0.002347 	for  n_s
           0.002841 	for  tau_reio
           0.012157 	for  delta_Neff_drmd
           0.011662 	for  f_idm_drmd
           0.003625 	for  log10z_stop
           0.003100 	for  log10_G_over_aH_drmd
           0.003582 	for  A_planck
           0.002409 	for  z_reio
           0.008463 	for  Omega_Lambda
           0.000616 	for  YHe
           0.005956 	for  A_s
           0.002434 	for  sigma8
           0.010220 	for  100*theta_s
           0.001785 	for  H0
           0.029285 	for  rs_d
           0.008687 	for  Omega_m
           0.012450 	for  f_drmd
           0.002364 	for  z_dec_drmd
--> Not computing covariance matrix
--> Scanning file /home/jthybo/connect_wsl/data/DRMD_grendel_iter/number_5/2025-12-16_1000000__2.txt: Removed 41283 points of burn-in, and first 50 percent, keep 1615 steps
                                                                           2025-12-16_1000000__4.txt: Removed 2058 points of burn-in, and first 50 percent, keep 27575 steps
                                                                           2025-12-16_1000000__3.txt: Removed 8210 points of burn-in, and first 50 percent, keep 28014 steps
                                                                           2025-12-16_1000000__1.txt: Removed 3799 points of burn-in, and first 50 percent, keep 18366 steps
--> Computing mean values
--> Computing variance
--> Computing convergence criterium (Gelman-Rubin)
 -> R-1 is 0.001620 	for  omega_b
           0.018972 	for  omega_cdm
           0.004764 	for  h
           0.007765 	for  ln10^{10}A_s
           0.003670 	for  n_s
           0.001220 	for  tau_reio
           0.001556 	for  delta_Neff_drmd
           0.012462 	for  f_idm_drmd
           0.002759 	for  log10z_stop
           0.011261 	for  log10_G_over_aH_drmd
           0.003660 	for  A_planck
           0.001216 	for  z_reio
           0.011208 	for  Omega_Lambda
           0.001709 	for  YHe
           0.008094 	for  A_s
           0.001612 	for  sigma8
           0.008528 	for  100*theta_s
           0.004920 	for  H0
           0.015099 	for  rs_d
           0.011471 	for  Omega_m
           0.001869 	for  f_drmd
           0.001217 	for  z_dec_drmd
--> Not computing covariance matrix
