 /!\ PyMultiNest detected but MultiNest likely not installed correctly. You can
     safely ignore this if not running with option -m NS
 /!\ Detecting empty folder, logging the parameter file
 Initializing Planck likelihood, version Plik_v22_cmbonly_like                                                                                                                                                                                                                                                                                                                                                                                                                                                                                               
----
clik version 3be036bbb4f9
  plik_cmbonly
Checking likelihood '/home/jeppethybo/connect_public/resources/planck2018/code/plc_3.0/plc-3.01/../../../baseline/plc_3.0/hi_l/plik_lite/plik_lite_v22_TTTEEE.clik' on test data. got -292.286 expected -292.286 (diff -3.86223e-09)
----
<class 'montepython.likelihood_class.Likelihood_clik'>
<class 'montepython.likelihoods.Planck_lowl_EE.Planck_lowl_EE'>
Initializing SimAll
----
clik version 3be036bbb4f9
  simall simall_EE_BB_TE
Checking likelihood '/home/jeppethybo/connect_public/resources/planck2018/code/plc_3.0/plc-3.01/../../../baseline/plc_3.0/low_l/simall/simall_100x143_offlike5_EE_Aplanck_B.clik' on test data. got -197.99 expected -197.99 (diff -4.1778e-08)
----
----
clik version 3be036bbb4f9
  gibbs_gauss b13c8fda-1837-41b5-ae2d-78d6b723fcf1
Checking likelihood '/home/jeppethybo/connect_public/resources/planck2018/code/plc_3.0/plc-3.01/../../../baseline/plc_3.0/low_l/commander/commander_dx12_v3_2_29.clik' on test data. got -11.6257 expected -11.6257 (diff -1.07424e-09)
----
Creating /home/jeppethybo/connect_public/data/DRMD_iter/number_8/2025-12-03_1000000__1.txt

 /!\ PyMultiNest detected but MultiNest likely not installed correctly. You can
     safely ignore this if not running with option -m NS
 Initializing Planck likelihood, version Plik_v22_cmbonly_like                                                                                                                                                                                                                                                                                                                                                                                                                                                                                               
----
clik version 3be036bbb4f9
  plik_cmbonly
Checking likelihood '/home/jeppethybo/connect_public/resources/planck2018/code/plc_3.0/plc-3.01/../../../baseline/plc_3.0/hi_l/plik_lite/plik_lite_v22_TTTEEE.clik' on test data. got -292.286 expected -292.286 (diff -3.86223e-09)
----
<class 'montepython.likelihood_class.Likelihood_clik'>
<class 'montepython.likelihoods.Planck_lowl_EE.Planck_lowl_EE'>
Initializing SimAll
----
clik version 3be036bbb4f9
  simall simall_EE_BB_TE
Checking likelihood '/home/jeppethybo/connect_public/resources/planck2018/code/plc_3.0/plc-3.01/../../../baseline/plc_3.0/low_l/simall/simall_100x143_offlike5_EE_Aplanck_B.clik' on test data. got -197.99 expected -197.99 (diff -4.1778e-08)
----
----
clik version 3be036bbb4f9
  gibbs_gauss b13c8fda-1837-41b5-ae2d-78d6b723fcf1
Checking likelihood '/home/jeppethybo/connect_public/resources/planck2018/code/plc_3.0/plc-3.01/../../../baseline/plc_3.0/low_l/commander/commander_dx12_v3_2_29.clik' on test data. got -11.6257 expected -11.6257 (diff -1.07424e-09)
----
Creating /home/jeppethybo/connect_public/data/DRMD_iter/number_8/2025-12-03_1000000__2.txt

 /!\ PyMultiNest detected but MultiNest likely not installed correctly. You can
     safely ignore this if not running with option -m NS
 Initializing Planck likelihood, version Plik_v22_cmbonly_like                                                                                                                                                                                                                                                                                                                                                                                                                                                                                               
----
clik version 3be036bbb4f9
  plik_cmbonly
Checking likelihood '/home/jeppethybo/connect_public/resources/planck2018/code/plc_3.0/plc-3.01/../../../baseline/plc_3.0/hi_l/plik_lite/plik_lite_v22_TTTEEE.clik' on test data. got -292.286 expected -292.286 (diff -3.86223e-09)
----
<class 'montepython.likelihood_class.Likelihood_clik'>
<class 'montepython.likelihoods.Planck_lowl_EE.Planck_lowl_EE'>
Initializing SimAll
----
clik version 3be036bbb4f9
  simall simall_EE_BB_TE
Checking likelihood '/home/jeppethybo/connect_public/resources/planck2018/code/plc_3.0/plc-3.01/../../../baseline/plc_3.0/low_l/simall/simall_100x143_offlike5_EE_Aplanck_B.clik' on test data. got -197.99 expected -197.99 (diff -4.1778e-08)
----
----
clik version 3be036bbb4f9
  gibbs_gauss b13c8fda-1837-41b5-ae2d-78d6b723fcf1
Checking likelihood '/home/jeppethybo/connect_public/resources/planck2018/code/plc_3.0/plc-3.01/../../../baseline/plc_3.0/low_l/commander/commander_dx12_v3_2_29.clik' on test data. got -11.6257 expected -11.6257 (diff -1.07424e-09)
----
 /!\ PyMultiNest detected but MultiNest likely not installed correctly. You can
     safely ignore this if not running with option -m NS
Creating /home/jeppethybo/connect_public/data/DRMD_iter/number_8/2025-12-03_1000000__3.txt

 /!\ PyMultiNest detected but MultiNest likely not installed correctly. You can
     safely ignore this if not running with option -m NS
 Initializing Planck likelihood, version Plik_v22_cmbonly_like                                                                                                                                                                                                                                                                                                                                                                                                                                                                                               
----
clik version 3be036bbb4f9
  plik_cmbonly
Checking likelihood '/home/jeppethybo/connect_public/resources/planck2018/code/plc_3.0/plc-3.01/../../../baseline/plc_3.0/hi_l/plik_lite/plik_lite_v22_TTTEEE.clik' on test data. got -292.286 expected -292.286 (diff -3.86223e-09)
----
<class 'montepython.likelihood_class.Likelihood_clik'>
<class 'montepython.likelihoods.Planck_lowl_EE.Planck_lowl_EE'>
Initializing SimAll
----
clik version 3be036bbb4f9
  simall simall_EE_BB_TE
Checking likelihood '/home/jeppethybo/connect_public/resources/planck2018/code/plc_3.0/plc-3.01/../../../baseline/plc_3.0/low_l/simall/simall_100x143_offlike5_EE_Aplanck_B.clik' on test data. got -197.99 expected -197.99 (diff -4.1778e-08)
----
----
clik version 3be036bbb4f9
  gibbs_gauss b13c8fda-1837-41b5-ae2d-78d6b723fcf1
Checking likelihood '/home/jeppethybo/connect_public/resources/planck2018/code/plc_3.0/plc-3.01/../../../baseline/plc_3.0/low_l/commander/commander_dx12_v3_2_29.clik' on test data. got -11.6257 expected -11.6257 (diff -1.07424e-09)
----
Creating /home/jeppethybo/connect_public/data/DRMD_iter/number_8/2025-12-03_1000000__4.txt

--> Scanning file /home/jeppethybo/connect_public/data/DRMD_iter/number_8/2025-12-03_1000000__2.txt: Removed 2023 points of burn-in, and first 50 percent, keep 731 steps
                                                                          2025-12-03_1000000__3.txt: Removed 1885 points of burn-in, and first 50 percent, keep 885 steps
                                                                          2025-12-03_1000000__1.txt: Removed 2218 points of burn-in, and first 50 percent, keep 269 steps
                                                                          2025-12-03_1000000__4.txt: Removed 502 points of burn-in, and first 50 percent, keep 1474 steps
--> Computing mean values
--> Computing variance
--> Computing convergence criterium (Gelman-Rubin)
 -> R-1 is 1.007611 	for  omega_b
           2.201571 	for  omega_cdm
           2.549655 	for  h
           0.068344 	for  ln10^{10}A_s
           0.237759 	for  n_s
           0.011211 	for  tau_reio
           11.414886 	for  delta_Neff_drmd
           4.392723 	for  f_idm_drmd
           1.155747 	for  log10z_stop
           0.481045 	for  A_planck
           0.008304 	for  z_reio
           0.213755 	for  Omega_Lambda
           0.446695 	for  YHe
           0.068869 	for  A_s
           0.028665 	for  sigma8
           0.231112 	for  100*theta_s
           2.533565 	for  H0
           11.291616 	for  rs_d
           2.415602 	for  Omega_m
           12.652297 	for  f_drmd
           12.653266 	for  z_dec_drmd
--> Not computing covariance matrix
 /!\ PyMultiNest detected but MultiNest likely not installed correctly. You can
     safely ignore this if not running with option -m NS
--> Scanning file /home/jeppethybo/connect_public/data/DRMD_iter/number_8/2025-12-03_1000000__2.txt: Removed 2023 points of burn-in, and first 50 percent, keep 2449 steps
                                                                          2025-12-03_1000000__3.txt: Removed 1885 points of burn-in, and first 50 percent, keep 2645 steps
                                                                          2025-12-03_1000000__1.txt: Removed 2218 points of burn-in, and first 50 percent, keep 1566 steps
                                                                          2025-12-03_1000000__4.txt: Removed 502 points of burn-in, and first 50 percent, keep 3229 steps
--> Computing mean values
--> Computing variance
--> Computing convergence criterium (Gelman-Rubin)
 -> R-1 is 0.461343 	for  omega_b
           0.835082 	for  omega_cdm
           0.947338 	for  h
           0.059981 	for  ln10^{10}A_s
           0.103754 	for  n_s
           0.038668 	for  tau_reio
           1.542782 	for  delta_Neff_drmd
           1.396318 	for  f_idm_drmd
           2.383631 	for  log10z_stop
           0.430924 	for  A_planck
           0.039601 	for  z_reio
           0.191096 	for  Omega_Lambda
           0.381730 	for  YHe
           0.059175 	for  A_s
           0.061998 	for  sigma8
           0.117933 	for  100*theta_s
           0.944462 	for  H0
           1.492392 	for  rs_d
           0.553760 	for  Omega_m
           1.643112 	for  f_drmd
           1.643155 	for  z_dec_drmd
--> Computing covariance matrix
--> Scanning file /home/jeppethybo/connect_public/data/DRMD_iter/number_8/2025-12-03_1000000__2.txt: Removed 2023 points of burn-in, and first 50 percent, keep 4999 steps
                                                                          2025-12-03_1000000__3.txt: Removed 1885 points of burn-in, and first 50 percent, keep 5296 steps
                                                                          2025-12-03_1000000__1.txt: Removed 2218 points of burn-in, and first 50 percent, keep 2814 steps
                                                                          2025-12-03_1000000__4.txt: Removed 502 points of burn-in, and first 50 percent, keep 5827 steps
--> Computing mean values
--> Computing variance
--> Computing convergence criterium (Gelman-Rubin)
 -> R-1 is 0.010546 	for  omega_b
           0.031199 	for  omega_cdm
           0.024713 	for  h
           0.003118 	for  ln10^{10}A_s
           0.007821 	for  n_s
           0.000703 	for  tau_reio
           0.036085 	for  delta_Neff_drmd
           0.056402 	for  f_idm_drmd
           0.118713 	for  log10z_stop
           0.040009 	for  A_planck
           0.000901 	for  z_reio
           0.007826 	for  Omega_Lambda
           0.010090 	for  YHe
           0.003047 	for  A_s
           0.004117 	for  sigma8
           0.012632 	for  100*theta_s
           0.024761 	for  H0
           0.033172 	for  rs_d
           0.014660 	for  Omega_m
           0.032986 	for  f_drmd
           0.032986 	for  z_dec_drmd
--> Not computing covariance matrix
--> Scanning file /home/jeppethybo/connect_public/data/DRMD_iter/number_8/2025-12-03_1000000__2.txt: Removed 2023 points of burn-in, and first 50 percent, keep 7642 steps
                                                                          2025-12-03_1000000__3.txt: Removed 1885 points of burn-in, and first 50 percent, keep 7923 steps
                                                                          2025-12-03_1000000__1.txt: Removed 2218 points of burn-in, and first 50 percent, keep 4036 steps
                                                                          2025-12-03_1000000__4.txt: Removed 502 points of burn-in, and first 50 percent, keep 8497 steps
--> Computing mean values
--> Computing variance
--> Computing convergence criterium (Gelman-Rubin)
 -> R-1 is 0.008398 	for  omega_b
           0.052523 	for  omega_cdm
           0.018754 	for  h
           0.007779 	for  ln10^{10}A_s
           0.000625 	for  n_s
           0.002659 	for  tau_reio
           0.044482 	for  delta_Neff_drmd
           0.005832 	for  f_idm_drmd
           0.199172 	for  log10z_stop
           0.033587 	for  A_planck
           0.002051 	for  z_reio
           0.001288 	for  Omega_Lambda
           0.007932 	for  YHe
           0.007888 	for  A_s
           0.001015 	for  sigma8
           0.003052 	for  100*theta_s
           0.018831 	for  H0
           0.050268 	for  rs_d
           0.008489 	for  Omega_m
           0.044335 	for  f_drmd
           0.044336 	for  z_dec_drmd
--> Not computing covariance matrix
--> Scanning file /home/jeppethybo/connect_public/data/DRMD_iter/number_8/2025-12-03_1000000__2.txt: Removed 2023 points of burn-in, and first 50 percent, keep 10339 steps
                                                                          2025-12-03_1000000__3.txt: Removed 1885 points of burn-in, and first 50 percent, keep 10578 steps
                                                                          2025-12-03_1000000__1.txt: Removed 2218 points of burn-in, and first 50 percent, keep 5254 steps
                                                                          2025-12-03_1000000__4.txt: Removed 502 points of burn-in, and first 50 percent, keep 11182 steps
--> Computing mean values
--> Computing variance
--> Computing convergence criterium (Gelman-Rubin)
 -> R-1 is 0.016340 	for  omega_b
           0.074120 	for  omega_cdm
           0.026669 	for  h
           0.009772 	for  ln10^{10}A_s
           0.000770 	for  n_s
           0.005831 	for  tau_reio
           0.062116 	for  delta_Neff_drmd
           0.014006 	for  f_idm_drmd
           0.176800 	for  log10z_stop
           0.023207 	for  A_planck
           0.005259 	for  z_reio
           0.002352 	for  Omega_Lambda
           0.015617 	for  YHe
           0.009621 	for  A_s
           0.002046 	for  sigma8
           0.004879 	for  100*theta_s
           0.026740 	for  H0
           0.073596 	for  rs_d
           0.009962 	for  Omega_m
           0.063423 	for  f_drmd
           0.063423 	for  z_dec_drmd
--> Not computing covariance matrix
--> Scanning file /home/jeppethybo/connect_public/data/DRMD_iter/number_8/2025-12-03_1000000__2.txt: Removed 2023 points of burn-in, and first 50 percent, keep 13027 steps
                                                                          2025-12-03_1000000__3.txt: Removed 1885 points of burn-in, and first 50 percent, keep 13271 steps
                                                                          2025-12-03_1000000__1.txt: Removed 2218 points of burn-in, and first 50 percent, keep 6531 steps
                                                                          2025-12-03_1000000__4.txt: Removed 503 points of burn-in, and first 50 percent, keep 13879 steps
--> Computing mean values
--> Computing variance
--> Computing convergence criterium (Gelman-Rubin)
 -> R-1 is 0.008371 	for  omega_b
           0.067460 	for  omega_cdm
           0.022225 	for  h
           0.008841 	for  ln10^{10}A_s
           0.000910 	for  n_s
           0.003597 	for  tau_reio
           0.055269 	for  delta_Neff_drmd
           0.002445 	for  f_idm_drmd
           0.126562 	for  log10z_stop
           0.013940 	for  A_planck
           0.002500 	for  z_reio
           0.001321 	for  Omega_Lambda
           0.008164 	for  YHe
           0.008811 	for  A_s
           0.001917 	for  sigma8
           0.005662 	for  100*theta_s
           0.022257 	for  H0
           0.063208 	for  rs_d
           0.007026 	for  Omega_m
           0.055954 	for  f_drmd
           0.055954 	for  z_dec_drmd
--> Not computing covariance matrix
--> Scanning file /home/jeppethybo/connect_public/data/DRMD_iter/number_8/2025-12-03_1000000__2.txt: Removed 2026 points of burn-in, and first 50 percent, keep 15653 steps
                                                                          2025-12-03_1000000__3.txt: Removed 1885 points of burn-in, and first 50 percent, keep 15866 steps
                                                                          2025-12-03_1000000__1.txt: Removed 2218 points of burn-in, and first 50 percent, keep 7704 steps
                                                                          2025-12-03_1000000__4.txt: Removed 503 points of burn-in, and first 50 percent, keep 16522 steps
--> Computing mean values
--> Computing variance
--> Computing convergence criterium (Gelman-Rubin)
 -> R-1 is 0.021235 	for  omega_b
           0.075672 	for  omega_cdm
           0.040407 	for  h
           0.003363 	for  ln10^{10}A_s
           0.002851 	for  n_s
           0.000356 	for  tau_reio
           0.076319 	for  delta_Neff_drmd
           0.018396 	for  f_idm_drmd
           0.093267 	for  log10z_stop
           0.009624 	for  A_planck
           0.000429 	for  z_reio
           0.006362 	for  Omega_Lambda
           0.021009 	for  YHe
           0.003233 	for  A_s
           0.006620 	for  sigma8
           0.009010 	for  100*theta_s
           0.040358 	for  H0
           0.084359 	for  rs_d
           0.012706 	for  Omega_m
           0.079089 	for  f_drmd
           0.079089 	for  z_dec_drmd
--> Not computing covariance matrix
--> Scanning file /home/jeppethybo/connect_public/data/DRMD_iter/number_8/2025-12-03_1000000__2.txt: Removed 2026 points of burn-in, and first 50 percent, keep 18345 steps
                                                                          2025-12-03_1000000__3.txt: Removed 1885 points of burn-in, and first 50 percent, keep 18531 steps
                                                                          2025-12-03_1000000__1.txt: Removed 2218 points of burn-in, and first 50 percent, keep 8924 steps
                                                                          2025-12-03_1000000__4.txt: Removed 503 points of burn-in, and first 50 percent, keep 19262 steps
--> Computing mean values
--> Computing variance
--> Computing convergence criterium (Gelman-Rubin)
 -> R-1 is 0.024991 	for  omega_b
           0.067102 	for  omega_cdm
           0.044887 	for  h
           0.005661 	for  ln10^{10}A_s
           0.006802 	for  n_s
           0.000316 	for  tau_reio
           0.075045 	for  delta_Neff_drmd
           0.013896 	for  f_idm_drmd
           0.090412 	for  log10z_stop
           0.008874 	for  A_planck
           0.000184 	for  z_reio
           0.010195 	for  Omega_Lambda
           0.025043 	for  YHe
           0.005636 	for  A_s
           0.003045 	for  sigma8
           0.011809 	for  100*theta_s
           0.044816 	for  H0
           0.080647 	for  rs_d
           0.015324 	for  Omega_m
           0.077888 	for  f_drmd
           0.077889 	for  z_dec_drmd
--> Not computing covariance matrix
--> Scanning file /home/jeppethybo/connect_public/data/DRMD_iter/number_8/2025-12-03_1000000__2.txt: Removed 2026 points of burn-in, and first 50 percent, keep 21018 steps
                                                                          2025-12-03_1000000__3.txt: Removed 1885 points of burn-in, and first 50 percent, keep 21228 steps
                                                                          2025-12-03_1000000__1.txt: Removed 2218 points of burn-in, and first 50 percent, keep 10186 steps
                                                                          2025-12-03_1000000__4.txt: Removed 503 points of burn-in, and first 50 percent, keep 21932 steps
--> Computing mean values
--> Computing variance
--> Computing convergence criterium (Gelman-Rubin)
 -> R-1 is 0.014496 	for  omega_b
           0.048931 	for  omega_cdm
           0.026407 	for  h
           0.001159 	for  ln10^{10}A_s
           0.004342 	for  n_s
           0.000264 	for  tau_reio
           0.048755 	for  delta_Neff_drmd
           0.006986 	for  f_idm_drmd
           0.084901 	for  log10z_stop
           0.007047 	for  A_planck
           0.000543 	for  z_reio
           0.004518 	for  Omega_Lambda
           0.014476 	for  YHe
           0.001189 	for  A_s
           0.006457 	for  sigma8
           0.008305 	for  100*theta_s
           0.026391 	for  H0
           0.053780 	for  rs_d
           0.007643 	for  Omega_m
           0.049761 	for  f_drmd
           0.049761 	for  z_dec_drmd
--> Not computing covariance matrix
--> Scanning file /home/jeppethybo/connect_public/data/DRMD_iter/number_8/2025-12-03_1000000__2.txt: Removed 2026 points of burn-in, and first 50 percent, keep 23723 steps
                                                                          2025-12-03_1000000__3.txt: Removed 1885 points of burn-in, and first 50 percent, keep 23948 steps
                                                                          2025-12-03_1000000__1.txt: Removed 2218 points of burn-in, and first 50 percent, keep 11499 steps
                                                                          2025-12-03_1000000__4.txt: Removed 503 points of burn-in, and first 50 percent, keep 24697 steps
--> Computing mean values
--> Computing variance
--> Computing convergence criterium (Gelman-Rubin)
 -> R-1 is 0.004480 	for  omega_b
           0.017393 	for  omega_cdm
           0.007263 	for  h
           0.000415 	for  ln10^{10}A_s
           0.001216 	for  n_s
           0.000878 	for  tau_reio
           0.014993 	for  delta_Neff_drmd
           0.001280 	for  f_idm_drmd
           0.090743 	for  log10z_stop
           0.006012 	for  A_planck
           0.001087 	for  z_reio
           0.000706 	for  Omega_Lambda
           0.004451 	for  YHe
           0.000429 	for  A_s
           0.005292 	for  sigma8
           0.002681 	for  100*theta_s
           0.007280 	for  H0
           0.017124 	for  rs_d
           0.001632 	for  Omega_m
           0.014795 	for  f_drmd
           0.014795 	for  z_dec_drmd
--> Not computing covariance matrix
--> Scanning file /home/jeppethybo/connect_public/data/DRMD_iter/number_8/2025-12-03_1000000__2.txt: Removed 2026 points of burn-in, and first 50 percent, keep 26445 steps
                                                                          2025-12-03_1000000__3.txt: Removed 1885 points of burn-in, and first 50 percent, keep 26691 steps
                                                                          2025-12-03_1000000__1.txt: Removed 2218 points of burn-in, and first 50 percent, keep 12841 steps
                                                                          2025-12-03_1000000__4.txt: Removed 503 points of burn-in, and first 50 percent, keep 27474 steps
--> Computing mean values
--> Computing variance
--> Computing convergence criterium (Gelman-Rubin)
 -> R-1 is 0.000317 	for  omega_b
           0.001105 	for  omega_cdm
           0.000126 	for  h
           0.000791 	for  ln10^{10}A_s
           0.000449 	for  n_s
           0.000646 	for  tau_reio
           0.000520 	for  delta_Neff_drmd
           0.004471 	for  f_idm_drmd
           0.042800 	for  log10z_stop
           0.002923 	for  A_planck
           0.000678 	for  z_reio
           0.000117 	for  Omega_Lambda
           0.000316 	for  YHe
           0.000779 	for  A_s
           0.002195 	for  sigma8
           0.000242 	for  100*theta_s
           0.000126 	for  H0
           0.000808 	for  rs_d
           0.000143 	for  Omega_m
           0.000461 	for  f_drmd
           0.000461 	for  z_dec_drmd
--> Not computing covariance matrix
--> Scanning file /home/jeppethybo/connect_public/data/DRMD_iter/number_8/2025-12-03_1000000__2.txt: Removed 2026 points of burn-in, and first 50 percent, keep 29223 steps
                                                                          2025-12-03_1000000__3.txt: Removed 1885 points of burn-in, and first 50 percent, keep 29431 steps
                                                                          2025-12-03_1000000__1.txt: Removed 2218 points of burn-in, and first 50 percent, keep 14141 steps
                                                                          2025-12-03_1000000__4.txt: Removed 503 points of burn-in, and first 50 percent, keep 30229 steps
--> Computing mean values
--> Computing variance
--> Computing convergence criterium (Gelman-Rubin)
 -> R-1 is 0.001572 	for  omega_b
           0.001043 	for  omega_cdm
           0.003783 	for  h
           0.001003 	for  ln10^{10}A_s
           0.000354 	for  n_s
           0.000374 	for  tau_reio
           0.003141 	for  delta_Neff_drmd
           0.000446 	for  f_idm_drmd
           0.005242 	for  log10z_stop
           0.000636 	for  A_planck
           0.000380 	for  z_reio
           0.003705 	for  Omega_Lambda
           0.001713 	for  YHe
           0.000978 	for  A_s
           0.001255 	for  sigma8
           0.000481 	for  100*theta_s
           0.003767 	for  H0
           0.002471 	for  rs_d
           0.003725 	for  Omega_m
           0.003597 	for  f_drmd
           0.003597 	for  z_dec_drmd
--> Not computing covariance matrix
