 /!\ PyMultiNest detected but MultiNest likely not installed correctly. You can
     safely ignore this if not running with option -m NS
 /!\ Detecting empty folder, logging the parameter file
 Initializing Planck likelihood, version Plik_v22_cmbonly_like                                                                                                                                                                                                                                                                                                                                                                                                                                                                                               
----
clik version 3be036bbb4f9
  plik_cmbonly
Checking likelihood '/home/jthybo/connect_wsl/resources/planck2018/code/plc_3.0/plc-3.01/../../../baseline/plc_3.0/hi_l/plik_lite/plik_lite_v22_TTTEEE.clik' on test data. got -292.286 expected -292.286 (diff -3.86228e-09)
----
<class 'montepython.likelihood_class.Likelihood_clik'>
<class 'montepython.likelihoods.Planck_lowl_EE.Planck_lowl_EE'>
Initializing SimAll
----
clik version 3be036bbb4f9
  simall simall_EE_BB_TE
Checking likelihood '/home/jthybo/connect_wsl/resources/planck2018/code/plc_3.0/plc-3.01/../../../baseline/plc_3.0/low_l/simall/simall_100x143_offlike5_EE_Aplanck_B.clik' on test data. got -197.99 expected -197.99 (diff -4.1778e-08)
----
----
clik version 3be036bbb4f9
  gibbs_gauss b13c8fda-1837-41b5-ae2d-78d6b723fcf1
Checking likelihood '/home/jthybo/connect_wsl/resources/planck2018/code/plc_3.0/plc-3.01/../../../baseline/plc_3.0/low_l/commander/commander_dx12_v3_2_29.clik' on test data. got -11.6257 expected -11.6257 (diff -1.07424e-09)
----
Creating /home/jthybo/connect_wsl/data/DRMD_grendel_iter/number_4/2025-12-15_1000000__1.txt

 /!\ PyMultiNest detected but MultiNest likely not installed correctly. You can
     safely ignore this if not running with option -m NS
 Initializing Planck likelihood, version Plik_v22_cmbonly_like                                                                                                                                                                                                                                                                                                                                                                                                                                                                                               
----
clik version 3be036bbb4f9
  plik_cmbonly
Checking likelihood '/home/jthybo/connect_wsl/resources/planck2018/code/plc_3.0/plc-3.01/../../../baseline/plc_3.0/hi_l/plik_lite/plik_lite_v22_TTTEEE.clik' on test data. got -292.286 expected -292.286 (diff -3.86228e-09)
----
<class 'montepython.likelihood_class.Likelihood_clik'>
<class 'montepython.likelihoods.Planck_lowl_EE.Planck_lowl_EE'>
Initializing SimAll
----
clik version 3be036bbb4f9
  simall simall_EE_BB_TE
Checking likelihood '/home/jthybo/connect_wsl/resources/planck2018/code/plc_3.0/plc-3.01/../../../baseline/plc_3.0/low_l/simall/simall_100x143_offlike5_EE_Aplanck_B.clik' on test data. got -197.99 expected -197.99 (diff -4.1778e-08)
----
----
clik version 3be036bbb4f9
  gibbs_gauss b13c8fda-1837-41b5-ae2d-78d6b723fcf1
Checking likelihood '/home/jthybo/connect_wsl/resources/planck2018/code/plc_3.0/plc-3.01/../../../baseline/plc_3.0/low_l/commander/commander_dx12_v3_2_29.clik' on test data. got -11.6257 expected -11.6257 (diff -1.07424e-09)
----
 /!\ PyMultiNest detected but MultiNest likely not installed correctly. You can
     safely ignore this if not running with option -m NS
Creating /home/jthybo/connect_wsl/data/DRMD_grendel_iter/number_4/2025-12-15_1000000__2.txt

 /!\ PyMultiNest detected but MultiNest likely not installed correctly. You can
     safely ignore this if not running with option -m NS
 Initializing Planck likelihood, version Plik_v22_cmbonly_like                                                                                                                                                                                                                                                                                                                                                                                                                                                                                               
----
clik version 3be036bbb4f9
  plik_cmbonly
Checking likelihood '/home/jthybo/connect_wsl/resources/planck2018/code/plc_3.0/plc-3.01/../../../baseline/plc_3.0/hi_l/plik_lite/plik_lite_v22_TTTEEE.clik' on test data. got -292.286 expected -292.286 (diff -3.86228e-09)
----
<class 'montepython.likelihood_class.Likelihood_clik'>
<class 'montepython.likelihoods.Planck_lowl_EE.Planck_lowl_EE'>
Initializing SimAll
----
clik version 3be036bbb4f9
  simall simall_EE_BB_TE
Checking likelihood '/home/jthybo/connect_wsl/resources/planck2018/code/plc_3.0/plc-3.01/../../../baseline/plc_3.0/low_l/simall/simall_100x143_offlike5_EE_Aplanck_B.clik' on test data. got -197.99 expected -197.99 (diff -4.1778e-08)
----
----
clik version 3be036bbb4f9
  gibbs_gauss b13c8fda-1837-41b5-ae2d-78d6b723fcf1
Checking likelihood '/home/jthybo/connect_wsl/resources/planck2018/code/plc_3.0/plc-3.01/../../../baseline/plc_3.0/low_l/commander/commander_dx12_v3_2_29.clik' on test data. got -11.6257 expected -11.6257 (diff -1.07424e-09)
----
Creating /home/jthybo/connect_wsl/data/DRMD_grendel_iter/number_4/2025-12-15_1000000__3.txt

 /!\ PyMultiNest detected but MultiNest likely not installed correctly. You can
     safely ignore this if not running with option -m NS
 Initializing Planck likelihood, version Plik_v22_cmbonly_like                                                                                                                                                                                                                                                                                                                                                                                                                                                                                               
----
clik version 3be036bbb4f9
  plik_cmbonly
Checking likelihood '/home/jthybo/connect_wsl/resources/planck2018/code/plc_3.0/plc-3.01/../../../baseline/plc_3.0/hi_l/plik_lite/plik_lite_v22_TTTEEE.clik' on test data. got -292.286 expected -292.286 (diff -3.86228e-09)
----
<class 'montepython.likelihood_class.Likelihood_clik'>
<class 'montepython.likelihoods.Planck_lowl_EE.Planck_lowl_EE'>
Initializing SimAll
----
clik version 3be036bbb4f9
  simall simall_EE_BB_TE
Checking likelihood '/home/jthybo/connect_wsl/resources/planck2018/code/plc_3.0/plc-3.01/../../../baseline/plc_3.0/low_l/simall/simall_100x143_offlike5_EE_Aplanck_B.clik' on test data. got -197.99 expected -197.99 (diff -4.1778e-08)
----
----
clik version 3be036bbb4f9
  gibbs_gauss b13c8fda-1837-41b5-ae2d-78d6b723fcf1
Checking likelihood '/home/jthybo/connect_wsl/resources/planck2018/code/plc_3.0/plc-3.01/../../../baseline/plc_3.0/low_l/commander/commander_dx12_v3_2_29.clik' on test data. got -11.6257 expected -11.6257 (diff -1.07424e-09)
----
Creating /home/jthybo/connect_wsl/data/DRMD_grendel_iter/number_4/2025-12-15_1000000__4.txt

--> Scanning file /home/jthybo/connect_wsl/data/DRMD_grendel_iter/number_4/2025-12-15_1000000__1.txt: Removed everything: chain not converged
                                                                           2025-12-15_1000000__2.txt: Removed everything: chain not converged
                                                                           2025-12-15_1000000__3.txt: Removed everything: chain not converged
                                                                           2025-12-15_1000000__4.txt: Removed 5366 points of burn-in, and first 50 percent, keep 5 steps
 /!\ PyMultiNest detected but MultiNest likely not installed correctly. You can
     safely ignore this if not running with option -m NS
--> Scanning file /home/jthybo/connect_wsl/data/DRMD_grendel_iter/number_4/2025-12-15_1000000__1.txt: Removed everything: chain not converged
                                                                           2025-12-15_1000000__2.txt: Removed everything: chain not converged
                                                                           2025-12-15_1000000__3.txt: Removed everything: chain not converged
                                                                           2025-12-15_1000000__4.txt: Removed 5490 points of burn-in, and first 50 percent, keep 635 steps
--> Computing mean values
--> Computing variance
--> Computing convergence criterium (Gelman-Rubin)
 -> R-1 is 0.000000 	for  omega_b
           0.000000 	for  omega_cdm
           0.000000 	for  h
           0.000000 	for  ln10^{10}A_s
           0.000000 	for  n_s
           0.000000 	for  tau_reio
           0.000000 	for  delta_Neff_drmd
           0.000000 	for  f_idm_drmd
           0.000000 	for  log10z_stop
           0.000000 	for  log10_G_over_aH_drmd
           0.000000 	for  A_planck
           0.000000 	for  z_reio
           0.000000 	for  Omega_Lambda
           0.000000 	for  YHe
           0.000000 	for  A_s
           0.000000 	for  sigma8
           0.000000 	for  100*theta_s
           0.000000 	for  H0
           0.000000 	for  rs_d
           0.000000 	for  Omega_m
           0.000000 	for  f_drmd
           0.000000 	for  z_dec_drmd
--> Not computing covariance matrix
--> Scanning file /home/jthybo/connect_wsl/data/DRMD_grendel_iter/number_4/2025-12-15_1000000__1.txt: Removed everything: chain not converged
                                                                           2025-12-15_1000000__2.txt: Removed everything: chain not converged
                                                                           2025-12-15_1000000__3.txt: Removed everything: chain not converged
                                                                           2025-12-15_1000000__4.txt: Removed 5512 points of burn-in, and first 50 percent, keep 1359 steps
--> Computing mean values
--> Computing variance
--> Computing convergence criterium (Gelman-Rubin)
 -> R-1 is 0.000000 	for  omega_b
           0.000000 	for  omega_cdm
           0.000000 	for  h
           0.000000 	for  ln10^{10}A_s
           0.000000 	for  n_s
           0.000000 	for  tau_reio
           0.000000 	for  delta_Neff_drmd
           0.000000 	for  f_idm_drmd
           0.000000 	for  log10z_stop
           0.000000 	for  log10_G_over_aH_drmd
           0.000000 	for  A_planck
           0.000000 	for  z_reio
           0.000000 	for  Omega_Lambda
           0.000000 	for  YHe
           0.000000 	for  A_s
           0.000000 	for  sigma8
           0.000000 	for  100*theta_s
           0.000000 	for  H0
           0.000000 	for  rs_d
           0.000000 	for  Omega_m
           0.000000 	for  f_drmd
           0.000000 	for  z_dec_drmd
--> Not computing covariance matrix
--> Scanning file /home/jthybo/connect_wsl/data/DRMD_grendel_iter/number_4/2025-12-15_1000000__1.txt: Removed everything: chain not converged
                                                                           2025-12-15_1000000__2.txt: Removed everything: chain not converged
                                                                           2025-12-15_1000000__3.txt: Removed everything: chain not converged
                                                                           2025-12-15_1000000__4.txt: Removed 5512 points of burn-in, and first 50 percent, keep 2067 steps
--> Computing mean values
--> Computing variance
--> Computing convergence criterium (Gelman-Rubin)
 -> R-1 is 0.000000 	for  omega_b
           0.000000 	for  omega_cdm
           0.000000 	for  h
           0.000000 	for  ln10^{10}A_s
           0.000000 	for  n_s
           0.000000 	for  tau_reio
           0.000000 	for  delta_Neff_drmd
           0.000000 	for  f_idm_drmd
           0.000000 	for  log10z_stop
           0.000000 	for  log10_G_over_aH_drmd
           0.000000 	for  A_planck
           0.000000 	for  z_reio
           0.000000 	for  Omega_Lambda
           0.000000 	for  YHe
           0.000000 	for  A_s
           0.000000 	for  sigma8
           0.000000 	for  100*theta_s
           0.000000 	for  H0
           0.000000 	for  rs_d
           0.000000 	for  Omega_m
           0.000000 	for  f_drmd
           0.000000 	for  z_dec_drmd
--> Not computing covariance matrix
--> Scanning file /home/jthybo/connect_wsl/data/DRMD_grendel_iter/number_4/2025-12-15_1000000__1.txt: Removed everything: chain not converged
                                                                           2025-12-15_1000000__2.txt: Removed everything: chain not converged
                                                                           2025-12-15_1000000__3.txt: Removed everything: chain not converged
                                                                           2025-12-15_1000000__4.txt: Removed 5512 points of burn-in, and first 50 percent, keep 2742 steps
--> Computing mean values
--> Computing variance
--> Computing convergence criterium (Gelman-Rubin)
 -> R-1 is 0.000000 	for  omega_b
           0.000000 	for  omega_cdm
           0.000000 	for  h
           0.000000 	for  ln10^{10}A_s
           0.000000 	for  n_s
           0.000000 	for  tau_reio
           0.000000 	for  delta_Neff_drmd
           0.000000 	for  f_idm_drmd
           0.000000 	for  log10z_stop
           0.000000 	for  log10_G_over_aH_drmd
           0.000000 	for  A_planck
           0.000000 	for  z_reio
           0.000000 	for  Omega_Lambda
           0.000000 	for  YHe
           0.000000 	for  A_s
           0.000000 	for  sigma8
           0.000000 	for  100*theta_s
           0.000000 	for  H0
           0.000000 	for  rs_d
           0.000000 	for  Omega_m
           0.000000 	for  f_drmd
           0.000000 	for  z_dec_drmd
--> Not computing covariance matrix
--> Scanning file /home/jthybo/connect_wsl/data/DRMD_grendel_iter/number_4/2025-12-15_1000000__1.txt: Removed everything: chain not converged
                                                                           2025-12-15_1000000__2.txt: Removed everything: chain not converged
                                                                           2025-12-15_1000000__3.txt: Removed everything: chain not converged
                                                                           2025-12-15_1000000__4.txt: Removed 5512 points of burn-in, and first 50 percent, keep 3434 steps
--> Computing mean values
--> Computing variance
--> Computing convergence criterium (Gelman-Rubin)
 -> R-1 is 0.000000 	for  omega_b
           0.000000 	for  omega_cdm
           0.000000 	for  h
           0.000000 	for  ln10^{10}A_s
           0.000000 	for  n_s
           0.000000 	for  tau_reio
           0.000000 	for  delta_Neff_drmd
           0.000000 	for  f_idm_drmd
           0.000000 	for  log10z_stop
           0.000000 	for  log10_G_over_aH_drmd
           0.000000 	for  A_planck
           0.000000 	for  z_reio
           0.000000 	for  Omega_Lambda
           0.000000 	for  YHe
           0.000000 	for  A_s
           0.000000 	for  sigma8
           0.000000 	for  100*theta_s
           0.000000 	for  H0
           0.000000 	for  rs_d
           0.000000 	for  Omega_m
           0.000000 	for  f_drmd
           0.000000 	for  z_dec_drmd
--> Not computing covariance matrix
--> Scanning file /home/jthybo/connect_wsl/data/DRMD_grendel_iter/number_4/2025-12-15_1000000__1.txt: Removed everything: chain not converged
                                                                           2025-12-15_1000000__2.txt: Removed everything: chain not converged
                                                                           2025-12-15_1000000__3.txt: Removed everything: chain not converged
                                                                           2025-12-15_1000000__4.txt: Removed 5512 points of burn-in, and first 50 percent, keep 4127 steps
--> Computing mean values
--> Computing variance
--> Computing convergence criterium (Gelman-Rubin)
 -> R-1 is 0.000000 	for  omega_b
           0.000000 	for  omega_cdm
           0.000000 	for  h
           0.000000 	for  ln10^{10}A_s
           0.000000 	for  n_s
           0.000000 	for  tau_reio
           0.000000 	for  delta_Neff_drmd
           0.000000 	for  f_idm_drmd
           0.000000 	for  log10z_stop
           0.000000 	for  log10_G_over_aH_drmd
           0.000000 	for  A_planck
           0.000000 	for  z_reio
           0.000000 	for  Omega_Lambda
           0.000000 	for  YHe
           0.000000 	for  A_s
           0.000000 	for  sigma8
           0.000000 	for  100*theta_s
           0.000000 	for  H0
           0.000000 	for  rs_d
           0.000000 	for  Omega_m
           0.000000 	for  f_drmd
           0.000000 	for  z_dec_drmd
--> Not computing covariance matrix
--> Scanning file /home/jthybo/connect_wsl/data/DRMD_grendel_iter/number_4/2025-12-15_1000000__1.txt: Removed everything: chain not converged
                                                                           2025-12-15_1000000__2.txt: Removed everything: chain not converged
                                                                           2025-12-15_1000000__3.txt: Removed everything: chain not converged
                                                                           2025-12-15_1000000__4.txt: Removed 5512 points of burn-in, and first 50 percent, keep 4687 steps
--> Computing mean values
--> Computing variance
--> Computing convergence criterium (Gelman-Rubin)
 -> R-1 is 0.000000 	for  omega_b
           0.000000 	for  omega_cdm
           0.000000 	for  h
           0.000000 	for  ln10^{10}A_s
           0.000000 	for  n_s
           0.000000 	for  tau_reio
           0.000000 	for  delta_Neff_drmd
           0.000000 	for  f_idm_drmd
           0.000000 	for  log10z_stop
           0.000000 	for  log10_G_over_aH_drmd
           0.000000 	for  A_planck
           0.000000 	for  z_reio
           0.000000 	for  Omega_Lambda
           0.000000 	for  YHe
           0.000000 	for  A_s
           0.000000 	for  sigma8
           0.000000 	for  100*theta_s
           0.000000 	for  H0
           0.000000 	for  rs_d
           0.000000 	for  Omega_m
           0.000000 	for  f_drmd
           0.000000 	for  z_dec_drmd
--> Not computing covariance matrix
--> Scanning file /home/jthybo/connect_wsl/data/DRMD_grendel_iter/number_4/2025-12-15_1000000__1.txt: Removed everything: chain not converged
                                                                           2025-12-15_1000000__2.txt: Removed everything: chain not converged
                                                                           2025-12-15_1000000__3.txt: Removed everything: chain not converged
                                                                           2025-12-15_1000000__4.txt: Removed 5512 points of burn-in, and first 50 percent, keep 5317 steps
--> Computing mean values
--> Computing variance
--> Computing convergence criterium (Gelman-Rubin)
 -> R-1 is 0.000000 	for  omega_b
           0.000000 	for  omega_cdm
           0.000000 	for  h
           0.000000 	for  ln10^{10}A_s
           0.000000 	for  n_s
           0.000000 	for  tau_reio
           0.000000 	for  delta_Neff_drmd
           0.000000 	for  f_idm_drmd
           0.000000 	for  log10z_stop
           0.000000 	for  log10_G_over_aH_drmd
           0.000000 	for  A_planck
           0.000000 	for  z_reio
           0.000000 	for  Omega_Lambda
           0.000000 	for  YHe
           0.000000 	for  A_s
           0.000000 	for  sigma8
           0.000000 	for  100*theta_s
           0.000000 	for  H0
           0.000000 	for  rs_d
           0.000000 	for  Omega_m
           0.000000 	for  f_drmd
           0.000000 	for  z_dec_drmd
--> Not computing covariance matrix
--> Scanning file /home/jthybo/connect_wsl/data/DRMD_grendel_iter/number_4/2025-12-15_1000000__1.txt: Removed everything: chain not converged
                                                                           2025-12-15_1000000__2.txt: Removed everything: chain not converged
                                                                           2025-12-15_1000000__3.txt: Removed everything: chain not converged
                                                                           2025-12-15_1000000__4.txt: Removed 5512 points of burn-in, and first 50 percent, keep 6009 steps
--> Computing mean values
--> Computing variance
--> Computing convergence criterium (Gelman-Rubin)
 -> R-1 is 0.000000 	for  omega_b
           0.000000 	for  omega_cdm
           0.000000 	for  h
           0.000000 	for  ln10^{10}A_s
           0.000000 	for  n_s
           0.000000 	for  tau_reio
           0.000000 	for  delta_Neff_drmd
           0.000000 	for  f_idm_drmd
           0.000000 	for  log10z_stop
           0.000000 	for  log10_G_over_aH_drmd
           0.000000 	for  A_planck
           0.000000 	for  z_reio
           0.000000 	for  Omega_Lambda
           0.000000 	for  YHe
           0.000000 	for  A_s
           0.000000 	for  sigma8
           0.000000 	for  100*theta_s
           0.000000 	for  H0
           0.000000 	for  rs_d
           0.000000 	for  Omega_m
           0.000000 	for  f_drmd
           0.000000 	for  z_dec_drmd
--> Not computing covariance matrix
--> Scanning file /home/jthybo/connect_wsl/data/DRMD_grendel_iter/number_4/2025-12-15_1000000__1.txt: Removed everything: chain not converged
                                                                           2025-12-15_1000000__2.txt: Removed everything: chain not converged
                                                                           2025-12-15_1000000__3.txt: Removed everything: chain not converged
                                                                           2025-12-15_1000000__4.txt: Removed 5608 points of burn-in, and first 50 percent, keep 6651 steps
--> Computing mean values
--> Computing variance
--> Computing convergence criterium (Gelman-Rubin)
 -> R-1 is 0.000000 	for  omega_b
           0.000000 	for  omega_cdm
           0.000000 	for  h
           0.000000 	for  ln10^{10}A_s
           0.000000 	for  n_s
           0.000000 	for  tau_reio
           0.000000 	for  delta_Neff_drmd
           0.000000 	for  f_idm_drmd
           0.000000 	for  log10z_stop
           0.000000 	for  log10_G_over_aH_drmd
           0.000000 	for  A_planck
           0.000000 	for  z_reio
           0.000000 	for  Omega_Lambda
           0.000000 	for  YHe
           0.000000 	for  A_s
           0.000000 	for  sigma8
           0.000000 	for  100*theta_s
           0.000000 	for  H0
           0.000000 	for  rs_d
           0.000000 	for  Omega_m
           0.000000 	for  f_drmd
           0.000000 	for  z_dec_drmd
--> Not computing covariance matrix
--> Scanning file /home/jthybo/connect_wsl/data/DRMD_grendel_iter/number_4/2025-12-15_1000000__1.txt: Removed everything: chain not converged
                                                                           2025-12-15_1000000__2.txt: Removed everything: chain not converged
                                                                           2025-12-15_1000000__3.txt: Removed everything: chain not converged
                                                                           2025-12-15_1000000__4.txt: Removed 5608 points of burn-in, and first 50 percent, keep 7341 steps
--> Computing mean values
--> Computing variance
--> Computing convergence criterium (Gelman-Rubin)
 -> R-1 is 0.000000 	for  omega_b
           0.000000 	for  omega_cdm
           0.000000 	for  h
           0.000000 	for  ln10^{10}A_s
           0.000000 	for  n_s
           0.000000 	for  tau_reio
           0.000000 	for  delta_Neff_drmd
           0.000000 	for  f_idm_drmd
           0.000000 	for  log10z_stop
           0.000000 	for  log10_G_over_aH_drmd
           0.000000 	for  A_planck
           0.000000 	for  z_reio
           0.000000 	for  Omega_Lambda
           0.000000 	for  YHe
           0.000000 	for  A_s
           0.000000 	for  sigma8
           0.000000 	for  100*theta_s
           0.000000 	for  H0
           0.000000 	for  rs_d
           0.000000 	for  Omega_m
           0.000000 	for  f_drmd
           0.000000 	for  z_dec_drmd
--> Not computing covariance matrix
--> Scanning file /home/jthybo/connect_wsl/data/DRMD_grendel_iter/number_4/2025-12-15_1000000__1.txt: Removed 10328 points of burn-in, and first 50 percent, keep 256 steps
                                                                           2025-12-15_1000000__2.txt: Removed everything: chain not converged
                                                                           2025-12-15_1000000__3.txt: Removed everything: chain not converged
                                                                           2025-12-15_1000000__4.txt: Removed 5608 points of burn-in, and first 50 percent, keep 8096 steps
--> Computing mean values
--> Computing variance
--> Computing convergence criterium (Gelman-Rubin)
 -> R-1 is 0.022123 	for  omega_b
           0.005518 	for  omega_cdm
           0.000041 	for  h
           0.001650 	for  ln10^{10}A_s
           0.001711 	for  n_s
           0.000599 	for  tau_reio
           0.000575 	for  delta_Neff_drmd
           0.010769 	for  f_idm_drmd
           0.041940 	for  log10z_stop
           0.003220 	for  log10_G_over_aH_drmd
           0.012127 	for  A_planck
           0.000036 	for  z_reio
           0.001473 	for  Omega_Lambda
           0.020555 	for  YHe
           0.001522 	for  A_s
           0.004429 	for  sigma8
           0.000142 	for  100*theta_s
           0.000014 	for  H0
           0.025238 	for  rs_d
           0.001951 	for  Omega_m
           0.001661 	for  f_drmd
           0.008580 	for  z_dec_drmd
--> Not computing covariance matrix
--> Scanning file /home/jthybo/connect_wsl/data/DRMD_grendel_iter/number_4/2025-12-15_1000000__1.txt: Removed 10328 points of burn-in, and first 50 percent, keep 791 steps
                                                                           2025-12-15_1000000__2.txt: Removed everything: chain not converged
                                                                           2025-12-15_1000000__3.txt: Removed everything: chain not converged
                                                                           2025-12-15_1000000__4.txt: Removed 5608 points of burn-in, and first 50 percent, keep 8809 steps
--> Computing mean values
--> Computing variance
--> Computing convergence criterium (Gelman-Rubin)
 -> R-1 is 0.019603 	for  omega_b
           0.007503 	for  omega_cdm
           0.001995 	for  h
           0.016624 	for  ln10^{10}A_s
           0.058654 	for  n_s
           0.021961 	for  tau_reio
           0.004386 	for  delta_Neff_drmd
           0.012809 	for  f_idm_drmd
           0.001250 	for  log10z_stop
           0.080498 	for  log10_G_over_aH_drmd
           0.009494 	for  A_planck
           0.027788 	for  z_reio
           0.005448 	for  Omega_Lambda
           0.015900 	for  YHe
           0.013823 	for  A_s
           0.018379 	for  sigma8
           0.000489 	for  100*theta_s
           0.002033 	for  H0
           0.024009 	for  rs_d
           0.005836 	for  Omega_m
           0.003511 	for  f_drmd
           0.001594 	for  z_dec_drmd
--> Not computing covariance matrix
--> Scanning file /home/jthybo/connect_wsl/data/DRMD_grendel_iter/number_4/2025-12-15_1000000__1.txt: Removed 10328 points of burn-in, and first 50 percent, keep 1301 steps
                                                                           2025-12-15_1000000__2.txt: Removed everything: chain not converged
                                                                           2025-12-15_1000000__3.txt: Removed everything: chain not converged
                                                                           2025-12-15_1000000__4.txt: Removed 5608 points of burn-in, and first 50 percent, keep 9541 steps
--> Computing mean values
--> Computing variance
--> Computing convergence criterium (Gelman-Rubin)
 -> R-1 is 0.014631 	for  omega_b
           0.021885 	for  omega_cdm
           0.036391 	for  h
           0.002374 	for  ln10^{10}A_s
           0.047832 	for  n_s
           0.001710 	for  tau_reio
           0.009870 	for  delta_Neff_drmd
           0.070604 	for  f_idm_drmd
           0.026978 	for  log10z_stop
           0.064116 	for  log10_G_over_aH_drmd
           0.006388 	for  A_planck
           0.000015 	for  z_reio
           0.030713 	for  Omega_Lambda
           0.017598 	for  YHe
           0.001262 	for  A_s
           0.033179 	for  sigma8
           0.004098 	for  100*theta_s
           0.036449 	for  H0
           0.000372 	for  rs_d
           0.029350 	for  Omega_m
           0.011109 	for  f_drmd
           0.000023 	for  z_dec_drmd
--> Not computing covariance matrix
--> Scanning file /home/jthybo/connect_wsl/data/DRMD_grendel_iter/number_4/2025-12-15_1000000__1.txt: Removed 10328 points of burn-in, and first 50 percent, keep 1826 steps
                                                                           2025-12-15_1000000__2.txt: Removed everything: chain not converged
                                                                           2025-12-15_1000000__3.txt: Removed everything: chain not converged
                                                                           2025-12-15_1000000__4.txt: Removed 5608 points of burn-in, and first 50 percent, keep 10221 steps
--> Computing mean values
--> Computing variance
--> Computing convergence criterium (Gelman-Rubin)
 -> R-1 is 0.000969 	for  omega_b
           0.051674 	for  omega_cdm
           0.049250 	for  h
           0.026219 	for  ln10^{10}A_s
           0.069087 	for  n_s
           0.016385 	for  tau_reio
           0.011912 	for  delta_Neff_drmd
           0.033412 	for  f_idm_drmd
           0.001767 	for  log10z_stop
           0.120382 	for  log10_G_over_aH_drmd
           0.030523 	for  A_planck
           0.009312 	for  z_reio
           0.052282 	for  Omega_Lambda
           0.006309 	for  YHe
           0.021123 	for  A_s
           0.030611 	for  sigma8
           0.002316 	for  100*theta_s
           0.049652 	for  H0
           0.021135 	for  rs_d
           0.053826 	for  Omega_m
           0.013987 	for  f_drmd
           0.003239 	for  z_dec_drmd
--> Not computing covariance matrix
--> Scanning file /home/jthybo/connect_wsl/data/DRMD_grendel_iter/number_4/2025-12-15_1000000__1.txt: Removed 10328 points of burn-in, and first 50 percent, keep 2346 steps
                                                                           2025-12-15_1000000__2.txt: Removed everything: chain not converged
                                                                           2025-12-15_1000000__3.txt: Removed everything: chain not converged
                                                                           2025-12-15_1000000__4.txt: Removed 5608 points of burn-in, and first 50 percent, keep 10946 steps
--> Computing mean values
--> Computing variance
--> Computing convergence criterium (Gelman-Rubin)
 -> R-1 is 0.017544 	for  omega_b
           0.032381 	for  omega_cdm
           0.050532 	for  h
           0.021825 	for  ln10^{10}A_s
           0.052678 	for  n_s
           0.009975 	for  tau_reio
           0.009106 	for  delta_Neff_drmd
           0.006358 	for  f_idm_drmd
           0.002046 	for  log10z_stop
           0.044715 	for  log10_G_over_aH_drmd
           0.023627 	for  A_planck
           0.003238 	for  z_reio
           0.043181 	for  Omega_Lambda
           0.024814 	for  YHe
           0.019070 	for  A_s
           0.006304 	for  sigma8
           0.005504 	for  100*theta_s
           0.051266 	for  H0
           0.001718 	for  rs_d
           0.044016 	for  Omega_m
           0.011562 	for  f_drmd
           0.002191 	for  z_dec_drmd
--> Not computing covariance matrix
--> Scanning file /home/jthybo/connect_wsl/data/DRMD_grendel_iter/number_4/2025-12-15_1000000__1.txt: Removed 10328 points of burn-in, and first 50 percent, keep 2874 steps
                                                                           2025-12-15_1000000__2.txt: Removed everything: chain not converged
                                                                           2025-12-15_1000000__3.txt: Removed everything: chain not converged
                                                                           2025-12-15_1000000__4.txt: Removed 5608 points of burn-in, and first 50 percent, keep 11684 steps
--> Computing mean values
--> Computing variance
--> Computing convergence criterium (Gelman-Rubin)
 -> R-1 is 0.004103 	for  omega_b
           0.025416 	for  omega_cdm
           0.038132 	for  h
           0.004380 	for  ln10^{10}A_s
           0.028704 	for  n_s
           0.006135 	for  tau_reio
           0.020179 	for  delta_Neff_drmd
           0.000074 	for  f_idm_drmd
           0.007824 	for  log10z_stop
           0.032214 	for  log10_G_over_aH_drmd
           0.004158 	for  A_planck
           0.002614 	for  z_reio
           0.032330 	for  Omega_Lambda
           0.008725 	for  YHe
           0.003624 	for  A_s
           0.001213 	for  sigma8
           0.001349 	for  100*theta_s
           0.038684 	for  H0
           0.003937 	for  rs_d
           0.036059 	for  Omega_m
           0.022663 	for  f_drmd
           0.000080 	for  z_dec_drmd
--> Not computing covariance matrix
--> Scanning file /home/jthybo/connect_wsl/data/DRMD_grendel_iter/number_4/2025-12-15_1000000__1.txt: Removed 10328 points of burn-in, and first 50 percent, keep 3421 steps
                                                                           2025-12-15_1000000__2.txt: Removed everything: chain not converged
                                                                           2025-12-15_1000000__3.txt: Removed everything: chain not converged
                                                                           2025-12-15_1000000__4.txt: Removed 5608 points of burn-in, and first 50 percent, keep 12439 steps
--> Computing mean values
--> Computing variance
--> Computing convergence criterium (Gelman-Rubin)
 -> R-1 is 0.004479 	for  omega_b
           0.057292 	for  omega_cdm
           0.077026 	for  h
           0.011849 	for  ln10^{10}A_s
           0.083033 	for  n_s
           0.020494 	for  tau_reio
           0.040391 	for  delta_Neff_drmd
           0.004994 	for  f_idm_drmd
           0.005074 	for  log10z_stop
           0.077135 	for  log10_G_over_aH_drmd
           0.006486 	for  A_planck
           0.011594 	for  z_reio
           0.070044 	for  Omega_Lambda
           0.011918 	for  YHe
           0.009757 	for  A_s
           0.000001 	for  sigma8
           0.002041 	for  100*theta_s
           0.077133 	for  H0
           0.013707 	for  rs_d
           0.076137 	for  Omega_m
           0.042264 	for  f_drmd
           0.000661 	for  z_dec_drmd
--> Not computing covariance matrix
--> Scanning file /home/jthybo/connect_wsl/data/DRMD_grendel_iter/number_4/2025-12-15_1000000__1.txt: Removed 10328 points of burn-in, and first 50 percent, keep 3959 steps
                                                                           2025-12-15_1000000__2.txt: Removed everything: chain not converged
                                                                           2025-12-15_1000000__3.txt: Removed everything: chain not converged
                                                                           2025-12-15_1000000__4.txt: Removed 5608 points of burn-in, and first 50 percent, keep 13146 steps
--> Computing mean values
--> Computing variance
--> Computing convergence criterium (Gelman-Rubin)
 -> R-1 is 0.001945 	for  omega_b
           0.029917 	for  omega_cdm
           0.038814 	for  h
           0.002264 	for  ln10^{10}A_s
           0.048346 	for  n_s
           0.014605 	for  tau_reio
           0.023042 	for  delta_Neff_drmd
           0.001541 	for  f_idm_drmd
           0.006010 	for  log10z_stop
           0.050153 	for  log10_G_over_aH_drmd
           0.002959 	for  A_planck
           0.009400 	for  z_reio
           0.034977 	for  Omega_Lambda
           0.005962 	for  YHe
           0.001621 	for  A_s
           0.000208 	for  sigma8
           0.000309 	for  100*theta_s
           0.038568 	for  H0
           0.007806 	for  rs_d
           0.039153 	for  Omega_m
           0.024499 	for  f_drmd
           0.000174 	for  z_dec_drmd
--> Not computing covariance matrix
--> Scanning file /home/jthybo/connect_wsl/data/DRMD_grendel_iter/number_4/2025-12-15_1000000__1.txt: Removed 10328 points of burn-in, and first 50 percent, keep 4496 steps
                                                                           2025-12-15_1000000__2.txt: Removed everything: chain not converged
                                                                           2025-12-15_1000000__3.txt: Removed everything: chain not converged
                                                                           2025-12-15_1000000__4.txt: Removed 5608 points of burn-in, and first 50 percent, keep 13836 steps
--> Computing mean values
--> Computing variance
--> Computing convergence criterium (Gelman-Rubin)
 -> R-1 is 0.000081 	for  omega_b
           0.013552 	for  omega_cdm
           0.015271 	for  h
           0.001780 	for  ln10^{10}A_s
           0.030526 	for  n_s
           0.009518 	for  tau_reio
           0.009721 	for  delta_Neff_drmd
           0.000963 	for  f_idm_drmd
           0.012981 	for  log10z_stop
           0.020467 	for  log10_G_over_aH_drmd
           0.001333 	for  A_planck
           0.007419 	for  z_reio
           0.014139 	for  Omega_Lambda
           0.001467 	for  YHe
           0.001552 	for  A_s
           0.001767 	for  sigma8
           0.000032 	for  100*theta_s
           0.015167 	for  H0
           0.005980 	for  rs_d
           0.016642 	for  Omega_m
           0.010689 	for  f_drmd
           0.000065 	for  z_dec_drmd
--> Not computing covariance matrix
--> Scanning file /home/jthybo/connect_wsl/data/DRMD_grendel_iter/number_4/2025-12-15_1000000__1.txt: Removed 10328 points of burn-in, and first 50 percent, keep 5026 steps
                                                                           2025-12-15_1000000__2.txt: Removed everything: chain not converged
                                                                           2025-12-15_1000000__3.txt: Removed everything: chain not converged
                                                                           2025-12-15_1000000__4.txt: Removed 5608 points of burn-in, and first 50 percent, keep 14581 steps
--> Computing mean values
--> Computing variance
--> Computing convergence criterium (Gelman-Rubin)
 -> R-1 is 0.000629 	for  omega_b
           0.013324 	for  omega_cdm
           0.013067 	for  h
           0.000822 	for  ln10^{10}A_s
           0.011700 	for  n_s
           0.002467 	for  tau_reio
           0.004298 	for  delta_Neff_drmd
           0.003261 	for  f_idm_drmd
           0.000664 	for  log10z_stop
           0.015623 	for  log10_G_over_aH_drmd
           0.006501 	for  A_planck
           0.001211 	for  z_reio
           0.012888 	for  Omega_Lambda
           0.002371 	for  YHe
           0.001068 	for  A_s
           0.000217 	for  sigma8
           0.000059 	for  100*theta_s
           0.013017 	for  H0
           0.004567 	for  rs_d
           0.014476 	for  Omega_m
           0.005111 	for  f_drmd
           0.000346 	for  z_dec_drmd
--> Not computing covariance matrix
--> Scanning file /home/jthybo/connect_wsl/data/DRMD_grendel_iter/number_4/2025-12-15_1000000__1.txt: Removed 10328 points of burn-in, and first 50 percent, keep 5516 steps
                                                                           2025-12-15_1000000__2.txt: Removed everything: chain not converged
                                                                           2025-12-15_1000000__3.txt: Removed everything: chain not converged
                                                                           2025-12-15_1000000__4.txt: Removed 5608 points of burn-in, and first 50 percent, keep 15274 steps
--> Computing mean values
--> Computing variance
--> Computing convergence criterium (Gelman-Rubin)
 -> R-1 is 0.001779 	for  omega_b
           0.011897 	for  omega_cdm
           0.010946 	for  h
           0.000032 	for  ln10^{10}A_s
           0.008445 	for  n_s
           0.002666 	for  tau_reio
           0.000812 	for  delta_Neff_drmd
           0.005305 	for  f_idm_drmd
           0.000335 	for  log10z_stop
           0.012319 	for  log10_G_over_aH_drmd
           0.002675 	for  A_planck
           0.001207 	for  z_reio
           0.011087 	for  Omega_Lambda
           0.003925 	for  YHe
           0.000110 	for  A_s
           0.003509 	for  sigma8
           0.000042 	for  100*theta_s
           0.011073 	for  H0
           0.003461 	for  rs_d
           0.011710 	for  Omega_m
           0.001254 	for  f_drmd
           0.000265 	for  z_dec_drmd
--> Not computing covariance matrix
--> Scanning file /home/jthybo/connect_wsl/data/DRMD_grendel_iter/number_4/2025-12-15_1000000__1.txt: Removed 10328 points of burn-in, and first 50 percent, keep 6026 steps
                                                                           2025-12-15_1000000__2.txt: Removed everything: chain not converged
                                                                           2025-12-15_1000000__3.txt: Removed everything: chain not converged
                                                                           2025-12-15_1000000__4.txt: Removed 5608 points of burn-in, and first 50 percent, keep 16049 steps
--> Computing mean values
--> Computing variance
--> Computing convergence criterium (Gelman-Rubin)
 -> R-1 is 0.004288 	for  omega_b
           0.002091 	for  omega_cdm
           0.003035 	for  h
           0.001232 	for  ln10^{10}A_s
           0.002075 	for  n_s
           0.000043 	for  tau_reio
           0.000010 	for  delta_Neff_drmd
           0.004250 	for  f_idm_drmd
           0.000192 	for  log10z_stop
           0.000623 	for  log10_G_over_aH_drmd
           0.001576 	for  A_planck
           0.000460 	for  z_reio
           0.002207 	for  Omega_Lambda
           0.005163 	for  YHe
           0.001315 	for  A_s
           0.002230 	for  sigma8
           0.000240 	for  100*theta_s
           0.003090 	for  H0
           0.000016 	for  rs_d
           0.002224 	for  Omega_m
           0.000002 	for  f_drmd
           0.000015 	for  z_dec_drmd
--> Not computing covariance matrix
--> Scanning file /home/jthybo/connect_wsl/data/DRMD_grendel_iter/number_4/2025-12-15_1000000__1.txt: Removed 10328 points of burn-in, and first 50 percent, keep 6529 steps
                                                                           2025-12-15_1000000__2.txt: Removed everything: chain not converged
                                                                           2025-12-15_1000000__3.txt: Removed everything: chain not converged
                                                                           2025-12-15_1000000__4.txt: Removed 5608 points of burn-in, and first 50 percent, keep 16796 steps
--> Computing mean values
--> Computing variance
--> Computing convergence criterium (Gelman-Rubin)
 -> R-1 is 0.007487 	for  omega_b
           0.002917 	for  omega_cdm
           0.004536 	for  h
           0.000764 	for  ln10^{10}A_s
           0.007637 	for  n_s
           0.000192 	for  tau_reio
           0.000003 	for  delta_Neff_drmd
           0.003393 	for  f_idm_drmd
           0.000001 	for  log10z_stop
           0.001153 	for  log10_G_over_aH_drmd
           0.001158 	for  A_planck
           0.000014 	for  z_reio
           0.003446 	for  Omega_Lambda
           0.008433 	for  YHe
           0.000736 	for  A_s
           0.003752 	for  sigma8
           0.000711 	for  100*theta_s
           0.004587 	for  H0
           0.000035 	for  rs_d
           0.003310 	for  Omega_m
           0.000007 	for  f_drmd
           0.000035 	for  z_dec_drmd
--> Not computing covariance matrix
--> Scanning file /home/jthybo/connect_wsl/data/DRMD_grendel_iter/number_4/2025-12-15_1000000__1.txt: Removed 10328 points of burn-in, and first 50 percent, keep 7004 steps
                                                                           2025-12-15_1000000__2.txt: Removed everything: chain not converged
                                                                           2025-12-15_1000000__3.txt: Removed everything: chain not converged
                                                                           2025-12-15_1000000__4.txt: Removed 5608 points of burn-in, and first 50 percent, keep 17564 steps
--> Computing mean values
--> Computing variance
--> Computing convergence criterium (Gelman-Rubin)
 -> R-1 is 0.017265 	for  omega_b
           0.001024 	for  omega_cdm
           0.003583 	for  h
           0.000284 	for  ln10^{10}A_s
           0.002676 	for  n_s
           0.000034 	for  tau_reio
           0.000004 	for  delta_Neff_drmd
           0.007444 	for  f_idm_drmd
           0.000680 	for  log10z_stop
           0.000009 	for  log10_G_over_aH_drmd
           0.001554 	for  A_planck
           0.000277 	for  z_reio
           0.002097 	for  Omega_Lambda
           0.017244 	for  YHe
           0.000311 	for  A_s
           0.004081 	for  sigma8
           0.000134 	for  100*theta_s
           0.003498 	for  H0
           0.003294 	for  rs_d
           0.001743 	for  Omega_m
           0.000020 	for  f_drmd
           0.000021 	for  z_dec_drmd
--> Not computing covariance matrix
--> Scanning file /home/jthybo/connect_wsl/data/DRMD_grendel_iter/number_4/2025-12-15_1000000__1.txt: Removed 10328 points of burn-in, and first 50 percent, keep 7516 steps
                                                                           2025-12-15_1000000__2.txt: Removed everything: chain not converged
                                                                           2025-12-15_1000000__3.txt: Removed everything: chain not converged
                                                                           2025-12-15_1000000__4.txt: Removed 5608 points of burn-in, and first 50 percent, keep 18349 steps
--> Computing mean values
--> Computing variance
--> Computing convergence criterium (Gelman-Rubin)
 -> R-1 is 0.018604 	for  omega_b
           0.009252 	for  omega_cdm
           0.015345 	for  h
           0.000049 	for  ln10^{10}A_s
           0.004478 	for  n_s
           0.001503 	for  tau_reio
           0.001280 	for  delta_Neff_drmd
           0.014439 	for  f_idm_drmd
           0.000224 	for  log10z_stop
           0.002047 	for  log10_G_over_aH_drmd
           0.001285 	for  A_planck
           0.000065 	for  z_reio
           0.012558 	for  Omega_Lambda
           0.020815 	for  YHe
           0.000005 	for  A_s
           0.007067 	for  sigma8
           0.000200 	for  100*theta_s
           0.015126 	for  H0
           0.000087 	for  rs_d
           0.011743 	for  Omega_m
           0.001977 	for  f_drmd
           0.000045 	for  z_dec_drmd
--> Not computing covariance matrix
--> Scanning file /home/jthybo/connect_wsl/data/DRMD_grendel_iter/number_4/2025-12-15_1000000__1.txt: Removed 10328 points of burn-in, and first 50 percent, keep 8026 steps
                                                                           2025-12-15_1000000__2.txt: Removed everything: chain not converged
                                                                           2025-12-15_1000000__3.txt: Removed everything: chain not converged
                                                                           2025-12-15_1000000__4.txt: Removed 5608 points of burn-in, and first 50 percent, keep 19086 steps
--> Computing mean values
--> Computing variance
--> Computing convergence criterium (Gelman-Rubin)
 -> R-1 is 0.012554 	for  omega_b
           0.010634 	for  omega_cdm
           0.015245 	for  h
           0.000004 	for  ln10^{10}A_s
           0.003293 	for  n_s
           0.000618 	for  tau_reio
           0.001867 	for  delta_Neff_drmd
           0.024864 	for  f_idm_drmd
           0.003930 	for  log10z_stop
           0.004934 	for  log10_G_over_aH_drmd
           0.001062 	for  A_planck
           0.000012 	for  z_reio
           0.013671 	for  Omega_Lambda
           0.014104 	for  YHe
           0.000070 	for  A_s
           0.010578 	for  sigma8
           0.000121 	for  100*theta_s
           0.015170 	for  H0
           0.000045 	for  rs_d
           0.012664 	for  Omega_m
           0.002549 	for  f_drmd
           0.000001 	for  z_dec_drmd
--> Not computing covariance matrix
--> Scanning file /home/jthybo/connect_wsl/data/DRMD_grendel_iter/number_4/2025-12-15_1000000__1.txt: Removed 10328 points of burn-in, and first 50 percent, keep 8531 steps
                                                                           2025-12-15_1000000__2.txt: Removed everything: chain not converged
                                                                           2025-12-15_1000000__3.txt: Removed everything: chain not converged
                                                                           2025-12-15_1000000__4.txt: Removed 5608 points of burn-in, and first 50 percent, keep 19829 steps
--> Computing mean values
--> Computing variance
--> Computing convergence criterium (Gelman-Rubin)
 -> R-1 is 0.019162 	for  omega_b
           0.005235 	for  omega_cdm
           0.010777 	for  h
           0.000026 	for  ln10^{10}A_s
           0.001791 	for  n_s
           0.000838 	for  tau_reio
           0.001175 	for  delta_Neff_drmd
           0.016318 	for  f_idm_drmd
           0.001289 	for  log10z_stop
           0.001887 	for  log10_G_over_aH_drmd
           0.002792 	for  A_planck
           0.000000 	for  z_reio
           0.008119 	for  Omega_Lambda
           0.020283 	for  YHe
           0.000116 	for  A_s
           0.007767 	for  sigma8
           0.000096 	for  100*theta_s
           0.010443 	for  H0
           0.001079 	for  rs_d
           0.007228 	for  Omega_m
           0.001953 	for  f_drmd
           0.000238 	for  z_dec_drmd
--> Not computing covariance matrix
--> Scanning file /home/jthybo/connect_wsl/data/DRMD_grendel_iter/number_4/2025-12-15_1000000__1.txt: Removed 10328 points of burn-in, and first 50 percent, keep 9064 steps
                                                                           2025-12-15_1000000__2.txt: Removed everything: chain not converged
                                                                           2025-12-15_1000000__3.txt: Removed everything: chain not converged
                                                                           2025-12-15_1000000__4.txt: Removed 5608 points of burn-in, and first 50 percent, keep 20599 steps
--> Computing mean values
--> Computing variance
--> Computing convergence criterium (Gelman-Rubin)
 -> R-1 is 0.012415 	for  omega_b
           0.000930 	for  omega_cdm
           0.003292 	for  h
           0.000313 	for  ln10^{10}A_s
           0.000168 	for  n_s
           0.000104 	for  tau_reio
           0.000217 	for  delta_Neff_drmd
           0.015667 	for  f_idm_drmd
           0.002663 	for  log10z_stop
           0.000047 	for  log10_G_over_aH_drmd
           0.003578 	for  A_planck
           0.000133 	for  z_reio
           0.002020 	for  Omega_Lambda
           0.012011 	for  YHe
           0.000508 	for  A_s
           0.007600 	for  sigma8
           0.000260 	for  100*theta_s
           0.003122 	for  H0
           0.002649 	for  rs_d
           0.001582 	for  Omega_m
           0.000528 	for  f_drmd
           0.000209 	for  z_dec_drmd
--> Not computing covariance matrix
--> Scanning file /home/jthybo/connect_wsl/data/DRMD_grendel_iter/number_4/2025-12-15_1000000__1.txt: Removed 10328 points of burn-in, and first 50 percent, keep 9576 steps
                                                                           2025-12-15_1000000__2.txt: Removed everything: chain not converged
                                                                           2025-12-15_1000000__3.txt: Removed everything: chain not converged
                                                                           2025-12-15_1000000__4.txt: Removed 5608 points of burn-in, and first 50 percent, keep 21366 steps
--> Computing mean values
--> Computing variance
--> Computing convergence criterium (Gelman-Rubin)
 -> R-1 is 0.007814 	for  omega_b
           0.000794 	for  omega_cdm
           0.002422 	for  h
           0.000122 	for  ln10^{10}A_s
           0.000001 	for  n_s
           0.000386 	for  tau_reio
           0.000372 	for  delta_Neff_drmd
           0.013935 	for  f_idm_drmd
           0.003418 	for  log10z_stop
           0.000174 	for  log10_G_over_aH_drmd
           0.003386 	for  A_planck
           0.000003 	for  z_reio
           0.001609 	for  Omega_Lambda
           0.007419 	for  YHe
           0.000251 	for  A_s
           0.005941 	for  sigma8
           0.000351 	for  100*theta_s
           0.002259 	for  H0
           0.001640 	for  rs_d
           0.001270 	for  Omega_m
           0.000603 	for  f_drmd
           0.000091 	for  z_dec_drmd
--> Not computing covariance matrix
--> Scanning file /home/jthybo/connect_wsl/data/DRMD_grendel_iter/number_4/2025-12-15_1000000__1.txt: Removed 10328 points of burn-in, and first 50 percent, keep 10114 steps
                                                                           2025-12-15_1000000__2.txt: Removed everything: chain not converged
                                                                           2025-12-15_1000000__3.txt: Removed everything: chain not converged
                                                                           2025-12-15_1000000__4.txt: Removed 5608 points of burn-in, and first 50 percent, keep 22076 steps
--> Computing mean values
--> Computing variance
--> Computing convergence criterium (Gelman-Rubin)
 -> R-1 is 0.009858 	for  omega_b
           0.000124 	for  omega_cdm
           0.000557 	for  h
           0.000730 	for  ln10^{10}A_s
           0.000493 	for  n_s
           0.000009 	for  tau_reio
           0.000218 	for  delta_Neff_drmd
           0.005478 	for  f_idm_drmd
           0.000265 	for  log10z_stop
           0.000309 	for  log10_G_over_aH_drmd
           0.005687 	for  A_planck
           0.000138 	for  z_reio
           0.000051 	for  Omega_Lambda
           0.008748 	for  YHe
           0.000870 	for  A_s
           0.001665 	for  sigma8
           0.000101 	for  100*theta_s
           0.000504 	for  H0
           0.006240 	for  rs_d
           0.000051 	for  Omega_m
           0.000445 	for  f_drmd
           0.000246 	for  z_dec_drmd
--> Not computing covariance matrix
--> Scanning file /home/jthybo/connect_wsl/data/DRMD_grendel_iter/number_4/2025-12-15_1000000__1.txt: Removed 10328 points of burn-in, and first 50 percent, keep 10659 steps
                                                                           2025-12-15_1000000__2.txt: Removed everything: chain not converged
