 /!\ PyMultiNest detected but MultiNest likely not installed correctly. You can
     safely ignore this if not running with option -m NS
 /!\ Detecting empty folder, logging the parameter file
 Initializing Planck likelihood, version Plik_v22_cmbonly_like                                                                                                                                                                                                                                                                                                                                                                                                                                                                                               
----
clik version 3be036bbb4f9
  plik_cmbonly
Checking likelihood '/home/jeppethybo/connect_public/resources/planck2018/code/plc_3.0/plc-3.01/../../../baseline/plc_3.0/hi_l/plik_lite/plik_lite_v22_TTTEEE.clik' on test data. got -292.286 expected -292.286 (diff -3.86223e-09)
----
<class 'montepython.likelihood_class.Likelihood_clik'>
<class 'montepython.likelihoods.Planck_lowl_EE.Planck_lowl_EE'>
Initializing SimAll
----
clik version 3be036bbb4f9
  simall simall_EE_BB_TE
Checking likelihood '/home/jeppethybo/connect_public/resources/planck2018/code/plc_3.0/plc-3.01/../../../baseline/plc_3.0/low_l/simall/simall_100x143_offlike5_EE_Aplanck_B.clik' on test data. got -197.99 expected -197.99 (diff -4.1778e-08)
----
----
clik version 3be036bbb4f9
  gibbs_gauss b13c8fda-1837-41b5-ae2d-78d6b723fcf1
Checking likelihood '/home/jeppethybo/connect_public/resources/planck2018/code/plc_3.0/plc-3.01/../../../baseline/plc_3.0/low_l/commander/commander_dx12_v3_2_29.clik' on test data. got -11.6257 expected -11.6257 (diff -1.07424e-09)
----
Creating /home/jeppethybo/connect_public/data/DRMD_iter/number_2/2025-12-03_1000000__1.txt

 /!\ PyMultiNest detected but MultiNest likely not installed correctly. You can
     safely ignore this if not running with option -m NS
 Initializing Planck likelihood, version Plik_v22_cmbonly_like                                                                                                                                                                                                                                                                                                                                                                                                                                                                                               
----
clik version 3be036bbb4f9
  plik_cmbonly
Checking likelihood '/home/jeppethybo/connect_public/resources/planck2018/code/plc_3.0/plc-3.01/../../../baseline/plc_3.0/hi_l/plik_lite/plik_lite_v22_TTTEEE.clik' on test data. got -292.286 expected -292.286 (diff -3.86223e-09)
----
<class 'montepython.likelihood_class.Likelihood_clik'>
<class 'montepython.likelihoods.Planck_lowl_EE.Planck_lowl_EE'>
Initializing SimAll
----
clik version 3be036bbb4f9
  simall simall_EE_BB_TE
Checking likelihood '/home/jeppethybo/connect_public/resources/planck2018/code/plc_3.0/plc-3.01/../../../baseline/plc_3.0/low_l/simall/simall_100x143_offlike5_EE_Aplanck_B.clik' on test data. got -197.99 expected -197.99 (diff -4.1778e-08)
----
----
clik version 3be036bbb4f9
  gibbs_gauss b13c8fda-1837-41b5-ae2d-78d6b723fcf1
Checking likelihood '/home/jeppethybo/connect_public/resources/planck2018/code/plc_3.0/plc-3.01/../../../baseline/plc_3.0/low_l/commander/commander_dx12_v3_2_29.clik' on test data. got -11.6257 expected -11.6257 (diff -1.07424e-09)
----
Creating /home/jeppethybo/connect_public/data/DRMD_iter/number_2/2025-12-03_1000000__2.txt

 /!\ PyMultiNest detected but MultiNest likely not installed correctly. You can
     safely ignore this if not running with option -m NS
 Initializing Planck likelihood, version Plik_v22_cmbonly_like                                                                                                                                                                                                                                                                                                                                                                                                                                                                                               
----
clik version 3be036bbb4f9
  plik_cmbonly
Checking likelihood '/home/jeppethybo/connect_public/resources/planck2018/code/plc_3.0/plc-3.01/../../../baseline/plc_3.0/hi_l/plik_lite/plik_lite_v22_TTTEEE.clik' on test data. got -292.286 expected -292.286 (diff -3.86223e-09)
----
<class 'montepython.likelihood_class.Likelihood_clik'>
<class 'montepython.likelihoods.Planck_lowl_EE.Planck_lowl_EE'>
Initializing SimAll
----
clik version 3be036bbb4f9
  simall simall_EE_BB_TE
Checking likelihood '/home/jeppethybo/connect_public/resources/planck2018/code/plc_3.0/plc-3.01/../../../baseline/plc_3.0/low_l/simall/simall_100x143_offlike5_EE_Aplanck_B.clik' on test data. got -197.99 expected -197.99 (diff -4.1778e-08)
----
----
clik version 3be036bbb4f9
  gibbs_gauss b13c8fda-1837-41b5-ae2d-78d6b723fcf1
Checking likelihood '/home/jeppethybo/connect_public/resources/planck2018/code/plc_3.0/plc-3.01/../../../baseline/plc_3.0/low_l/commander/commander_dx12_v3_2_29.clik' on test data. got -11.6257 expected -11.6257 (diff -1.07424e-09)
----
 /!\ PyMultiNest detected but MultiNest likely not installed correctly. You can
     safely ignore this if not running with option -m NS
Creating /home/jeppethybo/connect_public/data/DRMD_iter/number_2/2025-12-03_1000000__3.txt

 /!\ PyMultiNest detected but MultiNest likely not installed correctly. You can
     safely ignore this if not running with option -m NS
 Initializing Planck likelihood, version Plik_v22_cmbonly_like                                                                                                                                                                                                                                                                                                                                                                                                                                                                                               
----
clik version 3be036bbb4f9
  plik_cmbonly
Checking likelihood '/home/jeppethybo/connect_public/resources/planck2018/code/plc_3.0/plc-3.01/../../../baseline/plc_3.0/hi_l/plik_lite/plik_lite_v22_TTTEEE.clik' on test data. got -292.286 expected -292.286 (diff -3.86223e-09)
----
<class 'montepython.likelihood_class.Likelihood_clik'>
<class 'montepython.likelihoods.Planck_lowl_EE.Planck_lowl_EE'>
Initializing SimAll
----
clik version 3be036bbb4f9
  simall simall_EE_BB_TE
Checking likelihood '/home/jeppethybo/connect_public/resources/planck2018/code/plc_3.0/plc-3.01/../../../baseline/plc_3.0/low_l/simall/simall_100x143_offlike5_EE_Aplanck_B.clik' on test data. got -197.99 expected -197.99 (diff -4.1778e-08)
----
----
clik version 3be036bbb4f9
  gibbs_gauss b13c8fda-1837-41b5-ae2d-78d6b723fcf1
Checking likelihood '/home/jeppethybo/connect_public/resources/planck2018/code/plc_3.0/plc-3.01/../../../baseline/plc_3.0/low_l/commander/commander_dx12_v3_2_29.clik' on test data. got -11.6257 expected -11.6257 (diff -1.07424e-09)
----
Creating /home/jeppethybo/connect_public/data/DRMD_iter/number_2/2025-12-03_1000000__4.txt

--> Scanning file /home/jeppethybo/connect_public/data/DRMD_iter/number_2/2025-12-03_1000000__2.txt: Removed 283 points of burn-in, and first 50 percent, keep 1556 steps
                                                                          2025-12-03_1000000__3.txt: Removed 1948 points of burn-in, and first 50 percent, keep 736 steps
                                                                          2025-12-03_1000000__1.txt: Removed 300 points of burn-in, and first 50 percent, keep 1168 steps
                                                                          2025-12-03_1000000__4.txt: Removed 1088 points of burn-in, and first 50 percent, keep 1091 steps
--> Computing mean values
--> Computing variance
--> Computing convergence criterium (Gelman-Rubin)
 -> R-1 is 0.757002 	for  omega_b
           2.673639 	for  omega_cdm
           1.527551 	for  h
           0.100259 	for  ln10^{10}A_s
           0.038429 	for  n_s
           0.055507 	for  tau_reio
           3.998920 	for  delta_Neff_drmd
           3.690060 	for  f_idm_drmd
           7.351204 	for  log10z_stop
           1.281286 	for  A_planck
           0.045906 	for  z_reio
           0.123442 	for  Omega_Lambda
           0.424697 	for  YHe
           0.104842 	for  A_s
           0.099923 	for  sigma8
           0.139431 	for  100*theta_s
           1.543025 	for  H0
           4.310736 	for  rs_d
           1.638596 	for  Omega_m
           3.967626 	for  f_drmd
           3.967845 	for  z_dec_drmd
--> Not computing covariance matrix
 /!\ PyMultiNest detected but MultiNest likely not installed correctly. You can
     safely ignore this if not running with option -m NS
--> Scanning file /home/jeppethybo/connect_public/data/DRMD_iter/number_2/2025-12-03_1000000__2.txt: Removed 283 points of burn-in, and first 50 percent, keep 3191 steps
                                                                          2025-12-03_1000000__3.txt: Removed 1948 points of burn-in, and first 50 percent, keep 2449 steps
                                                                          2025-12-03_1000000__1.txt: Removed 300 points of burn-in, and first 50 percent, keep 2373 steps
                                                                          2025-12-03_1000000__4.txt: Removed 1088 points of burn-in, and first 50 percent, keep 2756 steps
--> Computing mean values
--> Computing variance
--> Computing convergence criterium (Gelman-Rubin)
 -> R-1 is 0.348584 	for  omega_b
           0.260071 	for  omega_cdm
           0.486284 	for  h
           0.020326 	for  ln10^{10}A_s
           0.193136 	for  n_s
           0.047306 	for  tau_reio
           0.484447 	for  delta_Neff_drmd
           1.151773 	for  f_idm_drmd
           3.469722 	for  log10z_stop
           0.369483 	for  A_planck
           0.040670 	for  z_reio
           0.233408 	for  Omega_Lambda
           0.295089 	for  YHe
           0.020808 	for  A_s
           0.043659 	for  sigma8
           0.103895 	for  100*theta_s
           0.484254 	for  H0
           0.422604 	for  rs_d
           0.328800 	for  Omega_m
           0.447692 	for  f_drmd
           0.447702 	for  z_dec_drmd
--> Not computing covariance matrix
--> Scanning file /home/jeppethybo/connect_public/data/DRMD_iter/number_2/2025-12-03_1000000__2.txt: Removed 283 points of burn-in, and first 50 percent, keep 4879 steps
                                                                          2025-12-03_1000000__3.txt: Removed 1954 points of burn-in, and first 50 percent, keep 4061 steps
                                                                          2025-12-03_1000000__1.txt: Removed 300 points of burn-in, and first 50 percent, keep 3590 steps
                                                                          2025-12-03_1000000__4.txt: Removed 1088 points of burn-in, and first 50 percent, keep 4466 steps
--> Computing mean values
--> Computing variance
--> Computing convergence criterium (Gelman-Rubin)
 -> R-1 is 0.258960 	for  omega_b
           0.628384 	for  omega_cdm
           0.619129 	for  h
           0.012227 	for  ln10^{10}A_s
           0.054904 	for  n_s
           0.032765 	for  tau_reio
           1.143680 	for  delta_Neff_drmd
           0.191611 	for  f_idm_drmd
           1.434565 	for  log10z_stop
           0.170114 	for  A_planck
           0.035471 	for  z_reio
           0.104503 	for  Omega_Lambda
           0.236495 	for  YHe
           0.012614 	for  A_s
           0.091936 	for  sigma8
           0.080592 	for  100*theta_s
           0.626493 	for  H0
           1.038240 	for  rs_d
           0.260418 	for  Omega_m
           1.134867 	for  f_drmd
           1.134884 	for  z_dec_drmd
--> Computing covariance matrix
--> Scanning file /home/jeppethybo/connect_public/data/DRMD_iter/number_2/2025-12-03_1000000__2.txt: Removed 283 points of burn-in, and first 50 percent, keep 7672 steps
                                                                          2025-12-03_1000000__3.txt: Removed 1954 points of burn-in, and first 50 percent, keep 6826 steps
                                                                          2025-12-03_1000000__1.txt: Removed 300 points of burn-in, and first 50 percent, keep 4863 steps
                                                                          2025-12-03_1000000__4.txt: Removed 1096 points of burn-in, and first 50 percent, keep 7235 steps
--> Computing mean values
--> Computing variance
--> Computing convergence criterium (Gelman-Rubin)
 -> R-1 is 0.041140 	for  omega_b
           0.101995 	for  omega_cdm
           0.086343 	for  h
           0.001957 	for  ln10^{10}A_s
           0.014776 	for  n_s
           0.002760 	for  tau_reio
           0.132798 	for  delta_Neff_drmd
           0.103866 	for  f_idm_drmd
           0.090645 	for  log10z_stop
           0.019969 	for  A_planck
           0.002884 	for  z_reio
           0.024500 	for  Omega_Lambda
           0.038449 	for  YHe
           0.002039 	for  A_s
           0.010999 	for  sigma8
           0.015962 	for  100*theta_s
           0.087154 	for  H0
           0.129997 	for  rs_d
           0.043144 	for  Omega_m
           0.133231 	for  f_drmd
           0.133232 	for  z_dec_drmd
--> Not computing covariance matrix
--> Scanning file /home/jeppethybo/connect_public/data/DRMD_iter/number_2/2025-12-03_1000000__2.txt: Removed 283 points of burn-in, and first 50 percent, keep 10387 steps
                                                                          2025-12-03_1000000__3.txt: Removed 1954 points of burn-in, and first 50 percent, keep 9591 steps
                                                                          2025-12-03_1000000__1.txt: Removed 300 points of burn-in, and first 50 percent, keep 6135 steps
                                                                          2025-12-03_1000000__4.txt: Removed 1096 points of burn-in, and first 50 percent, keep 10060 steps
--> Computing mean values
--> Computing variance
--> Computing convergence criterium (Gelman-Rubin)
 -> R-1 is 0.018721 	for  omega_b
           0.050833 	for  omega_cdm
           0.036847 	for  h
           0.000047 	for  ln10^{10}A_s
           0.005278 	for  n_s
           0.003160 	for  tau_reio
           0.059186 	for  delta_Neff_drmd
           0.007963 	for  f_idm_drmd
           0.005041 	for  log10z_stop
           0.002970 	for  A_planck
           0.003623 	for  z_reio
           0.010463 	for  Omega_Lambda
           0.017690 	for  YHe
           0.000042 	for  A_s
           0.008169 	for  sigma8
           0.007006 	for  100*theta_s
           0.037160 	for  H0
           0.060164 	for  rs_d
           0.017159 	for  Omega_m
           0.059798 	for  f_drmd
           0.059799 	for  z_dec_drmd
--> Not computing covariance matrix
--> Scanning file /home/jeppethybo/connect_public/data/DRMD_iter/number_2/2025-12-03_1000000__2.txt: Removed 283 points of burn-in, and first 50 percent, keep 13124 steps
                                                                          2025-12-03_1000000__3.txt: Removed 1954 points of burn-in, and first 50 percent, keep 12364 steps
                                                                          2025-12-03_1000000__1.txt: Removed 300 points of burn-in, and first 50 percent, keep 7363 steps
                                                                          2025-12-03_1000000__4.txt: Removed 1096 points of burn-in, and first 50 percent, keep 12878 steps
--> Computing mean values
--> Computing variance
--> Computing convergence criterium (Gelman-Rubin)
 -> R-1 is 0.015602 	for  omega_b
           0.040331 	for  omega_cdm
           0.031120 	for  h
           0.001206 	for  ln10^{10}A_s
           0.004724 	for  n_s
           0.004924 	for  tau_reio
           0.048389 	for  delta_Neff_drmd
           0.007789 	for  f_idm_drmd
           0.006358 	for  log10z_stop
           0.001583 	for  A_planck
           0.005366 	for  z_reio
           0.009250 	for  Omega_Lambda
           0.014361 	for  YHe
           0.001172 	for  A_s
           0.009979 	for  sigma8
           0.007598 	for  100*theta_s
           0.031333 	for  H0
           0.048296 	for  rs_d
           0.013440 	for  Omega_m
           0.048069 	for  f_drmd
           0.048069 	for  z_dec_drmd
--> Not computing covariance matrix
--> Scanning file /home/jeppethybo/connect_public/data/DRMD_iter/number_2/2025-12-03_1000000__2.txt: Removed 283 points of burn-in, and first 50 percent, keep 15907 steps
                                                                          2025-12-03_1000000__3.txt: Removed 1954 points of burn-in, and first 50 percent, keep 15149 steps
                                                                          2025-12-03_1000000__1.txt: Removed 300 points of burn-in, and first 50 percent, keep 8610 steps
                                                                          2025-12-03_1000000__4.txt: Removed 1096 points of burn-in, and first 50 percent, keep 15735 steps
--> Computing mean values
--> Computing variance
--> Computing convergence criterium (Gelman-Rubin)
 -> R-1 is 0.000979 	for  omega_b
           0.004915 	for  omega_cdm
           0.000921 	for  h
           0.001862 	for  ln10^{10}A_s
           0.000214 	for  n_s
           0.001596 	for  tau_reio
           0.002705 	for  delta_Neff_drmd
           0.014915 	for  f_idm_drmd
           0.000259 	for  log10z_stop
           0.001407 	for  A_planck
           0.001823 	for  z_reio
           0.000520 	for  Omega_Lambda
           0.000879 	for  YHe
           0.001776 	for  A_s
           0.005909 	for  sigma8
           0.000424 	for  100*theta_s
           0.000928 	for  H0
           0.003416 	for  rs_d
           0.000752 	for  Omega_m
           0.002700 	for  f_drmd
           0.002700 	for  z_dec_drmd
--> Not computing covariance matrix
