 /!\ PyMultiNest detected but MultiNest likely not installed correctly. You can
     safely ignore this if not running with option -m NS
 /!\ Detecting empty folder, logging the parameter file
 Initializing Planck likelihood, version Plik_v22_cmbonly_like                                                                                                                                                                                                                                                                                                                                                                                                                                                                                               
----
clik version 3be036bbb4f9
  plik_cmbonly
Checking likelihood '/home/jeppethybo/connect_public/resources/planck2018/code/plc_3.0/plc-3.01/../../../baseline/plc_3.0/hi_l/plik_lite/plik_lite_v22_TTTEEE.clik' on test data. got -292.286 expected -292.286 (diff -3.86223e-09)
----
<class 'montepython.likelihood_class.Likelihood_clik'>
<class 'montepython.likelihoods.Planck_lowl_EE.Planck_lowl_EE'>
Initializing SimAll
----
clik version 3be036bbb4f9
  simall simall_EE_BB_TE
Checking likelihood '/home/jeppethybo/connect_public/resources/planck2018/code/plc_3.0/plc-3.01/../../../baseline/plc_3.0/low_l/simall/simall_100x143_offlike5_EE_Aplanck_B.clik' on test data. got -197.99 expected -197.99 (diff -4.1778e-08)
----
----
clik version 3be036bbb4f9
  gibbs_gauss b13c8fda-1837-41b5-ae2d-78d6b723fcf1
Checking likelihood '/home/jeppethybo/connect_public/resources/planck2018/code/plc_3.0/plc-3.01/../../../baseline/plc_3.0/low_l/commander/commander_dx12_v3_2_29.clik' on test data. got -11.6257 expected -11.6257 (diff -1.07424e-09)
----
Creating /home/jeppethybo/connect_public/data/DRMD_iter/number_6/2025-12-03_1000000__1.txt

 /!\ PyMultiNest detected but MultiNest likely not installed correctly. You can
     safely ignore this if not running with option -m NS
 Initializing Planck likelihood, version Plik_v22_cmbonly_like                                                                                                                                                                                                                                                                                                                                                                                                                                                                                               
----
clik version 3be036bbb4f9
  plik_cmbonly
Checking likelihood '/home/jeppethybo/connect_public/resources/planck2018/code/plc_3.0/plc-3.01/../../../baseline/plc_3.0/hi_l/plik_lite/plik_lite_v22_TTTEEE.clik' on test data. got -292.286 expected -292.286 (diff -3.86223e-09)
----
<class 'montepython.likelihood_class.Likelihood_clik'>
<class 'montepython.likelihoods.Planck_lowl_EE.Planck_lowl_EE'>
Initializing SimAll
----
clik version 3be036bbb4f9
  simall simall_EE_BB_TE
Checking likelihood '/home/jeppethybo/connect_public/resources/planck2018/code/plc_3.0/plc-3.01/../../../baseline/plc_3.0/low_l/simall/simall_100x143_offlike5_EE_Aplanck_B.clik' on test data. got -197.99 expected -197.99 (diff -4.1778e-08)
----
----
clik version 3be036bbb4f9
  gibbs_gauss b13c8fda-1837-41b5-ae2d-78d6b723fcf1
Checking likelihood '/home/jeppethybo/connect_public/resources/planck2018/code/plc_3.0/plc-3.01/../../../baseline/plc_3.0/low_l/commander/commander_dx12_v3_2_29.clik' on test data. got -11.6257 expected -11.6257 (diff -1.07424e-09)
----
Creating /home/jeppethybo/connect_public/data/DRMD_iter/number_6/2025-12-03_1000000__2.txt

 /!\ PyMultiNest detected but MultiNest likely not installed correctly. You can
     safely ignore this if not running with option -m NS
 Initializing Planck likelihood, version Plik_v22_cmbonly_like                                                                                                                                                                                                                                                                                                                                                                                                                                                                                               
----
clik version 3be036bbb4f9
  plik_cmbonly
Checking likelihood '/home/jeppethybo/connect_public/resources/planck2018/code/plc_3.0/plc-3.01/../../../baseline/plc_3.0/hi_l/plik_lite/plik_lite_v22_TTTEEE.clik' on test data. got -292.286 expected -292.286 (diff -3.86223e-09)
----
<class 'montepython.likelihood_class.Likelihood_clik'>
<class 'montepython.likelihoods.Planck_lowl_EE.Planck_lowl_EE'>
Initializing SimAll
----
clik version 3be036bbb4f9
  simall simall_EE_BB_TE
Checking likelihood '/home/jeppethybo/connect_public/resources/planck2018/code/plc_3.0/plc-3.01/../../../baseline/plc_3.0/low_l/simall/simall_100x143_offlike5_EE_Aplanck_B.clik' on test data. got -197.99 expected -197.99 (diff -4.1778e-08)
----
----
clik version 3be036bbb4f9
  gibbs_gauss b13c8fda-1837-41b5-ae2d-78d6b723fcf1
Checking likelihood '/home/jeppethybo/connect_public/resources/planck2018/code/plc_3.0/plc-3.01/../../../baseline/plc_3.0/low_l/commander/commander_dx12_v3_2_29.clik' on test data. got -11.6257 expected -11.6257 (diff -1.07424e-09)
----
 /!\ PyMultiNest detected but MultiNest likely not installed correctly. You can
     safely ignore this if not running with option -m NS
Creating /home/jeppethybo/connect_public/data/DRMD_iter/number_6/2025-12-03_1000000__3.txt

 /!\ PyMultiNest detected but MultiNest likely not installed correctly. You can
     safely ignore this if not running with option -m NS
 Initializing Planck likelihood, version Plik_v22_cmbonly_like                                                                                                                                                                                                                                                                                                                                                                                                                                                                                               
----
clik version 3be036bbb4f9
  plik_cmbonly
Checking likelihood '/home/jeppethybo/connect_public/resources/planck2018/code/plc_3.0/plc-3.01/../../../baseline/plc_3.0/hi_l/plik_lite/plik_lite_v22_TTTEEE.clik' on test data. got -292.286 expected -292.286 (diff -3.86223e-09)
----
<class 'montepython.likelihood_class.Likelihood_clik'>
<class 'montepython.likelihoods.Planck_lowl_EE.Planck_lowl_EE'>
Initializing SimAll
----
clik version 3be036bbb4f9
  simall simall_EE_BB_TE
Checking likelihood '/home/jeppethybo/connect_public/resources/planck2018/code/plc_3.0/plc-3.01/../../../baseline/plc_3.0/low_l/simall/simall_100x143_offlike5_EE_Aplanck_B.clik' on test data. got -197.99 expected -197.99 (diff -4.1778e-08)
----
----
clik version 3be036bbb4f9
  gibbs_gauss b13c8fda-1837-41b5-ae2d-78d6b723fcf1
Checking likelihood '/home/jeppethybo/connect_public/resources/planck2018/code/plc_3.0/plc-3.01/../../../baseline/plc_3.0/low_l/commander/commander_dx12_v3_2_29.clik' on test data. got -11.6257 expected -11.6257 (diff -1.07424e-09)
----
Creating /home/jeppethybo/connect_public/data/DRMD_iter/number_6/2025-12-03_1000000__4.txt

--> Scanning file /home/jeppethybo/connect_public/data/DRMD_iter/number_6/2025-12-03_1000000__2.txt: Removed 802 points of burn-in, and first 50 percent, keep 1362 steps
                                                                          2025-12-03_1000000__3.txt: Removed 791 points of burn-in, and first 50 percent, keep 1312 steps
                                                                          2025-12-03_1000000__1.txt: Removed 345 points of burn-in, and first 50 percent, keep 1148 steps
                                                                          2025-12-03_1000000__4.txt: Removed 1480 points of burn-in, and first 50 percent, keep 1000 steps
--> Computing mean values
--> Computing variance
--> Computing convergence criterium (Gelman-Rubin)
 -> R-1 is 0.304602 	for  omega_b
           0.797851 	for  omega_cdm
           0.483666 	for  h
           0.048203 	for  ln10^{10}A_s
           0.017927 	for  n_s
           0.039536 	for  tau_reio
           1.227125 	for  delta_Neff_drmd
           5.192504 	for  f_idm_drmd
           0.529985 	for  log10z_stop
           0.112971 	for  A_planck
           0.032104 	for  z_reio
           0.071387 	for  Omega_Lambda
           0.177477 	for  YHe
           0.048777 	for  A_s
           0.014218 	for  sigma8
           0.043345 	for  100*theta_s
           0.484601 	for  H0
           1.409231 	for  rs_d
           0.468671 	for  Omega_m
           1.257533 	for  f_drmd
           1.257599 	for  z_dec_drmd
--> Not computing covariance matrix
 /!\ PyMultiNest detected but MultiNest likely not installed correctly. You can
     safely ignore this if not running with option -m NS
--> Scanning file /home/jeppethybo/connect_public/data/DRMD_iter/number_6/2025-12-03_1000000__2.txt: Removed 1202 points of burn-in, and first 50 percent, keep 2912 steps
                                                                          2025-12-03_1000000__3.txt: Removed 792 points of burn-in, and first 50 percent, keep 3037 steps
                                                                          2025-12-03_1000000__1.txt: Removed 390 points of burn-in, and first 50 percent, keep 2445 steps
                                                                          2025-12-03_1000000__4.txt: Removed 1483 points of burn-in, and first 50 percent, keep 2774 steps
--> Computing mean values
--> Computing variance
--> Computing convergence criterium (Gelman-Rubin)
 -> R-1 is 0.625926 	for  omega_b
           1.000687 	for  omega_cdm
           1.152820 	for  h
           0.054646 	for  ln10^{10}A_s
           0.428491 	for  n_s
           0.048960 	for  tau_reio
           1.620899 	for  delta_Neff_drmd
           0.224860 	for  f_idm_drmd
           1.479475 	for  log10z_stop
           0.289134 	for  A_planck
           0.053820 	for  z_reio
           0.385706 	for  Omega_Lambda
           0.566525 	for  YHe
           0.053856 	for  A_s
           0.104323 	for  sigma8
           0.257541 	for  100*theta_s
           1.154471 	for  H0
           1.463716 	for  rs_d
           0.734495 	for  Omega_m
           1.567759 	for  f_drmd
           1.567794 	for  z_dec_drmd
--> Computing covariance matrix
--> Scanning file /home/jeppethybo/connect_public/data/DRMD_iter/number_6/2025-12-03_1000000__2.txt: Removed 1202 points of burn-in, and first 50 percent, keep 5480 steps
                                                                          2025-12-03_1000000__3.txt: Removed 792 points of burn-in, and first 50 percent, keep 5585 steps
                                                                          2025-12-03_1000000__1.txt: Removed 390 points of burn-in, and first 50 percent, keep 3820 steps
                                                                          2025-12-03_1000000__4.txt: Removed 1483 points of burn-in, and first 50 percent, keep 5372 steps
--> Computing mean values
--> Computing variance
--> Computing convergence criterium (Gelman-Rubin)
 -> R-1 is 0.257749 	for  omega_b
           0.626889 	for  omega_cdm
           0.465082 	for  h
           0.010750 	for  ln10^{10}A_s
           0.088961 	for  n_s
           0.002375 	for  tau_reio
           0.730556 	for  delta_Neff_drmd
           0.007915 	for  f_idm_drmd
           0.021777 	for  log10z_stop
           0.008927 	for  A_planck
           0.003606 	for  z_reio
           0.123593 	for  Omega_Lambda
           0.235298 	for  YHe
           0.010246 	for  A_s
           0.048698 	for  sigma8
           0.102432 	for  100*theta_s
           0.465290 	for  H0
           0.702726 	for  rs_d
           0.245882 	for  Omega_m
           0.678312 	for  f_drmd
           0.678320 	for  z_dec_drmd
--> Computing covariance matrix
--> Scanning file /home/jeppethybo/connect_public/data/DRMD_iter/number_6/2025-12-03_1000000__2.txt: Removed 1202 points of burn-in, and first 50 percent, keep 7980 steps
                                                                          2025-12-03_1000000__3.txt: Removed 792 points of burn-in, and first 50 percent, keep 8080 steps
                                                                          2025-12-03_1000000__1.txt: Removed 390 points of burn-in, and first 50 percent, keep 5068 steps
                                                                          2025-12-03_1000000__4.txt: Removed 1483 points of burn-in, and first 50 percent, keep 7945 steps
--> Computing mean values
--> Computing variance
--> Computing convergence criterium (Gelman-Rubin)
 -> R-1 is 0.018261 	for  omega_b
           0.024111 	for  omega_cdm
           0.035769 	for  h
           0.007808 	for  ln10^{10}A_s
           0.018223 	for  n_s
           0.002917 	for  tau_reio
           0.040335 	for  delta_Neff_drmd
           0.042454 	for  f_idm_drmd
           0.003314 	for  log10z_stop
           0.004906 	for  A_planck
           0.002795 	for  z_reio
           0.018448 	for  Omega_Lambda
           0.017963 	for  YHe
           0.007799 	for  A_s
           0.000798 	for  sigma8
           0.008349 	for  100*theta_s
           0.035842 	for  H0
           0.032178 	for  rs_d
           0.021746 	for  Omega_m
           0.036147 	for  f_drmd
           0.036147 	for  z_dec_drmd
--> Not computing covariance matrix
--> Scanning file /home/jeppethybo/connect_public/data/DRMD_iter/number_6/2025-12-03_1000000__2.txt: Removed 1202 points of burn-in, and first 50 percent, keep 10580 steps
                                                                          2025-12-03_1000000__3.txt: Removed 792 points of burn-in, and first 50 percent, keep 10670 steps
                                                                          2025-12-03_1000000__1.txt: Removed 390 points of burn-in, and first 50 percent, keep 6343 steps
                                                                          2025-12-03_1000000__4.txt: Removed 1483 points of burn-in, and first 50 percent, keep 10550 steps
--> Computing mean values
--> Computing variance
--> Computing convergence criterium (Gelman-Rubin)
 -> R-1 is 0.000462 	for  omega_b
           0.000691 	for  omega_cdm
           0.000755 	for  h
           0.001358 	for  ln10^{10}A_s
           0.002365 	for  n_s
           0.001165 	for  tau_reio
           0.000893 	for  delta_Neff_drmd
           0.108196 	for  f_idm_drmd
           0.032647 	for  log10z_stop
           0.005446 	for  A_planck
           0.001042 	for  z_reio
           0.001139 	for  Omega_Lambda
           0.000499 	for  YHe
           0.001396 	for  A_s
           0.000511 	for  sigma8
           0.000456 	for  100*theta_s
           0.000763 	for  H0
           0.000788 	for  rs_d
           0.001100 	for  Omega_m
           0.001241 	for  f_drmd
           0.001241 	for  z_dec_drmd
--> Not computing covariance matrix
--> Scanning file /home/jeppethybo/connect_public/data/DRMD_iter/number_6/2025-12-03_1000000__2.txt: Removed 1202 points of burn-in, and first 50 percent, keep 12985 steps
                                                                          2025-12-03_1000000__3.txt: Removed 792 points of burn-in, and first 50 percent, keep 13105 steps
                                                                          2025-12-03_1000000__1.txt: Removed 390 points of burn-in, and first 50 percent, keep 7530 steps
                                                                          2025-12-03_1000000__4.txt: Removed 1483 points of burn-in, and first 50 percent, keep 13030 steps
--> Computing mean values
--> Computing variance
--> Computing convergence criterium (Gelman-Rubin)
 -> R-1 is 0.011267 	for  omega_b
           0.016925 	for  omega_cdm
           0.011493 	for  h
           0.001351 	for  ln10^{10}A_s
           0.002211 	for  n_s
           0.001732 	for  tau_reio
           0.017765 	for  delta_Neff_drmd
           0.008262 	for  f_idm_drmd
           0.036803 	for  log10z_stop
           0.004879 	for  A_planck
           0.001842 	for  z_reio
           0.002921 	for  Omega_Lambda
           0.010541 	for  YHe
           0.001330 	for  A_s
           0.002586 	for  sigma8
           0.003666 	for  100*theta_s
           0.011494 	for  H0
           0.019817 	for  rs_d
           0.004545 	for  Omega_m
           0.017465 	for  f_drmd
           0.017465 	for  z_dec_drmd
--> Not computing covariance matrix
--> Scanning file /home/jeppethybo/connect_public/data/DRMD_iter/number_6/2025-12-03_1000000__2.txt: Removed 1202 points of burn-in, and first 50 percent, keep 15505 steps
                                                                          2025-12-03_1000000__3.txt: Removed 792 points of burn-in, and first 50 percent, keep 15680 steps
                                                                          2025-12-03_1000000__1.txt: Removed 406 points of burn-in, and first 50 percent, keep 8817 steps
                                                                          2025-12-03_1000000__4.txt: Removed 1483 points of burn-in, and first 50 percent, keep 15622 steps
--> Computing mean values
--> Computing variance
--> Computing convergence criterium (Gelman-Rubin)
 -> R-1 is 0.006058 	for  omega_b
           0.007558 	for  omega_cdm
           0.006379 	for  h
           0.001245 	for  ln10^{10}A_s
           0.002117 	for  n_s
           0.001037 	for  tau_reio
           0.009049 	for  delta_Neff_drmd
           0.005717 	for  f_idm_drmd
           0.002680 	for  log10z_stop
           0.000888 	for  A_planck
           0.000943 	for  z_reio
           0.001956 	for  Omega_Lambda
           0.005782 	for  YHe
           0.001215 	for  A_s
           0.001116 	for  sigma8
           0.002387 	for  100*theta_s
           0.006386 	for  H0
           0.009438 	for  rs_d
           0.002577 	for  Omega_m
           0.008559 	for  f_drmd
           0.008559 	for  z_dec_drmd
--> Not computing covariance matrix
