--------------------------------------------------------------


[1;97m [0m[1;97m.[0m[1;97m [0m[1;97m [0m[1;97m.[0m[1;97m [0m[1;97m [0m[1;97m [0m[1;97m [0m[1;97m [0m[1;97m [0m[1;97m [0m[1;97m [0m[1;97m [0m[1;97m [0m[1;97m.[0m[1;97m [0m[1;97m [0m[1;97m [0m[1;97m.[0m[1;97m [0m[1;97m [0m[1;97m [0m[1;97m [0m[1;97m [0m[1;97m [0m[1;97m [0m[1;97m [0m[1;97m [0m[1;97m [0m[1;97m [0m[1;97m [0m[1;97m [0m[1;97m [0m[1;97m [0m[1;97m [0m[1;97m [0m[1;97m.[0m[1;97m [0m[1;97m.[0m[1;97m [0m[1;97m [0m[1;97m [0m[1;97m [0m[1;97m [0m[1;97m [0m[1;97m.[0m[1;97m [0m[1;97m [0m[1;97m [0m[1;97m [0m[1;97m [0m[1;97m [0m[1;97m [0m[1;97m [0m[1;97m [0m[1;97m [0m[1;97m [0m[1;97m [0m[1;97m [0m[1;97m [0m[1;97m [0m
[1;97m [0m[1;35mâ–ˆ[0m[1;35mâ–ˆ[0m[1;35mâ–ˆ[0m[1;35mâ–ˆ[0m[1;35mâ–ˆ[0m[1;35mâ–ˆ[0m[1;35mâ•—[0m[1;97m [0m[1;35mâ–ˆ[0m[1;35mâ–ˆ[0m[1;35mâ–ˆ[0m[1;35mâ–ˆ[0m[1;35mâ–ˆ[0m[1;35mâ–ˆ[0m[1;35mâ•—[0m[1;97m [0m[1;35mâ–ˆ[0m[1;35mâ–ˆ[0m[1;35mâ–ˆ[0m[1;35mâ•—[0m[1;97m [0m[1;97m [0m[1;97m [0m[1;35mâ–ˆ[0m[1;35mâ–ˆ[0m[1;35mâ•—[0m[1;35mâ–ˆ[0m[1;35mâ–ˆ[0m[1;35mâ–ˆ[0m[1;35mâ•—[0m[1;97m [0m[1;97m [0m[1;97m [0m[1;35mâ–ˆ[0m[1;35mâ–ˆ[0m[1;35mâ•—[0m[1;35mâ–ˆ[0m[1;35mâ–ˆ[0m[1;35mâ–ˆ[0m[1;35mâ–ˆ[0m[1;35mâ–ˆ[0m[1;35mâ–ˆ[0m[1;35mâ–ˆ[0m[1;35mâ•—[0m[1;97m.[0m[1;35mâ–ˆ[0m[1;35mâ–ˆ[0m[1;35mâ–ˆ[0m[1;35mâ–ˆ[0m[1;35mâ–ˆ[0m[1;35mâ–ˆ[0m[1;35mâ•—[0m[1;35mâ–ˆ[0m[1;35mâ–ˆ[0m[1;35mâ–ˆ[0m[1;35mâ–ˆ[0m[1;35mâ–ˆ[0m[1;35mâ–ˆ[0m[1;35mâ–ˆ[0m[1;35mâ–ˆ[0m[1;35mâ•—[0m
[1;35mâ–ˆ[0m[1;35mâ–ˆ[0m[1;35mâ•”[0m[1;35mâ•[0m[1;35mâ•[0m[1;35mâ•[0m[1;35mâ•[0m[1;35mâ•[0m[1;35mâ–ˆ[0m[1;35mâ–ˆ[0m[1;35mâ•”[0m[1;35mâ•[0m[1;35mâ•[0m[1;35mâ•[0m[1;35mâ–ˆ[0m[1;35mâ–ˆ[0m[1;35mâ•—[0m[1;35mâ–ˆ[0m[1;35mâ–ˆ[0m[1;35mâ–ˆ[0m[1;35mâ–ˆ[0m[1;35mâ•—[0m[1;97m [0m[1;97m.[0m[1;35mâ–ˆ[0m[1;35mâ–ˆ[0m[1;35mâ•‘[0m[1;35mâ–ˆ[0m[1;35mâ–ˆ[0m[1;35mâ–ˆ[0m[1;35mâ–ˆ[0m[1;35mâ•—[0m[1;97m.[0m[1;97m [0m[1;35mâ–ˆ[0m[1;35mâ–ˆ[0m[1;35mâ•‘[0m[1;35mâ–ˆ[0m[1;35mâ–ˆ[0m[1;35mâ•”[0m[1;35mâ•[0m[1;35mâ•[0m[1;35mâ•[0m[1;35mâ•[0m[1;35mâ•[0m[1;35mâ–ˆ[0m[1;35mâ–ˆ[0m[1;35mâ•”[0m[1;35mâ•[0m[1;35mâ•[0m[1;35mâ•[0m[1;35mâ•[0m[1;35mâ•[0m[1;35mâ•š[0m[1;35mâ•[0m[1;35mâ•[0m[1;35mâ–ˆ[0m[1;35mâ–ˆ[0m[1;35mâ•”[0m[1;35mâ•[0m[1;35mâ•[0m[1;35mâ•[0m
[1;35mâ–ˆ[0m[1;35mâ–ˆ[0m[1;35mâ•‘[0m[1;97m [0m[1;97m [0m[1;97m [0m[1;97m [0m[1;97m [0m[1;35mâ–ˆ[0m[1;35mâ–ˆ[0m[1;35mâ•‘[0m[1;97m [0m[1;97m [0m[1;97m.[0m[1;35mâ–ˆ[0m[1;35mâ–ˆ[0m[1;35mâ•‘[0m[1;35mâ–ˆ[0m[1;35mâ–ˆ[0m[1;35mâ•”[0m[1;35mâ–ˆ[0m[1;35mâ–ˆ[0m[1;35mâ•—[0m[1;97m [0m[1;35mâ–ˆ[0m[1;35mâ–ˆ[0m[1;35mâ•‘[0m[1;35mâ–ˆ[0m[1;35mâ–ˆ[0m[1;35mâ•”[0m[1;35mâ–ˆ[0m[1;35mâ–ˆ[0m[1;35mâ•—[0m[1;97m [0m[1;35mâ–ˆ[0m[1;35mâ–ˆ[0m[1;35mâ•‘[0m[1;35mâ–ˆ[0m[1;35mâ–ˆ[0m[1;35mâ–ˆ[0m[1;35mâ–ˆ[0m[1;35mâ–ˆ[0m[1;35mâ•—[0m[1;97m [0m[1;97m.[0m[1;35mâ–ˆ[0m[1;35mâ–ˆ[0m[1;35mâ•‘[0m[1;97m [0m[1;97m.[0m[1;97m [0m[1;97m [0m[1;97m [0m[1;97m [0m[1;97m [0m[1;97m [0m[1;35mâ–ˆ[0m[1;35mâ–ˆ[0m[1;35mâ•‘[0m[1;97m [0m[1;97m [0m[1;97m [0m
[1;35mâ–ˆ[0m[1;35mâ–ˆ[0m[1;35mâ•‘[0m[1;97m [0m[1;97m [0m[1;97m [0m[1;97m [0m[1;97m [0m[1;35mâ–ˆ[0m[1;35mâ–ˆ[0m[1;35mâ•‘[0m[1;97m [0m[1;97m [0m[1;97m [0m[1;35mâ–ˆ[0m[1;35mâ–ˆ[0m[1;35mâ•‘[0m[1;35mâ–ˆ[0m[1;35mâ–ˆ[0m[1;35mâ•‘[0m[1;35mâ•š[0m[1;35mâ–ˆ[0m[1;35mâ–ˆ[0m[1;35mâ•—[0m[1;35mâ–ˆ[0m[1;35mâ–ˆ[0m[1;35mâ•‘[0m[1;35mâ–ˆ[0m[1;35mâ–ˆ[0m[1;35mâ•‘[0m[1;35mâ•š[0m[1;35mâ–ˆ[0m[1;35mâ–ˆ[0m[1;35mâ•—[0m[1;35mâ–ˆ[0m[1;35mâ–ˆ[0m[1;35mâ•‘[0m[1;35mâ–ˆ[0m[1;35mâ–ˆ[0m[1;35mâ•”[0m[1;35mâ•[0m[1;35mâ•[0m[1;35mâ•[0m[1;97m [0m[1;97m [0m[1;35mâ–ˆ[0m[1;35mâ–ˆ[0m[1;35mâ•‘[0m[1;97m [0m[1;97m.[0m[1;97m.[0m[1;97m [0m[1;97m [0m[1;97m [0m[1;97m [0m[1;97m.[0m[1;35mâ–ˆ[0m[1;35mâ–ˆ[0m[1;35mâ•‘[0m[1;97m [0m[1;97m [0m[1;97m [0m
[1;35mâ•š[0m[1;35mâ–ˆ[0m[1;35mâ–ˆ[0m[1;35mâ–ˆ[0m[1;35mâ–ˆ[0m[1;35mâ–ˆ[0m[1;35mâ–ˆ[0m[1;35mâ•—[0m[1;35mâ•š[0m[1;35mâ–ˆ[0m[1;35mâ–ˆ[0m[1;35mâ–ˆ[0m[1;35mâ–ˆ[0m[1;35mâ–ˆ[0m[1;35mâ–ˆ[0m[1;35mâ•”[0m[1;35mâ•[0m[1;35mâ–ˆ[0m[1;35mâ–ˆ[0m[1;35mâ•‘[0m[1;97m [0m[1;35mâ•š[0m[1;35mâ–ˆ[0m[1;35mâ–ˆ[0m[1;35mâ–ˆ[0m[1;35mâ–ˆ[0m[1;35mâ•‘[0m[1;35mâ–ˆ[0m[1;35mâ–ˆ[0m[1;35mâ•‘[0m[1;97m.[0m[1;35mâ•š[0m[1;35mâ–ˆ[0m[1;35mâ–ˆ[0m[1;35mâ–ˆ[0m[1;35mâ–ˆ[0m[1;35mâ•‘[0m[1;35mâ–ˆ[0m[1;35mâ–ˆ[0m[1;35mâ–ˆ[0m[1;35mâ–ˆ[0m[1;35mâ–ˆ[0m[1;35mâ–ˆ[0m[1;35mâ–ˆ[0m[1;35mâ•—[0m[1;35mâ•š[0m[1;35mâ–ˆ[0m[1;35mâ–ˆ[0m[1;35mâ–ˆ[0m[1;35mâ–ˆ[0m[1;35mâ–ˆ[0m[1;35mâ–ˆ[0m[1;35mâ•—[0m[1;97m [0m[1;97m [0m[1;97m [0m[1;35mâ–ˆ[0m[1;35mâ–ˆ[0m[1;35mâ•‘[0m[1;97m [0m[1;97m [0m[1;97m.[0m
[1;97m.[0m[1;35mâ•š[0m[1;35mâ•[0m[1;35mâ•[0m[1;35mâ•[0m[1;35mâ•[0m[1;35mâ•[0m[1;35mâ•[0m[1;97m [0m[1;35mâ•š[0m[1;35mâ•[0m[1;35mâ•[0m[1;35mâ•[0m[1;35mâ•[0m[1;35mâ•[0m[1;35mâ•[0m[1;97m [0m[1;35mâ•š[0m[1;35mâ•[0m[1;35mâ•[0m[1;97m [0m[1;97m [0m[1;35mâ•š[0m[1;35mâ•[0m[1;35mâ•[0m[1;35mâ•[0m[1;35mâ•[0m[1;35mâ•š[0m[1;35mâ•[0m[1;35mâ•[0m[1;97m [0m[1;97m [0m[1;35mâ•š[0m[1;35mâ•[0m[1;35mâ•[0m[1;35mâ•[0m[1;35mâ•[0m[1;35mâ•š[0m[1;35mâ•[0m[1;35mâ•[0m[1;35mâ•[0m[1;35mâ•[0m[1;35mâ•[0m[1;35mâ•[0m[1;35mâ•[0m[1;97m [0m[1;35mâ•š[0m[1;35mâ•[0m[1;35mâ•[0m[1;35mâ•[0m[1;35mâ•[0m[1;35mâ•[0m[1;35mâ•[0m[1;97m [0m[1;97m [0m[1;97m [0m[1;35mâ•š[0m[1;35mâ•[0m[1;35mâ•[0m[1;97m [0m[1;97m [0m[1;97m.[0m[1;97m [0m
[1;97m [0m[1;97m [0m[1;97m.[0m[1;97m [0m[1;97m [0m[1;97m [0m[1;97m [0m[1;97m [0m[1;97m.[0m[1;97m [0m[1;97m [0m[1;97m [0m[1;97m [0m[1;97m [0m[1;97m [0m[1;97m.[0m[1;97m [0m[1;97m [0m[1;97m.[0m[1;97m [0m[1;97m [0m[1;97m [0m[1;90m_[0m[1;90m_[0m[1;97m.[0m[1;97m [0m[1;97m [0m[1;97m [0m[1;97m [0m[1;97m [0m[1;97m [0m[1;97m [0m[1;97m [0m[1;97m [0m[1;97m [0m[1;97m [0m[1;97m [0m[1;97m [0m[1;90m_[0m[1;90m_[0m[1;97m [0m[1;97m.[0m[1;97m [0m[1;97m [0m[1;97m [0m[1;97m [0m[1;97m [0m[1;97m [0m[1;97m [0m[1;97m [0m[1;97m [0m[1;97m [0m[1;97m [0m[1;97m [0m[1;97m [0m[1;97m [0m[1;97m [0m[1;97m [0m[1;97m.[0m[1;97m [0m[1;97m [0m[1;97m [0m
[1;90m\[0m[1;97m [0m[1;90m\[0m[1;90m\[0m[1;97m [0m[1;90m\[0m[1;97m [0m[1;97m [0m[1;97m [0m[1;97m.[0m[1;97m [0m[1;97m [0m[1;97m [0m[1;97m [0m[1;97m [0m[1;90m_[0m[1;90m_[0m[1;90m_[0m[1;90m_[0m[1;90m_[0m[1;90m_[0m[1;90m|[0m[1;97m [0m[1;97m [0m[1;90m|[0m[1;97m [0m[1;97m [0m[1;97m [0m[1;97m [0m[1;97m [0m[1;97m [0m[1;97m.[0m[1;97m [0m[1;97m [0m[1;97m [0m[1;97m [0m[1;97m [0m[1;90m|[0m[1;97m [0m[1;97m [0m[1;90m|[0m[1;90m_[0m[1;90m_[0m[1;90m_[0m[1;90m_[0m[1;90m_[0m[1;90m_[0m[1;97m [0m[1;97m [0m[1;97m [0m[1;97m [0m[1;97m [0m[1;97m [0m[1;97m [0m[1;97m [0m[1;97m [0m[1;90m/[0m[1;97m [0m[1;90m/[0m[1;90m/[0m[1;97m [0m[1;90m/[0m
[1;97m [0m[1;90m\[0m[1;97m [0m[1;90m\[0m[1;90m\[0m[1;97m [0m[1;90m\[0m[1;97m.[0m[1;97m [0m[1;97m [0m[1;97m [0m[1;97m [0m[1;90m_[0m[1;90m_[0m[1;90m/[0m[1;97m [0m[1;97m [0m[1;97m [0m[1;97m [0m[1;97m [0m[1;35m_[0m[1;35m_[0m[1;97m [0m[1;97m [0m[1;90m|[0m[1;97m [0m[1;97m [0m[1;97m [0m[1;97m [0m[1;97m [0m[1;97m [0m[1;90m_[0m[1;90m_[0m[1;90m_[0m[1;90m_[0m[1;90m_[0m[1;90m_[0m[1;90m|[0m[1;97m [0m[1;97m [0m[1;97m [0m[1;97m [0m[1;97m [0m[1;97m [0m[1;97m [0m[1;97m [0m[1;97m [0m[1;90m\[0m[1;90m_[0m[1;90m_[0m[1;97m [0m[1;97m.[0m[1;97m [0m[1;97m [0m[1;97m [0m[1;90m/[0m[1;97m [0m[1;90m/[0m[1;90m/[0m[1;97m [0m[1;90m/[0m[1;97m [0m
[1;97m [0m[1;97m.[0m[1;90m\[0m[1;97m [0m[1;90m\[0m[1;90m\[0m[1;97m [0m[1;90m\[0m[1;90m-[0m[1;90m-[0m[1;90m-[0m[1;90m|[0m[1;97m [0m[1;97m [0m[1;97m [0m[1;97m [0m[1;97m [0m[1;97m [0m[1;97m [0m[1;35m/[0m[1;97m [0m[1;97m [0m[1;35m)[0m[1;97m [0m[1;90m|[0m[1;97m [0m[1;97m [0m[1;97m [0m[1;97m [0m[1;97m.[0m[1;90m([0m[1;90m_[0m[1;90m_[0m[1;90m_[0m[1;90m_[0m[1;90m_[0m[1;90m_[0m[1;90m|[0m[1;97m [0m[1;97m [0m[1;97m [0m[1;97m [0m[1;97m [0m[1;35m/[0m[1;97m [0m[1;35mo[0m[1;97m [0m[1;97m [0m[1;97m [0m[1;97m [0m[1;90m|[0m[1;90m-[0m[1;90m-[0m[1;90m-[0m[1;90m/[0m[1;97m [0m[1;90m/[0m[1;90m/[0m[1;97m [0m[1;90m/[0m[1;97m [0m[1;97m [0m
[1;97m [0m[1;97m [0m[1;97m [0m[1;90m\[0m[1;97m [0m[1;90m\[0m[1;90m=[0m[1;90m=[0m[1;90m=[0m[1;90m=[0m[1;90m=[0m[1;90m|[0m[1;97m [0m[1;97m [0m[1;97m [0m[1;97m [0m[1;97m [0m[1;97m [0m[1;35m([0m[1;35mo[0m[1;35m)[0m[1;97m [0m[1;97m [0m[1;97m [0m[1;90m|[0m[1;97m [0m[1;97m [0m[1;97m [0m[1;97m [0m[1;97m [0m[1;97m [0m[1;90m_[0m[1;90m_[0m[1;90m_[0m[1;90m_[0m[1;90m_[0m[1;90m_[0m[1;90m|[0m[1;97m [0m[1;97m [0m[1;97m [0m[1;35mo[0m[1;97m [0m[1;35m-[0m[1;97m [0m[1;35mo[0m[1;97m [0m[1;97m [0m[1;97m [0m[1;97m [0m[1;90m|[0m[1;90m=[0m[1;90m=[0m[1;90m=[0m[1;90m=[0m[1;90m=[0m[1;90m/[0m[1;97m [0m[1;90m/[0m[1;97m.[0m[1;97m [0m[1;97m [0m
[1;97m [0m[1;97m [0m[1;97m.[0m[1;97m [0m[1;90m\[0m[1;90m-[0m[1;90m-[0m[1;90m-[0m[1;90m-[0m[1;90m-[0m[1;90m-[0m[1;90m|[0m[1;90m_[0m[1;90m_[0m[1;97m [0m[1;97m [0m[1;35m([0m[1;35m_[0m[1;35m_[0m[1;35m/[0m[1;97m [0m[1;97m [0m[1;97m [0m[1;97m [0m[1;90m|[0m[1;97m [0m[1;97m [0m[1;97m.[0m[1;97m [0m[1;97m [0m[1;90m([0m[1;90m_[0m[1;90m_[0m[1;90m_[0m[1;90m_[0m[1;90m_[0m[1;90m_[0m[1;90m|[0m[1;97m [0m[1;97m [0m[1;97m [0m[1;97m [0m[1;97m [0m[1;35m\[0m[1;97m [0m[1;35mo[0m[1;97m [0m[1;97m [0m[1;90m_[0m[1;90m_[0m[1;90m|[0m[1;90m-[0m[1;90m-[0m[1;90m-[0m[1;90m-[0m[1;90m-[0m[1;90m-[0m[1;90m/[0m[1;97m [0m[1;97m [0m[1;97m [0m[1;97m [0m
[1;97m [0m[1;97m [0m[1;97m [0m[1;97m [0m[1;97m [0m[1;97m [0m[1;97m [0m[1;97m [0m[1;97m [0m[1;97m [0m[1;97m [0m[1;97m [0m[1;97m.[0m[1;97m [0m[1;90m\[0m[1;90m_[0m[1;90m_[0m[1;90m_[0m[1;90m_[0m[1;90m_[0m[1;90m_[0m[1;97m [0m[1;97m [0m[1;97m [0m[1;90m|[0m[1;97m [0m[1;97m [0m[1;97m [0m[1;97m [0m[1;97m.[0m[1;97m [0m[1;97m.[0m[1;97m [0m[1;97m [0m[1;97m [0m[1;97m [0m[1;97m [0m[1;90m|[0m[1;97m [0m[1;97m [0m[1;97m [0m[1;90m_[0m[1;90m_[0m[1;90m_[0m[1;90m_[0m[1;90m_[0m[1;90m_[0m[1;90m/[0m[1;97m [0m[1;97m [0m[1;97m [0m[1;97m [0m[1;97m [0m[1;97m [0m[1;97m [0m[1;97m [0m[1;97m [0m[1;97m [0m[1;97m [0m[1;97m [0m[1;97m [0m[1;97m [0m
[1;97m [0m[1;97m [0m[1;97m [0m[1;97m [0m[1;97m [0m[1;97m [0m[1;97m [0m[1;97m [0m[1;97m [0m[1;97m [0m[1;97m [0m[1;97m [0m[1;97m [0m[1;97m [0m[1;97m [0m[1;97m [0m[1;97m [0m[1;97m [0m[1;97m.[0m[1;97m [0m[1;97m [0m[1;90m|[0m[1;90m_[0m[1;90m_[0m[1;90m|[0m[1;97m [0m[1;97m.[0m[1;97m [0m[1;97m [0m[1;97m [0m[1;97m [0m[1;97m [0m[1;97m [0m[1;97m.[0m[1;97m [0m[1;97m [0m[1;97m [0m[1;90m|[0m[1;90m_[0m[1;90m_[0m[1;90m|[0m[1;97m [0m[1;97m [0m[1;97m [0m[1;97m [0m[1;97m [0m[1;97m [0m[1;97m [0m[1;97m [0m[1;97m [0m[1;97m [0m[1;97m [0m[1;97m [0m[1;97m.[0m[1;97m [0m[1;97m [0m[1;97m [0m[1;97m [0m[1;97m [0m[1;97m.[0m[1;97m.[0m[1;97m [0m[1;97m [0m
[1;97m [0m[1;97m [0m[1;97m [0m[1;97m [0m[1;97m.[0m[1;97m [0m[1;97m [0m[1;97m [0m[1;97m [0m[1;97m [0m[1;97m [0m[1;97m [0m[1;97m [0m[1;97m [0m[1;97m [0m[1;97m [0m[1;97m.[0m[1;97m [0m[1;97m [0m[1;97m.[0m[1;97m [0m[1;97m [0m[1;97m [0m[1;97m.[0m[1;97m [0m[1;97m [0m[1;97m [0m[1;97m [0m[1;97m [0m[1;97m.[0m[1;97m [0m[1;97m [0m[1;97m [0m[1;97m [0m[1;97m [0m[1;97m [0m[1;97m [0m[1;97m [0m[1;97m.[0m[1;97m [0m[1;97m [0m[1;97m [0m[1;97m [0m[1;97m [0m[1;97m [0m[1;97m [0m[1;97m [0m[1;97m [0m[1;97m [0m[1;97m.[0m[1;97m [0m[1;97m [0m[1;97m [0m[1;97m [0m[1;97m [0m[1;97m [0m[1;97m [0m[1;97m [0m[1;97m [0m[1;97m [0m[1;97m [0m[1;97m.[0m

--------------------------------------------------------------

Running CONNECT
Parameter file     :  input/DRMD_iter.param
Mode               :  Create
Sampling method    :  Iterative

--------------------------------------------------------------

Your version of MontePython is 3.5.0
No initial model given
Calculating 1000 initial CLASS models
Training neural network
1/1 - 0s - loss: 0.2600 - 16ms/epoch - 16ms/step

Test loss: 0.260041743516922
l_max can maximally be 10,000.
Initial model is DRMD_iter


Beginning iteration no. 1
Temperature is now 5.0
Running MCMC sampling no. 1...
MCMC sampling stopped since R-1 less than 0.02 has been reached.
Number of accepted steps: 209370
Keeping only last 1000 of the accepted Markovian steps
Comparing latest iterations...
Calculating 1000 CLASS models
Training neural network
1/1 - 0s - loss: 0.1572 - 16ms/epoch - 16ms/step

Test loss: 0.15723080933094025
l_max can maximally be 10,000.
New model is DRMD_iter


Beginning iteration no. 2
Temperature is now 5.0
Running MCMC sampling no. 2...
MCMC sampling stopped since R-1 less than 0.02 has been reached.
Number of accepted steps: 114875
Keeping only last 1000 of the accepted Markovian steps
Comparing latest iterations...
Iteration 2 and 1 has the following R-1 values
 -> R-1 is 0.085986 	for  omega_b
           0.217794 	for  omega_cdm
           0.078853 	for  h
           0.088592 	for  ln10^{10}A_s
           0.153775 	for  n_s
           0.218327 	for  tau_reio
           0.009188 	for  delta_Neff_drmd
           0.179760 	for  f_idm_drmd
           0.024785 	for  log10z_stop
           1.529496 	for  100*theta_s
Calculating 1000 CLASS models
Training neural network
1/1 - 0s - loss: 0.1643 - 14ms/epoch - 14ms/step

Test loss: 0.1642957627773285
l_max can maximally be 10,000.
New model is DRMD_iter


Beginning iteration no. 3
Temperature is now 5.0
Running MCMC sampling no. 3...
MCMC sampling stopped since R-1 less than 0.02 has been reached.
Number of accepted steps: 131685
Keeping only last 1000 of the accepted Markovian steps
Comparing latest iterations...
Iteration 3 and 2 has the following R-1 values
 -> R-1 is 0.013026 	for  omega_b
           0.032850 	for  omega_cdm
           0.011592 	for  h
           0.000091 	for  ln10^{10}A_s
           0.010729 	for  n_s
           0.001263 	for  tau_reio
           0.024132 	for  delta_Neff_drmd
           0.008186 	for  f_idm_drmd
           0.013641 	for  log10z_stop
           0.001924 	for  100*theta_s
Accepted 343 points out of 1000
Calculating 343 CLASS models
Copied data from data/DRMD_iter/number_2 into data/DRMD_iter/number_3
Training neural network
2/2 - 0s - loss: 0.0990 - 16ms/epoch - 8ms/step

Test loss: 0.09900863468647003
l_max can maximally be 10,000.
New model is DRMD_iter


Beginning iteration no. 4
Temperature is now 5.0
Running MCMC sampling no. 4...
MCMC sampling stopped since R-1 less than 0.02 has been reached.
Number of accepted steps: 87820
Keeping only last 1000 of the accepted Markovian steps
Comparing latest iterations...
Iteration 4 and 3 has the following R-1 values
 -> R-1 is 0.001768 	for  omega_b
           0.023354 	for  omega_cdm
           0.002682 	for  h
           0.018903 	for  ln10^{10}A_s
           0.000557 	for  n_s
           0.025504 	for  tau_reio
           0.011068 	for  delta_Neff_drmd
           0.006451 	for  f_idm_drmd
           0.028696 	for  log10z_stop
           0.007371 	for  100*theta_s
Accepted 327 points out of 1000
Calculating 327 CLASS models
Copied data from data/DRMD_iter/number_3 into data/DRMD_iter/number_4
Training neural network
2/2 - 0s - loss: 0.0899 - 20ms/epoch - 10ms/step

Test loss: 0.08993378281593323
l_max can maximally be 10,000.
New model is DRMD_iter


Beginning iteration no. 5
Temperature is now 5.0
Running MCMC sampling no. 5...
MCMC sampling stopped since R-1 less than 0.02 has been reached.
Number of accepted steps: 297400
Keeping only last 1000 of the accepted Markovian steps
Comparing latest iterations...
Iteration 5 and 4 has the following R-1 values
 -> R-1 is 0.000055 	for  omega_b
           0.006024 	for  omega_cdm
           0.000835 	for  h
           0.046774 	for  ln10^{10}A_s
           0.006799 	for  n_s
           0.054752 	for  tau_reio
           0.004312 	for  delta_Neff_drmd
           0.089682 	for  f_idm_drmd
           0.003960 	for  log10z_stop
           0.009150 	for  100*theta_s
Accepted 337 points out of 1000
Calculating 337 CLASS models
Copied data from data/DRMD_iter/number_4 into data/DRMD_iter/number_5
Training neural network
2/2 - 0s - loss: 0.0943 - 30ms/epoch - 15ms/step

Test loss: 0.09428168088197708
l_max can maximally be 10,000.
New model is DRMD_iter


Beginning iteration no. 6
Temperature is now 5.0
Running MCMC sampling no. 6...
MCMC sampling stopped since R-1 less than 0.02 has been reached.
Number of accepted steps: 115470
Keeping only last 1000 of the accepted Markovian steps
Comparing latest iterations...
Iteration 6 and 5 has the following R-1 values
 -> R-1 is 0.001644 	for  omega_b
           0.002520 	for  omega_cdm
           0.001934 	for  h
           0.045815 	for  ln10^{10}A_s
           0.002770 	for  n_s
           0.040947 	for  tau_reio
           0.002783 	for  delta_Neff_drmd
           0.025979 	for  f_idm_drmd
           0.004883 	for  log10z_stop
           0.003460 	for  100*theta_s
Accepted 224 points out of 1000
Calculating 224 CLASS models
Copied data from data/DRMD_iter/number_5 into data/DRMD_iter/number_6
Training neural network
2/2 - 0s - loss: 0.1131 - 20ms/epoch - 10ms/step

Test loss: 0.11310706287622452
l_max can maximally be 10,000.
New model is DRMD_iter


Beginning iteration no. 7
Temperature is now 5.0
Running MCMC sampling no. 7...
MCMC sampling stopped since R-1 less than 0.02 has been reached.
Number of accepted steps: 314440
Keeping only last 1000 of the accepted Markovian steps
Comparing latest iterations...
Iteration 7 and 6 has the following R-1 values
 -> R-1 is 0.011471 	for  omega_b
           0.055159 	for  omega_cdm
           0.021231 	for  h
           0.016342 	for  ln10^{10}A_s
           0.004455 	for  n_s
           0.037800 	for  tau_reio
           0.048326 	for  delta_Neff_drmd
           0.266552 	for  f_idm_drmd
           0.023855 	for  log10z_stop
           0.003075 	for  100*theta_s
Accepted 330 points out of 1000
Calculating 330 CLASS models
Copied data from data/DRMD_iter/number_6 into data/DRMD_iter/number_7
Training neural network
3/3 - 0s - loss: 0.0815 - 24ms/epoch - 8ms/step

Test loss: 0.08149900287389755
l_max can maximally be 10,000.
New model is DRMD_iter


Beginning iteration no. 8
Temperature is now 5.0
Running MCMC sampling no. 8...
MCMC sampling stopped since R-1 less than 0.02 has been reached.
Number of accepted steps: 213260
Keeping only last 1000 of the accepted Markovian steps
Comparing latest iterations...
Iteration 8 and 7 has the following R-1 values
 -> R-1 is 0.017312 	for  omega_b
           0.018224 	for  omega_cdm
           0.022215 	for  h
           0.000012 	for  ln10^{10}A_s
           0.003234 	for  n_s
           0.003905 	for  tau_reio
           0.028913 	for  delta_Neff_drmd
           0.099367 	for  f_idm_drmd
           0.002114 	for  log10z_stop
           0.001444 	for  100*theta_s
Accepted 331 points out of 1000
Calculating 331 CLASS models
Copied data from data/DRMD_iter/number_7 into data/DRMD_iter/number_8
Training neural network
3/3 - 0s - loss: 0.0791 - 25ms/epoch - 8ms/step

Test loss: 0.07911363244056702
l_max can maximally be 10,000.
New model is DRMD_iter


Beginning iteration no. 9
Temperature is now 5.0
Running MCMC sampling no. 9...
MCMC sampling stopped since R-1 less than 0.02 has been reached.
Number of accepted steps: 157680
Keeping only last 1000 of the accepted Markovian steps
Comparing latest iterations...
Iteration 9 and 8 has the following R-1 values
 -> R-1 is 0.008629 	for  omega_b
           0.008023 	for  omega_cdm
           0.004082 	for  h
           0.002139 	for  ln10^{10}A_s
           0.002588 	for  n_s
           0.002249 	for  tau_reio
           0.005968 	for  delta_Neff_drmd
           0.012589 	for  f_idm_drmd
           0.003899 	for  log10z_stop
           0.017684 	for  100*theta_s
Accepted 336 points out of 1000
Calculating 336 CLASS models
Copied data from data/DRMD_iter/number_8 into data/DRMD_iter/number_9
Training neural network
3/3 - 0s - loss: 0.0796 - 28ms/epoch - 9ms/step

Test loss: 0.07958121597766876
l_max can maximally be 10,000.
New model is DRMD_iter


Beginning iteration no. 10
Temperature is now 5.0
Running MCMC sampling no. 10...
MCMC sampling stopped since R-1 less than 0.02 has been reached.
Number of accepted steps: 334600
Keeping only last 1000 of the accepted Markovian steps
Comparing latest iterations...
Iteration 10 and 9 has the following R-1 values
 -> R-1 is 0.028642 	for  omega_b
           0.013881 	for  omega_cdm
           0.020572 	for  h
           0.011267 	for  ln10^{10}A_s
           0.001836 	for  n_s
           0.008045 	for  tau_reio
           0.019691 	for  delta_Neff_drmd
           0.128127 	for  f_idm_drmd
           0.007315 	for  log10z_stop
           0.031549 	for  100*theta_s
Accepted 197 points out of 1000
Calculating 197 CLASS models
Copied data from data/DRMD_iter/number_9 into data/DRMD_iter/number_10
Training neural network
3/3 - 0s - loss: 0.0790 - 26ms/epoch - 9ms/step

Test loss: 0.07899805903434753
l_max can maximally be 10,000.
New model is DRMD_iter


Beginning iteration no. 11
Temperature is now 5.0
Running MCMC sampling no. 11...
MCMC sampling stopped since R-1 less than 0.02 has been reached.
Number of accepted steps: 270525
Keeping only last 1000 of the accepted Markovian steps
Comparing latest iterations...
Iteration 11 and 10 has the following R-1 values
 -> R-1 is 0.017196 	for  omega_b
           0.002727 	for  omega_cdm
           0.025008 	for  h
           0.003013 	for  ln10^{10}A_s
           0.032729 	for  n_s
           0.000118 	for  tau_reio
           0.016003 	for  delta_Neff_drmd
           0.002460 	for  f_idm_drmd
           0.016153 	for  log10z_stop
           0.016076 	for  100*theta_s
Accepted 282 points out of 1000
Iteration 11 will be the last since convergence in data has been reached
and less than 10% of the data was added in this iteration.
Calculating 282 CLASS models
Copied data from data/DRMD_iter/number_10 into data/DRMD_iter/number_11
Training neural network
3/3 - 0s - loss: 0.0804 - 45ms/epoch - 15ms/step

Test loss: 0.08043832331895828
l_max can maximally be 10,000.
Final model is DRMD_iter
