 /!\ PyMultiNest detected but MultiNest likely not installed correctly. You can
     safely ignore this if not running with option -m NS
 /!\ Detecting empty folder, logging the parameter file
 Initializing Planck likelihood, version Plik_v22_cmbonly_like                                                                                                                                                                                                                                                                                                                                                                                                                                                                                               
----
clik version 3be036bbb4f9
  plik_cmbonly
Checking likelihood '/home/jeppethybo/connect_public/resources/planck2018/code/plc_3.0/plc-3.01/../../../baseline/plc_3.0/hi_l/plik_lite/plik_lite_v22_TTTEEE.clik' on test data. got -292.286 expected -292.286 (diff -3.86223e-09)
----
<class 'montepython.likelihood_class.Likelihood_clik'>
<class 'montepython.likelihoods.Planck_lowl_EE.Planck_lowl_EE'>
Initializing SimAll
----
clik version 3be036bbb4f9
  simall simall_EE_BB_TE
Checking likelihood '/home/jeppethybo/connect_public/resources/planck2018/code/plc_3.0/plc-3.01/../../../baseline/plc_3.0/low_l/simall/simall_100x143_offlike5_EE_Aplanck_B.clik' on test data. got -197.99 expected -197.99 (diff -4.1778e-08)
----
----
clik version 3be036bbb4f9
  gibbs_gauss b13c8fda-1837-41b5-ae2d-78d6b723fcf1
Checking likelihood '/home/jeppethybo/connect_public/resources/planck2018/code/plc_3.0/plc-3.01/../../../baseline/plc_3.0/low_l/commander/commander_dx12_v3_2_29.clik' on test data. got -11.6257 expected -11.6257 (diff -1.07424e-09)
----
Creating /home/jeppethybo/connect_public/data/DRMD_iter/number_7/2025-12-03_1000000__1.txt

 /!\ PyMultiNest detected but MultiNest likely not installed correctly. You can
     safely ignore this if not running with option -m NS
 Initializing Planck likelihood, version Plik_v22_cmbonly_like                                                                                                                                                                                                                                                                                                                                                                                                                                                                                               
----
clik version 3be036bbb4f9
  plik_cmbonly
Checking likelihood '/home/jeppethybo/connect_public/resources/planck2018/code/plc_3.0/plc-3.01/../../../baseline/plc_3.0/hi_l/plik_lite/plik_lite_v22_TTTEEE.clik' on test data. got -292.286 expected -292.286 (diff -3.86223e-09)
----
<class 'montepython.likelihood_class.Likelihood_clik'>
<class 'montepython.likelihoods.Planck_lowl_EE.Planck_lowl_EE'>
Initializing SimAll
----
clik version 3be036bbb4f9
  simall simall_EE_BB_TE
Checking likelihood '/home/jeppethybo/connect_public/resources/planck2018/code/plc_3.0/plc-3.01/../../../baseline/plc_3.0/low_l/simall/simall_100x143_offlike5_EE_Aplanck_B.clik' on test data. got -197.99 expected -197.99 (diff -4.1778e-08)
----
----
clik version 3be036bbb4f9
  gibbs_gauss b13c8fda-1837-41b5-ae2d-78d6b723fcf1
Checking likelihood '/home/jeppethybo/connect_public/resources/planck2018/code/plc_3.0/plc-3.01/../../../baseline/plc_3.0/low_l/commander/commander_dx12_v3_2_29.clik' on test data. got -11.6257 expected -11.6257 (diff -1.07424e-09)
----
Creating /home/jeppethybo/connect_public/data/DRMD_iter/number_7/2025-12-03_1000000__2.txt

 /!\ PyMultiNest detected but MultiNest likely not installed correctly. You can
     safely ignore this if not running with option -m NS
 Initializing Planck likelihood, version Plik_v22_cmbonly_like                                                                                                                                                                                                                                                                                                                                                                                                                                                                                               
----
clik version 3be036bbb4f9
  plik_cmbonly
Checking likelihood '/home/jeppethybo/connect_public/resources/planck2018/code/plc_3.0/plc-3.01/../../../baseline/plc_3.0/hi_l/plik_lite/plik_lite_v22_TTTEEE.clik' on test data. got -292.286 expected -292.286 (diff -3.86223e-09)
----
<class 'montepython.likelihood_class.Likelihood_clik'>
<class 'montepython.likelihoods.Planck_lowl_EE.Planck_lowl_EE'>
Initializing SimAll
----
clik version 3be036bbb4f9
  simall simall_EE_BB_TE
Checking likelihood '/home/jeppethybo/connect_public/resources/planck2018/code/plc_3.0/plc-3.01/../../../baseline/plc_3.0/low_l/simall/simall_100x143_offlike5_EE_Aplanck_B.clik' on test data. got -197.99 expected -197.99 (diff -4.1778e-08)
----
----
clik version 3be036bbb4f9
  gibbs_gauss b13c8fda-1837-41b5-ae2d-78d6b723fcf1
Checking likelihood '/home/jeppethybo/connect_public/resources/planck2018/code/plc_3.0/plc-3.01/../../../baseline/plc_3.0/low_l/commander/commander_dx12_v3_2_29.clik' on test data. got -11.6257 expected -11.6257 (diff -1.07424e-09)
----
 /!\ PyMultiNest detected but MultiNest likely not installed correctly. You can
     safely ignore this if not running with option -m NS
Creating /home/jeppethybo/connect_public/data/DRMD_iter/number_7/2025-12-03_1000000__3.txt

 /!\ PyMultiNest detected but MultiNest likely not installed correctly. You can
     safely ignore this if not running with option -m NS
 Initializing Planck likelihood, version Plik_v22_cmbonly_like                                                                                                                                                                                                                                                                                                                                                                                                                                                                                               
----
clik version 3be036bbb4f9
  plik_cmbonly
Checking likelihood '/home/jeppethybo/connect_public/resources/planck2018/code/plc_3.0/plc-3.01/../../../baseline/plc_3.0/hi_l/plik_lite/plik_lite_v22_TTTEEE.clik' on test data. got -292.286 expected -292.286 (diff -3.86223e-09)
----
<class 'montepython.likelihood_class.Likelihood_clik'>
<class 'montepython.likelihoods.Planck_lowl_EE.Planck_lowl_EE'>
Initializing SimAll
----
clik version 3be036bbb4f9
  simall simall_EE_BB_TE
Checking likelihood '/home/jeppethybo/connect_public/resources/planck2018/code/plc_3.0/plc-3.01/../../../baseline/plc_3.0/low_l/simall/simall_100x143_offlike5_EE_Aplanck_B.clik' on test data. got -197.99 expected -197.99 (diff -4.1778e-08)
----
----
clik version 3be036bbb4f9
  gibbs_gauss b13c8fda-1837-41b5-ae2d-78d6b723fcf1
Checking likelihood '/home/jeppethybo/connect_public/resources/planck2018/code/plc_3.0/plc-3.01/../../../baseline/plc_3.0/low_l/commander/commander_dx12_v3_2_29.clik' on test data. got -11.6257 expected -11.6257 (diff -1.07424e-09)
----
Creating /home/jeppethybo/connect_public/data/DRMD_iter/number_7/2025-12-03_1000000__4.txt

--> Scanning file /home/jeppethybo/connect_public/data/DRMD_iter/number_7/2025-12-03_1000000__2.txt: Removed 151 points of burn-in, and first 50 percent, keep 1612 steps
                                                                          2025-12-03_1000000__3.txt: Removed 189 points of burn-in, and first 50 percent, keep 1576 steps
                                                                          2025-12-03_1000000__1.txt: Removed 192 points of burn-in, and first 50 percent, keep 1239 steps
                                                                          2025-12-03_1000000__4.txt: Removed 183 points of burn-in, and first 50 percent, keep 1544 steps
--> Computing mean values
--> Computing variance
--> Computing convergence criterium (Gelman-Rubin)
 -> R-1 is 0.110420 	for  omega_b
           0.167167 	for  omega_cdm
           0.386000 	for  h
           0.014933 	for  ln10^{10}A_s
           0.141712 	for  n_s
           0.019364 	for  tau_reio
           0.523077 	for  delta_Neff_drmd
           4.395107 	for  f_idm_drmd
           1.667039 	for  log10z_stop
           0.422891 	for  A_planck
           0.014993 	for  z_reio
           0.090093 	for  Omega_Lambda
           0.102648 	for  YHe
           0.017377 	for  A_s
           0.015484 	for  sigma8
           0.064714 	for  100*theta_s
           0.384723 	for  H0
           0.389797 	for  rs_d
           0.213878 	for  Omega_m
           0.518182 	for  f_drmd
           0.518203 	for  z_dec_drmd
--> Not computing covariance matrix
 /!\ PyMultiNest detected but MultiNest likely not installed correctly. You can
     safely ignore this if not running with option -m NS
--> Scanning file /home/jeppethybo/connect_public/data/DRMD_iter/number_7/2025-12-03_1000000__2.txt: Removed 151 points of burn-in, and first 50 percent, keep 3235 steps
                                                                          2025-12-03_1000000__3.txt: Removed 189 points of burn-in, and first 50 percent, keep 3186 steps
                                                                          2025-12-03_1000000__1.txt: Removed 192 points of burn-in, and first 50 percent, keep 2414 steps
                                                                          2025-12-03_1000000__4.txt: Removed 183 points of burn-in, and first 50 percent, keep 3171 steps
--> Computing mean values
--> Computing variance
--> Computing convergence criterium (Gelman-Rubin)
 -> R-1 is 0.104068 	for  omega_b
           0.115679 	for  omega_cdm
           0.111558 	for  h
           0.023290 	for  ln10^{10}A_s
           0.024247 	for  n_s
           0.012572 	for  tau_reio
           0.149447 	for  delta_Neff_drmd
           1.980740 	for  f_idm_drmd
           0.377515 	for  log10z_stop
           0.099668 	for  A_planck
           0.015035 	for  z_reio
           0.034126 	for  Omega_Lambda
           0.088214 	for  YHe
           0.021749 	for  A_s
           0.020570 	for  sigma8
           0.027608 	for  100*theta_s
           0.111955 	for  H0
           0.157224 	for  rs_d
           0.070825 	for  Omega_m
           0.146261 	for  f_drmd
           0.146264 	for  z_dec_drmd
--> Computing covariance matrix
--> Scanning file /home/jeppethybo/connect_public/data/DRMD_iter/number_7/2025-12-03_1000000__2.txt: Removed 151 points of burn-in, and first 50 percent, keep 5580 steps
                                                                          2025-12-03_1000000__3.txt: Removed 189 points of burn-in, and first 50 percent, keep 5614 steps
                                                                          2025-12-03_1000000__1.txt: Removed 192 points of burn-in, and first 50 percent, keep 3587 steps
                                                                          2025-12-03_1000000__4.txt: Removed 183 points of burn-in, and first 50 percent, keep 5604 steps
--> Computing mean values
--> Computing variance
--> Computing convergence criterium (Gelman-Rubin)
 -> R-1 is 0.076404 	for  omega_b
           0.140139 	for  omega_cdm
           0.113910 	for  h
           0.010309 	for  ln10^{10}A_s
           0.016812 	for  n_s
           0.039148 	for  tau_reio
           0.164396 	for  delta_Neff_drmd
           0.152630 	for  f_idm_drmd
           0.299531 	for  log10z_stop
           0.059352 	for  A_planck
           0.040834 	for  z_reio
           0.033788 	for  Omega_Lambda
           0.071384 	for  YHe
           0.010853 	for  A_s
           0.060842 	for  sigma8
           0.025299 	for  100*theta_s
           0.114131 	for  H0
           0.172658 	for  rs_d
           0.062976 	for  Omega_m
           0.169648 	for  f_drmd
           0.169650 	for  z_dec_drmd
--> Not computing covariance matrix
--> Scanning file /home/jeppethybo/connect_public/data/DRMD_iter/number_7/2025-12-03_1000000__2.txt: Removed 151 points of burn-in, and first 50 percent, keep 8088 steps
                                                                          2025-12-03_1000000__3.txt: Removed 189 points of burn-in, and first 50 percent, keep 8151 steps
                                                                          2025-12-03_1000000__1.txt: Removed 192 points of burn-in, and first 50 percent, keep 4784 steps
                                                                          2025-12-03_1000000__4.txt: Removed 183 points of burn-in, and first 50 percent, keep 8157 steps
--> Computing mean values
--> Computing variance
--> Computing convergence criterium (Gelman-Rubin)
 -> R-1 is 0.014188 	for  omega_b
           0.052911 	for  omega_cdm
           0.027865 	for  h
           0.007432 	for  ln10^{10}A_s
           0.000172 	for  n_s
           0.015724 	for  tau_reio
           0.052747 	for  delta_Neff_drmd
           0.126230 	for  f_idm_drmd
           0.296879 	for  log10z_stop
           0.046783 	for  A_planck
           0.016792 	for  z_reio
           0.005149 	for  Omega_Lambda
           0.013513 	for  YHe
           0.007615 	for  A_s
           0.027698 	for  sigma8
           0.005218 	for  100*theta_s
           0.028019 	for  H0
           0.057193 	for  rs_d
           0.011807 	for  Omega_m
           0.054062 	for  f_drmd
           0.054063 	for  z_dec_drmd
--> Not computing covariance matrix
--> Scanning file /home/jeppethybo/connect_public/data/DRMD_iter/number_7/2025-12-03_1000000__2.txt: Removed 151 points of burn-in, and first 50 percent, keep 10648 steps
                                                                          2025-12-03_1000000__3.txt: Removed 189 points of burn-in, and first 50 percent, keep 10704 steps
                                                                          2025-12-03_1000000__1.txt: Removed 192 points of burn-in, and first 50 percent, keep 5999 steps
                                                                          2025-12-03_1000000__4.txt: Removed 183 points of burn-in, and first 50 percent, keep 10799 steps
--> Computing mean values
--> Computing variance
--> Computing convergence criterium (Gelman-Rubin)
 -> R-1 is 0.010501 	for  omega_b
           0.025299 	for  omega_cdm
           0.015483 	for  h
           0.004354 	for  ln10^{10}A_s
           0.002241 	for  n_s
           0.007638 	for  tau_reio
           0.026167 	for  delta_Neff_drmd
           0.150378 	for  f_idm_drmd
           0.116958 	for  log10z_stop
           0.015964 	for  A_planck
           0.007691 	for  z_reio
           0.003745 	for  Omega_Lambda
           0.009984 	for  YHe
           0.004546 	for  A_s
           0.014418 	for  sigma8
           0.002901 	for  100*theta_s
           0.015553 	for  H0
           0.028030 	for  rs_d
           0.006351 	for  Omega_m
           0.026231 	for  f_drmd
           0.026232 	for  z_dec_drmd
--> Not computing covariance matrix
--> Scanning file /home/jeppethybo/connect_public/data/DRMD_iter/number_7/2025-12-03_1000000__2.txt: Removed 151 points of burn-in, and first 50 percent, keep 13278 steps
                                                                          2025-12-03_1000000__3.txt: Removed 189 points of burn-in, and first 50 percent, keep 13396 steps
                                                                          2025-12-03_1000000__1.txt: Removed 192 points of burn-in, and first 50 percent, keep 7304 steps
                                                                          2025-12-03_1000000__4.txt: Removed 183 points of burn-in, and first 50 percent, keep 13409 steps
--> Computing mean values
--> Computing variance
--> Computing convergence criterium (Gelman-Rubin)
 -> R-1 is 0.000225 	for  omega_b
           0.008388 	for  omega_cdm
           0.001664 	for  h
           0.000898 	for  ln10^{10}A_s
           0.000521 	for  n_s
           0.000817 	for  tau_reio
           0.005908 	for  delta_Neff_drmd
           0.055935 	for  f_idm_drmd
           0.003302 	for  log10z_stop
           0.006425 	for  A_planck
           0.000977 	for  z_reio
           0.000143 	for  Omega_Lambda
           0.000187 	for  YHe
           0.000865 	for  A_s
           0.004274 	for  sigma8
           0.000291 	for  100*theta_s
           0.001692 	for  H0
           0.005916 	for  rs_d
           0.000668 	for  Omega_m
           0.004918 	for  f_drmd
           0.004918 	for  z_dec_drmd
--> Not computing covariance matrix
--> Scanning file /home/jeppethybo/connect_public/data/DRMD_iter/number_7/2025-12-03_1000000__2.txt: Removed 151 points of burn-in, and first 50 percent, keep 15963 steps
                                                                          2025-12-03_1000000__3.txt: Removed 189 points of burn-in, and first 50 percent, keep 16011 steps
                                                                          2025-12-03_1000000__1.txt: Removed 192 points of burn-in, and first 50 percent, keep 8612 steps
                                                                          2025-12-03_1000000__4.txt: Removed 183 points of burn-in, and first 50 percent, keep 16099 steps
--> Computing mean values
--> Computing variance
--> Computing convergence criterium (Gelman-Rubin)
 -> R-1 is 0.000247 	for  omega_b
           0.000979 	for  omega_cdm
           0.000915 	for  h
           0.000411 	for  ln10^{10}A_s
           0.000249 	for  n_s
           0.000604 	for  tau_reio
           0.001448 	for  delta_Neff_drmd
           0.051394 	for  f_idm_drmd
           0.001005 	for  log10z_stop
           0.004995 	for  A_planck
           0.000651 	for  z_reio
           0.000422 	for  Omega_Lambda
           0.000273 	for  YHe
           0.000418 	for  A_s
           0.000986 	for  sigma8
           0.000523 	for  100*theta_s
           0.000922 	for  H0
           0.001089 	for  rs_d
           0.000467 	for  Omega_m
           0.001275 	for  f_drmd
           0.001275 	for  z_dec_drmd
--> Not computing covariance matrix
--> Scanning file /home/jeppethybo/connect_public/data/DRMD_iter/number_7/2025-12-03_1000000__2.txt: Removed 151 points of burn-in, and first 50 percent, keep 18488 steps
                                                                          2025-12-03_1000000__3.txt: Removed 189 points of burn-in, and first 50 percent, keep 18576 steps
                                                                          2025-12-03_1000000__1.txt: Removed 192 points of burn-in, and first 50 percent, keep 9784 steps
                                                                          2025-12-03_1000000__4.txt: Removed 183 points of burn-in, and first 50 percent, keep 18682 steps
--> Computing mean values
--> Computing variance
--> Computing convergence criterium (Gelman-Rubin)
 -> R-1 is 0.001148 	for  omega_b
           0.003113 	for  omega_cdm
           0.002363 	for  h
           0.001449 	for  ln10^{10}A_s
           0.000919 	for  n_s
           0.000821 	for  tau_reio
           0.003605 	for  delta_Neff_drmd
           0.088962 	for  f_idm_drmd
           0.004613 	for  log10z_stop
           0.009328 	for  A_planck
           0.000892 	for  z_reio
           0.000884 	for  Omega_Lambda
           0.001063 	for  YHe
           0.001445 	for  A_s
           0.003573 	for  sigma8
           0.001050 	for  100*theta_s
           0.002403 	for  H0
           0.003053 	for  rs_d
           0.001040 	for  Omega_m
           0.002869 	for  f_drmd
           0.002869 	for  z_dec_drmd
--> Not computing covariance matrix
--> Scanning file /home/jeppethybo/connect_public/data/DRMD_iter/number_7/2025-12-03_1000000__2.txt: Removed 151 points of burn-in, and first 50 percent, keep 20998 steps
                                                                          2025-12-03_1000000__3.txt: Removed 189 points of burn-in, and first 50 percent, keep 21134 steps
                                                                          2025-12-03_1000000__1.txt: Removed 192 points of burn-in, and first 50 percent, keep 10952 steps
                                                                          2025-12-03_1000000__4.txt: Removed 183 points of burn-in, and first 50 percent, keep 21232 steps
--> Computing mean values
--> Computing variance
--> Computing convergence criterium (Gelman-Rubin)
 -> R-1 is 0.004489 	for  omega_b
           0.008264 	for  omega_cdm
           0.007205 	for  h
           0.001405 	for  ln10^{10}A_s
           0.003400 	for  n_s
           0.000908 	for  tau_reio
           0.010393 	for  delta_Neff_drmd
           0.054398 	for  f_idm_drmd
           0.014843 	for  log10z_stop
           0.011361 	for  A_planck
           0.000836 	for  z_reio
           0.002177 	for  Omega_Lambda
           0.004348 	for  YHe
           0.001416 	for  A_s
           0.005472 	for  sigma8
           0.002295 	for  100*theta_s
           0.007259 	for  H0
           0.009941 	for  rs_d
           0.002711 	for  Omega_m
           0.009499 	for  f_drmd
           0.009499 	for  z_dec_drmd
--> Not computing covariance matrix
--> Scanning file /home/jeppethybo/connect_public/data/DRMD_iter/number_7/2025-12-03_1000000__2.txt: Removed 151 points of burn-in, and first 50 percent, keep 23518 steps
                                                                          2025-12-03_1000000__3.txt: Removed 189 points of burn-in, and first 50 percent, keep 23606 steps
                                                                          2025-12-03_1000000__1.txt: Removed 192 points of burn-in, and first 50 percent, keep 12152 steps
                                                                          2025-12-03_1000000__4.txt: Removed 183 points of burn-in, and first 50 percent, keep 23804 steps
--> Computing mean values
--> Computing variance
--> Computing convergence criterium (Gelman-Rubin)
 -> R-1 is 0.016157 	for  omega_b
           0.018712 	for  omega_cdm
           0.020820 	for  h
           0.000736 	for  ln10^{10}A_s
           0.008682 	for  n_s
           0.001531 	for  tau_reio
           0.026636 	for  delta_Neff_drmd
           0.008071 	for  f_idm_drmd
           0.025885 	for  log10z_stop
           0.005417 	for  A_planck
           0.001452 	for  z_reio
           0.007780 	for  Omega_Lambda
           0.016022 	for  YHe
           0.000758 	for  A_s
           0.005865 	for  sigma8
           0.006195 	for  100*theta_s
           0.020878 	for  H0
           0.026453 	for  rs_d
           0.008974 	for  Omega_m
           0.026026 	for  f_drmd
           0.026026 	for  z_dec_drmd
--> Not computing covariance matrix
--> Scanning file /home/jeppethybo/connect_public/data/DRMD_iter/number_7/2025-12-03_1000000__2.txt: Removed 151 points of burn-in, and first 50 percent, keep 26105 steps
                                                                          2025-12-03_1000000__3.txt: Removed 191 points of burn-in, and first 50 percent, keep 26233 steps
                                                                          2025-12-03_1000000__1.txt: Removed 192 points of burn-in, and first 50 percent, keep 13384 steps
                                                                          2025-12-03_1000000__4.txt: Removed 183 points of burn-in, and first 50 percent, keep 26444 steps
--> Computing mean values
--> Computing variance
--> Computing convergence criterium (Gelman-Rubin)
 -> R-1 is 0.023326 	for  omega_b
           0.019894 	for  omega_cdm
           0.028676 	for  h
           0.001005 	for  ln10^{10}A_s
           0.012711 	for  n_s
           0.003640 	for  tau_reio
           0.033051 	for  delta_Neff_drmd
           0.021052 	for  f_idm_drmd
           0.041608 	for  log10z_stop
           0.004329 	for  A_planck
           0.003473 	for  z_reio
           0.013277 	for  Omega_Lambda
           0.023269 	for  YHe
           0.001045 	for  A_s
           0.006561 	for  sigma8
           0.007798 	for  100*theta_s
           0.028719 	for  H0
           0.032011 	for  rs_d
           0.014434 	for  Omega_m
           0.032986 	for  f_drmd
           0.032986 	for  z_dec_drmd
--> Not computing covariance matrix
--> Scanning file /home/jeppethybo/connect_public/data/DRMD_iter/number_7/2025-12-03_1000000__2.txt: Removed 151 points of burn-in, and first 50 percent, keep 28803 steps
                                                                          2025-12-03_1000000__3.txt: Removed 191 points of burn-in, and first 50 percent, keep 28945 steps
                                                                          2025-12-03_1000000__1.txt: Removed 192 points of burn-in, and first 50 percent, keep 14754 steps
                                                                          2025-12-03_1000000__4.txt: Removed 183 points of burn-in, and first 50 percent, keep 29137 steps
--> Computing mean values
--> Computing variance
--> Computing convergence criterium (Gelman-Rubin)
 -> R-1 is 0.004123 	for  omega_b
           0.000847 	for  omega_cdm
           0.002530 	for  h
           0.000749 	for  ln10^{10}A_s
           0.004015 	for  n_s
           0.000965 	for  tau_reio
           0.001613 	for  delta_Neff_drmd
           0.011796 	for  f_idm_drmd
           0.075689 	for  log10z_stop
           0.004931 	for  A_planck
           0.000842 	for  z_reio
           0.002763 	for  Omega_Lambda
           0.004232 	for  YHe
           0.000792 	for  A_s
           0.001169 	for  sigma8
           0.001733 	for  100*theta_s
           0.002522 	for  H0
           0.001727 	for  rs_d
           0.002751 	for  Omega_m
           0.001887 	for  f_drmd
           0.001887 	for  z_dec_drmd
--> Not computing covariance matrix
--> Scanning file /home/jeppethybo/connect_public/data/DRMD_iter/number_7/2025-12-03_1000000__2.txt: Removed 151 points of burn-in, and first 50 percent, keep 31428 steps
                                                                          2025-12-03_1000000__3.txt: Removed 191 points of burn-in, and first 50 percent, keep 31645 steps
                                                                          2025-12-03_1000000__1.txt: Removed 192 points of burn-in, and first 50 percent, keep 16057 steps
                                                                          2025-12-03_1000000__4.txt: Removed 183 points of burn-in, and first 50 percent, keep 31777 steps
--> Computing mean values
--> Computing variance
--> Computing convergence criterium (Gelman-Rubin)
 -> R-1 is 0.001730 	for  omega_b
           0.000655 	for  omega_cdm
           0.000341 	for  h
           0.001941 	for  ln10^{10}A_s
           0.002947 	for  n_s
           0.001783 	for  tau_reio
           0.000108 	for  delta_Neff_drmd
           0.000363 	for  f_idm_drmd
           0.103894 	for  log10z_stop
           0.005793 	for  A_planck
           0.001594 	for  z_reio
           0.001186 	for  Omega_Lambda
           0.001837 	for  YHe
           0.001992 	for  A_s
           0.001233 	for  sigma8
           0.000722 	for  100*theta_s
           0.000335 	for  H0
           0.000197 	for  rs_d
           0.001127 	for  Omega_m
           0.000158 	for  f_drmd
           0.000158 	for  z_dec_drmd
--> Not computing covariance matrix
--> Scanning file /home/jeppethybo/connect_public/data/DRMD_iter/number_7/2025-12-03_1000000__2.txt: Removed 151 points of burn-in, and first 50 percent, keep 34070 steps
                                                                          2025-12-03_1000000__3.txt: Removed 191 points of burn-in, and first 50 percent, keep 34348 steps
                                                                          2025-12-03_1000000__1.txt: Removed 192 points of burn-in, and first 50 percent, keep 17364 steps
                                                                          2025-12-03_1000000__4.txt: Removed 183 points of burn-in, and first 50 percent, keep 34514 steps
--> Computing mean values
--> Computing variance
--> Computing convergence criterium (Gelman-Rubin)
 -> R-1 is 0.000517 	for  omega_b
           0.000852 	for  omega_cdm
           0.000066 	for  h
           0.001818 	for  ln10^{10}A_s
           0.001429 	for  n_s
           0.001893 	for  tau_reio
           0.000249 	for  delta_Neff_drmd
           0.000312 	for  f_idm_drmd
           0.094498 	for  log10z_stop
           0.004380 	for  A_planck
           0.001767 	for  z_reio
           0.000502 	for  Omega_Lambda
           0.000547 	for  YHe
           0.001866 	for  A_s
           0.000689 	for  sigma8
           0.000225 	for  100*theta_s
           0.000065 	for  H0
           0.000273 	for  rs_d
           0.000466 	for  Omega_m
           0.000162 	for  f_drmd
           0.000162 	for  z_dec_drmd
--> Not computing covariance matrix
--> Scanning file /home/jeppethybo/connect_public/data/DRMD_iter/number_7/2025-12-03_1000000__2.txt: Removed 151 points of burn-in, and first 50 percent, keep 36663 steps
                                                                          2025-12-03_1000000__3.txt: Removed 191 points of burn-in, and first 50 percent, keep 37053 steps
                                                                          2025-12-03_1000000__1.txt: Removed 192 points of burn-in, and first 50 percent, keep 18652 steps
                                                                          2025-12-03_1000000__4.txt: Removed 183 points of burn-in, and first 50 percent, keep 37217 steps
--> Computing mean values
--> Computing variance
--> Computing convergence criterium (Gelman-Rubin)
 -> R-1 is 0.000413 	for  omega_b
           0.001956 	for  omega_cdm
           0.000344 	for  h
           0.000267 	for  ln10^{10}A_s
           0.000762 	for  n_s
           0.000245 	for  tau_reio
           0.001149 	for  delta_Neff_drmd
           0.000280 	for  f_idm_drmd
           0.097126 	for  log10z_stop
           0.004262 	for  A_planck
           0.000218 	for  z_reio
           0.000086 	for  Omega_Lambda
           0.000373 	for  YHe
           0.000284 	for  A_s
           0.000108 	for  sigma8
           0.000162 	for  100*theta_s
           0.000346 	for  H0
           0.001432 	for  rs_d
           0.000137 	for  Omega_m
           0.001069 	for  f_drmd
           0.001069 	for  z_dec_drmd
--> Not computing covariance matrix
--> Scanning file /home/jeppethybo/connect_public/data/DRMD_iter/number_7/2025-12-03_1000000__2.txt: Removed 151 points of burn-in, and first 50 percent, keep 39293 steps
                                                                          2025-12-03_1000000__3.txt: Removed 191 points of burn-in, and first 50 percent, keep 39688 steps
                                                                          2025-12-03_1000000__1.txt: Removed 192 points of burn-in, and first 50 percent, keep 19877 steps
                                                                          2025-12-03_1000000__4.txt: Removed 183 points of burn-in, and first 50 percent, keep 39919 steps
--> Computing mean values
--> Computing variance
--> Computing convergence criterium (Gelman-Rubin)
 -> R-1 is 0.000455 	for  omega_b
           0.001095 	for  omega_cdm
           0.000098 	for  h
           0.000241 	for  ln10^{10}A_s
           0.001580 	for  n_s
           0.000471 	for  tau_reio
           0.000162 	for  delta_Neff_drmd
           0.001876 	for  f_idm_drmd
           0.050290 	for  log10z_stop
           0.002206 	for  A_planck
           0.000374 	for  z_reio
           0.000903 	for  Omega_Lambda
           0.000493 	for  YHe
           0.000267 	for  A_s
           0.000157 	for  sigma8
           0.000198 	for  100*theta_s
           0.000096 	for  H0
           0.000295 	for  rs_d
           0.000886 	for  Omega_m
           0.000129 	for  f_drmd
           0.000129 	for  z_dec_drmd
--> Not computing covariance matrix
--> Scanning file /home/jeppethybo/connect_public/data/DRMD_iter/number_7/2025-12-03_1000000__2.txt: Removed 151 points of burn-in, and first 50 percent, keep 41923 steps
                                                                          2025-12-03_1000000__3.txt: Removed 191 points of burn-in, and first 50 percent, keep 42315 steps
                                                                          2025-12-03_1000000__1.txt: Removed 192 points of burn-in, and first 50 percent, keep 21139 steps
                                                                          2025-12-03_1000000__4.txt: Removed 183 points of burn-in, and first 50 percent, keep 42592 steps
--> Computing mean values
--> Computing variance
--> Computing convergence criterium (Gelman-Rubin)
 -> R-1 is 0.000342 	for  omega_b
           0.000629 	for  omega_cdm
           0.000125 	for  h
           0.000112 	for  ln10^{10}A_s
           0.000807 	for  n_s
           0.000303 	for  tau_reio
           0.000097 	for  delta_Neff_drmd
           0.000503 	for  f_idm_drmd
           0.020426 	for  log10z_stop
           0.001112 	for  A_planck
           0.000237 	for  z_reio
           0.000652 	for  Omega_Lambda
           0.000364 	for  YHe
           0.000129 	for  A_s
           0.000184 	for  sigma8
           0.000132 	for  100*theta_s
           0.000123 	for  H0
           0.000176 	for  rs_d
           0.000640 	for  Omega_m
           0.000082 	for  f_drmd
           0.000082 	for  z_dec_drmd
--> Not computing covariance matrix
--> Scanning file /home/jeppethybo/connect_public/data/DRMD_iter/number_7/2025-12-03_1000000__2.txt: Removed 151 points of burn-in, and first 50 percent, keep 44435 steps
                                                                          2025-12-03_1000000__3.txt: Removed 191 points of burn-in, and first 50 percent, keep 44800 steps
                                                                          2025-12-03_1000000__1.txt: Removed 192 points of burn-in, and first 50 percent, keep 22337 steps
                                                                          2025-12-03_1000000__4.txt: Removed 183 points of burn-in, and first 50 percent, keep 45087 steps
--> Computing mean values
--> Computing variance
--> Computing convergence criterium (Gelman-Rubin)
 -> R-1 is 0.001011 	for  omega_b
           0.000176 	for  omega_cdm
           0.001107 	for  h
           0.000030 	for  ln10^{10}A_s
           0.001228 	for  n_s
           0.000280 	for  tau_reio
           0.000355 	for  delta_Neff_drmd
           0.002078 	for  f_idm_drmd
           0.004779 	for  log10z_stop
           0.000613 	for  A_planck
           0.000226 	for  z_reio
           0.002037 	for  Omega_Lambda
           0.001066 	for  YHe
           0.000030 	for  A_s
           0.000249 	for  sigma8
           0.000413 	for  100*theta_s
           0.001104 	for  H0
           0.000167 	for  rs_d
           0.002002 	for  Omega_m
           0.000414 	for  f_drmd
           0.000414 	for  z_dec_drmd
--> Not computing covariance matrix
