--------------------------------------------------------------


[1;97m [0m[1;97m.[0m[1;97m [0m[1;97m [0m[1;97m.[0m[1;97m [0m[1;97m [0m[1;97m [0m[1;97m [0m[1;97m [0m[1;97m [0m[1;97m [0m[1;97m [0m[1;97m [0m[1;97m [0m[1;97m.[0m[1;97m [0m[1;97m [0m[1;97m [0m[1;97m.[0m[1;97m [0m[1;97m [0m[1;97m [0m[1;97m [0m[1;97m [0m[1;97m [0m[1;97m [0m[1;97m [0m[1;97m [0m[1;97m [0m[1;97m [0m[1;97m [0m[1;97m [0m[1;97m [0m[1;97m [0m[1;97m [0m[1;97m [0m[1;97m.[0m[1;97m [0m[1;97m.[0m[1;97m [0m[1;97m [0m[1;97m [0m[1;97m [0m[1;97m [0m[1;97m [0m[1;97m.[0m[1;97m [0m[1;97m [0m[1;97m [0m[1;97m [0m[1;97m [0m[1;97m [0m[1;97m [0m[1;97m [0m[1;97m [0m[1;97m [0m[1;97m [0m[1;97m [0m[1;97m [0m[1;97m [0m[1;97m [0m
[1;97m [0m[1;35mâ–ˆ[0m[1;35mâ–ˆ[0m[1;35mâ–ˆ[0m[1;35mâ–ˆ[0m[1;35mâ–ˆ[0m[1;35mâ–ˆ[0m[1;35mâ•—[0m[1;97m [0m[1;35mâ–ˆ[0m[1;35mâ–ˆ[0m[1;35mâ–ˆ[0m[1;35mâ–ˆ[0m[1;35mâ–ˆ[0m[1;35mâ–ˆ[0m[1;35mâ•—[0m[1;97m [0m[1;35mâ–ˆ[0m[1;35mâ–ˆ[0m[1;35mâ–ˆ[0m[1;35mâ•—[0m[1;97m [0m[1;97m [0m[1;97m [0m[1;35mâ–ˆ[0m[1;35mâ–ˆ[0m[1;35mâ•—[0m[1;35mâ–ˆ[0m[1;35mâ–ˆ[0m[1;35mâ–ˆ[0m[1;35mâ•—[0m[1;97m [0m[1;97m [0m[1;97m [0m[1;35mâ–ˆ[0m[1;35mâ–ˆ[0m[1;35mâ•—[0m[1;35mâ–ˆ[0m[1;35mâ–ˆ[0m[1;35mâ–ˆ[0m[1;35mâ–ˆ[0m[1;35mâ–ˆ[0m[1;35mâ–ˆ[0m[1;35mâ–ˆ[0m[1;35mâ•—[0m[1;97m.[0m[1;35mâ–ˆ[0m[1;35mâ–ˆ[0m[1;35mâ–ˆ[0m[1;35mâ–ˆ[0m[1;35mâ–ˆ[0m[1;35mâ–ˆ[0m[1;35mâ•—[0m[1;35mâ–ˆ[0m[1;35mâ–ˆ[0m[1;35mâ–ˆ[0m[1;35mâ–ˆ[0m[1;35mâ–ˆ[0m[1;35mâ–ˆ[0m[1;35mâ–ˆ[0m[1;35mâ–ˆ[0m[1;35mâ•—[0m
[1;35mâ–ˆ[0m[1;35mâ–ˆ[0m[1;35mâ•”[0m[1;35mâ•[0m[1;35mâ•[0m[1;35mâ•[0m[1;35mâ•[0m[1;35mâ•[0m[1;35mâ–ˆ[0m[1;35mâ–ˆ[0m[1;35mâ•”[0m[1;35mâ•[0m[1;35mâ•[0m[1;35mâ•[0m[1;35mâ–ˆ[0m[1;35mâ–ˆ[0m[1;35mâ•—[0m[1;35mâ–ˆ[0m[1;35mâ–ˆ[0m[1;35mâ–ˆ[0m[1;35mâ–ˆ[0m[1;35mâ•—[0m[1;97m [0m[1;97m.[0m[1;35mâ–ˆ[0m[1;35mâ–ˆ[0m[1;35mâ•‘[0m[1;35mâ–ˆ[0m[1;35mâ–ˆ[0m[1;35mâ–ˆ[0m[1;35mâ–ˆ[0m[1;35mâ•—[0m[1;97m.[0m[1;97m [0m[1;35mâ–ˆ[0m[1;35mâ–ˆ[0m[1;35mâ•‘[0m[1;35mâ–ˆ[0m[1;35mâ–ˆ[0m[1;35mâ•”[0m[1;35mâ•[0m[1;35mâ•[0m[1;35mâ•[0m[1;35mâ•[0m[1;35mâ•[0m[1;35mâ–ˆ[0m[1;35mâ–ˆ[0m[1;35mâ•”[0m[1;35mâ•[0m[1;35mâ•[0m[1;35mâ•[0m[1;35mâ•[0m[1;35mâ•[0m[1;35mâ•š[0m[1;35mâ•[0m[1;35mâ•[0m[1;35mâ–ˆ[0m[1;35mâ–ˆ[0m[1;35mâ•”[0m[1;35mâ•[0m[1;35mâ•[0m[1;35mâ•[0m
[1;35mâ–ˆ[0m[1;35mâ–ˆ[0m[1;35mâ•‘[0m[1;97m [0m[1;97m [0m[1;97m [0m[1;97m [0m[1;97m [0m[1;35mâ–ˆ[0m[1;35mâ–ˆ[0m[1;35mâ•‘[0m[1;97m [0m[1;97m [0m[1;97m.[0m[1;35mâ–ˆ[0m[1;35mâ–ˆ[0m[1;35mâ•‘[0m[1;35mâ–ˆ[0m[1;35mâ–ˆ[0m[1;35mâ•”[0m[1;35mâ–ˆ[0m[1;35mâ–ˆ[0m[1;35mâ•—[0m[1;97m [0m[1;35mâ–ˆ[0m[1;35mâ–ˆ[0m[1;35mâ•‘[0m[1;35mâ–ˆ[0m[1;35mâ–ˆ[0m[1;35mâ•”[0m[1;35mâ–ˆ[0m[1;35mâ–ˆ[0m[1;35mâ•—[0m[1;97m [0m[1;35mâ–ˆ[0m[1;35mâ–ˆ[0m[1;35mâ•‘[0m[1;35mâ–ˆ[0m[1;35mâ–ˆ[0m[1;35mâ–ˆ[0m[1;35mâ–ˆ[0m[1;35mâ–ˆ[0m[1;35mâ•—[0m[1;97m [0m[1;97m.[0m[1;35mâ–ˆ[0m[1;35mâ–ˆ[0m[1;35mâ•‘[0m[1;97m [0m[1;97m.[0m[1;97m [0m[1;97m [0m[1;97m [0m[1;97m [0m[1;97m [0m[1;97m [0m[1;35mâ–ˆ[0m[1;35mâ–ˆ[0m[1;35mâ•‘[0m[1;97m [0m[1;97m [0m[1;97m [0m
[1;35mâ–ˆ[0m[1;35mâ–ˆ[0m[1;35mâ•‘[0m[1;97m [0m[1;97m [0m[1;97m [0m[1;97m [0m[1;97m [0m[1;35mâ–ˆ[0m[1;35mâ–ˆ[0m[1;35mâ•‘[0m[1;97m [0m[1;97m [0m[1;97m [0m[1;35mâ–ˆ[0m[1;35mâ–ˆ[0m[1;35mâ•‘[0m[1;35mâ–ˆ[0m[1;35mâ–ˆ[0m[1;35mâ•‘[0m[1;35mâ•š[0m[1;35mâ–ˆ[0m[1;35mâ–ˆ[0m[1;35mâ•—[0m[1;35mâ–ˆ[0m[1;35mâ–ˆ[0m[1;35mâ•‘[0m[1;35mâ–ˆ[0m[1;35mâ–ˆ[0m[1;35mâ•‘[0m[1;35mâ•š[0m[1;35mâ–ˆ[0m[1;35mâ–ˆ[0m[1;35mâ•—[0m[1;35mâ–ˆ[0m[1;35mâ–ˆ[0m[1;35mâ•‘[0m[1;35mâ–ˆ[0m[1;35mâ–ˆ[0m[1;35mâ•”[0m[1;35mâ•[0m[1;35mâ•[0m[1;35mâ•[0m[1;97m [0m[1;97m [0m[1;35mâ–ˆ[0m[1;35mâ–ˆ[0m[1;35mâ•‘[0m[1;97m [0m[1;97m.[0m[1;97m.[0m[1;97m [0m[1;97m [0m[1;97m [0m[1;97m [0m[1;97m.[0m[1;35mâ–ˆ[0m[1;35mâ–ˆ[0m[1;35mâ•‘[0m[1;97m [0m[1;97m [0m[1;97m [0m
[1;35mâ•š[0m[1;35mâ–ˆ[0m[1;35mâ–ˆ[0m[1;35mâ–ˆ[0m[1;35mâ–ˆ[0m[1;35mâ–ˆ[0m[1;35mâ–ˆ[0m[1;35mâ•—[0m[1;35mâ•š[0m[1;35mâ–ˆ[0m[1;35mâ–ˆ[0m[1;35mâ–ˆ[0m[1;35mâ–ˆ[0m[1;35mâ–ˆ[0m[1;35mâ–ˆ[0m[1;35mâ•”[0m[1;35mâ•[0m[1;35mâ–ˆ[0m[1;35mâ–ˆ[0m[1;35mâ•‘[0m[1;97m [0m[1;35mâ•š[0m[1;35mâ–ˆ[0m[1;35mâ–ˆ[0m[1;35mâ–ˆ[0m[1;35mâ–ˆ[0m[1;35mâ•‘[0m[1;35mâ–ˆ[0m[1;35mâ–ˆ[0m[1;35mâ•‘[0m[1;97m.[0m[1;35mâ•š[0m[1;35mâ–ˆ[0m[1;35mâ–ˆ[0m[1;35mâ–ˆ[0m[1;35mâ–ˆ[0m[1;35mâ•‘[0m[1;35mâ–ˆ[0m[1;35mâ–ˆ[0m[1;35mâ–ˆ[0m[1;35mâ–ˆ[0m[1;35mâ–ˆ[0m[1;35mâ–ˆ[0m[1;35mâ–ˆ[0m[1;35mâ•—[0m[1;35mâ•š[0m[1;35mâ–ˆ[0m[1;35mâ–ˆ[0m[1;35mâ–ˆ[0m[1;35mâ–ˆ[0m[1;35mâ–ˆ[0m[1;35mâ–ˆ[0m[1;35mâ•—[0m[1;97m [0m[1;97m [0m[1;97m [0m[1;35mâ–ˆ[0m[1;35mâ–ˆ[0m[1;35mâ•‘[0m[1;97m [0m[1;97m [0m[1;97m.[0m
[1;97m.[0m[1;35mâ•š[0m[1;35mâ•[0m[1;35mâ•[0m[1;35mâ•[0m[1;35mâ•[0m[1;35mâ•[0m[1;35mâ•[0m[1;97m [0m[1;35mâ•š[0m[1;35mâ•[0m[1;35mâ•[0m[1;35mâ•[0m[1;35mâ•[0m[1;35mâ•[0m[1;35mâ•[0m[1;97m [0m[1;35mâ•š[0m[1;35mâ•[0m[1;35mâ•[0m[1;97m [0m[1;97m [0m[1;35mâ•š[0m[1;35mâ•[0m[1;35mâ•[0m[1;35mâ•[0m[1;35mâ•[0m[1;35mâ•š[0m[1;35mâ•[0m[1;35mâ•[0m[1;97m [0m[1;97m [0m[1;35mâ•š[0m[1;35mâ•[0m[1;35mâ•[0m[1;35mâ•[0m[1;35mâ•[0m[1;35mâ•š[0m[1;35mâ•[0m[1;35mâ•[0m[1;35mâ•[0m[1;35mâ•[0m[1;35mâ•[0m[1;35mâ•[0m[1;35mâ•[0m[1;97m [0m[1;35mâ•š[0m[1;35mâ•[0m[1;35mâ•[0m[1;35mâ•[0m[1;35mâ•[0m[1;35mâ•[0m[1;35mâ•[0m[1;97m [0m[1;97m [0m[1;97m [0m[1;35mâ•š[0m[1;35mâ•[0m[1;35mâ•[0m[1;97m [0m[1;97m [0m[1;97m.[0m[1;97m [0m
[1;97m [0m[1;97m [0m[1;97m.[0m[1;97m [0m[1;97m [0m[1;97m [0m[1;97m [0m[1;97m [0m[1;97m.[0m[1;97m [0m[1;97m [0m[1;97m [0m[1;97m [0m[1;97m [0m[1;97m [0m[1;97m.[0m[1;97m [0m[1;97m [0m[1;97m.[0m[1;97m [0m[1;97m [0m[1;97m [0m[1;90m_[0m[1;90m_[0m[1;97m.[0m[1;97m [0m[1;97m [0m[1;97m [0m[1;97m [0m[1;97m [0m[1;97m [0m[1;97m [0m[1;97m [0m[1;97m [0m[1;97m [0m[1;97m [0m[1;97m [0m[1;97m [0m[1;90m_[0m[1;90m_[0m[1;97m [0m[1;97m.[0m[1;97m [0m[1;97m [0m[1;97m [0m[1;97m [0m[1;97m [0m[1;97m [0m[1;97m [0m[1;97m [0m[1;97m [0m[1;97m [0m[1;97m [0m[1;97m [0m[1;97m [0m[1;97m [0m[1;97m [0m[1;97m [0m[1;97m.[0m[1;97m [0m[1;97m [0m[1;97m [0m
[1;90m\[0m[1;97m [0m[1;90m\[0m[1;90m\[0m[1;97m [0m[1;90m\[0m[1;97m [0m[1;97m [0m[1;97m [0m[1;97m.[0m[1;97m [0m[1;97m [0m[1;97m [0m[1;97m [0m[1;97m [0m[1;90m_[0m[1;90m_[0m[1;90m_[0m[1;90m_[0m[1;90m_[0m[1;90m_[0m[1;90m|[0m[1;97m [0m[1;97m [0m[1;90m|[0m[1;97m [0m[1;97m [0m[1;97m [0m[1;97m [0m[1;97m [0m[1;97m [0m[1;97m.[0m[1;97m [0m[1;97m [0m[1;97m [0m[1;97m [0m[1;97m [0m[1;90m|[0m[1;97m [0m[1;97m [0m[1;90m|[0m[1;90m_[0m[1;90m_[0m[1;90m_[0m[1;90m_[0m[1;90m_[0m[1;90m_[0m[1;97m [0m[1;97m [0m[1;97m [0m[1;97m [0m[1;97m [0m[1;97m [0m[1;97m [0m[1;97m [0m[1;97m [0m[1;90m/[0m[1;97m [0m[1;90m/[0m[1;90m/[0m[1;97m [0m[1;90m/[0m
[1;97m [0m[1;90m\[0m[1;97m [0m[1;90m\[0m[1;90m\[0m[1;97m [0m[1;90m\[0m[1;97m.[0m[1;97m [0m[1;97m [0m[1;97m [0m[1;97m [0m[1;90m_[0m[1;90m_[0m[1;90m/[0m[1;97m [0m[1;97m [0m[1;97m [0m[1;97m [0m[1;97m [0m[1;35m_[0m[1;35m_[0m[1;97m [0m[1;97m [0m[1;90m|[0m[1;97m [0m[1;97m [0m[1;97m [0m[1;97m [0m[1;97m [0m[1;97m [0m[1;90m_[0m[1;90m_[0m[1;90m_[0m[1;90m_[0m[1;90m_[0m[1;90m_[0m[1;90m|[0m[1;97m [0m[1;97m [0m[1;97m [0m[1;97m [0m[1;97m [0m[1;97m [0m[1;97m [0m[1;97m [0m[1;97m [0m[1;90m\[0m[1;90m_[0m[1;90m_[0m[1;97m [0m[1;97m.[0m[1;97m [0m[1;97m [0m[1;97m [0m[1;90m/[0m[1;97m [0m[1;90m/[0m[1;90m/[0m[1;97m [0m[1;90m/[0m[1;97m [0m
[1;97m [0m[1;97m.[0m[1;90m\[0m[1;97m [0m[1;90m\[0m[1;90m\[0m[1;97m [0m[1;90m\[0m[1;90m-[0m[1;90m-[0m[1;90m-[0m[1;90m|[0m[1;97m [0m[1;97m [0m[1;97m [0m[1;97m [0m[1;97m [0m[1;97m [0m[1;97m [0m[1;35m/[0m[1;97m [0m[1;97m [0m[1;35m)[0m[1;97m [0m[1;90m|[0m[1;97m [0m[1;97m [0m[1;97m [0m[1;97m [0m[1;97m.[0m[1;90m([0m[1;90m_[0m[1;90m_[0m[1;90m_[0m[1;90m_[0m[1;90m_[0m[1;90m_[0m[1;90m|[0m[1;97m [0m[1;97m [0m[1;97m [0m[1;97m [0m[1;97m [0m[1;35m/[0m[1;97m [0m[1;35mo[0m[1;97m [0m[1;97m [0m[1;97m [0m[1;97m [0m[1;90m|[0m[1;90m-[0m[1;90m-[0m[1;90m-[0m[1;90m/[0m[1;97m [0m[1;90m/[0m[1;90m/[0m[1;97m [0m[1;90m/[0m[1;97m [0m[1;97m [0m
[1;97m [0m[1;97m [0m[1;97m [0m[1;90m\[0m[1;97m [0m[1;90m\[0m[1;90m=[0m[1;90m=[0m[1;90m=[0m[1;90m=[0m[1;90m=[0m[1;90m|[0m[1;97m [0m[1;97m [0m[1;97m [0m[1;97m [0m[1;97m [0m[1;97m [0m[1;35m([0m[1;35mo[0m[1;35m)[0m[1;97m [0m[1;97m [0m[1;97m [0m[1;90m|[0m[1;97m [0m[1;97m [0m[1;97m [0m[1;97m [0m[1;97m [0m[1;97m [0m[1;90m_[0m[1;90m_[0m[1;90m_[0m[1;90m_[0m[1;90m_[0m[1;90m_[0m[1;90m|[0m[1;97m [0m[1;97m [0m[1;97m [0m[1;35mo[0m[1;97m [0m[1;35m-[0m[1;97m [0m[1;35mo[0m[1;97m [0m[1;97m [0m[1;97m [0m[1;97m [0m[1;90m|[0m[1;90m=[0m[1;90m=[0m[1;90m=[0m[1;90m=[0m[1;90m=[0m[1;90m/[0m[1;97m [0m[1;90m/[0m[1;97m.[0m[1;97m [0m[1;97m [0m
[1;97m [0m[1;97m [0m[1;97m.[0m[1;97m [0m[1;90m\[0m[1;90m-[0m[1;90m-[0m[1;90m-[0m[1;90m-[0m[1;90m-[0m[1;90m-[0m[1;90m|[0m[1;90m_[0m[1;90m_[0m[1;97m [0m[1;97m [0m[1;35m([0m[1;35m_[0m[1;35m_[0m[1;35m/[0m[1;97m [0m[1;97m [0m[1;97m [0m[1;97m [0m[1;90m|[0m[1;97m [0m[1;97m [0m[1;97m.[0m[1;97m [0m[1;97m [0m[1;90m([0m[1;90m_[0m[1;90m_[0m[1;90m_[0m[1;90m_[0m[1;90m_[0m[1;90m_[0m[1;90m|[0m[1;97m [0m[1;97m [0m[1;97m [0m[1;97m [0m[1;97m [0m[1;35m\[0m[1;97m [0m[1;35mo[0m[1;97m [0m[1;97m [0m[1;90m_[0m[1;90m_[0m[1;90m|[0m[1;90m-[0m[1;90m-[0m[1;90m-[0m[1;90m-[0m[1;90m-[0m[1;90m-[0m[1;90m/[0m[1;97m [0m[1;97m [0m[1;97m [0m[1;97m [0m
[1;97m [0m[1;97m [0m[1;97m [0m[1;97m [0m[1;97m [0m[1;97m [0m[1;97m [0m[1;97m [0m[1;97m [0m[1;97m [0m[1;97m [0m[1;97m [0m[1;97m.[0m[1;97m [0m[1;90m\[0m[1;90m_[0m[1;90m_[0m[1;90m_[0m[1;90m_[0m[1;90m_[0m[1;90m_[0m[1;97m [0m[1;97m [0m[1;97m [0m[1;90m|[0m[1;97m [0m[1;97m [0m[1;97m [0m[1;97m [0m[1;97m.[0m[1;97m [0m[1;97m.[0m[1;97m [0m[1;97m [0m[1;97m [0m[1;97m [0m[1;97m [0m[1;90m|[0m[1;97m [0m[1;97m [0m[1;97m [0m[1;90m_[0m[1;90m_[0m[1;90m_[0m[1;90m_[0m[1;90m_[0m[1;90m_[0m[1;90m/[0m[1;97m [0m[1;97m [0m[1;97m [0m[1;97m [0m[1;97m [0m[1;97m [0m[1;97m [0m[1;97m [0m[1;97m [0m[1;97m [0m[1;97m [0m[1;97m [0m[1;97m [0m[1;97m [0m
[1;97m [0m[1;97m [0m[1;97m [0m[1;97m [0m[1;97m [0m[1;97m [0m[1;97m [0m[1;97m [0m[1;97m [0m[1;97m [0m[1;97m [0m[1;97m [0m[1;97m [0m[1;97m [0m[1;97m [0m[1;97m [0m[1;97m [0m[1;97m [0m[1;97m.[0m[1;97m [0m[1;97m [0m[1;90m|[0m[1;90m_[0m[1;90m_[0m[1;90m|[0m[1;97m [0m[1;97m.[0m[1;97m [0m[1;97m [0m[1;97m [0m[1;97m [0m[1;97m [0m[1;97m [0m[1;97m.[0m[1;97m [0m[1;97m [0m[1;97m [0m[1;90m|[0m[1;90m_[0m[1;90m_[0m[1;90m|[0m[1;97m [0m[1;97m [0m[1;97m [0m[1;97m [0m[1;97m [0m[1;97m [0m[1;97m [0m[1;97m [0m[1;97m [0m[1;97m [0m[1;97m [0m[1;97m [0m[1;97m.[0m[1;97m [0m[1;97m [0m[1;97m [0m[1;97m [0m[1;97m [0m[1;97m.[0m[1;97m.[0m[1;97m [0m[1;97m [0m
[1;97m [0m[1;97m [0m[1;97m [0m[1;97m [0m[1;97m.[0m[1;97m [0m[1;97m [0m[1;97m [0m[1;97m [0m[1;97m [0m[1;97m [0m[1;97m [0m[1;97m [0m[1;97m [0m[1;97m [0m[1;97m [0m[1;97m.[0m[1;97m [0m[1;97m [0m[1;97m.[0m[1;97m [0m[1;97m [0m[1;97m [0m[1;97m.[0m[1;97m [0m[1;97m [0m[1;97m [0m[1;97m [0m[1;97m [0m[1;97m.[0m[1;97m [0m[1;97m [0m[1;97m [0m[1;97m [0m[1;97m [0m[1;97m [0m[1;97m [0m[1;97m [0m[1;97m.[0m[1;97m [0m[1;97m [0m[1;97m [0m[1;97m [0m[1;97m [0m[1;97m [0m[1;97m [0m[1;97m [0m[1;97m [0m[1;97m [0m[1;97m.[0m[1;97m [0m[1;97m [0m[1;97m [0m[1;97m [0m[1;97m [0m[1;97m [0m[1;97m [0m[1;97m [0m[1;97m [0m[1;97m [0m[1;97m [0m[1;97m.[0m

--------------------------------------------------------------

Running CONNECT
Parameter file     :  input/DRMD_iter.param
Mode               :  Create
Sampling method    :  Iterative

--------------------------------------------------------------

Your version of MontePython is 3.5.0
No initial model given
Calculating 1000 initial CLASS models
Training neural network
1/1 - 0s - loss: 8.5341 - 18ms/epoch - 18ms/step

Test loss: 8.534064292907715
l_max can maximally be 10,000.
Initial model is DRMD_grendel_iter


Beginning iteration no. 1
Temperature is now 5.0
Running MCMC sampling no. 1...
MCMC sampling stopped since R-1 less than 0.02 has been reached.
Number of accepted steps: 128950
Keeping only last 1000 of the accepted Markovian steps
Comparing latest iterations...
Calculating 1000 CLASS models
Training neural network
1/1 - 0s - loss: 12.8277 - 20ms/epoch - 20ms/step

Test loss: 12.827709197998047
l_max can maximally be 10,000.
New model is DRMD_grendel_iter


Beginning iteration no. 2
Temperature is now 5.0
Running MCMC sampling no. 2...
MCMC sampling stopped since R-1 less than 0.02 has been reached.
Number of accepted steps: 417355
Keeping only last 1000 of the accepted Markovian steps
Comparing latest iterations...
chains from iterations 2 and 1 did not have sufficient overlap
Calculating 1000 CLASS models
Training neural network
1/1 - 0s - loss: 9.4107 - 21ms/epoch - 21ms/step

Test loss: 9.410675048828125
l_max can maximally be 10,000.
New model is DRMD_grendel_iter


Beginning iteration no. 3
Temperature is now 5.0
Running MCMC sampling no. 3...
MCMC sampling stopped since R-1 less than 0.02 has been reached.
Number of accepted steps: 1115058
Keeping only last 1000 of the accepted Markovian steps
Comparing latest iterations...
chains from iterations 3 and 2 did not have sufficient overlap
Accepted 1000 points out of 1000
Calculating 1000 CLASS models
Copied data from data/DRMD_grendel_iter/number_2 into data/DRMD_grendel_iter/number_3
Training neural network
2/2 - 0s - loss: 1.6448 - 27ms/epoch - 13ms/step

Test loss: 1.6447802782058716
l_max can maximally be 10,000.
New model is DRMD_grendel_iter


Beginning iteration no. 4
Temperature is now 5.0
Running MCMC sampling no. 4...
MCMC sampling stopped since R-1 less than 0.02 has been reached.
Number of accepted steps: 163700
Keeping only last 1000 of the accepted Markovian steps
Comparing latest iterations...
chains from iterations 4 and 3 did not have sufficient overlap
Accepted 1000 points out of 1000
Calculating 1000 CLASS models
Copied data from data/DRMD_grendel_iter/number_3 into data/DRMD_grendel_iter/number_4
Training neural network
3/3 - 0s - loss: 1.5553 - 34ms/epoch - 11ms/step

Test loss: 1.5553077459335327
l_max can maximally be 10,000.
New model is DRMD_grendel_iter


Beginning iteration no. 5
Temperature is now 5.0
Running MCMC sampling no. 5...
MCMC sampling stopped since R-1 less than 0.02 has been reached.
Number of accepted steps: 206590
Keeping only last 1000 of the accepted Markovian steps
Comparing latest iterations...
chains from iterations 5 and 4 did not have sufficient overlap
Accepted 1000 points out of 1000
Calculating 1000 CLASS models
Copied data from data/DRMD_grendel_iter/number_4 into data/DRMD_grendel_iter/number_5
Training neural network
4/4 - 0s - loss: 4.3639 - 43ms/epoch - 11ms/step

Test loss: 4.363931655883789
l_max can maximally be 10,000.
New model is DRMD_grendel_iter


Beginning iteration no. 6
Temperature is now 5.0
Running MCMC sampling no. 6...
MCMC sampling stopped since R-1 less than 0.02 has been reached.
Number of accepted steps: 152585
Keeping only last 1000 of the accepted Markovian steps
Comparing latest iterations...
Iteration 6 and 5 has the following R-1 values
 -> R-1 is 0.014290 	for  omega_b
           0.723110 	for  omega_cdm
           0.023038 	for  h
           0.001733 	for  ln10^{10}A_s
           0.315697 	for  n_s
           0.163416 	for  tau_reio
           0.378169 	for  delta_Neff_drmd
           0.058456 	for  f_idm_drmd
           1.678114 	for  log10z_stop
           0.386014 	for  log10_G_over_aH_drmd
           0.024564 	for  100*theta_s
Accepted 932 points out of 1000
Calculating 932 CLASS models
Copied data from data/DRMD_grendel_iter/number_5 into data/DRMD_grendel_iter/number_6
Training neural network
4/4 - 0s - loss: 4.1334 - 45ms/epoch - 11ms/step

Test loss: 4.133381366729736
l_max can maximally be 10,000.
New model is DRMD_grendel_iter


Beginning iteration no. 7
Temperature is now 5.0
Running MCMC sampling no. 7...
MCMC sampling stopped since R-1 less than 0.02 has been reached.
Number of accepted steps: 120740
Keeping only last 1000 of the accepted Markovian steps
Comparing latest iterations...
Iteration 7 and 6 has the following R-1 values
 -> R-1 is 0.005752 	for  omega_b
           0.025128 	for  omega_cdm
           0.031349 	for  h
           0.119466 	for  ln10^{10}A_s
           0.323055 	for  n_s
           0.096580 	for  tau_reio
           0.070896 	for  delta_Neff_drmd
           0.030228 	for  f_idm_drmd
           0.251098 	for  log10z_stop
           0.023658 	for  log10_G_over_aH_drmd
           0.183763 	for  100*theta_s
Accepted 657 points out of 1000
Calculating 657 CLASS models
Copied data from data/DRMD_grendel_iter/number_6 into data/DRMD_grendel_iter/number_7
Training neural network
5/5 - 0s - loss: 2.9380 - 51ms/epoch - 10ms/step

Test loss: 2.937983989715576
l_max can maximally be 10,000.
New model is DRMD_grendel_iter


Beginning iteration no. 8
Temperature is now 5.0
Running MCMC sampling no. 8...
MCMC sampling stopped since R-1 less than 0.02 has been reached.
Number of accepted steps: 88140
Keeping only last 1000 of the accepted Markovian steps
Comparing latest iterations...
Iteration 8 and 7 has the following R-1 values
 -> R-1 is 0.090149 	for  omega_b
           0.076919 	for  omega_cdm
           0.060665 	for  h
           0.043751 	for  ln10^{10}A_s
           0.077709 	for  n_s
           0.018142 	for  tau_reio
           0.115552 	for  delta_Neff_drmd
           0.005854 	for  f_idm_drmd
           0.248986 	for  log10z_stop
           0.059500 	for  log10_G_over_aH_drmd
           0.043677 	for  100*theta_s
Accepted 544 points out of 1000
Calculating 544 CLASS models
Copied data from data/DRMD_grendel_iter/number_7 into data/DRMD_grendel_iter/number_8
Training neural network
5/5 - 0s - loss: 5.0019 - 57ms/epoch - 11ms/step

Test loss: 5.001906871795654
l_max can maximally be 10,000.
New model is DRMD_grendel_iter


Beginning iteration no. 9
Temperature is now 5.0
Running MCMC sampling no. 9...
MCMC sampling stopped since R-1 less than 0.02 has been reached.
Number of accepted steps: 128320
Keeping only last 1000 of the accepted Markovian steps
Comparing latest iterations...
Iteration 9 and 8 has the following R-1 values
 -> R-1 is 0.002387 	for  omega_b
           0.015435 	for  omega_cdm
           0.044153 	for  h
           0.001196 	for  ln10^{10}A_s
           0.029887 	for  n_s
           0.018664 	for  tau_reio
           0.064325 	for  delta_Neff_drmd
           0.009493 	for  f_idm_drmd
           0.012286 	for  log10z_stop
           0.062753 	for  log10_G_over_aH_drmd
           0.069076 	for  100*theta_s
Accepted 508 points out of 1000
Iteration 9 will be the last since convergence in data has been reached
and less than 10% of the data was added in this iteration.
Calculating 508 CLASS models
Copied data from data/DRMD_grendel_iter/number_8 into data/DRMD_grendel_iter/number_9
Training neural network
6/6 - 0s - loss: 4.2027 - 63ms/epoch - 11ms/step

Test loss: 4.202711582183838
l_max can maximally be 10,000.
Final model is DRMD_grendel_iter
