 /!\ PyMultiNest detected but MultiNest likely not installed correctly. You can
     safely ignore this if not running with option -m NS
 /!\ Detecting empty folder, logging the parameter file
 Initializing Planck likelihood, version Plik_v22_cmbonly_like                                                                                                                                                                                                                                                                                                                                                                                                                                                                                               
----
clik version 3be036bbb4f9
  plik_cmbonly
Checking likelihood '/home/jthybo/connect_wsl/resources/planck2018/code/plc_3.0/plc-3.01/../../../baseline/plc_3.0/hi_l/plik_lite/plik_lite_v22_TTTEEE.clik' on test data. got -292.286 expected -292.286 (diff -3.86228e-09)
----
<class 'montepython.likelihood_class.Likelihood_clik'>
<class 'montepython.likelihoods.Planck_lowl_EE.Planck_lowl_EE'>
Initializing SimAll
----
clik version 3be036bbb4f9
  simall simall_EE_BB_TE
Checking likelihood '/home/jthybo/connect_wsl/resources/planck2018/code/plc_3.0/plc-3.01/../../../baseline/plc_3.0/low_l/simall/simall_100x143_offlike5_EE_Aplanck_B.clik' on test data. got -197.99 expected -197.99 (diff -4.1778e-08)
----
----
clik version 3be036bbb4f9
  gibbs_gauss b13c8fda-1837-41b5-ae2d-78d6b723fcf1
Checking likelihood '/home/jthybo/connect_wsl/resources/planck2018/code/plc_3.0/plc-3.01/../../../baseline/plc_3.0/low_l/commander/commander_dx12_v3_2_29.clik' on test data. got -11.6257 expected -11.6257 (diff -1.07424e-09)
----
Creating /home/jthybo/connect_wsl/data/DRMD_grendel_iter/number_1/2025-12-15_1000000__1.txt

 /!\ PyMultiNest detected but MultiNest likely not installed correctly. You can
     safely ignore this if not running with option -m NS
 Initializing Planck likelihood, version Plik_v22_cmbonly_like                                                                                                                                                                                                                                                                                                                                                                                                                                                                                               
----
clik version 3be036bbb4f9
  plik_cmbonly
Checking likelihood '/home/jthybo/connect_wsl/resources/planck2018/code/plc_3.0/plc-3.01/../../../baseline/plc_3.0/hi_l/plik_lite/plik_lite_v22_TTTEEE.clik' on test data. got -292.286 expected -292.286 (diff -3.86228e-09)
----
<class 'montepython.likelihood_class.Likelihood_clik'>
<class 'montepython.likelihoods.Planck_lowl_EE.Planck_lowl_EE'>
Initializing SimAll
----
clik version 3be036bbb4f9
  simall simall_EE_BB_TE
Checking likelihood '/home/jthybo/connect_wsl/resources/planck2018/code/plc_3.0/plc-3.01/../../../baseline/plc_3.0/low_l/simall/simall_100x143_offlike5_EE_Aplanck_B.clik' on test data. got -197.99 expected -197.99 (diff -4.1778e-08)
----
----
clik version 3be036bbb4f9
  gibbs_gauss b13c8fda-1837-41b5-ae2d-78d6b723fcf1
Checking likelihood '/home/jthybo/connect_wsl/resources/planck2018/code/plc_3.0/plc-3.01/../../../baseline/plc_3.0/low_l/commander/commander_dx12_v3_2_29.clik' on test data. got -11.6257 expected -11.6257 (diff -1.07424e-09)
----
 /!\ PyMultiNest detected but MultiNest likely not installed correctly. You can
     safely ignore this if not running with option -m NS
Creating /home/jthybo/connect_wsl/data/DRMD_grendel_iter/number_1/2025-12-15_1000000__2.txt

 /!\ PyMultiNest detected but MultiNest likely not installed correctly. You can
     safely ignore this if not running with option -m NS
 Initializing Planck likelihood, version Plik_v22_cmbonly_like                                                                                                                                                                                                                                                                                                                                                                                                                                                                                               
----
clik version 3be036bbb4f9
  plik_cmbonly
Checking likelihood '/home/jthybo/connect_wsl/resources/planck2018/code/plc_3.0/plc-3.01/../../../baseline/plc_3.0/hi_l/plik_lite/plik_lite_v22_TTTEEE.clik' on test data. got -292.286 expected -292.286 (diff -3.86228e-09)
----
<class 'montepython.likelihood_class.Likelihood_clik'>
<class 'montepython.likelihoods.Planck_lowl_EE.Planck_lowl_EE'>
Initializing SimAll
----
clik version 3be036bbb4f9
  simall simall_EE_BB_TE
Checking likelihood '/home/jthybo/connect_wsl/resources/planck2018/code/plc_3.0/plc-3.01/../../../baseline/plc_3.0/low_l/simall/simall_100x143_offlike5_EE_Aplanck_B.clik' on test data. got -197.99 expected -197.99 (diff -4.1778e-08)
----
----
clik version 3be036bbb4f9
  gibbs_gauss b13c8fda-1837-41b5-ae2d-78d6b723fcf1
Checking likelihood '/home/jthybo/connect_wsl/resources/planck2018/code/plc_3.0/plc-3.01/../../../baseline/plc_3.0/low_l/commander/commander_dx12_v3_2_29.clik' on test data. got -11.6257 expected -11.6257 (diff -1.07424e-09)
----
Creating /home/jthybo/connect_wsl/data/DRMD_grendel_iter/number_1/2025-12-15_1000000__3.txt

 /!\ PyMultiNest detected but MultiNest likely not installed correctly. You can
     safely ignore this if not running with option -m NS
 Initializing Planck likelihood, version Plik_v22_cmbonly_like                                                                                                                                                                                                                                                                                                                                                                                                                                                                                               
----
clik version 3be036bbb4f9
  plik_cmbonly
Checking likelihood '/home/jthybo/connect_wsl/resources/planck2018/code/plc_3.0/plc-3.01/../../../baseline/plc_3.0/hi_l/plik_lite/plik_lite_v22_TTTEEE.clik' on test data. got -292.286 expected -292.286 (diff -3.86228e-09)
----
<class 'montepython.likelihood_class.Likelihood_clik'>
<class 'montepython.likelihoods.Planck_lowl_EE.Planck_lowl_EE'>
Initializing SimAll
----
clik version 3be036bbb4f9
  simall simall_EE_BB_TE
Checking likelihood '/home/jthybo/connect_wsl/resources/planck2018/code/plc_3.0/plc-3.01/../../../baseline/plc_3.0/low_l/simall/simall_100x143_offlike5_EE_Aplanck_B.clik' on test data. got -197.99 expected -197.99 (diff -4.1778e-08)
----
----
clik version 3be036bbb4f9
  gibbs_gauss b13c8fda-1837-41b5-ae2d-78d6b723fcf1
Checking likelihood '/home/jthybo/connect_wsl/resources/planck2018/code/plc_3.0/plc-3.01/../../../baseline/plc_3.0/low_l/commander/commander_dx12_v3_2_29.clik' on test data. got -11.6257 expected -11.6257 (diff -1.07424e-09)
----
Creating /home/jthybo/connect_wsl/data/DRMD_grendel_iter/number_1/2025-12-15_1000000__4.txt

--> Scanning file /home/jthybo/connect_wsl/data/DRMD_grendel_iter/number_1/2025-12-15_1000000__1.txt: Removed 610 points of burn-in, and first 50 percent, keep 973 steps
                                                                           2025-12-15_1000000__4.txt: Removed 283 points of burn-in, and first 50 percent, keep 1756 steps
                                                                           2025-12-15_1000000__3.txt: Removed 584 points of burn-in, and first 50 percent, keep 1528 steps
                                                                           2025-12-15_1000000__2.txt: Removed 462 points of burn-in, and first 50 percent, keep 1712 steps
--> Computing mean values
--> Computing variance
--> Computing convergence criterium (Gelman-Rubin)
 -> R-1 is 0.147251 	for  omega_b
           0.036184 	for  omega_cdm
           0.072220 	for  h
           0.201321 	for  ln10^{10}A_s
           0.064275 	for  n_s
           0.195366 	for  tau_reio
           0.052881 	for  delta_Neff_drmd
           0.039025 	for  f_idm_drmd
           0.041264 	for  log10z_stop
           0.109157 	for  log10_G_over_aH_drmd
           0.083482 	for  A_planck
           0.185640 	for  z_reio
           0.148459 	for  Omega_Lambda
           0.151188 	for  YHe
           0.198931 	for  A_s
           0.033221 	for  sigma8
           0.094279 	for  100*theta_s
           0.072033 	for  H0
           0.074936 	for  rs_d
           0.064959 	for  Omega_m
           0.019154 	for  f_drmd
           0.057616 	for  z_dec_drmd
--> Not computing covariance matrix
 /!\ PyMultiNest detected but MultiNest likely not installed correctly. You can
     safely ignore this if not running with option -m NS
--> Scanning file /home/jthybo/connect_wsl/data/DRMD_grendel_iter/number_1/2025-12-15_1000000__1.txt: Removed 627 points of burn-in, and first 50 percent, keep 2247 steps
                                                                           2025-12-15_1000000__4.txt: Removed 283 points of burn-in, and first 50 percent, keep 3614 steps
                                                                           2025-12-15_1000000__3.txt: Removed 584 points of burn-in, and first 50 percent, keep 3311 steps
                                                                           2025-12-15_1000000__2.txt: Removed 462 points of burn-in, and first 50 percent, keep 3634 steps
--> Computing mean values
--> Computing variance
--> Computing convergence criterium (Gelman-Rubin)
 -> R-1 is 0.079493 	for  omega_b
           0.040011 	for  omega_cdm
           0.079039 	for  h
           0.057147 	for  ln10^{10}A_s
           0.113118 	for  n_s
           0.051378 	for  tau_reio
           0.124492 	for  delta_Neff_drmd
           0.029589 	for  f_idm_drmd
           0.038024 	for  log10z_stop
           0.003410 	for  log10_G_over_aH_drmd
           0.012440 	for  A_planck
           0.050621 	for  z_reio
           0.046007 	for  Omega_Lambda
           0.069140 	for  YHe
           0.054644 	for  A_s
           0.026058 	for  sigma8
           0.039783 	for  100*theta_s
           0.069682 	for  H0
           0.117959 	for  rs_d
           0.051566 	for  Omega_m
           0.085005 	for  f_drmd
           0.042581 	for  z_dec_drmd
--> Not computing covariance matrix
--> Scanning file /home/jthybo/connect_wsl/data/DRMD_grendel_iter/number_1/2025-12-15_1000000__1.txt: Removed 781 points of burn-in, and first 50 percent, keep 3555 steps
                                                                           2025-12-15_1000000__4.txt: Removed 283 points of burn-in, and first 50 percent, keep 5544 steps
                                                                           2025-12-15_1000000__3.txt: Removed 857 points of burn-in, and first 50 percent, keep 5069 steps
                                                                           2025-12-15_1000000__2.txt: Removed 488 points of burn-in, and first 50 percent, keep 5569 steps
--> Computing mean values
--> Computing variance
--> Computing convergence criterium (Gelman-Rubin)
 -> R-1 is 0.050963 	for  omega_b
           0.026676 	for  omega_cdm
           0.018522 	for  h
           0.039020 	for  ln10^{10}A_s
           0.018103 	for  n_s
           0.036753 	for  tau_reio
           0.030519 	for  delta_Neff_drmd
           0.039652 	for  f_idm_drmd
           0.053615 	for  log10z_stop
           0.028519 	for  log10_G_over_aH_drmd
           0.008190 	for  A_planck
           0.036572 	for  z_reio
           0.020700 	for  Omega_Lambda
           0.046759 	for  YHe
           0.038508 	for  A_s
           0.048257 	for  sigma8
           0.007754 	for  100*theta_s
           0.019619 	for  H0
           0.052596 	for  rs_d
           0.014675 	for  Omega_m
           0.018994 	for  f_drmd
           0.042727 	for  z_dec_drmd
--> Not computing covariance matrix
--> Scanning file /home/jthybo/connect_wsl/data/DRMD_grendel_iter/number_1/2025-12-15_1000000__1.txt: Removed 781 points of burn-in, and first 50 percent, keep 4880 steps
                                                                           2025-12-15_1000000__4.txt: Removed 283 points of burn-in, and first 50 percent, keep 7536 steps
                                                                           2025-12-15_1000000__3.txt: Removed 857 points of burn-in, and first 50 percent, keep 6924 steps
                                                                           2025-12-15_1000000__2.txt: Removed 488 points of burn-in, and first 50 percent, keep 7516 steps
--> Computing mean values
--> Computing variance
--> Computing convergence criterium (Gelman-Rubin)
 -> R-1 is 0.010893 	for  omega_b
           0.023514 	for  omega_cdm
           0.004799 	for  h
           0.034489 	for  ln10^{10}A_s
           0.005481 	for  n_s
           0.039289 	for  tau_reio
           0.004250 	for  delta_Neff_drmd
           0.031910 	for  f_idm_drmd
           0.034802 	for  log10z_stop
           0.044488 	for  log10_G_over_aH_drmd
           0.007517 	for  A_planck
           0.039134 	for  z_reio
           0.020239 	for  Omega_Lambda
           0.010681 	for  YHe
           0.035611 	for  A_s
           0.023707 	for  sigma8
           0.003053 	for  100*theta_s
           0.008992 	for  H0
           0.010901 	for  rs_d
           0.011303 	for  Omega_m
           0.003422 	for  f_drmd
           0.022928 	for  z_dec_drmd
--> Not computing covariance matrix
--> Scanning file /home/jthybo/connect_wsl/data/DRMD_grendel_iter/number_1/2025-12-15_1000000__1.txt: Removed 781 points of burn-in, and first 50 percent, keep 6270 steps
                                                                           2025-12-15_1000000__4.txt: Removed 283 points of burn-in, and first 50 percent, keep 9601 steps
                                                                           2025-12-15_1000000__3.txt: Removed 857 points of burn-in, and first 50 percent, keep 8819 steps
                                                                           2025-12-15_1000000__2.txt: Removed 488 points of burn-in, and first 50 percent, keep 9604 steps
--> Computing mean values
--> Computing variance
--> Computing convergence criterium (Gelman-Rubin)
 -> R-1 is 0.011244 	for  omega_b
           0.008820 	for  omega_cdm
           0.004176 	for  h
           0.061157 	for  ln10^{10}A_s
           0.000974 	for  n_s
           0.071595 	for  tau_reio
           0.006527 	for  delta_Neff_drmd
           0.024418 	for  f_idm_drmd
           0.036353 	for  log10z_stop
           0.027983 	for  log10_G_over_aH_drmd
           0.011137 	for  A_planck
           0.065166 	for  z_reio
           0.023451 	for  Omega_Lambda
           0.010311 	for  YHe
           0.059442 	for  A_s
           0.020011 	for  sigma8
           0.006607 	for  100*theta_s
           0.008980 	for  H0
           0.015282 	for  rs_d
           0.009044 	for  Omega_m
           0.001343 	for  f_drmd
           0.025093 	for  z_dec_drmd
--> Not computing covariance matrix
--> Scanning file /home/jthybo/connect_wsl/data/DRMD_grendel_iter/number_1/2025-12-15_1000000__1.txt: Removed 781 points of burn-in, and first 50 percent, keep 7520 steps
                                                                           2025-12-15_1000000__4.txt: Removed 283 points of burn-in, and first 50 percent, keep 11554 steps
                                                                           2025-12-15_1000000__3.txt: Removed 857 points of burn-in, and first 50 percent, keep 10742 steps
                                                                           2025-12-15_1000000__2.txt: Removed 488 points of burn-in, and first 50 percent, keep 11654 steps
--> Computing mean values
--> Computing variance
--> Computing convergence criterium (Gelman-Rubin)
 -> R-1 is 0.008669 	for  omega_b
           0.006471 	for  omega_cdm
           0.009358 	for  h
           0.029961 	for  ln10^{10}A_s
           0.016265 	for  n_s
           0.033286 	for  tau_reio
           0.014750 	for  delta_Neff_drmd
           0.021088 	for  f_idm_drmd
           0.033568 	for  log10z_stop
           0.019737 	for  log10_G_over_aH_drmd
           0.008143 	for  A_planck
           0.034842 	for  z_reio
           0.013275 	for  Omega_Lambda
           0.007966 	for  YHe
           0.031686 	for  A_s
           0.012669 	for  sigma8
           0.010981 	for  100*theta_s
           0.009345 	for  H0
           0.016703 	for  rs_d
           0.007642 	for  Omega_m
           0.011846 	for  f_drmd
           0.026285 	for  z_dec_drmd
--> Not computing covariance matrix
--> Scanning file /home/jthybo/connect_wsl/data/DRMD_grendel_iter/number_1/2025-12-15_1000000__1.txt: Removed 781 points of burn-in, and first 50 percent, keep 8847 steps
                                                                           2025-12-15_1000000__4.txt: Removed 283 points of burn-in, and first 50 percent, keep 13531 steps
                                                                           2025-12-15_1000000__3.txt: Removed 857 points of burn-in, and first 50 percent, keep 12622 steps
                                                                           2025-12-15_1000000__2.txt: Removed 488 points of burn-in, and first 50 percent, keep 13609 steps
--> Computing mean values
--> Computing variance
--> Computing convergence criterium (Gelman-Rubin)
 -> R-1 is 0.009951 	for  omega_b
           0.005995 	for  omega_cdm
           0.016265 	for  h
           0.012290 	for  ln10^{10}A_s
           0.023738 	for  n_s
           0.013325 	for  tau_reio
           0.017686 	for  delta_Neff_drmd
           0.010267 	for  f_idm_drmd
           0.015314 	for  log10z_stop
           0.006786 	for  log10_G_over_aH_drmd
           0.002751 	for  A_planck
           0.014633 	for  z_reio
           0.010970 	for  Omega_Lambda
           0.009059 	for  YHe
           0.013334 	for  A_s
           0.003805 	for  sigma8
           0.012443 	for  100*theta_s
           0.013703 	for  H0
           0.012565 	for  rs_d
           0.011032 	for  Omega_m
           0.018729 	for  f_drmd
           0.010138 	for  z_dec_drmd
--> Not computing covariance matrix
--> Scanning file /home/jthybo/connect_wsl/data/DRMD_grendel_iter/number_1/2025-12-15_1000000__1.txt: Removed 781 points of burn-in, and first 50 percent, keep 10115 steps
                                                                           2025-12-15_1000000__4.txt: Removed 283 points of burn-in, and first 50 percent, keep 15459 steps
                                                                           2025-12-15_1000000__3.txt: Removed 857 points of burn-in, and first 50 percent, keep 14474 steps
                                                                           2025-12-15_1000000__2.txt: Removed 488 points of burn-in, and first 50 percent, keep 15611 steps
--> Computing mean values
--> Computing variance
--> Computing convergence criterium (Gelman-Rubin)
 -> R-1 is 0.020199 	for  omega_b
           0.010000 	for  omega_cdm
           0.030297 	for  h
           0.014747 	for  ln10^{10}A_s
           0.045045 	for  n_s
           0.016446 	for  tau_reio
           0.032803 	for  delta_Neff_drmd
           0.024164 	for  f_idm_drmd
           0.026380 	for  log10z_stop
           0.001455 	for  log10_G_over_aH_drmd
           0.002536 	for  A_planck
           0.016037 	for  z_reio
           0.018755 	for  Omega_Lambda
           0.017761 	for  YHe
           0.014893 	for  A_s
           0.013973 	for  sigma8
           0.024485 	for  100*theta_s
           0.023577 	for  H0
           0.026402 	for  rs_d
           0.019056 	for  Omega_m
           0.036277 	for  f_drmd
           0.021783 	for  z_dec_drmd
--> Not computing covariance matrix
--> Scanning file /home/jthybo/connect_wsl/data/DRMD_grendel_iter/number_1/2025-12-15_1000000__1.txt: Removed 781 points of burn-in, and first 50 percent, keep 11550 steps
                                                                           2025-12-15_1000000__4.txt: Removed 283 points of burn-in, and first 50 percent, keep 17496 steps
                                                                           2025-12-15_1000000__3.txt: Removed 857 points of burn-in, and first 50 percent, keep 16462 steps
                                                                           2025-12-15_1000000__2.txt: Removed 488 points of burn-in, and first 50 percent, keep 17631 steps
--> Computing mean values
--> Computing variance
--> Computing convergence criterium (Gelman-Rubin)
 -> R-1 is 0.012568 	for  omega_b
           0.004211 	for  omega_cdm
           0.014521 	for  h
           0.009011 	for  ln10^{10}A_s
           0.017751 	for  n_s
           0.010772 	for  tau_reio
           0.011131 	for  delta_Neff_drmd
           0.012888 	for  f_idm_drmd
           0.013210 	for  log10z_stop
           0.003751 	for  log10_G_over_aH_drmd
           0.002580 	for  A_planck
           0.009609 	for  z_reio
           0.009802 	for  Omega_Lambda
           0.011139 	for  YHe
           0.008562 	for  A_s
           0.004198 	for  sigma8
           0.011031 	for  100*theta_s
           0.011105 	for  H0
           0.009097 	for  rs_d
           0.009769 	for  Omega_m
           0.013825 	for  f_drmd
           0.008229 	for  z_dec_drmd
--> Not computing covariance matrix
