 /!\ PyMultiNest detected but MultiNest likely not installed correctly. You can
     safely ignore this if not running with option -m NS
 /!\ Detecting empty folder, logging the parameter file
 Initializing Planck likelihood, version Plik_v22_cmbonly_like                                                                                                                                                                                                                                                                                                                                                                                                                                                                                               
----
clik version 3be036bbb4f9
  plik_cmbonly
Checking likelihood '/home/jthybo/connect_wsl/resources/planck2018/code/plc_3.0/plc-3.01/../../../baseline/plc_3.0/hi_l/plik_lite/plik_lite_v22_TTTEEE.clik' on test data. got -292.286 expected -292.286 (diff -3.86228e-09)
----
<class 'montepython.likelihood_class.Likelihood_clik'>
<class 'montepython.likelihoods.Planck_lowl_EE.Planck_lowl_EE'>
Initializing SimAll
----
clik version 3be036bbb4f9
  simall simall_EE_BB_TE
Checking likelihood '/home/jthybo/connect_wsl/resources/planck2018/code/plc_3.0/plc-3.01/../../../baseline/plc_3.0/low_l/simall/simall_100x143_offlike5_EE_Aplanck_B.clik' on test data. got -197.99 expected -197.99 (diff -4.1778e-08)
----
----
clik version 3be036bbb4f9
  gibbs_gauss b13c8fda-1837-41b5-ae2d-78d6b723fcf1
Checking likelihood '/home/jthybo/connect_wsl/resources/planck2018/code/plc_3.0/plc-3.01/../../../baseline/plc_3.0/low_l/commander/commander_dx12_v3_2_29.clik' on test data. got -11.6257 expected -11.6257 (diff -1.07424e-09)
----
Creating /home/jthybo/connect_wsl/data/DRMD_grendel_iter/number_2/2025-12-15_1000000__1.txt

 /!\ PyMultiNest detected but MultiNest likely not installed correctly. You can
     safely ignore this if not running with option -m NS
 Initializing Planck likelihood, version Plik_v22_cmbonly_like                                                                                                                                                                                                                                                                                                                                                                                                                                                                                               
----
clik version 3be036bbb4f9
  plik_cmbonly
Checking likelihood '/home/jthybo/connect_wsl/resources/planck2018/code/plc_3.0/plc-3.01/../../../baseline/plc_3.0/hi_l/plik_lite/plik_lite_v22_TTTEEE.clik' on test data. got -292.286 expected -292.286 (diff -3.86228e-09)
----
<class 'montepython.likelihood_class.Likelihood_clik'>
<class 'montepython.likelihoods.Planck_lowl_EE.Planck_lowl_EE'>
Initializing SimAll
----
clik version 3be036bbb4f9
  simall simall_EE_BB_TE
Checking likelihood '/home/jthybo/connect_wsl/resources/planck2018/code/plc_3.0/plc-3.01/../../../baseline/plc_3.0/low_l/simall/simall_100x143_offlike5_EE_Aplanck_B.clik' on test data. got -197.99 expected -197.99 (diff -4.1778e-08)
----
----
clik version 3be036bbb4f9
  gibbs_gauss b13c8fda-1837-41b5-ae2d-78d6b723fcf1
Checking likelihood '/home/jthybo/connect_wsl/resources/planck2018/code/plc_3.0/plc-3.01/../../../baseline/plc_3.0/low_l/commander/commander_dx12_v3_2_29.clik' on test data. got -11.6257 expected -11.6257 (diff -1.07424e-09)
----
 /!\ PyMultiNest detected but MultiNest likely not installed correctly. You can
     safely ignore this if not running with option -m NS
Creating /home/jthybo/connect_wsl/data/DRMD_grendel_iter/number_2/2025-12-15_1000000__2.txt

 /!\ PyMultiNest detected but MultiNest likely not installed correctly. You can
     safely ignore this if not running with option -m NS
 Initializing Planck likelihood, version Plik_v22_cmbonly_like                                                                                                                                                                                                                                                                                                                                                                                                                                                                                               
----
clik version 3be036bbb4f9
  plik_cmbonly
Checking likelihood '/home/jthybo/connect_wsl/resources/planck2018/code/plc_3.0/plc-3.01/../../../baseline/plc_3.0/hi_l/plik_lite/plik_lite_v22_TTTEEE.clik' on test data. got -292.286 expected -292.286 (diff -3.86228e-09)
----
<class 'montepython.likelihood_class.Likelihood_clik'>
<class 'montepython.likelihoods.Planck_lowl_EE.Planck_lowl_EE'>
Initializing SimAll
----
clik version 3be036bbb4f9
  simall simall_EE_BB_TE
Checking likelihood '/home/jthybo/connect_wsl/resources/planck2018/code/plc_3.0/plc-3.01/../../../baseline/plc_3.0/low_l/simall/simall_100x143_offlike5_EE_Aplanck_B.clik' on test data. got -197.99 expected -197.99 (diff -4.1778e-08)
----
----
clik version 3be036bbb4f9
  gibbs_gauss b13c8fda-1837-41b5-ae2d-78d6b723fcf1
Checking likelihood '/home/jthybo/connect_wsl/resources/planck2018/code/plc_3.0/plc-3.01/../../../baseline/plc_3.0/low_l/commander/commander_dx12_v3_2_29.clik' on test data. got -11.6257 expected -11.6257 (diff -1.07424e-09)
----
Creating /home/jthybo/connect_wsl/data/DRMD_grendel_iter/number_2/2025-12-15_1000000__3.txt

 /!\ PyMultiNest detected but MultiNest likely not installed correctly. You can
     safely ignore this if not running with option -m NS
 Initializing Planck likelihood, version Plik_v22_cmbonly_like                                                                                                                                                                                                                                                                                                                                                                                                                                                                                               
----
clik version 3be036bbb4f9
  plik_cmbonly
Checking likelihood '/home/jthybo/connect_wsl/resources/planck2018/code/plc_3.0/plc-3.01/../../../baseline/plc_3.0/hi_l/plik_lite/plik_lite_v22_TTTEEE.clik' on test data. got -292.286 expected -292.286 (diff -3.86228e-09)
----
<class 'montepython.likelihood_class.Likelihood_clik'>
<class 'montepython.likelihoods.Planck_lowl_EE.Planck_lowl_EE'>
Initializing SimAll
----
clik version 3be036bbb4f9
  simall simall_EE_BB_TE
Checking likelihood '/home/jthybo/connect_wsl/resources/planck2018/code/plc_3.0/plc-3.01/../../../baseline/plc_3.0/low_l/simall/simall_100x143_offlike5_EE_Aplanck_B.clik' on test data. got -197.99 expected -197.99 (diff -4.1778e-08)
----
----
clik version 3be036bbb4f9
  gibbs_gauss b13c8fda-1837-41b5-ae2d-78d6b723fcf1
Checking likelihood '/home/jthybo/connect_wsl/resources/planck2018/code/plc_3.0/plc-3.01/../../../baseline/plc_3.0/low_l/commander/commander_dx12_v3_2_29.clik' on test data. got -11.6257 expected -11.6257 (diff -1.07424e-09)
----
Creating /home/jthybo/connect_wsl/data/DRMD_grendel_iter/number_2/2025-12-15_1000000__4.txt

--> Scanning file /home/jthybo/connect_wsl/data/DRMD_grendel_iter/number_2/2025-12-15_1000000__2.txt: Removed 10185 points of burn-in, and first 50 percent, keep 1920 steps
                                                                           2025-12-15_1000000__3.txt: Removed 19 points of burn-in, and first 50 percent, keep 6613 steps
                                                                           2025-12-15_1000000__4.txt: Removed 57 points of burn-in, and first 50 percent, keep 6542 steps
                                                                           2025-12-15_1000000__1.txt: Removed 294 points of burn-in, and first 50 percent, keep 4741 steps
--> Computing mean values
--> Computing variance
--> Computing convergence criterium (Gelman-Rubin)
 -> R-1 is 1.502499 	for  omega_b
           1.220471 	for  omega_cdm
           1.023266 	for  h
           0.272401 	for  ln10^{10}A_s
           3.982647 	for  n_s
           0.156701 	for  tau_reio
           0.095923 	for  delta_Neff_drmd
           0.102719 	for  f_idm_drmd
           0.356627 	for  log10z_stop
           0.360758 	for  log10_G_over_aH_drmd
           0.424359 	for  A_planck
           0.022844 	for  z_reio
           0.850816 	for  Omega_Lambda
           0.792830 	for  YHe
           0.217403 	for  A_s
           0.092097 	for  sigma8
           0.883087 	for  100*theta_s
           1.038851 	for  H0
           1.019593 	for  rs_d
           0.839396 	for  Omega_m
           0.080557 	for  f_drmd
           0.085231 	for  z_dec_drmd
--> Not computing covariance matrix
 /!\ PyMultiNest detected but MultiNest likely not installed correctly. You can
     safely ignore this if not running with option -m NS
--> Scanning file /home/jthybo/connect_wsl/data/DRMD_grendel_iter/number_2/2025-12-15_1000000__2.txt: Removed 10185 points of burn-in, and first 50 percent, keep 8833 steps
                                                                           2025-12-15_1000000__3.txt: Removed 19 points of burn-in, and first 50 percent, keep 13516 steps
                                                                           2025-12-15_1000000__4.txt: Removed 57 points of burn-in, and first 50 percent, keep 13479 steps
                                                                           2025-12-15_1000000__1.txt: Removed 294 points of burn-in, and first 50 percent, keep 9503 steps
--> Computing mean values
--> Computing variance
--> Computing convergence criterium (Gelman-Rubin)
 -> R-1 is 0.538081 	for  omega_b
           0.049939 	for  omega_cdm
           0.120682 	for  h
           0.252728 	for  ln10^{10}A_s
           0.195325 	for  n_s
           0.005552 	for  tau_reio
           0.116767 	for  delta_Neff_drmd
           0.168652 	for  f_idm_drmd
           0.021148 	for  log10z_stop
           0.049102 	for  log10_G_over_aH_drmd
           0.207420 	for  A_planck
           0.023060 	for  z_reio
           0.055298 	for  Omega_Lambda
           0.463595 	for  YHe
           0.037140 	for  A_s
           0.095301 	for  sigma8
           0.079018 	for  100*theta_s
           0.075378 	for  H0
           0.062254 	for  rs_d
           0.041722 	for  Omega_m
           0.021196 	for  f_drmd
           0.039766 	for  z_dec_drmd
--> Computing covariance matrix
--> Scanning file /home/jthybo/connect_wsl/data/DRMD_grendel_iter/number_2/2025-12-15_1000000__2.txt: Removed 10185 points of burn-in, and first 50 percent, keep 13701 steps
                                                                           2025-12-15_1000000__3.txt: Removed 19 points of burn-in, and first 50 percent, keep 18371 steps
                                                                           2025-12-15_1000000__4.txt: Removed 57 points of burn-in, and first 50 percent, keep 18280 steps
                                                                           2025-12-15_1000000__1.txt: Removed 294 points of burn-in, and first 50 percent, keep 14273 steps
--> Computing mean values
--> Computing variance
--> Computing convergence criterium (Gelman-Rubin)
 -> R-1 is 0.189457 	for  omega_b
           0.016612 	for  omega_cdm
           0.070989 	for  h
           0.059306 	for  ln10^{10}A_s
           0.039815 	for  n_s
           0.006322 	for  tau_reio
           0.028184 	for  delta_Neff_drmd
           0.069721 	for  f_idm_drmd
           0.013900 	for  log10z_stop
           0.002619 	for  log10_G_over_aH_drmd
           0.009767 	for  A_planck
           0.034692 	for  z_reio
           0.079825 	for  Omega_Lambda
           0.190566 	for  YHe
           0.045058 	for  A_s
           0.039710 	for  sigma8
           0.035952 	for  100*theta_s
           0.085940 	for  H0
           0.023365 	for  rs_d
           0.088490 	for  Omega_m
           0.020929 	for  f_drmd
           0.048340 	for  z_dec_drmd
--> Not computing covariance matrix
--> Scanning file /home/jthybo/connect_wsl/data/DRMD_grendel_iter/number_2/2025-12-15_1000000__2.txt: Removed 10185 points of burn-in, and first 50 percent, keep 18396 steps
                                                                           2025-12-15_1000000__3.txt: Removed 19 points of burn-in, and first 50 percent, keep 22986 steps
                                                                           2025-12-15_1000000__4.txt: Removed 57 points of burn-in, and first 50 percent, keep 23187 steps
                                                                           2025-12-15_1000000__1.txt: Removed 294 points of burn-in, and first 50 percent, keep 19018 steps
--> Computing mean values
--> Computing variance
--> Computing convergence criterium (Gelman-Rubin)
 -> R-1 is 0.126351 	for  omega_b
           0.009062 	for  omega_cdm
           0.039086 	for  h
           0.027683 	for  ln10^{10}A_s
           0.051189 	for  n_s
           0.004254 	for  tau_reio
           0.006339 	for  delta_Neff_drmd
           0.045502 	for  f_idm_drmd
           0.004763 	for  log10z_stop
           0.002010 	for  log10_G_over_aH_drmd
           0.007837 	for  A_planck
           0.035267 	for  z_reio
           0.029566 	for  Omega_Lambda
           0.139892 	for  YHe
           0.026241 	for  A_s
           0.017073 	for  sigma8
           0.026566 	for  100*theta_s
           0.037946 	for  H0
           0.065874 	for  rs_d
           0.038614 	for  Omega_m
           0.007021 	for  f_drmd
           0.055962 	for  z_dec_drmd
--> Not computing covariance matrix
--> Scanning file /home/jthybo/connect_wsl/data/DRMD_grendel_iter/number_2/2025-12-15_1000000__2.txt: Removed 10185 points of burn-in, and first 50 percent, keep 23243 steps
                                                                           2025-12-15_1000000__3.txt: Removed 19 points of burn-in, and first 50 percent, keep 27991 steps
                                                                           2025-12-15_1000000__4.txt: Removed 57 points of burn-in, and first 50 percent, keep 28372 steps
                                                                           2025-12-15_1000000__1.txt: Removed 294 points of burn-in, and first 50 percent, keep 24116 steps
--> Computing mean values
--> Computing variance
--> Computing convergence criterium (Gelman-Rubin)
 -> R-1 is 0.019154 	for  omega_b
           0.015362 	for  omega_cdm
           0.021477 	for  h
           0.019322 	for  ln10^{10}A_s
           0.063985 	for  n_s
           0.008155 	for  tau_reio
           0.002333 	for  delta_Neff_drmd
           0.010799 	for  f_idm_drmd
           0.000463 	for  log10z_stop
           0.001279 	for  log10_G_over_aH_drmd
           0.002977 	for  A_planck
           0.032201 	for  z_reio
           0.017911 	for  Omega_Lambda
           0.033341 	for  YHe
           0.020599 	for  A_s
           0.001856 	for  sigma8
           0.030595 	for  100*theta_s
           0.019542 	for  H0
           0.028099 	for  rs_d
           0.020981 	for  Omega_m
           0.001941 	for  f_drmd
           0.055483 	for  z_dec_drmd
--> Not computing covariance matrix
--> Scanning file /home/jthybo/connect_wsl/data/DRMD_grendel_iter/number_2/2025-12-15_1000000__2.txt: Removed 10185 points of burn-in, and first 50 percent, keep 28198 steps
                                                                           2025-12-15_1000000__3.txt: Removed 19 points of burn-in, and first 50 percent, keep 32984 steps
                                                                           2025-12-15_1000000__4.txt: Removed 57 points of burn-in, and first 50 percent, keep 33292 steps
                                                                           2025-12-15_1000000__1.txt: Removed 294 points of burn-in, and first 50 percent, keep 29008 steps
--> Computing mean values
--> Computing variance
--> Computing convergence criterium (Gelman-Rubin)
 -> R-1 is 0.001712 	for  omega_b
           0.005596 	for  omega_cdm
           0.009218 	for  h
           0.007958 	for  ln10^{10}A_s
           0.052858 	for  n_s
           0.001535 	for  tau_reio
           0.003817 	for  delta_Neff_drmd
           0.014935 	for  f_idm_drmd
           0.005243 	for  log10z_stop
           0.002507 	for  log10_G_over_aH_drmd
           0.006152 	for  A_planck
           0.026902 	for  z_reio
           0.008184 	for  Omega_Lambda
           0.005216 	for  YHe
           0.008466 	for  A_s
           0.000484 	for  sigma8
           0.013326 	for  100*theta_s
           0.005569 	for  H0
           0.008297 	for  rs_d
           0.009890 	for  Omega_m
           0.001086 	for  f_drmd
           0.057901 	for  z_dec_drmd
--> Not computing covariance matrix
--> Scanning file /home/jthybo/connect_wsl/data/DRMD_grendel_iter/number_2/2025-12-15_1000000__2.txt: Removed 10185 points of burn-in, and first 50 percent, keep 33171 steps
                                                                           2025-12-15_1000000__3.txt: Removed 19 points of burn-in, and first 50 percent, keep 37694 steps
                                                                           2025-12-15_1000000__4.txt: Removed 57 points of burn-in, and first 50 percent, keep 37990 steps
                                                                           2025-12-15_1000000__1.txt: Removed 294 points of burn-in, and first 50 percent, keep 33836 steps
--> Computing mean values
--> Computing variance
--> Computing convergence criterium (Gelman-Rubin)
 -> R-1 is 0.002028 	for  omega_b
           0.012395 	for  omega_cdm
           0.005361 	for  h
           0.007778 	for  ln10^{10}A_s
           0.045033 	for  n_s
           0.000714 	for  tau_reio
           0.001459 	for  delta_Neff_drmd
           0.011785 	for  f_idm_drmd
           0.000494 	for  log10z_stop
           0.001481 	for  log10_G_over_aH_drmd
           0.000841 	for  A_planck
           0.030911 	for  z_reio
           0.005171 	for  Omega_Lambda
           0.006229 	for  YHe
           0.008071 	for  A_s
           0.000742 	for  sigma8
           0.010168 	for  100*theta_s
           0.003263 	for  H0
           0.012857 	for  rs_d
           0.005955 	for  Omega_m
           0.000632 	for  f_drmd
           0.055986 	for  z_dec_drmd
--> Not computing covariance matrix
--> Scanning file /home/jthybo/connect_wsl/data/DRMD_grendel_iter/number_2/2025-12-15_1000000__2.txt: Removed 10185 points of burn-in, and first 50 percent, keep 38108 steps
                                                                           2025-12-15_1000000__3.txt: Removed 19 points of burn-in, and first 50 percent, keep 42741 steps
                                                                           2025-12-15_1000000__4.txt: Removed 57 points of burn-in, and first 50 percent, keep 42825 steps
                                                                           2025-12-15_1000000__1.txt: Removed 294 points of burn-in, and first 50 percent, keep 38758 steps
--> Computing mean values
--> Computing variance
--> Computing convergence criterium (Gelman-Rubin)
 -> R-1 is 0.004789 	for  omega_b
           0.019252 	for  omega_cdm
           0.003801 	for  h
           0.009458 	for  ln10^{10}A_s
           0.047330 	for  n_s
           0.001570 	for  tau_reio
           0.003107 	for  delta_Neff_drmd
           0.007432 	for  f_idm_drmd
           0.001248 	for  log10z_stop
           0.001791 	for  log10_G_over_aH_drmd
           0.000267 	for  A_planck
           0.031717 	for  z_reio
           0.004392 	for  Omega_Lambda
           0.008830 	for  YHe
           0.009105 	for  A_s
           0.001111 	for  sigma8
           0.007560 	for  100*theta_s
           0.003523 	for  H0
           0.022015 	for  rs_d
           0.004340 	for  Omega_m
           0.001466 	for  f_drmd
           0.042726 	for  z_dec_drmd
--> Not computing covariance matrix
--> Scanning file /home/jthybo/connect_wsl/data/DRMD_grendel_iter/number_2/2025-12-15_1000000__2.txt: Removed 10185 points of burn-in, and first 50 percent, keep 43186 steps
                                                                           2025-12-15_1000000__3.txt: Removed 19 points of burn-in, and first 50 percent, keep 47774 steps
                                                                           2025-12-15_1000000__4.txt: Removed 57 points of burn-in, and first 50 percent, keep 47837 steps
                                                                           2025-12-15_1000000__1.txt: Removed 294 points of burn-in, and first 50 percent, keep 43691 steps
--> Computing mean values
--> Computing variance
--> Computing convergence criterium (Gelman-Rubin)
 -> R-1 is 0.006007 	for  omega_b
           0.009671 	for  omega_cdm
           0.001009 	for  h
           0.003677 	for  ln10^{10}A_s
           0.038338 	for  n_s
           0.001756 	for  tau_reio
           0.000994 	for  delta_Neff_drmd
           0.005783 	for  f_idm_drmd
           0.002200 	for  log10z_stop
           0.001474 	for  log10_G_over_aH_drmd
           0.003118 	for  A_planck
           0.023322 	for  z_reio
           0.001000 	for  Omega_Lambda
           0.010277 	for  YHe
           0.002733 	for  A_s
           0.001406 	for  sigma8
           0.002018 	for  100*theta_s
           0.001018 	for  H0
           0.015482 	for  rs_d
           0.001270 	for  Omega_m
           0.000538 	for  f_drmd
           0.028127 	for  z_dec_drmd
--> Not computing covariance matrix
--> Scanning file /home/jthybo/connect_wsl/data/DRMD_grendel_iter/number_2/2025-12-15_1000000__2.txt: Removed 10185 points of burn-in, and first 50 percent, keep 48368 steps
                                                                           2025-12-15_1000000__3.txt: Removed 19 points of burn-in, and first 50 percent, keep 52909 steps
                                                                           2025-12-15_1000000__4.txt: Removed 57 points of burn-in, and first 50 percent, keep 52952 steps
                                                                           2025-12-15_1000000__1.txt: Removed 294 points of burn-in, and first 50 percent, keep 48598 steps
--> Computing mean values
--> Computing variance
--> Computing convergence criterium (Gelman-Rubin)
 -> R-1 is 0.001964 	for  omega_b
           0.004495 	for  omega_cdm
           0.001596 	for  h
           0.003757 	for  ln10^{10}A_s
           0.016535 	for  n_s
           0.001875 	for  tau_reio
           0.000809 	for  delta_Neff_drmd
           0.001804 	for  f_idm_drmd
           0.002492 	for  log10z_stop
           0.001528 	for  log10_G_over_aH_drmd
           0.009609 	for  A_planck
           0.009702 	for  z_reio
           0.000985 	for  Omega_Lambda
           0.003987 	for  YHe
           0.001644 	for  A_s
           0.005214 	for  sigma8
           0.000730 	for  100*theta_s
           0.003009 	for  H0
           0.005785 	for  rs_d
           0.000490 	for  Omega_m
           0.000460 	for  f_drmd
           0.009748 	for  z_dec_drmd
--> Not computing covariance matrix
