 /!\ PyMultiNest detected but MultiNest likely not installed correctly. You can
     safely ignore this if not running with option -m NS
 /!\ Detecting empty folder, logging the parameter file
 Initializing Planck likelihood, version Plik_v22_cmbonly_like                                                                                                                                                                                                                                                                                                                                                                                                                                                                                               
----
clik version 3be036bbb4f9
  plik_cmbonly
Checking likelihood '/home/jeppethybo/connect_public/resources/planck2018/code/plc_3.0/plc-3.01/../../../baseline/plc_3.0/hi_l/plik_lite/plik_lite_v22_TTTEEE.clik' on test data. got -292.286 expected -292.286 (diff -3.86223e-09)
----
<class 'montepython.likelihood_class.Likelihood_clik'>
<class 'montepython.likelihoods.Planck_lowl_EE.Planck_lowl_EE'>
Initializing SimAll
----
clik version 3be036bbb4f9
  simall simall_EE_BB_TE
Checking likelihood '/home/jeppethybo/connect_public/resources/planck2018/code/plc_3.0/plc-3.01/../../../baseline/plc_3.0/low_l/simall/simall_100x143_offlike5_EE_Aplanck_B.clik' on test data. got -197.99 expected -197.99 (diff -4.1778e-08)
----
----
clik version 3be036bbb4f9
  gibbs_gauss b13c8fda-1837-41b5-ae2d-78d6b723fcf1
Checking likelihood '/home/jeppethybo/connect_public/resources/planck2018/code/plc_3.0/plc-3.01/../../../baseline/plc_3.0/low_l/commander/commander_dx12_v3_2_29.clik' on test data. got -11.6257 expected -11.6257 (diff -1.07424e-09)
----
Creating /home/jeppethybo/connect_public/data/DRMD_iter/number_10/2025-12-04_1000000__1.txt

 /!\ PyMultiNest detected but MultiNest likely not installed correctly. You can
     safely ignore this if not running with option -m NS
 Initializing Planck likelihood, version Plik_v22_cmbonly_like                                                                                                                                                                                                                                                                                                                                                                                                                                                                                               
----
clik version 3be036bbb4f9
  plik_cmbonly
Checking likelihood '/home/jeppethybo/connect_public/resources/planck2018/code/plc_3.0/plc-3.01/../../../baseline/plc_3.0/hi_l/plik_lite/plik_lite_v22_TTTEEE.clik' on test data. got -292.286 expected -292.286 (diff -3.86223e-09)
----
<class 'montepython.likelihood_class.Likelihood_clik'>
<class 'montepython.likelihoods.Planck_lowl_EE.Planck_lowl_EE'>
Initializing SimAll
----
clik version 3be036bbb4f9
  simall simall_EE_BB_TE
Checking likelihood '/home/jeppethybo/connect_public/resources/planck2018/code/plc_3.0/plc-3.01/../../../baseline/plc_3.0/low_l/simall/simall_100x143_offlike5_EE_Aplanck_B.clik' on test data. got -197.99 expected -197.99 (diff -4.1778e-08)
----
----
clik version 3be036bbb4f9
  gibbs_gauss b13c8fda-1837-41b5-ae2d-78d6b723fcf1
Checking likelihood '/home/jeppethybo/connect_public/resources/planck2018/code/plc_3.0/plc-3.01/../../../baseline/plc_3.0/low_l/commander/commander_dx12_v3_2_29.clik' on test data. got -11.6257 expected -11.6257 (diff -1.07424e-09)
----
Creating /home/jeppethybo/connect_public/data/DRMD_iter/number_10/2025-12-04_1000000__2.txt

 /!\ PyMultiNest detected but MultiNest likely not installed correctly. You can
     safely ignore this if not running with option -m NS
 Initializing Planck likelihood, version Plik_v22_cmbonly_like                                                                                                                                                                                                                                                                                                                                                                                                                                                                                               
----
clik version 3be036bbb4f9
  plik_cmbonly
Checking likelihood '/home/jeppethybo/connect_public/resources/planck2018/code/plc_3.0/plc-3.01/../../../baseline/plc_3.0/hi_l/plik_lite/plik_lite_v22_TTTEEE.clik' on test data. got -292.286 expected -292.286 (diff -3.86223e-09)
----
<class 'montepython.likelihood_class.Likelihood_clik'>
<class 'montepython.likelihoods.Planck_lowl_EE.Planck_lowl_EE'>
Initializing SimAll
----
clik version 3be036bbb4f9
  simall simall_EE_BB_TE
Checking likelihood '/home/jeppethybo/connect_public/resources/planck2018/code/plc_3.0/plc-3.01/../../../baseline/plc_3.0/low_l/simall/simall_100x143_offlike5_EE_Aplanck_B.clik' on test data. got -197.99 expected -197.99 (diff -4.1778e-08)
----
----
clik version 3be036bbb4f9
  gibbs_gauss b13c8fda-1837-41b5-ae2d-78d6b723fcf1
Checking likelihood '/home/jeppethybo/connect_public/resources/planck2018/code/plc_3.0/plc-3.01/../../../baseline/plc_3.0/low_l/commander/commander_dx12_v3_2_29.clik' on test data. got -11.6257 expected -11.6257 (diff -1.07424e-09)
----
 /!\ PyMultiNest detected but MultiNest likely not installed correctly. You can
     safely ignore this if not running with option -m NS
Creating /home/jeppethybo/connect_public/data/DRMD_iter/number_10/2025-12-04_1000000__3.txt

 /!\ PyMultiNest detected but MultiNest likely not installed correctly. You can
     safely ignore this if not running with option -m NS
 Initializing Planck likelihood, version Plik_v22_cmbonly_like                                                                                                                                                                                                                                                                                                                                                                                                                                                                                               
----
clik version 3be036bbb4f9
  plik_cmbonly
Checking likelihood '/home/jeppethybo/connect_public/resources/planck2018/code/plc_3.0/plc-3.01/../../../baseline/plc_3.0/hi_l/plik_lite/plik_lite_v22_TTTEEE.clik' on test data. got -292.286 expected -292.286 (diff -3.86223e-09)
----
<class 'montepython.likelihood_class.Likelihood_clik'>
<class 'montepython.likelihoods.Planck_lowl_EE.Planck_lowl_EE'>
Initializing SimAll
----
clik version 3be036bbb4f9
  simall simall_EE_BB_TE
Checking likelihood '/home/jeppethybo/connect_public/resources/planck2018/code/plc_3.0/plc-3.01/../../../baseline/plc_3.0/low_l/simall/simall_100x143_offlike5_EE_Aplanck_B.clik' on test data. got -197.99 expected -197.99 (diff -4.1778e-08)
----
----
clik version 3be036bbb4f9
  gibbs_gauss b13c8fda-1837-41b5-ae2d-78d6b723fcf1
Checking likelihood '/home/jeppethybo/connect_public/resources/planck2018/code/plc_3.0/plc-3.01/../../../baseline/plc_3.0/low_l/commander/commander_dx12_v3_2_29.clik' on test data. got -11.6257 expected -11.6257 (diff -1.07424e-09)
----
Creating /home/jeppethybo/connect_public/data/DRMD_iter/number_10/2025-12-04_1000000__4.txt

--> Scanning file /home/jeppethybo/connect_public/data/DRMD_iter/number_10/2025-12-04_1000000__4.txt: Removed 465 points of burn-in, and first 50 percent, keep 1468 steps
                                                                           2025-12-04_1000000__3.txt: Removed 997 points of burn-in, and first 50 percent, keep 1214 steps
                                                                           2025-12-04_1000000__1.txt: Removed 227 points of burn-in, and first 50 percent, keep 1282 steps
                                                                           2025-12-04_1000000__2.txt: Removed 572 points of burn-in, and first 50 percent, keep 1444 steps
--> Computing mean values
--> Computing variance
--> Computing convergence criterium (Gelman-Rubin)
 -> R-1 is 0.929576 	for  omega_b
           2.357330 	for  omega_cdm
           1.632538 	for  h
           0.072597 	for  ln10^{10}A_s
           0.290082 	for  n_s
           0.048785 	for  tau_reio
           3.375520 	for  delta_Neff_drmd
           4.250407 	for  f_idm_drmd
           1.573951 	for  log10z_stop
           0.453281 	for  A_planck
           0.045434 	for  z_reio
           0.382259 	for  Omega_Lambda
           0.677935 	for  YHe
           0.074543 	for  A_s
           0.066744 	for  sigma8
           0.220770 	for  100*theta_s
           1.631521 	for  H0
           3.850519 	for  rs_d
           1.481157 	for  Omega_m
           3.665974 	for  f_drmd
           3.666153 	for  z_dec_drmd
--> Not computing covariance matrix
 /!\ PyMultiNest detected but MultiNest likely not installed correctly. You can
     safely ignore this if not running with option -m NS
--> Scanning file /home/jeppethybo/connect_public/data/DRMD_iter/number_10/2025-12-04_1000000__4.txt: Removed 465 points of burn-in, and first 50 percent, keep 3198 steps
                                                                           2025-12-04_1000000__3.txt: Removed 997 points of burn-in, and first 50 percent, keep 2984 steps
                                                                           2025-12-04_1000000__1.txt: Removed 227 points of burn-in, and first 50 percent, keep 2604 steps
                                                                           2025-12-04_1000000__2.txt: Removed 572 points of burn-in, and first 50 percent, keep 3214 steps
--> Computing mean values
--> Computing variance
--> Computing convergence criterium (Gelman-Rubin)
 -> R-1 is 0.350152 	for  omega_b
           0.463737 	for  omega_cdm
           0.641787 	for  h
           0.005307 	for  ln10^{10}A_s
           0.157391 	for  n_s
           0.035403 	for  tau_reio
           0.898950 	for  delta_Neff_drmd
           0.947605 	for  f_idm_drmd
           1.057582 	for  log10z_stop
           0.226316 	for  A_planck
           0.033484 	for  z_reio
           0.180602 	for  Omega_Lambda
           0.308040 	for  YHe
           0.005405 	for  A_s
           0.052090 	for  sigma8
           0.088895 	for  100*theta_s
           0.642397 	for  H0
           0.831547 	for  rs_d
           0.373341 	for  Omega_m
           0.875044 	for  f_drmd
           0.875063 	for  z_dec_drmd
--> Computing covariance matrix
--> Scanning file /home/jeppethybo/connect_public/data/DRMD_iter/number_10/2025-12-04_1000000__4.txt: Removed 465 points of burn-in, and first 50 percent, keep 5788 steps
                                                                           2025-12-04_1000000__3.txt: Removed 997 points of burn-in, and first 50 percent, keep 5530 steps
                                                                           2025-12-04_1000000__1.txt: Removed 227 points of burn-in, and first 50 percent, keep 3844 steps
                                                                           2025-12-04_1000000__2.txt: Removed 572 points of burn-in, and first 50 percent, keep 5795 steps
--> Computing mean values
--> Computing variance
--> Computing convergence criterium (Gelman-Rubin)
 -> R-1 is 0.035055 	for  omega_b
           0.066567 	for  omega_cdm
           0.059872 	for  h
           0.013948 	for  ln10^{10}A_s
           0.010665 	for  n_s
           0.003271 	for  tau_reio
           0.079738 	for  delta_Neff_drmd
           0.178481 	for  f_idm_drmd
           0.083935 	for  log10z_stop
           0.019257 	for  A_planck
           0.002578 	for  z_reio
           0.023405 	for  Omega_Lambda
           0.034008 	for  YHe
           0.013910 	for  A_s
           0.000062 	for  sigma8
           0.017340 	for  100*theta_s
           0.059816 	for  H0
           0.076008 	for  rs_d
           0.037156 	for  Omega_m
           0.076801 	for  f_drmd
           0.076801 	for  z_dec_drmd
--> Not computing covariance matrix
--> Scanning file /home/jeppethybo/connect_public/data/DRMD_iter/number_10/2025-12-04_1000000__4.txt: Removed 465 points of burn-in, and first 50 percent, keep 8358 steps
                                                                           2025-12-04_1000000__3.txt: Removed 997 points of burn-in, and first 50 percent, keep 8087 steps
                                                                           2025-12-04_1000000__1.txt: Removed 227 points of burn-in, and first 50 percent, keep 5074 steps
                                                                           2025-12-04_1000000__2.txt: Removed 572 points of burn-in, and first 50 percent, keep 8345 steps
--> Computing mean values
--> Computing variance
--> Computing convergence criterium (Gelman-Rubin)
 -> R-1 is 0.009292 	for  omega_b
           0.000722 	for  omega_cdm
           0.007106 	for  h
           0.001373 	for  ln10^{10}A_s
           0.004257 	for  n_s
           0.002347 	for  tau_reio
           0.004449 	for  delta_Neff_drmd
           0.168191 	for  f_idm_drmd
           0.007094 	for  log10z_stop
           0.003905 	for  A_planck
           0.002010 	for  z_reio
           0.005626 	for  Omega_Lambda
           0.008621 	for  YHe
           0.001454 	for  A_s
           0.001106 	for  sigma8
           0.001129 	for  100*theta_s
           0.007129 	for  H0
           0.003254 	for  rs_d
           0.005530 	for  Omega_m
           0.003776 	for  f_drmd
           0.003776 	for  z_dec_drmd
--> Not computing covariance matrix
--> Scanning file /home/jeppethybo/connect_public/data/DRMD_iter/number_10/2025-12-04_1000000__4.txt: Removed 465 points of burn-in, and first 50 percent, keep 10971 steps
                                                                           2025-12-04_1000000__3.txt: Removed 997 points of burn-in, and first 50 percent, keep 10727 steps
                                                                           2025-12-04_1000000__1.txt: Removed 227 points of burn-in, and first 50 percent, keep 6372 steps
                                                                           2025-12-04_1000000__2.txt: Removed 572 points of burn-in, and first 50 percent, keep 10967 steps
--> Computing mean values
--> Computing variance
--> Computing convergence criterium (Gelman-Rubin)
 -> R-1 is 0.000740 	for  omega_b
           0.001109 	for  omega_cdm
           0.000620 	for  h
           0.003702 	for  ln10^{10}A_s
           0.001838 	for  n_s
           0.006631 	for  tau_reio
           0.000247 	for  delta_Neff_drmd
           0.005897 	for  f_idm_drmd
           0.020224 	for  log10z_stop
           0.004232 	for  A_planck
           0.006035 	for  z_reio
           0.002162 	for  Omega_Lambda
           0.000900 	for  YHe
           0.003824 	for  A_s
           0.001281 	for  sigma8
           0.000869 	for  100*theta_s
           0.000621 	for  H0
           0.000376 	for  rs_d
           0.001744 	for  Omega_m
           0.000305 	for  f_drmd
           0.000305 	for  z_dec_drmd
--> Not computing covariance matrix
--> Scanning file /home/jeppethybo/connect_public/data/DRMD_iter/number_10/2025-12-04_1000000__4.txt: Removed 465 points of burn-in, and first 50 percent, keep 13676 steps
                                                                           2025-12-04_1000000__3.txt: Removed 997 points of burn-in, and first 50 percent, keep 13405 steps
                                                                           2025-12-04_1000000__1.txt: Removed 227 points of burn-in, and first 50 percent, keep 7664 steps
                                                                           2025-12-04_1000000__2.txt: Removed 572 points of burn-in, and first 50 percent, keep 13670 steps
--> Computing mean values
--> Computing variance
--> Computing convergence criterium (Gelman-Rubin)
 -> R-1 is 0.003335 	for  omega_b
           0.001611 	for  omega_cdm
           0.002893 	for  h
           0.000464 	for  ln10^{10}A_s
           0.002868 	for  n_s
           0.001512 	for  tau_reio
           0.002591 	for  delta_Neff_drmd
           0.014759 	for  f_idm_drmd
           0.058365 	for  log10z_stop
           0.007382 	for  A_planck
           0.001475 	for  z_reio
           0.002191 	for  Omega_Lambda
           0.003375 	for  YHe
           0.000482 	for  A_s
           0.001517 	for  sigma8
           0.001193 	for  100*theta_s
           0.002888 	for  H0
           0.003401 	for  rs_d
           0.002339 	for  Omega_m
           0.003696 	for  f_drmd
           0.003696 	for  z_dec_drmd
--> Not computing covariance matrix
--> Scanning file /home/jeppethybo/connect_public/data/DRMD_iter/number_10/2025-12-04_1000000__4.txt: Removed 465 points of burn-in, and first 50 percent, keep 16326 steps
                                                                           2025-12-04_1000000__3.txt: Removed 997 points of burn-in, and first 50 percent, keep 15947 steps
                                                                           2025-12-04_1000000__1.txt: Removed 227 points of burn-in, and first 50 percent, keep 8917 steps
                                                                           2025-12-04_1000000__2.txt: Removed 963 points of burn-in, and first 50 percent, keep 16124 steps
--> Computing mean values
--> Computing variance
--> Computing convergence criterium (Gelman-Rubin)
 -> R-1 is 0.003320 	for  omega_b
           0.002657 	for  omega_cdm
           0.003367 	for  h
           0.002070 	for  ln10^{10}A_s
           0.002216 	for  n_s
           0.001107 	for  tau_reio
           0.003621 	for  delta_Neff_drmd
           0.033307 	for  f_idm_drmd
           0.022146 	for  log10z_stop
           0.002638 	for  A_planck
           0.001329 	for  z_reio
           0.002095 	for  Omega_Lambda
           0.003427 	for  YHe
           0.001956 	for  A_s
           0.001007 	for  sigma8
           0.001840 	for  100*theta_s
           0.003361 	for  H0
           0.004946 	for  rs_d
           0.002349 	for  Omega_m
           0.005246 	for  f_drmd
           0.005246 	for  z_dec_drmd
--> Not computing covariance matrix
--> Scanning file /home/jeppethybo/connect_public/data/DRMD_iter/number_10/2025-12-04_1000000__4.txt: Removed 465 points of burn-in, and first 50 percent, keep 18888 steps
                                                                           2025-12-04_1000000__3.txt: Removed 997 points of burn-in, and first 50 percent, keep 18512 steps
                                                                           2025-12-04_1000000__1.txt: Removed 227 points of burn-in, and first 50 percent, keep 10119 steps
                                                                           2025-12-04_1000000__2.txt: Removed 963 points of burn-in, and first 50 percent, keep 18632 steps
--> Computing mean values
--> Computing variance
--> Computing convergence criterium (Gelman-Rubin)
 -> R-1 is 0.000340 	for  omega_b
           0.000404 	for  omega_cdm
           0.000484 	for  h
           0.001607 	for  ln10^{10}A_s
           0.001211 	for  n_s
           0.001465 	for  tau_reio
           0.000475 	for  delta_Neff_drmd
           0.058430 	for  f_idm_drmd
           0.032722 	for  log10z_stop
           0.003866 	for  A_planck
           0.001665 	for  z_reio
           0.000646 	for  Omega_Lambda
           0.000354 	for  YHe
           0.001558 	for  A_s
           0.001763 	for  sigma8
           0.000246 	for  100*theta_s
           0.000484 	for  H0
           0.000154 	for  rs_d
           0.000579 	for  Omega_m
           0.000215 	for  f_drmd
           0.000215 	for  z_dec_drmd
--> Not computing covariance matrix
--> Scanning file /home/jeppethybo/connect_public/data/DRMD_iter/number_10/2025-12-04_1000000__4.txt: Removed 465 points of burn-in, and first 50 percent, keep 21523 steps
                                                                           2025-12-04_1000000__3.txt: Removed 997 points of burn-in, and first 50 percent, keep 21122 steps
                                                                           2025-12-04_1000000__1.txt: Removed 227 points of burn-in, and first 50 percent, keep 11372 steps
                                                                           2025-12-04_1000000__2.txt: Removed 963 points of burn-in, and first 50 percent, keep 21272 steps
--> Computing mean values
--> Computing variance
--> Computing convergence criterium (Gelman-Rubin)
 -> R-1 is 0.000376 	for  omega_b
           0.001383 	for  omega_cdm
           0.001389 	for  h
           0.000587 	for  ln10^{10}A_s
           0.000515 	for  n_s
           0.000793 	for  tau_reio
           0.002090 	for  delta_Neff_drmd
           0.036236 	for  f_idm_drmd
           0.044961 	for  log10z_stop
           0.004456 	for  A_planck
           0.000959 	for  z_reio
           0.000495 	for  Omega_Lambda
           0.000374 	for  YHe
           0.000553 	for  A_s
           0.000963 	for  sigma8
           0.000044 	for  100*theta_s
           0.001389 	for  H0
           0.001399 	for  rs_d
           0.000532 	for  Omega_m
           0.001475 	for  f_drmd
           0.001475 	for  z_dec_drmd
--> Not computing covariance matrix
--> Scanning file /home/jeppethybo/connect_public/data/DRMD_iter/number_10/2025-12-04_1000000__4.txt: Removed 465 points of burn-in, and first 50 percent, keep 24073 steps
                                                                           2025-12-04_1000000__3.txt: Removed 997 points of burn-in, and first 50 percent, keep 23595 steps
                                                                           2025-12-04_1000000__1.txt: Removed 227 points of burn-in, and first 50 percent, keep 12587 steps
                                                                           2025-12-04_1000000__2.txt: Removed 963 points of burn-in, and first 50 percent, keep 23747 steps
--> Computing mean values
--> Computing variance
--> Computing convergence criterium (Gelman-Rubin)
 -> R-1 is 0.007727 	for  omega_b
           0.007462 	for  omega_cdm
           0.013170 	for  h
           0.002751 	for  ln10^{10}A_s
           0.005307 	for  n_s
           0.006284 	for  tau_reio
           0.014641 	for  delta_Neff_drmd
           0.054720 	for  f_idm_drmd
           0.007279 	for  log10z_stop
           0.001189 	for  A_planck
           0.006039 	for  z_reio
           0.006701 	for  Omega_Lambda
           0.007729 	for  YHe
           0.002832 	for  A_s
           0.005538 	for  sigma8
           0.001757 	for  100*theta_s
           0.013172 	for  H0
           0.012218 	for  rs_d
           0.007012 	for  Omega_m
           0.013726 	for  f_drmd
           0.013726 	for  z_dec_drmd
--> Not computing covariance matrix
--> Scanning file /home/jeppethybo/connect_public/data/DRMD_iter/number_10/2025-12-04_1000000__4.txt: Removed 465 points of burn-in, and first 50 percent, keep 26633 steps
                                                                           2025-12-04_1000000__3.txt: Removed 997 points of burn-in, and first 50 percent, keep 26107 steps
                                                                           2025-12-04_1000000__1.txt: Removed 227 points of burn-in, and first 50 percent, keep 13769 steps
                                                                           2025-12-04_1000000__2.txt: Removed 963 points of burn-in, and first 50 percent, keep 26222 steps
--> Computing mean values
--> Computing variance
--> Computing convergence criterium (Gelman-Rubin)
 -> R-1 is 0.017606 	for  omega_b
           0.024610 	for  omega_cdm
           0.029808 	for  h
           0.000623 	for  ln10^{10}A_s
           0.007234 	for  n_s
           0.004590 	for  tau_reio
           0.038238 	for  delta_Neff_drmd
           0.047605 	for  f_idm_drmd
           0.011625 	for  log10z_stop
           0.000897 	for  A_planck
           0.004505 	for  z_reio
           0.011735 	for  Omega_Lambda
           0.017765 	for  YHe
           0.000654 	for  A_s
           0.006342 	for  sigma8
           0.005293 	for  100*theta_s
           0.029789 	for  H0
           0.036046 	for  rs_d
           0.013106 	for  Omega_m
           0.038314 	for  f_drmd
           0.038314 	for  z_dec_drmd
--> Not computing covariance matrix
--> Scanning file /home/jeppethybo/connect_public/data/DRMD_iter/number_10/2025-12-04_1000000__4.txt: Removed 465 points of burn-in, and first 50 percent, keep 29288 steps
                                                                           2025-12-04_1000000__3.txt: Removed 997 points of burn-in, and first 50 percent, keep 28732 steps
                                                                           2025-12-04_1000000__1.txt: Removed 227 points of burn-in, and first 50 percent, keep 15019 steps
                                                                           2025-12-04_1000000__2.txt: Removed 963 points of burn-in, and first 50 percent, keep 28869 steps
--> Computing mean values
--> Computing variance
--> Computing convergence criterium (Gelman-Rubin)
 -> R-1 is 0.017443 	for  omega_b
           0.028051 	for  omega_cdm
           0.028825 	for  h
           0.000494 	for  ln10^{10}A_s
           0.006549 	for  n_s
           0.003615 	for  tau_reio
           0.039356 	for  delta_Neff_drmd
           0.046522 	for  f_idm_drmd
           0.023302 	for  log10z_stop
           0.001491 	for  A_planck
           0.003604 	for  z_reio
           0.010177 	for  Omega_Lambda
           0.017612 	for  YHe
           0.000521 	for  A_s
           0.007165 	for  sigma8
           0.005822 	for  100*theta_s
           0.028802 	for  H0
           0.038431 	for  rs_d
           0.011590 	for  Omega_m
           0.039550 	for  f_drmd
           0.039550 	for  z_dec_drmd
--> Not computing covariance matrix
--> Scanning file /home/jeppethybo/connect_public/data/DRMD_iter/number_10/2025-12-04_1000000__4.txt: Removed 465 points of burn-in, and first 50 percent, keep 31941 steps
                                                                           2025-12-04_1000000__3.txt: Removed 997 points of burn-in, and first 50 percent, keep 31440 steps
                                                                           2025-12-04_1000000__1.txt: Removed 227 points of burn-in, and first 50 percent, keep 16359 steps
                                                                           2025-12-04_1000000__2.txt: Removed 963 points of burn-in, and first 50 percent, keep 31554 steps
--> Computing mean values
--> Computing variance
--> Computing convergence criterium (Gelman-Rubin)
 -> R-1 is 0.007147 	for  omega_b
           0.013252 	for  omega_cdm
           0.012702 	for  h
           0.000196 	for  ln10^{10}A_s
           0.003483 	for  n_s
           0.000761 	for  tau_reio
           0.017548 	for  delta_Neff_drmd
           0.035549 	for  f_idm_drmd
           0.026058 	for  log10z_stop
           0.001804 	for  A_planck
           0.000775 	for  z_reio
           0.004699 	for  Omega_Lambda
           0.007380 	for  YHe
           0.000199 	for  A_s
           0.002595 	for  sigma8
           0.003115 	for  100*theta_s
           0.012674 	for  H0
           0.017569 	for  rs_d
           0.005335 	for  Omega_m
           0.018249 	for  f_drmd
           0.018249 	for  z_dec_drmd
--> Not computing covariance matrix
--> Scanning file /home/jeppethybo/connect_public/data/DRMD_iter/number_10/2025-12-04_1000000__4.txt: Removed 465 points of burn-in, and first 50 percent, keep 34628 steps
                                                                           2025-12-04_1000000__3.txt: Removed 997 points of burn-in, and first 50 percent, keep 34130 steps
                                                                           2025-12-04_1000000__1.txt: Removed 227 points of burn-in, and first 50 percent, keep 17709 steps
                                                                           2025-12-04_1000000__2.txt: Removed 963 points of burn-in, and first 50 percent, keep 34239 steps
--> Computing mean values
--> Computing variance
--> Computing convergence criterium (Gelman-Rubin)
 -> R-1 is 0.001879 	for  omega_b
           0.002956 	for  omega_cdm
           0.002810 	for  h
           0.000435 	for  ln10^{10}A_s
           0.000824 	for  n_s
           0.000156 	for  tau_reio
           0.003825 	for  delta_Neff_drmd
           0.036392 	for  f_idm_drmd
           0.031718 	for  log10z_stop
           0.002068 	for  A_planck
           0.000170 	for  z_reio
           0.001186 	for  Omega_Lambda
           0.002005 	for  YHe
           0.000423 	for  A_s
           0.000531 	for  sigma8
           0.000749 	for  100*theta_s
           0.002797 	for  H0
           0.004021 	for  rs_d
           0.001322 	for  Omega_m
           0.004151 	for  f_drmd
           0.004151 	for  z_dec_drmd
--> Not computing covariance matrix
--> Scanning file /home/jeppethybo/connect_public/data/DRMD_iter/number_10/2025-12-04_1000000__4.txt: Removed 465 points of burn-in, and first 50 percent, keep 37341 steps
                                                                           2025-12-04_1000000__3.txt: Removed 997 points of burn-in, and first 50 percent, keep 36807 steps
                                                                           2025-12-04_1000000__1.txt: Removed 227 points of burn-in, and first 50 percent, keep 19049 steps
                                                                           2025-12-04_1000000__2.txt: Removed 963 points of burn-in, and first 50 percent, keep 36917 steps
--> Computing mean values
--> Computing variance
--> Computing convergence criterium (Gelman-Rubin)
 -> R-1 is 0.001079 	for  omega_b
           0.002117 	for  omega_cdm
           0.001783 	for  h
           0.000376 	for  ln10^{10}A_s
           0.000411 	for  n_s
           0.000332 	for  tau_reio
           0.002592 	for  delta_Neff_drmd
           0.043157 	for  f_idm_drmd
           0.015540 	for  log10z_stop
           0.001123 	for  A_planck
           0.000404 	for  z_reio
           0.000502 	for  Omega_Lambda
           0.000990 	for  YHe
           0.000377 	for  A_s
           0.000429 	for  sigma8
           0.000306 	for  100*theta_s
           0.001795 	for  H0
           0.002260 	for  rs_d
           0.000573 	for  Omega_m
           0.002132 	for  f_drmd
           0.002132 	for  z_dec_drmd
--> Not computing covariance matrix
--> Scanning file /home/jeppethybo/connect_public/data/DRMD_iter/number_10/2025-12-04_1000000__4.txt: Removed 465 points of burn-in, and first 50 percent, keep 39911 steps
                                                                           2025-12-04_1000000__3.txt: Removed 997 points of burn-in, and first 50 percent, keep 39375 steps
                                                                           2025-12-04_1000000__1.txt: Removed 227 points of burn-in, and first 50 percent, keep 20257 steps
                                                                           2025-12-04_1000000__2.txt: Removed 963 points of burn-in, and first 50 percent, keep 39519 steps
--> Computing mean values
--> Computing variance
--> Computing convergence criterium (Gelman-Rubin)
 -> R-1 is 0.001244 	for  omega_b
           0.002314 	for  omega_cdm
           0.001934 	for  h
           0.000146 	for  ln10^{10}A_s
           0.000239 	for  n_s
           0.000061 	for  tau_reio
           0.002817 	for  delta_Neff_drmd
           0.043091 	for  f_idm_drmd
           0.001267 	for  log10z_stop
           0.000553 	for  A_planck
           0.000081 	for  z_reio
           0.000538 	for  Omega_Lambda
           0.001180 	for  YHe
           0.000149 	for  A_s
           0.000144 	for  sigma8
           0.000301 	for  100*theta_s
           0.001943 	for  H0
           0.002585 	for  rs_d
           0.000621 	for  Omega_m
           0.002460 	for  f_drmd
           0.002460 	for  z_dec_drmd
--> Not computing covariance matrix
--> Scanning file /home/jeppethybo/connect_public/data/DRMD_iter/number_10/2025-12-04_1000000__4.txt: Removed 465 points of burn-in, and first 50 percent, keep 42483 steps
                                                                           2025-12-04_1000000__3.txt: Removed 997 points of burn-in, and first 50 percent, keep 41907 steps
                                                                           2025-12-04_1000000__1.txt: Removed 227 points of burn-in, and first 50 percent, keep 21459 steps
                                                                           2025-12-04_1000000__2.txt: Removed 963 points of burn-in, and first 50 percent, keep 42077 steps
--> Computing mean values
--> Computing variance
--> Computing convergence criterium (Gelman-Rubin)
 -> R-1 is 0.000100 	for  omega_b
           0.000887 	for  omega_cdm
           0.000270 	for  h
           0.000029 	for  ln10^{10}A_s
           0.000036 	for  n_s
           0.000110 	for  tau_reio
           0.000691 	for  delta_Neff_drmd
           0.060681 	for  f_idm_drmd
           0.001990 	for  log10z_stop
           0.000446 	for  A_planck
           0.000147 	for  z_reio
           0.000028 	for  Omega_Lambda
           0.000082 	for  YHe
           0.000027 	for  A_s
           0.000310 	for  sigma8
           0.000021 	for  100*theta_s
           0.000273 	for  H0
           0.000625 	for  rs_d
           0.000047 	for  Omega_m
           0.000493 	for  f_drmd
           0.000493 	for  z_dec_drmd
--> Not computing covariance matrix
--> Scanning file /home/jeppethybo/connect_public/data/DRMD_iter/number_10/2025-12-04_1000000__4.txt: Removed 465 points of burn-in, and first 50 percent, keep 45136 steps
                                                                           2025-12-04_1000000__3.txt: Removed 997 points of burn-in, and first 50 percent, keep 44580 steps
                                                                           2025-12-04_1000000__1.txt: Removed 227 points of burn-in, and first 50 percent, keep 22714 steps
                                                                           2025-12-04_1000000__2.txt: Removed 963 points of burn-in, and first 50 percent, keep 44699 steps
--> Computing mean values
--> Computing variance
--> Computing convergence criterium (Gelman-Rubin)
 -> R-1 is 0.000175 	for  omega_b
           0.000428 	for  omega_cdm
           0.000302 	for  h
           0.000151 	for  ln10^{10}A_s
           0.000161 	for  n_s
           0.000114 	for  tau_reio
           0.000377 	for  delta_Neff_drmd
           0.040491 	for  f_idm_drmd
           0.003420 	for  log10z_stop
           0.000223 	for  A_planck
           0.000152 	for  z_reio
           0.000390 	for  Omega_Lambda
           0.000204 	for  YHe
           0.000143 	for  A_s
           0.000437 	for  sigma8
           0.000134 	for  100*theta_s
           0.000301 	for  H0
           0.000338 	for  rs_d
           0.000391 	for  Omega_m
           0.000369 	for  f_drmd
           0.000369 	for  z_dec_drmd
--> Not computing covariance matrix
--> Scanning file /home/jeppethybo/connect_public/data/DRMD_iter/number_10/2025-12-04_1000000__4.txt: Removed 465 points of burn-in, and first 50 percent, keep 47668 steps
                                                                           2025-12-04_1000000__3.txt: Removed 997 points of burn-in, and first 50 percent, keep 47102 steps
                                                                           2025-12-04_1000000__1.txt: Removed 227 points of burn-in, and first 50 percent, keep 23872 steps
                                                                           2025-12-04_1000000__2.txt: Removed 963 points of burn-in, and first 50 percent, keep 47212 steps
--> Computing mean values
--> Computing variance
--> Computing convergence criterium (Gelman-Rubin)
 -> R-1 is 0.000713 	for  omega_b
           0.000211 	for  omega_cdm
           0.000858 	for  h
           0.000143 	for  ln10^{10}A_s
           0.000431 	for  n_s
           0.000131 	for  tau_reio
           0.000646 	for  delta_Neff_drmd
           0.015321 	for  f_idm_drmd
           0.000885 	for  log10z_stop
           0.000134 	for  A_planck
           0.000142 	for  z_reio
           0.000855 	for  Omega_Lambda
           0.000780 	for  YHe
           0.000136 	for  A_s
           0.000146 	for  sigma8
           0.000390 	for  100*theta_s
           0.000854 	for  H0
           0.000637 	for  rs_d
           0.000858 	for  Omega_m
           0.000854 	for  f_drmd
           0.000854 	for  z_dec_drmd
--> Not computing covariance matrix
